[ 2018-08-13T01:10:22+08:00 ] 172.17.0.5 124.160.123.164 GET /index/picture/show/id/13.html
[ log ] neweb.top/index/picture/show/id/13.html [运行时间：0.044877s][吞吐率：22.28req/s] [内存消耗：3,427.68kb] [文件加载：57]
[ error ] [2]Missing argument 2 for app\common\model\Category::get_category_url_by_id(), called in /home/wwwroot/default/myblog/application/common/model/Category.php on line 233 and defined
[ error ] [8]未定义变量: categorys
[ error ] [2]Missing argument 2 for app\common\model\Category::get_category_url_by_id(), called in /home/wwwroot/default/myblog/application/common/model/Category.php on line 235 and defined
[ error ] [8]未定义变量: categorys
[ error ] [8]未定义数组下标: 26
[ error ] [8]未定义数组索引: keywords
[ error ] [8]未定义变量: category_id
[ error ] [8]未定义数组索引: 
[ error ] [8]未定义数组索引: 
[ error ] [8]未定义数组索引: 
[ error ] [2]Missing argument 3 for format_datetime(), called in /home/wwwroot/default/myblog/runtime/temp/c7872bc7533b09c32385646c4e0b9457.php on line 135 and defined
[ error ] [8]未定义数组索引: avatar
[ error ] [8]未定义数组索引: nickname

---------------------------------------------------------------
[ 2018-08-13T01:55:44+08:00 ] 172.17.0.5 61.160.239.100 GET /
[ log ] neweb.top/ [运行时间：0.033325s][吞吐率：30.01req/s] [内存消耗：3,764.27kb] [文件加载：56]
[ error ] [2]Missing argument 3 for format_datetime(), called in /home/wwwroot/default/myblog/runtime/temp/fc8531413cc807152529a1ccc0347a51.php on line 136 and defined
[ error ] [2]Missing argument 3 for format_datetime(), called in /home/wwwroot/default/myblog/runtime/temp/fc8531413cc807152529a1ccc0347a51.php on line 136 and defined
[ error ] [2]Missing argument 3 for format_datetime(), called in /home/wwwroot/default/myblog/runtime/temp/fc8531413cc807152529a1ccc0347a51.php on line 136 and defined
[ error ] [2]Missing argument 3 for format_datetime(), called in /home/wwwroot/default/myblog/runtime/temp/fc8531413cc807152529a1ccc0347a51.php on line 136 and defined
[ error ] [2]Missing argument 3 for format_datetime(), called in /home/wwwroot/default/myblog/runtime/temp/fc8531413cc807152529a1ccc0347a51.php on line 136 and defined
[ error ] [2]Missing argument 3 for format_datetime(), called in /home/wwwroot/default/myblog/runtime/temp/fc8531413cc807152529a1ccc0347a51.php on line 136 and defined
[ error ] [2]Missing argument 3 for format_datetime(), called in /home/wwwroot/default/myblog/runtime/temp/fc8531413cc807152529a1ccc0347a51.php on line 136 and defined
[ error ] [2]Missing argument 3 for format_datetime(), called in /home/wwwroot/default/myblog/runtime/temp/fc8531413cc807152529a1ccc0347a51.php on line 136 and defined
[ error ] [2]Missing argument 3 for format_datetime(), called in /home/wwwroot/default/myblog/runtime/temp/fc8531413cc807152529a1ccc0347a51.php on line 136 and defined
[ error ] [2]Missing argument 3 for format_datetime(), called in /home/wwwroot/default/myblog/runtime/temp/fc8531413cc807152529a1ccc0347a51.php on line 136 and defined
[ error ] [2]Missing argument 3 for format_datetime(), called in /home/wwwroot/default/myblog/runtime/temp/fc8531413cc807152529a1ccc0347a51.php on line 136 and defined
[ error ] [2]Missing argument 3 for format_datetime(), called in /home/wwwroot/default/myblog/runtime/temp/fc8531413cc807152529a1ccc0347a51.php on line 136 and defined
[ error ] [8]未定义数组索引: avatar
[ error ] [8]未定义数组索引: nickname

---------------------------------------------------------------
[ 2018-08-13T01:55:45+08:00 ] 172.17.0.5 112.82.242.100 HEAD /
[ log ] neweb.top/ [运行时间：0.047458s][吞吐率：21.07req/s] [内存消耗：3,762.72kb] [文件加载：56]
[ error ] [2]Missing argument 3 for format_datetime(), called in /home/wwwroot/default/myblog/runtime/temp/fc8531413cc807152529a1ccc0347a51.php on line 136 and defined
[ error ] [2]Missing argument 3 for format_datetime(), called in /home/wwwroot/default/myblog/runtime/temp/fc8531413cc807152529a1ccc0347a51.php on line 136 and defined
[ error ] [2]Missing argument 3 for format_datetime(), called in /home/wwwroot/default/myblog/runtime/temp/fc8531413cc807152529a1ccc0347a51.php on line 136 and defined
[ error ] [2]Missing argument 3 for format_datetime(), called in /home/wwwroot/default/myblog/runtime/temp/fc8531413cc807152529a1ccc0347a51.php on line 136 and defined
[ error ] [2]Missing argument 3 for format_datetime(), called in /home/wwwroot/default/myblog/runtime/temp/fc8531413cc807152529a1ccc0347a51.php on line 136 and defined
[ error ] [2]Missing argument 3 for format_datetime(), called in /home/wwwroot/default/myblog/runtime/temp/fc8531413cc807152529a1ccc0347a51.php on line 136 and defined
[ error ] [2]Missing argument 3 for format_datetime(), called in /home/wwwroot/default/myblog/runtime/temp/fc8531413cc807152529a1ccc0347a51.php on line 136 and defined
[ error ] [2]Missing argument 3 for format_datetime(), called in /home/wwwroot/default/myblog/runtime/temp/fc8531413cc807152529a1ccc0347a51.php on line 136 and defined
[ error ] [2]Missing argument 3 for format_datetime(), called in /home/wwwroot/default/myblog/runtime/temp/fc8531413cc807152529a1ccc0347a51.php on line 136 and defined
[ error ] [2]Missing argument 3 for format_datetime(), called in /home/wwwroot/default/myblog/runtime/temp/fc8531413cc807152529a1ccc0347a51.php on line 136 and defined
[ error ] [2]Missing argument 3 for format_datetime(), called in /home/wwwroot/default/myblog/runtime/temp/fc8531413cc807152529a1ccc0347a51.php on line 136 and defined
[ error ] [2]Missing argument 3 for format_datetime(), called in /home/wwwroot/default/myblog/runtime/temp/fc8531413cc807152529a1ccc0347a51.php on line 136 and defined
[ error ] [8]未定义数组索引: avatar
[ error ] [8]未定义数组索引: nickname

---------------------------------------------------------------
[ 2018-08-13T02:05:44+08:00 ] 172.17.0.5 183.131.24.72 GET /
[ log ] neweb.top/ [运行时间：0.032260s][吞吐率：31.00req/s] [内存消耗：3,764.27kb] [文件加载：56]
[ error ] [2]Missing argument 3 for format_datetime(), called in /home/wwwroot/default/myblog/runtime/temp/fc8531413cc807152529a1ccc0347a51.php on line 136 and defined
[ error ] [2]Missing argument 3 for format_datetime(), called in /home/wwwroot/default/myblog/runtime/temp/fc8531413cc807152529a1ccc0347a51.php on line 136 and defined
[ error ] [2]Missing argument 3 for format_datetime(), called in /home/wwwroot/default/myblog/runtime/temp/fc8531413cc807152529a1ccc0347a51.php on line 136 and defined
[ error ] [2]Missing argument 3 for format_datetime(), called in /home/wwwroot/default/myblog/runtime/temp/fc8531413cc807152529a1ccc0347a51.php on line 136 and defined
[ error ] [2]Missing argument 3 for format_datetime(), called in /home/wwwroot/default/myblog/runtime/temp/fc8531413cc807152529a1ccc0347a51.php on line 136 and defined
[ error ] [2]Missing argument 3 for format_datetime(), called in /home/wwwroot/default/myblog/runtime/temp/fc8531413cc807152529a1ccc0347a51.php on line 136 and defined
[ error ] [2]Missing argument 3 for format_datetime(), called in /home/wwwroot/default/myblog/runtime/temp/fc8531413cc807152529a1ccc0347a51.php on line 136 and defined
[ error ] [2]Missing argument 3 for format_datetime(), called in /home/wwwroot/default/myblog/runtime/temp/fc8531413cc807152529a1ccc0347a51.php on line 136 and defined
[ error ] [2]Missing argument 3 for format_datetime(), called in /home/wwwroot/default/myblog/runtime/temp/fc8531413cc807152529a1ccc0347a51.php on line 136 and defined
[ error ] [2]Missing argument 3 for format_datetime(), called in /home/wwwroot/default/myblog/runtime/temp/fc8531413cc807152529a1ccc0347a51.php on line 136 and defined
[ error ] [2]Missing argument 3 for format_datetime(), called in /home/wwwroot/default/myblog/runtime/temp/fc8531413cc807152529a1ccc0347a51.php on line 136 and defined
[ error ] [2]Missing argument 3 for format_datetime(), called in /home/wwwroot/default/myblog/runtime/temp/fc8531413cc807152529a1ccc0347a51.php on line 136 and defined
[ error ] [8]未定义数组索引: avatar
[ error ] [8]未定义数组索引: nickname

---------------------------------------------------------------
[ 2018-08-13T02:05:44+08:00 ] 172.17.0.5 183.131.24.72 HEAD /
[ log ] neweb.top/ [运行时间：0.050370s][吞吐率：19.85req/s] [内存消耗：3,762.72kb] [文件加载：56]
[ error ] [2]Missing argument 3 for format_datetime(), called in /home/wwwroot/default/myblog/runtime/temp/fc8531413cc807152529a1ccc0347a51.php on line 136 and defined
[ error ] [2]Missing argument 3 for format_datetime(), called in /home/wwwroot/default/myblog/runtime/temp/fc8531413cc807152529a1ccc0347a51.php on line 136 and defined
[ error ] [2]Missing argument 3 for format_datetime(), called in /home/wwwroot/default/myblog/runtime/temp/fc8531413cc807152529a1ccc0347a51.php on line 136 and defined
[ error ] [2]Missing argument 3 for format_datetime(), called in /home/wwwroot/default/myblog/runtime/temp/fc8531413cc807152529a1ccc0347a51.php on line 136 and defined
[ error ] [2]Missing argument 3 for format_datetime(), called in /home/wwwroot/default/myblog/runtime/temp/fc8531413cc807152529a1ccc0347a51.php on line 136 and defined
[ error ] [2]Missing argument 3 for format_datetime(), called in /home/wwwroot/default/myblog/runtime/temp/fc8531413cc807152529a1ccc0347a51.php on line 136 and defined
[ error ] [2]Missing argument 3 for format_datetime(), called in /home/wwwroot/default/myblog/runtime/temp/fc8531413cc807152529a1ccc0347a51.php on line 136 and defined
[ error ] [2]Missing argument 3 for format_datetime(), called in /home/wwwroot/default/myblog/runtime/temp/fc8531413cc807152529a1ccc0347a51.php on line 136 and defined
[ error ] [2]Missing argument 3 for format_datetime(), called in /home/wwwroot/default/myblog/runtime/temp/fc8531413cc807152529a1ccc0347a51.php on line 136 and defined
[ error ] [2]Missing argument 3 for format_datetime(), called in /home/wwwroot/default/myblog/runtime/temp/fc8531413cc807152529a1ccc0347a51.php on line 136 and defined
[ error ] [2]Missing argument 3 for format_datetime(), called in /home/wwwroot/default/myblog/runtime/temp/fc8531413cc807152529a1ccc0347a51.php on line 136 and defined
[ error ] [2]Missing argument 3 for format_datetime(), called in /home/wwwroot/default/myblog/runtime/temp/fc8531413cc807152529a1ccc0347a51.php on line 136 and defined
[ error ] [8]未定义数组索引: avatar
[ error ] [8]未定义数组索引: nickname

---------------------------------------------------------------
[ 2018-08-13T02:05:44+08:00 ] 172.17.0.5 61.160.239.100 GET /
[ log ] neweb.top/ [运行时间：0.062939s][吞吐率：15.89req/s] [内存消耗：3,764.27kb] [文件加载：56]
[ error ] [2]Missing argument 3 for format_datetime(), called in /home/wwwroot/default/myblog/runtime/temp/fc8531413cc807152529a1ccc0347a51.php on line 136 and defined
[ error ] [2]Missing argument 3 for format_datetime(), called in /home/wwwroot/default/myblog/runtime/temp/fc8531413cc807152529a1ccc0347a51.php on line 136 and defined
[ error ] [2]Missing argument 3 for format_datetime(), called in /home/wwwroot/default/myblog/runtime/temp/fc8531413cc807152529a1ccc0347a51.php on line 136 and defined
[ error ] [2]Missing argument 3 for format_datetime(), called in /home/wwwroot/default/myblog/runtime/temp/fc8531413cc807152529a1ccc0347a51.php on line 136 and defined
[ error ] [2]Missing argument 3 for format_datetime(), called in /home/wwwroot/default/myblog/runtime/temp/fc8531413cc807152529a1ccc0347a51.php on line 136 and defined
[ error ] [2]Missing argument 3 for format_datetime(), called in /home/wwwroot/default/myblog/runtime/temp/fc8531413cc807152529a1ccc0347a51.php on line 136 and defined
[ error ] [2]Missing argument 3 for format_datetime(), called in /home/wwwroot/default/myblog/runtime/temp/fc8531413cc807152529a1ccc0347a51.php on line 136 and defined
[ error ] [2]Missing argument 3 for format_datetime(), called in /home/wwwroot/default/myblog/runtime/temp/fc8531413cc807152529a1ccc0347a51.php on line 136 and defined
[ error ] [2]Missing argument 3 for format_datetime(), called in /home/wwwroot/default/myblog/runtime/temp/fc8531413cc807152529a1ccc0347a51.php on line 136 and defined
[ error ] [2]Missing argument 3 for format_datetime(), called in /home/wwwroot/default/myblog/runtime/temp/fc8531413cc807152529a1ccc0347a51.php on line 136 and defined
[ error ] [2]Missing argument 3 for format_datetime(), called in /home/wwwroot/default/myblog/runtime/temp/fc8531413cc807152529a1ccc0347a51.php on line 136 and defined
[ error ] [2]Missing argument 3 for format_datetime(), called in /home/wwwroot/default/myblog/runtime/temp/fc8531413cc807152529a1ccc0347a51.php on line 136 and defined
[ error ] [8]未定义数组索引: avatar
[ error ] [8]未定义数组索引: nickname

---------------------------------------------------------------
[ 2018-08-13T02:05:44+08:00 ] 172.17.0.5 61.160.239.100 HEAD /
[ log ] neweb.top/ [运行时间：0.027454s][吞吐率：36.42req/s] [内存消耗：3,762.72kb] [文件加载：56]
[ error ] [2]Missing argument 3 for format_datetime(), called in /home/wwwroot/default/myblog/runtime/temp/fc8531413cc807152529a1ccc0347a51.php on line 136 and defined
[ error ] [2]Missing argument 3 for format_datetime(), called in /home/wwwroot/default/myblog/runtime/temp/fc8531413cc807152529a1ccc0347a51.php on line 136 and defined
[ error ] [2]Missing argument 3 for format_datetime(), called in /home/wwwroot/default/myblog/runtime/temp/fc8531413cc807152529a1ccc0347a51.php on line 136 and defined
[ error ] [2]Missing argument 3 for format_datetime(), called in /home/wwwroot/default/myblog/runtime/temp/fc8531413cc807152529a1ccc0347a51.php on line 136 and defined
[ error ] [2]Missing argument 3 for format_datetime(), called in /home/wwwroot/default/myblog/runtime/temp/fc8531413cc807152529a1ccc0347a51.php on line 136 and defined
[ error ] [2]Missing argument 3 for format_datetime(), called in /home/wwwroot/default/myblog/runtime/temp/fc8531413cc807152529a1ccc0347a51.php on line 136 and defined
[ error ] [2]Missing argument 3 for format_datetime(), called in /home/wwwroot/default/myblog/runtime/temp/fc8531413cc807152529a1ccc0347a51.php on line 136 and defined
[ error ] [2]Missing argument 3 for format_datetime(), called in /home/wwwroot/default/myblog/runtime/temp/fc8531413cc807152529a1ccc0347a51.php on line 136 and defined
[ error ] [2]Missing argument 3 for format_datetime(), called in /home/wwwroot/default/myblog/runtime/temp/fc8531413cc807152529a1ccc0347a51.php on line 136 and defined
[ error ] [2]Missing argument 3 for format_datetime(), called in /home/wwwroot/default/myblog/runtime/temp/fc8531413cc807152529a1ccc0347a51.php on line 136 and defined
[ error ] [2]Missing argument 3 for format_datetime(), called in /home/wwwroot/default/myblog/runtime/temp/fc8531413cc807152529a1ccc0347a51.php on line 136 and defined
[ error ] [2]Missing argument 3 for format_datetime(), called in /home/wwwroot/default/myblog/runtime/temp/fc8531413cc807152529a1ccc0347a51.php on line 136 and defined
[ error ] [8]未定义数组索引: avatar
[ error ] [8]未定义数组索引: nickname

---------------------------------------------------------------
[ 2018-08-13T05:31:44+08:00 ] 172.17.0.5 124.160.123.171 GET /index/picture/show/id/12.html
[ log ] neweb.top/index/picture/show/id/12.html [运行时间：0.047039s][吞吐率：21.26req/s] [内存消耗：3,459.43kb] [文件加载：57]
[ error ] [2]Missing argument 2 for app\common\model\Category::get_category_url_by_id(), called in /home/wwwroot/default/myblog/application/common/model/Category.php on line 233 and defined
[ error ] [8]未定义变量: categorys
[ error ] [2]Missing argument 2 for app\common\model\Category::get_category_url_by_id(), called in /home/wwwroot/default/myblog/application/common/model/Category.php on line 235 and defined
[ error ] [8]未定义变量: categorys
[ error ] [8]未定义数组下标: 26
[ error ] [8]未定义数组索引: keywords
[ error ] [8]未定义变量: category_id
[ error ] [8]未定义数组索引: 
[ error ] [8]未定义数组索引: 
[ error ] [8]未定义数组索引: 
[ error ] [2]Missing argument 3 for format_datetime(), called in /home/wwwroot/default/myblog/runtime/temp/c7872bc7533b09c32385646c4e0b9457.php on line 135 and defined
[ error ] [8]未定义数组索引: avatar
[ error ] [8]未定义数组索引: nickname

---------------------------------------------------------------
[ 2018-08-13T05:57:42+08:00 ] 172.17.0.5 124.160.123.170 GET /
[ log ] neweb.top/ [运行时间：0.030692s][吞吐率：32.58req/s] [内存消耗：3,764.18kb] [文件加载：56]
[ error ] [2]Missing argument 3 for format_datetime(), called in /home/wwwroot/default/myblog/runtime/temp/fc8531413cc807152529a1ccc0347a51.php on line 136 and defined
[ error ] [2]Missing argument 3 for format_datetime(), called in /home/wwwroot/default/myblog/runtime/temp/fc8531413cc807152529a1ccc0347a51.php on line 136 and defined
[ error ] [2]Missing argument 3 for format_datetime(), called in /home/wwwroot/default/myblog/runtime/temp/fc8531413cc807152529a1ccc0347a51.php on line 136 and defined
[ error ] [2]Missing argument 3 for format_datetime(), called in /home/wwwroot/default/myblog/runtime/temp/fc8531413cc807152529a1ccc0347a51.php on line 136 and defined
[ error ] [2]Missing argument 3 for format_datetime(), called in /home/wwwroot/default/myblog/runtime/temp/fc8531413cc807152529a1ccc0347a51.php on line 136 and defined
[ error ] [2]Missing argument 3 for format_datetime(), called in /home/wwwroot/default/myblog/runtime/temp/fc8531413cc807152529a1ccc0347a51.php on line 136 and defined
[ error ] [2]Missing argument 3 for format_datetime(), called in /home/wwwroot/default/myblog/runtime/temp/fc8531413cc807152529a1ccc0347a51.php on line 136 and defined
[ error ] [2]Missing argument 3 for format_datetime(), called in /home/wwwroot/default/myblog/runtime/temp/fc8531413cc807152529a1ccc0347a51.php on line 136 and defined
[ error ] [2]Missing argument 3 for format_datetime(), called in /home/wwwroot/default/myblog/runtime/temp/fc8531413cc807152529a1ccc0347a51.php on line 136 and defined
[ error ] [2]Missing argument 3 for format_datetime(), called in /home/wwwroot/default/myblog/runtime/temp/fc8531413cc807152529a1ccc0347a51.php on line 136 and defined
[ error ] [2]Missing argument 3 for format_datetime(), called in /home/wwwroot/default/myblog/runtime/temp/fc8531413cc807152529a1ccc0347a51.php on line 136 and defined
[ error ] [2]Missing argument 3 for format_datetime(), called in /home/wwwroot/default/myblog/runtime/temp/fc8531413cc807152529a1ccc0347a51.php on line 136 and defined
[ error ] [8]未定义数组索引: avatar
[ error ] [8]未定义数组索引: nickname

---------------------------------------------------------------
[ 2018-08-13T08:10:35+08:00 ] 172.17.0.5 150.138.216.76 GET /
[ log ] neweb.top/ [运行时间：0.031455s][吞吐率：31.79req/s] [内存消耗：3,764.18kb] [文件加载：56]
[ error ] [2]Missing argument 3 for format_datetime(), called in /home/wwwroot/default/myblog/runtime/temp/fc8531413cc807152529a1ccc0347a51.php on line 136 and defined
[ error ] [2]Missing argument 3 for format_datetime(), called in /home/wwwroot/default/myblog/runtime/temp/fc8531413cc807152529a1ccc0347a51.php on line 136 and defined
[ error ] [2]Missing argument 3 for format_datetime(), called in /home/wwwroot/default/myblog/runtime/temp/fc8531413cc807152529a1ccc0347a51.php on line 136 and defined
[ error ] [2]Missing argument 3 for format_datetime(), called in /home/wwwroot/default/myblog/runtime/temp/fc8531413cc807152529a1ccc0347a51.php on line 136 and defined
[ error ] [2]Missing argument 3 for format_datetime(), called in /home/wwwroot/default/myblog/runtime/temp/fc8531413cc807152529a1ccc0347a51.php on line 136 and defined
[ error ] [2]Missing argument 3 for format_datetime(), called in /home/wwwroot/default/myblog/runtime/temp/fc8531413cc807152529a1ccc0347a51.php on line 136 and defined
[ error ] [2]Missing argument 3 for format_datetime(), called in /home/wwwroot/default/myblog/runtime/temp/fc8531413cc807152529a1ccc0347a51.php on line 136 and defined
[ error ] [2]Missing argument 3 for format_datetime(), called in /home/wwwroot/default/myblog/runtime/temp/fc8531413cc807152529a1ccc0347a51.php on line 136 and defined
[ error ] [2]Missing argument 3 for format_datetime(), called in /home/wwwroot/default/myblog/runtime/temp/fc8531413cc807152529a1ccc0347a51.php on line 136 and defined
[ error ] [2]Missing argument 3 for format_datetime(), called in /home/wwwroot/default/myblog/runtime/temp/fc8531413cc807152529a1ccc0347a51.php on line 136 and defined
[ error ] [2]Missing argument 3 for format_datetime(), called in /home/wwwroot/default/myblog/runtime/temp/fc8531413cc807152529a1ccc0347a51.php on line 136 and defined
[ error ] [2]Missing argument 3 for format_datetime(), called in /home/wwwroot/default/myblog/runtime/temp/fc8531413cc807152529a1ccc0347a51.php on line 136 and defined
[ error ] [8]未定义数组索引: avatar
[ error ] [8]未定义数组索引: nickname

---------------------------------------------------------------
[ 2018-08-13T08:10:38+08:00 ] 172.17.0.5 183.131.24.72 GET /
[ log ] neweb.top/ [运行时间：0.046058s][吞吐率：21.71req/s] [内存消耗：3,764.25kb] [文件加载：56]
[ error ] [2]Missing argument 3 for format_datetime(), called in /home/wwwroot/default/myblog/runtime/temp/fc8531413cc807152529a1ccc0347a51.php on line 136 and defined
[ error ] [2]Missing argument 3 for format_datetime(), called in /home/wwwroot/default/myblog/runtime/temp/fc8531413cc807152529a1ccc0347a51.php on line 136 and defined
[ error ] [2]Missing argument 3 for format_datetime(), called in /home/wwwroot/default/myblog/runtime/temp/fc8531413cc807152529a1ccc0347a51.php on line 136 and defined
[ error ] [2]Missing argument 3 for format_datetime(), called in /home/wwwroot/default/myblog/runtime/temp/fc8531413cc807152529a1ccc0347a51.php on line 136 and defined
[ error ] [2]Missing argument 3 for format_datetime(), called in /home/wwwroot/default/myblog/runtime/temp/fc8531413cc807152529a1ccc0347a51.php on line 136 and defined
[ error ] [2]Missing argument 3 for format_datetime(), called in /home/wwwroot/default/myblog/runtime/temp/fc8531413cc807152529a1ccc0347a51.php on line 136 and defined
[ error ] [2]Missing argument 3 for format_datetime(), called in /home/wwwroot/default/myblog/runtime/temp/fc8531413cc807152529a1ccc0347a51.php on line 136 and defined
[ error ] [2]Missing argument 3 for format_datetime(), called in /home/wwwroot/default/myblog/runtime/temp/fc8531413cc807152529a1ccc0347a51.php on line 136 and defined
[ error ] [2]Missing argument 3 for format_datetime(), called in /home/wwwroot/default/myblog/runtime/temp/fc8531413cc807152529a1ccc0347a51.php on line 136 and defined
[ error ] [2]Missing argument 3 for format_datetime(), called in /home/wwwroot/default/myblog/runtime/temp/fc8531413cc807152529a1ccc0347a51.php on line 136 and defined
[ error ] [2]Missing argument 3 for format_datetime(), called in /home/wwwroot/default/myblog/runtime/temp/fc8531413cc807152529a1ccc0347a51.php on line 136 and defined
[ error ] [2]Missing argument 3 for format_datetime(), called in /home/wwwroot/default/myblog/runtime/temp/fc8531413cc807152529a1ccc0347a51.php on line 136 and defined
[ error ] [8]未定义数组索引: avatar
[ error ] [8]未定义数组索引: nickname

---------------------------------------------------------------
[ 2018-08-13T08:11:35+08:00 ] 172.17.0.5 183.131.24.68 GET /
[ log ] neweb.top/ [运行时间：0.030746s][吞吐率：32.52req/s] [内存消耗：3,764.05kb] [文件加载：56]
[ error ] [2]Missing argument 3 for format_datetime(), called in /home/wwwroot/default/myblog/runtime/temp/fc8531413cc807152529a1ccc0347a51.php on line 136 and defined
[ error ] [2]Missing argument 3 for format_datetime(), called in /home/wwwroot/default/myblog/runtime/temp/fc8531413cc807152529a1ccc0347a51.php on line 136 and defined
[ error ] [2]Missing argument 3 for format_datetime(), called in /home/wwwroot/default/myblog/runtime/temp/fc8531413cc807152529a1ccc0347a51.php on line 136 and defined
[ error ] [2]Missing argument 3 for format_datetime(), called in /home/wwwroot/default/myblog/runtime/temp/fc8531413cc807152529a1ccc0347a51.php on line 136 and defined
[ error ] [2]Missing argument 3 for format_datetime(), called in /home/wwwroot/default/myblog/runtime/temp/fc8531413cc807152529a1ccc0347a51.php on line 136 and defined
[ error ] [2]Missing argument 3 for format_datetime(), called in /home/wwwroot/default/myblog/runtime/temp/fc8531413cc807152529a1ccc0347a51.php on line 136 and defined
[ error ] [2]Missing argument 3 for format_datetime(), called in /home/wwwroot/default/myblog/runtime/temp/fc8531413cc807152529a1ccc0347a51.php on line 136 and defined
[ error ] [2]Missing argument 3 for format_datetime(), called in /home/wwwroot/default/myblog/runtime/temp/fc8531413cc807152529a1ccc0347a51.php on line 136 and defined
[ error ] [2]Missing argument 3 for format_datetime(), called in /home/wwwroot/default/myblog/runtime/temp/fc8531413cc807152529a1ccc0347a51.php on line 136 and defined
[ error ] [2]Missing argument 3 for format_datetime(), called in /home/wwwroot/default/myblog/runtime/temp/fc8531413cc807152529a1ccc0347a51.php on line 136 and defined
[ error ] [2]Missing argument 3 for format_datetime(), called in /home/wwwroot/default/myblog/runtime/temp/fc8531413cc807152529a1ccc0347a51.php on line 136 and defined
[ error ] [2]Missing argument 3 for format_datetime(), called in /home/wwwroot/default/myblog/runtime/temp/fc8531413cc807152529a1ccc0347a51.php on line 136 and defined
[ error ] [8]未定义数组索引: avatar
[ error ] [8]未定义数组索引: nickname

---------------------------------------------------------------
[ 2018-08-13T08:21:50+08:00 ] 172.17.0.5 183.131.24.72 GET /
[ log ] neweb.top/ [运行时间：0.030568s][吞吐率：32.71req/s] [内存消耗：3,764.52kb] [文件加载：56]
[ error ] [2]Missing argument 3 for format_datetime(), called in /home/wwwroot/default/myblog/runtime/temp/fc8531413cc807152529a1ccc0347a51.php on line 136 and defined
[ error ] [2]Missing argument 3 for format_datetime(), called in /home/wwwroot/default/myblog/runtime/temp/fc8531413cc807152529a1ccc0347a51.php on line 136 and defined
[ error ] [2]Missing argument 3 for format_datetime(), called in /home/wwwroot/default/myblog/runtime/temp/fc8531413cc807152529a1ccc0347a51.php on line 136 and defined
[ error ] [2]Missing argument 3 for format_datetime(), called in /home/wwwroot/default/myblog/runtime/temp/fc8531413cc807152529a1ccc0347a51.php on line 136 and defined
[ error ] [2]Missing argument 3 for format_datetime(), called in /home/wwwroot/default/myblog/runtime/temp/fc8531413cc807152529a1ccc0347a51.php on line 136 and defined
[ error ] [2]Missing argument 3 for format_datetime(), called in /home/wwwroot/default/myblog/runtime/temp/fc8531413cc807152529a1ccc0347a51.php on line 136 and defined
[ error ] [2]Missing argument 3 for format_datetime(), called in /home/wwwroot/default/myblog/runtime/temp/fc8531413cc807152529a1ccc0347a51.php on line 136 and defined
[ error ] [2]Missing argument 3 for format_datetime(), called in /home/wwwroot/default/myblog/runtime/temp/fc8531413cc807152529a1ccc0347a51.php on line 136 and defined
[ error ] [2]Missing argument 3 for format_datetime(), called in /home/wwwroot/default/myblog/runtime/temp/fc8531413cc807152529a1ccc0347a51.php on line 136 and defined
[ error ] [2]Missing argument 3 for format_datetime(), called in /home/wwwroot/default/myblog/runtime/temp/fc8531413cc807152529a1ccc0347a51.php on line 136 and defined
[ error ] [2]Missing argument 3 for format_datetime(), called in /home/wwwroot/default/myblog/runtime/temp/fc8531413cc807152529a1ccc0347a51.php on line 136 and defined
[ error ] [2]Missing argument 3 for format_datetime(), called in /home/wwwroot/default/myblog/runtime/temp/fc8531413cc807152529a1ccc0347a51.php on line 136 and defined
[ error ] [8]未定义数组索引: avatar
[ error ] [8]未定义数组索引: nickname

---------------------------------------------------------------
[ 2018-08-13T08:45:41+08:00 ] 172.17.0.5 116.31.102.106 GET /
[ log ] neweb.top/ [运行时间：0.030257s][吞吐率：33.05req/s] [内存消耗：3,764.27kb] [文件加载：56]
[ error ] [2]Missing argument 3 for format_datetime(), called in /home/wwwroot/default/myblog/runtime/temp/fc8531413cc807152529a1ccc0347a51.php on line 136 and defined
[ error ] [2]Missing argument 3 for format_datetime(), called in /home/wwwroot/default/myblog/runtime/temp/fc8531413cc807152529a1ccc0347a51.php on line 136 and defined
[ error ] [2]Missing argument 3 for format_datetime(), called in /home/wwwroot/default/myblog/runtime/temp/fc8531413cc807152529a1ccc0347a51.php on line 136 and defined
[ error ] [2]Missing argument 3 for format_datetime(), called in /home/wwwroot/default/myblog/runtime/temp/fc8531413cc807152529a1ccc0347a51.php on line 136 and defined
[ error ] [2]Missing argument 3 for format_datetime(), called in /home/wwwroot/default/myblog/runtime/temp/fc8531413cc807152529a1ccc0347a51.php on line 136 and defined
[ error ] [2]Missing argument 3 for format_datetime(), called in /home/wwwroot/default/myblog/runtime/temp/fc8531413cc807152529a1ccc0347a51.php on line 136 and defined
[ error ] [2]Missing argument 3 for format_datetime(), called in /home/wwwroot/default/myblog/runtime/temp/fc8531413cc807152529a1ccc0347a51.php on line 136 and defined
[ error ] [2]Missing argument 3 for format_datetime(), called in /home/wwwroot/default/myblog/runtime/temp/fc8531413cc807152529a1ccc0347a51.php on line 136 and defined
[ error ] [2]Missing argument 3 for format_datetime(), called in /home/wwwroot/default/myblog/runtime/temp/fc8531413cc807152529a1ccc0347a51.php on line 136 and defined
[ error ] [2]Missing argument 3 for format_datetime(), called in /home/wwwroot/default/myblog/runtime/temp/fc8531413cc807152529a1ccc0347a51.php on line 136 and defined
[ error ] [2]Missing argument 3 for format_datetime(), called in /home/wwwroot/default/myblog/runtime/temp/fc8531413cc807152529a1ccc0347a51.php on line 136 and defined
[ error ] [2]Missing argument 3 for format_datetime(), called in /home/wwwroot/default/myblog/runtime/temp/fc8531413cc807152529a1ccc0347a51.php on line 136 and defined
[ error ] [8]未定义数组索引: avatar
[ error ] [8]未定义数组索引: nickname

---------------------------------------------------------------
[ 2018-08-13T08:45:41+08:00 ] 172.17.0.5 157.255.17.74 HEAD /
[ log ] neweb.top/ [运行时间：0.034024s][吞吐率：29.39req/s] [内存消耗：3,762.72kb] [文件加载：56]
[ error ] [2]Missing argument 3 for format_datetime(), called in /home/wwwroot/default/myblog/runtime/temp/fc8531413cc807152529a1ccc0347a51.php on line 136 and defined
[ error ] [2]Missing argument 3 for format_datetime(), called in /home/wwwroot/default/myblog/runtime/temp/fc8531413cc807152529a1ccc0347a51.php on line 136 and defined
[ error ] [2]Missing argument 3 for format_datetime(), called in /home/wwwroot/default/myblog/runtime/temp/fc8531413cc807152529a1ccc0347a51.php on line 136 and defined
[ error ] [2]Missing argument 3 for format_datetime(), called in /home/wwwroot/default/myblog/runtime/temp/fc8531413cc807152529a1ccc0347a51.php on line 136 and defined
[ error ] [2]Missing argument 3 for format_datetime(), called in /home/wwwroot/default/myblog/runtime/temp/fc8531413cc807152529a1ccc0347a51.php on line 136 and defined
[ error ] [2]Missing argument 3 for format_datetime(), called in /home/wwwroot/default/myblog/runtime/temp/fc8531413cc807152529a1ccc0347a51.php on line 136 and defined
[ error ] [2]Missing argument 3 for format_datetime(), called in /home/wwwroot/default/myblog/runtime/temp/fc8531413cc807152529a1ccc0347a51.php on line 136 and defined
[ error ] [2]Missing argument 3 for format_datetime(), called in /home/wwwroot/default/myblog/runtime/temp/fc8531413cc807152529a1ccc0347a51.php on line 136 and defined
[ error ] [2]Missing argument 3 for format_datetime(), called in /home/wwwroot/default/myblog/runtime/temp/fc8531413cc807152529a1ccc0347a51.php on line 136 and defined
[ error ] [2]Missing argument 3 for format_datetime(), called in /home/wwwroot/default/myblog/runtime/temp/fc8531413cc807152529a1ccc0347a51.php on line 136 and defined
[ error ] [2]Missing argument 3 for format_datetime(), called in /home/wwwroot/default/myblog/runtime/temp/fc8531413cc807152529a1ccc0347a51.php on line 136 and defined
[ error ] [2]Missing argument 3 for format_datetime(), called in /home/wwwroot/default/myblog/runtime/temp/fc8531413cc807152529a1ccc0347a51.php on line 136 and defined
[ error ] [8]未定义数组索引: avatar
[ error ] [8]未定义数组索引: nickname

---------------------------------------------------------------
[ 2018-08-13T09:08:13+08:00 ] 172.17.0.5 150.138.216.75 GET /
[ log ] neweb.top/ [运行时间：0.034119s][吞吐率：29.31req/s] [内存消耗：3,764.33kb] [文件加载：56]
[ error ] [2]Missing argument 3 for format_datetime(), called in /home/wwwroot/default/myblog/runtime/temp/fc8531413cc807152529a1ccc0347a51.php on line 136 and defined
[ error ] [2]Missing argument 3 for format_datetime(), called in /home/wwwroot/default/myblog/runtime/temp/fc8531413cc807152529a1ccc0347a51.php on line 136 and defined
[ error ] [2]Missing argument 3 for format_datetime(), called in /home/wwwroot/default/myblog/runtime/temp/fc8531413cc807152529a1ccc0347a51.php on line 136 and defined
[ error ] [2]Missing argument 3 for format_datetime(), called in /home/wwwroot/default/myblog/runtime/temp/fc8531413cc807152529a1ccc0347a51.php on line 136 and defined
[ error ] [2]Missing argument 3 for format_datetime(), called in /home/wwwroot/default/myblog/runtime/temp/fc8531413cc807152529a1ccc0347a51.php on line 136 and defined
[ error ] [2]Missing argument 3 for format_datetime(), called in /home/wwwroot/default/myblog/runtime/temp/fc8531413cc807152529a1ccc0347a51.php on line 136 and defined
[ error ] [2]Missing argument 3 for format_datetime(), called in /home/wwwroot/default/myblog/runtime/temp/fc8531413cc807152529a1ccc0347a51.php on line 136 and defined
[ error ] [2]Missing argument 3 for format_datetime(), called in /home/wwwroot/default/myblog/runtime/temp/fc8531413cc807152529a1ccc0347a51.php on line 136 and defined
[ error ] [2]Missing argument 3 for format_datetime(), called in /home/wwwroot/default/myblog/runtime/temp/fc8531413cc807152529a1ccc0347a51.php on line 136 and defined
[ error ] [2]Missing argument 3 for format_datetime(), called in /home/wwwroot/default/myblog/runtime/temp/fc8531413cc807152529a1ccc0347a51.php on line 136 and defined
[ error ] [2]Missing argument 3 for format_datetime(), called in /home/wwwroot/default/myblog/runtime/temp/fc8531413cc807152529a1ccc0347a51.php on line 136 and defined
[ error ] [2]Missing argument 3 for format_datetime(), called in /home/wwwroot/default/myblog/runtime/temp/fc8531413cc807152529a1ccc0347a51.php on line 136 and defined
[ error ] [8]未定义数组索引: avatar
[ error ] [8]未定义数组索引: nickname

---------------------------------------------------------------
[ 2018-08-13T10:00:11+08:00 ] 172.17.0.5 119.188.116.8 GET /
[ log ] neweb.top/ [运行时间：0.030044s][吞吐率：33.28req/s] [内存消耗：3,764.20kb] [文件加载：56]
[ error ] [2]Missing argument 3 for format_datetime(), called in /home/wwwroot/default/myblog/runtime/temp/fc8531413cc807152529a1ccc0347a51.php on line 136 and defined
[ error ] [2]Missing argument 3 for format_datetime(), called in /home/wwwroot/default/myblog/runtime/temp/fc8531413cc807152529a1ccc0347a51.php on line 136 and defined
[ error ] [2]Missing argument 3 for format_datetime(), called in /home/wwwroot/default/myblog/runtime/temp/fc8531413cc807152529a1ccc0347a51.php on line 136 and defined
[ error ] [2]Missing argument 3 for format_datetime(), called in /home/wwwroot/default/myblog/runtime/temp/fc8531413cc807152529a1ccc0347a51.php on line 136 and defined
[ error ] [2]Missing argument 3 for format_datetime(), called in /home/wwwroot/default/myblog/runtime/temp/fc8531413cc807152529a1ccc0347a51.php on line 136 and defined
[ error ] [2]Missing argument 3 for format_datetime(), called in /home/wwwroot/default/myblog/runtime/temp/fc8531413cc807152529a1ccc0347a51.php on line 136 and defined
[ error ] [2]Missing argument 3 for format_datetime(), called in /home/wwwroot/default/myblog/runtime/temp/fc8531413cc807152529a1ccc0347a51.php on line 136 and defined
[ error ] [2]Missing argument 3 for format_datetime(), called in /home/wwwroot/default/myblog/runtime/temp/fc8531413cc807152529a1ccc0347a51.php on line 136 and defined
[ error ] [2]Missing argument 3 for format_datetime(), called in /home/wwwroot/default/myblog/runtime/temp/fc8531413cc807152529a1ccc0347a51.php on line 136 and defined
[ error ] [2]Missing argument 3 for format_datetime(), called in /home/wwwroot/default/myblog/runtime/temp/fc8531413cc807152529a1ccc0347a51.php on line 136 and defined
[ error ] [2]Missing argument 3 for format_datetime(), called in /home/wwwroot/default/myblog/runtime/temp/fc8531413cc807152529a1ccc0347a51.php on line 136 and defined
[ error ] [2]Missing argument 3 for format_datetime(), called in /home/wwwroot/default/myblog/runtime/temp/fc8531413cc807152529a1ccc0347a51.php on line 136 and defined
[ error ] [8]未定义数组索引: avatar
[ error ] [8]未定义数组索引: nickname

---------------------------------------------------------------
[ 2018-08-13T11:16:03+08:00 ] 172.17.0.5 124.160.123.166 GET /
[ log ] neweb.top/ [运行时间：0.046129s][吞吐率：21.68req/s] [内存消耗：3,764.20kb] [文件加载：56]
[ error ] [2]Missing argument 3 for format_datetime(), called in /home/wwwroot/default/myblog/runtime/temp/fc8531413cc807152529a1ccc0347a51.php on line 136 and defined
[ error ] [2]Missing argument 3 for format_datetime(), called in /home/wwwroot/default/myblog/runtime/temp/fc8531413cc807152529a1ccc0347a51.php on line 136 and defined
[ error ] [2]Missing argument 3 for format_datetime(), called in /home/wwwroot/default/myblog/runtime/temp/fc8531413cc807152529a1ccc0347a51.php on line 136 and defined
[ error ] [2]Missing argument 3 for format_datetime(), called in /home/wwwroot/default/myblog/runtime/temp/fc8531413cc807152529a1ccc0347a51.php on line 136 and defined
[ error ] [2]Missing argument 3 for format_datetime(), called in /home/wwwroot/default/myblog/runtime/temp/fc8531413cc807152529a1ccc0347a51.php on line 136 and defined
[ error ] [2]Missing argument 3 for format_datetime(), called in /home/wwwroot/default/myblog/runtime/temp/fc8531413cc807152529a1ccc0347a51.php on line 136 and defined
[ error ] [2]Missing argument 3 for format_datetime(), called in /home/wwwroot/default/myblog/runtime/temp/fc8531413cc807152529a1ccc0347a51.php on line 136 and defined
[ error ] [2]Missing argument 3 for format_datetime(), called in /home/wwwroot/default/myblog/runtime/temp/fc8531413cc807152529a1ccc0347a51.php on line 136 and defined
[ error ] [2]Missing argument 3 for format_datetime(), called in /home/wwwroot/default/myblog/runtime/temp/fc8531413cc807152529a1ccc0347a51.php on line 136 and defined
[ error ] [2]Missing argument 3 for format_datetime(), called in /home/wwwroot/default/myblog/runtime/temp/fc8531413cc807152529a1ccc0347a51.php on line 136 and defined
[ error ] [2]Missing argument 3 for format_datetime(), called in /home/wwwroot/default/myblog/runtime/temp/fc8531413cc807152529a1ccc0347a51.php on line 136 and defined
[ error ] [2]Missing argument 3 for format_datetime(), called in /home/wwwroot/default/myblog/runtime/temp/fc8531413cc807152529a1ccc0347a51.php on line 136 and defined
[ error ] [8]未定义数组索引: avatar
[ error ] [8]未定义数组索引: nickname

---------------------------------------------------------------
[ 2018-08-13T11:16:04+08:00 ] 172.17.0.5 183.131.24.72 GET /
[ log ] neweb.top/ [运行时间：0.031043s][吞吐率：32.21req/s] [内存消耗：3,764.01kb] [文件加载：56]
[ error ] [2]Missing argument 3 for format_datetime(), called in /home/wwwroot/default/myblog/runtime/temp/fc8531413cc807152529a1ccc0347a51.php on line 136 and defined
[ error ] [2]Missing argument 3 for format_datetime(), called in /home/wwwroot/default/myblog/runtime/temp/fc8531413cc807152529a1ccc0347a51.php on line 136 and defined
[ error ] [2]Missing argument 3 for format_datetime(), called in /home/wwwroot/default/myblog/runtime/temp/fc8531413cc807152529a1ccc0347a51.php on line 136 and defined
[ error ] [2]Missing argument 3 for format_datetime(), called in /home/wwwroot/default/myblog/runtime/temp/fc8531413cc807152529a1ccc0347a51.php on line 136 and defined
[ error ] [2]Missing argument 3 for format_datetime(), called in /home/wwwroot/default/myblog/runtime/temp/fc8531413cc807152529a1ccc0347a51.php on line 136 and defined
[ error ] [2]Missing argument 3 for format_datetime(), called in /home/wwwroot/default/myblog/runtime/temp/fc8531413cc807152529a1ccc0347a51.php on line 136 and defined
[ error ] [2]Missing argument 3 for format_datetime(), called in /home/wwwroot/default/myblog/runtime/temp/fc8531413cc807152529a1ccc0347a51.php on line 136 and defined
[ error ] [2]Missing argument 3 for format_datetime(), called in /home/wwwroot/default/myblog/runtime/temp/fc8531413cc807152529a1ccc0347a51.php on line 136 and defined
[ error ] [2]Missing argument 3 for format_datetime(), called in /home/wwwroot/default/myblog/runtime/temp/fc8531413cc807152529a1ccc0347a51.php on line 136 and defined
[ error ] [2]Missing argument 3 for format_datetime(), called in /home/wwwroot/default/myblog/runtime/temp/fc8531413cc807152529a1ccc0347a51.php on line 136 and defined
[ error ] [2]Missing argument 3 for format_datetime(), called in /home/wwwroot/default/myblog/runtime/temp/fc8531413cc807152529a1ccc0347a51.php on line 136 and defined
[ error ] [2]Missing argument 3 for format_datetime(), called in /home/wwwroot/default/myblog/runtime/temp/fc8531413cc807152529a1ccc0347a51.php on line 136 and defined
[ error ] [8]未定义数组索引: avatar
[ error ] [8]未定义数组索引: nickname

---------------------------------------------------------------
[ 2018-08-13T11:16:05+08:00 ] 172.17.0.5 124.160.123.171 GET /
[ log ] neweb.top/ [运行时间：0.033752s][吞吐率：29.63req/s] [内存消耗：3,764.08kb] [文件加载：56]
[ error ] [2]Missing argument 3 for format_datetime(), called in /home/wwwroot/default/myblog/runtime/temp/fc8531413cc807152529a1ccc0347a51.php on line 136 and defined
[ error ] [2]Missing argument 3 for format_datetime(), called in /home/wwwroot/default/myblog/runtime/temp/fc8531413cc807152529a1ccc0347a51.php on line 136 and defined
[ error ] [2]Missing argument 3 for format_datetime(), called in /home/wwwroot/default/myblog/runtime/temp/fc8531413cc807152529a1ccc0347a51.php on line 136 and defined
[ error ] [2]Missing argument 3 for format_datetime(), called in /home/wwwroot/default/myblog/runtime/temp/fc8531413cc807152529a1ccc0347a51.php on line 136 and defined
[ error ] [2]Missing argument 3 for format_datetime(), called in /home/wwwroot/default/myblog/runtime/temp/fc8531413cc807152529a1ccc0347a51.php on line 136 and defined
[ error ] [2]Missing argument 3 for format_datetime(), called in /home/wwwroot/default/myblog/runtime/temp/fc8531413cc807152529a1ccc0347a51.php on line 136 and defined
[ error ] [2]Missing argument 3 for format_datetime(), called in /home/wwwroot/default/myblog/runtime/temp/fc8531413cc807152529a1ccc0347a51.php on line 136 and defined
[ error ] [2]Missing argument 3 for format_datetime(), called in /home/wwwroot/default/myblog/runtime/temp/fc8531413cc807152529a1ccc0347a51.php on line 136 and defined
[ error ] [2]Missing argument 3 for format_datetime(), called in /home/wwwroot/default/myblog/runtime/temp/fc8531413cc807152529a1ccc0347a51.php on line 136 and defined
[ error ] [2]Missing argument 3 for format_datetime(), called in /home/wwwroot/default/myblog/runtime/temp/fc8531413cc807152529a1ccc0347a51.php on line 136 and defined
[ error ] [2]Missing argument 3 for format_datetime(), called in /home/wwwroot/default/myblog/runtime/temp/fc8531413cc807152529a1ccc0347a51.php on line 136 and defined
[ error ] [2]Missing argument 3 for format_datetime(), called in /home/wwwroot/default/myblog/runtime/temp/fc8531413cc807152529a1ccc0347a51.php on line 136 and defined
[ error ] [8]未定义数组索引: avatar
[ error ] [8]未定义数组索引: nickname

---------------------------------------------------------------
[ 2018-08-13T12:20:10+08:00 ] 172.17.0.5 95.172.231.4 GET /
[ log ] 111.231.93.174/ [运行时间：0.037500s][吞吐率：26.67req/s] [内存消耗：3,764.04kb] [文件加载：56]
[ error ] [2]Missing argument 3 for format_datetime(), called in /home/wwwroot/default/myblog/runtime/temp/fc8531413cc807152529a1ccc0347a51.php on line 136 and defined
[ error ] [2]Missing argument 3 for format_datetime(), called in /home/wwwroot/default/myblog/runtime/temp/fc8531413cc807152529a1ccc0347a51.php on line 136 and defined
[ error ] [2]Missing argument 3 for format_datetime(), called in /home/wwwroot/default/myblog/runtime/temp/fc8531413cc807152529a1ccc0347a51.php on line 136 and defined
[ error ] [2]Missing argument 3 for format_datetime(), called in /home/wwwroot/default/myblog/runtime/temp/fc8531413cc807152529a1ccc0347a51.php on line 136 and defined
[ error ] [2]Missing argument 3 for format_datetime(), called in /home/wwwroot/default/myblog/runtime/temp/fc8531413cc807152529a1ccc0347a51.php on line 136 and defined
[ error ] [2]Missing argument 3 for format_datetime(), called in /home/wwwroot/default/myblog/runtime/temp/fc8531413cc807152529a1ccc0347a51.php on line 136 and defined
[ error ] [2]Missing argument 3 for format_datetime(), called in /home/wwwroot/default/myblog/runtime/temp/fc8531413cc807152529a1ccc0347a51.php on line 136 and defined
[ error ] [2]Missing argument 3 for format_datetime(), called in /home/wwwroot/default/myblog/runtime/temp/fc8531413cc807152529a1ccc0347a51.php on line 136 and defined
[ error ] [2]Missing argument 3 for format_datetime(), called in /home/wwwroot/default/myblog/runtime/temp/fc8531413cc807152529a1ccc0347a51.php on line 136 and defined
[ error ] [2]Missing argument 3 for format_datetime(), called in /home/wwwroot/default/myblog/runtime/temp/fc8531413cc807152529a1ccc0347a51.php on line 136 and defined
[ error ] [2]Missing argument 3 for format_datetime(), called in /home/wwwroot/default/myblog/runtime/temp/fc8531413cc807152529a1ccc0347a51.php on line 136 and defined
[ error ] [2]Missing argument 3 for format_datetime(), called in /home/wwwroot/default/myblog/runtime/temp/fc8531413cc807152529a1ccc0347a51.php on line 136 and defined
[ error ] [8]未定义数组索引: avatar
[ error ] [8]未定义数组索引: nickname

---------------------------------------------------------------
[ 2018-08-13T13:33:44+08:00 ] 172.17.0.5 119.188.116.3 GET /
[ log ] neweb.top/ [运行时间：0.036593s][吞吐率：27.33req/s] [内存消耗：3,763.78kb] [文件加载：56]
[ error ] [2]Missing argument 3 for format_datetime(), called in /home/wwwroot/default/myblog/runtime/temp/fc8531413cc807152529a1ccc0347a51.php on line 136 and defined
[ error ] [2]Missing argument 3 for format_datetime(), called in /home/wwwroot/default/myblog/runtime/temp/fc8531413cc807152529a1ccc0347a51.php on line 136 and defined
[ error ] [2]Missing argument 3 for format_datetime(), called in /home/wwwroot/default/myblog/runtime/temp/fc8531413cc807152529a1ccc0347a51.php on line 136 and defined
[ error ] [2]Missing argument 3 for format_datetime(), called in /home/wwwroot/default/myblog/runtime/temp/fc8531413cc807152529a1ccc0347a51.php on line 136 and defined
[ error ] [2]Missing argument 3 for format_datetime(), called in /home/wwwroot/default/myblog/runtime/temp/fc8531413cc807152529a1ccc0347a51.php on line 136 and defined
[ error ] [2]Missing argument 3 for format_datetime(), called in /home/wwwroot/default/myblog/runtime/temp/fc8531413cc807152529a1ccc0347a51.php on line 136 and defined
[ error ] [2]Missing argument 3 for format_datetime(), called in /home/wwwroot/default/myblog/runtime/temp/fc8531413cc807152529a1ccc0347a51.php on line 136 and defined
[ error ] [2]Missing argument 3 for format_datetime(), called in /home/wwwroot/default/myblog/runtime/temp/fc8531413cc807152529a1ccc0347a51.php on line 136 and defined
[ error ] [2]Missing argument 3 for format_datetime(), called in /home/wwwroot/default/myblog/runtime/temp/fc8531413cc807152529a1ccc0347a51.php on line 136 and defined
[ error ] [2]Missing argument 3 for format_datetime(), called in /home/wwwroot/default/myblog/runtime/temp/fc8531413cc807152529a1ccc0347a51.php on line 136 and defined
[ error ] [2]Missing argument 3 for format_datetime(), called in /home/wwwroot/default/myblog/runtime/temp/fc8531413cc807152529a1ccc0347a51.php on line 136 and defined
[ error ] [2]Missing argument 3 for format_datetime(), called in /home/wwwroot/default/myblog/runtime/temp/fc8531413cc807152529a1ccc0347a51.php on line 136 and defined
[ error ] [8]未定义数组索引: avatar
[ error ] [8]未定义数组索引: nickname

---------------------------------------------------------------
[ 2018-08-13T14:01:38+08:00 ] 172.17.0.5 107.170.227.37 GET /
[ log ] 111.231.93.174/ [运行时间：0.045318s][吞吐率：22.07req/s] [内存消耗：3,764.48kb] [文件加载：56]
[ error ] [2]Missing argument 3 for format_datetime(), called in /home/wwwroot/default/myblog/runtime/temp/fc8531413cc807152529a1ccc0347a51.php on line 136 and defined
[ error ] [2]Missing argument 3 for format_datetime(), called in /home/wwwroot/default/myblog/runtime/temp/fc8531413cc807152529a1ccc0347a51.php on line 136 and defined
[ error ] [2]Missing argument 3 for format_datetime(), called in /home/wwwroot/default/myblog/runtime/temp/fc8531413cc807152529a1ccc0347a51.php on line 136 and defined
[ error ] [2]Missing argument 3 for format_datetime(), called in /home/wwwroot/default/myblog/runtime/temp/fc8531413cc807152529a1ccc0347a51.php on line 136 and defined
[ error ] [2]Missing argument 3 for format_datetime(), called in /home/wwwroot/default/myblog/runtime/temp/fc8531413cc807152529a1ccc0347a51.php on line 136 and defined
[ error ] [2]Missing argument 3 for format_datetime(), called in /home/wwwroot/default/myblog/runtime/temp/fc8531413cc807152529a1ccc0347a51.php on line 136 and defined
[ error ] [2]Missing argument 3 for format_datetime(), called in /home/wwwroot/default/myblog/runtime/temp/fc8531413cc807152529a1ccc0347a51.php on line 136 and defined
[ error ] [2]Missing argument 3 for format_datetime(), called in /home/wwwroot/default/myblog/runtime/temp/fc8531413cc807152529a1ccc0347a51.php on line 136 and defined
[ error ] [2]Missing argument 3 for format_datetime(), called in /home/wwwroot/default/myblog/runtime/temp/fc8531413cc807152529a1ccc0347a51.php on line 136 and defined
[ error ] [2]Missing argument 3 for format_datetime(), called in /home/wwwroot/default/myblog/runtime/temp/fc8531413cc807152529a1ccc0347a51.php on line 136 and defined
[ error ] [2]Missing argument 3 for format_datetime(), called in /home/wwwroot/default/myblog/runtime/temp/fc8531413cc807152529a1ccc0347a51.php on line 136 and defined
[ error ] [2]Missing argument 3 for format_datetime(), called in /home/wwwroot/default/myblog/runtime/temp/fc8531413cc807152529a1ccc0347a51.php on line 136 and defined
[ error ] [8]未定义数组索引: avatar
[ error ] [8]未定义数组索引: nickname

---------------------------------------------------------------
[ 2018-08-13T14:09:04+08:00 ] 172.17.0.5 116.31.102.104 GET /
[ log ] neweb.top/ [运行时间：0.033818s][吞吐率：29.57req/s] [内存消耗：3,764.35kb] [文件加载：56]
[ error ] [2]Missing argument 3 for format_datetime(), called in /home/wwwroot/default/myblog/runtime/temp/fc8531413cc807152529a1ccc0347a51.php on line 136 and defined
[ error ] [2]Missing argument 3 for format_datetime(), called in /home/wwwroot/default/myblog/runtime/temp/fc8531413cc807152529a1ccc0347a51.php on line 136 and defined
[ error ] [2]Missing argument 3 for format_datetime(), called in /home/wwwroot/default/myblog/runtime/temp/fc8531413cc807152529a1ccc0347a51.php on line 136 and defined
[ error ] [2]Missing argument 3 for format_datetime(), called in /home/wwwroot/default/myblog/runtime/temp/fc8531413cc807152529a1ccc0347a51.php on line 136 and defined
[ error ] [2]Missing argument 3 for format_datetime(), called in /home/wwwroot/default/myblog/runtime/temp/fc8531413cc807152529a1ccc0347a51.php on line 136 and defined
[ error ] [2]Missing argument 3 for format_datetime(), called in /home/wwwroot/default/myblog/runtime/temp/fc8531413cc807152529a1ccc0347a51.php on line 136 and defined
[ error ] [2]Missing argument 3 for format_datetime(), called in /home/wwwroot/default/myblog/runtime/temp/fc8531413cc807152529a1ccc0347a51.php on line 136 and defined
[ error ] [2]Missing argument 3 for format_datetime(), called in /home/wwwroot/default/myblog/runtime/temp/fc8531413cc807152529a1ccc0347a51.php on line 136 and defined
[ error ] [2]Missing argument 3 for format_datetime(), called in /home/wwwroot/default/myblog/runtime/temp/fc8531413cc807152529a1ccc0347a51.php on line 136 and defined
[ error ] [2]Missing argument 3 for format_datetime(), called in /home/wwwroot/default/myblog/runtime/temp/fc8531413cc807152529a1ccc0347a51.php on line 136 and defined
[ error ] [2]Missing argument 3 for format_datetime(), called in /home/wwwroot/default/myblog/runtime/temp/fc8531413cc807152529a1ccc0347a51.php on line 136 and defined
[ error ] [2]Missing argument 3 for format_datetime(), called in /home/wwwroot/default/myblog/runtime/temp/fc8531413cc807152529a1ccc0347a51.php on line 136 and defined
[ error ] [8]未定义数组索引: avatar
[ error ] [8]未定义数组索引: nickname

---------------------------------------------------------------
[ 2018-08-13T15:48:10+08:00 ] 172.17.0.5 39.105.67.82 GET /
[ log ] cmd: [运行时间：0.033277s][吞吐率：30.05req/s] [内存消耗：3,767.05kb] [文件加载：56]
[ error ] [2]Missing argument 3 for format_datetime(), called in /home/wwwroot/default/myblog/runtime/temp/fc8531413cc807152529a1ccc0347a51.php on line 136 and defined
[ error ] [2]Missing argument 3 for format_datetime(), called in /home/wwwroot/default/myblog/runtime/temp/fc8531413cc807152529a1ccc0347a51.php on line 136 and defined
[ error ] [2]Missing argument 3 for format_datetime(), called in /home/wwwroot/default/myblog/runtime/temp/fc8531413cc807152529a1ccc0347a51.php on line 136 and defined
[ error ] [2]Missing argument 3 for format_datetime(), called in /home/wwwroot/default/myblog/runtime/temp/fc8531413cc807152529a1ccc0347a51.php on line 136 and defined
[ error ] [2]Missing argument 3 for format_datetime(), called in /home/wwwroot/default/myblog/runtime/temp/fc8531413cc807152529a1ccc0347a51.php on line 136 and defined
[ error ] [2]Missing argument 3 for format_datetime(), called in /home/wwwroot/default/myblog/runtime/temp/fc8531413cc807152529a1ccc0347a51.php on line 136 and defined
[ error ] [2]Missing argument 3 for format_datetime(), called in /home/wwwroot/default/myblog/runtime/temp/fc8531413cc807152529a1ccc0347a51.php on line 136 and defined
[ error ] [2]Missing argument 3 for format_datetime(), called in /home/wwwroot/default/myblog/runtime/temp/fc8531413cc807152529a1ccc0347a51.php on line 136 and defined
[ error ] [2]Missing argument 3 for format_datetime(), called in /home/wwwroot/default/myblog/runtime/temp/fc8531413cc807152529a1ccc0347a51.php on line 136 and defined
[ error ] [2]Missing argument 3 for format_datetime(), called in /home/wwwroot/default/myblog/runtime/temp/fc8531413cc807152529a1ccc0347a51.php on line 136 and defined
[ error ] [2]Missing argument 3 for format_datetime(), called in /home/wwwroot/default/myblog/runtime/temp/fc8531413cc807152529a1ccc0347a51.php on line 136 and defined
[ error ] [2]Missing argument 3 for format_datetime(), called in /home/wwwroot/default/myblog/runtime/temp/fc8531413cc807152529a1ccc0347a51.php on line 136 and defined
[ error ] [8]未定义数组索引: avatar
[ error ] [8]未定义数组索引: nickname

---------------------------------------------------------------
[ 2018-08-13T15:51:27+08:00 ] 172.17.0.5 39.105.67.82 GET /
[ log ] cmd: [运行时间：0.036244s][吞吐率：27.59req/s] [内存消耗：3,767.05kb] [文件加载：56]
[ error ] [2]Missing argument 3 for format_datetime(), called in /home/wwwroot/default/myblog/runtime/temp/fc8531413cc807152529a1ccc0347a51.php on line 136 and defined
[ error ] [2]Missing argument 3 for format_datetime(), called in /home/wwwroot/default/myblog/runtime/temp/fc8531413cc807152529a1ccc0347a51.php on line 136 and defined
[ error ] [2]Missing argument 3 for format_datetime(), called in /home/wwwroot/default/myblog/runtime/temp/fc8531413cc807152529a1ccc0347a51.php on line 136 and defined
[ error ] [2]Missing argument 3 for format_datetime(), called in /home/wwwroot/default/myblog/runtime/temp/fc8531413cc807152529a1ccc0347a51.php on line 136 and defined
[ error ] [2]Missing argument 3 for format_datetime(), called in /home/wwwroot/default/myblog/runtime/temp/fc8531413cc807152529a1ccc0347a51.php on line 136 and defined
[ error ] [2]Missing argument 3 for format_datetime(), called in /home/wwwroot/default/myblog/runtime/temp/fc8531413cc807152529a1ccc0347a51.php on line 136 and defined
[ error ] [2]Missing argument 3 for format_datetime(), called in /home/wwwroot/default/myblog/runtime/temp/fc8531413cc807152529a1ccc0347a51.php on line 136 and defined
[ error ] [2]Missing argument 3 for format_datetime(), called in /home/wwwroot/default/myblog/runtime/temp/fc8531413cc807152529a1ccc0347a51.php on line 136 and defined
[ error ] [2]Missing argument 3 for format_datetime(), called in /home/wwwroot/default/myblog/runtime/temp/fc8531413cc807152529a1ccc0347a51.php on line 136 and defined
[ error ] [2]Missing argument 3 for format_datetime(), called in /home/wwwroot/default/myblog/runtime/temp/fc8531413cc807152529a1ccc0347a51.php on line 136 and defined
[ error ] [2]Missing argument 3 for format_datetime(), called in /home/wwwroot/default/myblog/runtime/temp/fc8531413cc807152529a1ccc0347a51.php on line 136 and defined
[ error ] [2]Missing argument 3 for format_datetime(), called in /home/wwwroot/default/myblog/runtime/temp/fc8531413cc807152529a1ccc0347a51.php on line 136 and defined
[ error ] [8]未定义数组索引: avatar
[ error ] [8]未定义数组索引: nickname

---------------------------------------------------------------
[ 2018-08-13T15:54:52+08:00 ] 172.17.0.5 39.105.67.82 GET /
[ log ] cmd: [运行时间：0.034788s][吞吐率：28.75req/s] [内存消耗：3,767.05kb] [文件加载：56]
[ error ] [2]Missing argument 3 for format_datetime(), called in /home/wwwroot/default/myblog/runtime/temp/fc8531413cc807152529a1ccc0347a51.php on line 136 and defined
[ error ] [2]Missing argument 3 for format_datetime(), called in /home/wwwroot/default/myblog/runtime/temp/fc8531413cc807152529a1ccc0347a51.php on line 136 and defined
[ error ] [2]Missing argument 3 for format_datetime(), called in /home/wwwroot/default/myblog/runtime/temp/fc8531413cc807152529a1ccc0347a51.php on line 136 and defined
[ error ] [2]Missing argument 3 for format_datetime(), called in /home/wwwroot/default/myblog/runtime/temp/fc8531413cc807152529a1ccc0347a51.php on line 136 and defined
[ error ] [2]Missing argument 3 for format_datetime(), called in /home/wwwroot/default/myblog/runtime/temp/fc8531413cc807152529a1ccc0347a51.php on line 136 and defined
[ error ] [2]Missing argument 3 for format_datetime(), called in /home/wwwroot/default/myblog/runtime/temp/fc8531413cc807152529a1ccc0347a51.php on line 136 and defined
[ error ] [2]Missing argument 3 for format_datetime(), called in /home/wwwroot/default/myblog/runtime/temp/fc8531413cc807152529a1ccc0347a51.php on line 136 and defined
[ error ] [2]Missing argument 3 for format_datetime(), called in /home/wwwroot/default/myblog/runtime/temp/fc8531413cc807152529a1ccc0347a51.php on line 136 and defined
[ error ] [2]Missing argument 3 for format_datetime(), called in /home/wwwroot/default/myblog/runtime/temp/fc8531413cc807152529a1ccc0347a51.php on line 136 and defined
[ error ] [2]Missing argument 3 for format_datetime(), called in /home/wwwroot/default/myblog/runtime/temp/fc8531413cc807152529a1ccc0347a51.php on line 136 and defined
[ error ] [2]Missing argument 3 for format_datetime(), called in /home/wwwroot/default/myblog/runtime/temp/fc8531413cc807152529a1ccc0347a51.php on line 136 and defined
[ error ] [2]Missing argument 3 for format_datetime(), called in /home/wwwroot/default/myblog/runtime/temp/fc8531413cc807152529a1ccc0347a51.php on line 136 and defined
[ error ] [8]未定义数组索引: avatar
[ error ] [8]未定义数组索引: nickname

---------------------------------------------------------------
[ 2018-08-13T15:57:33+08:00 ] 172.17.0.5 39.105.67.82 GET /
[ log ] 111.231.93.174/ [运行时间：0.032650s][吞吐率：30.63req/s] [内存消耗：3,764.02kb] [文件加载：56]
[ error ] [2]Missing argument 3 for format_datetime(), called in /home/wwwroot/default/myblog/runtime/temp/fc8531413cc807152529a1ccc0347a51.php on line 136 and defined
[ error ] [2]Missing argument 3 for format_datetime(), called in /home/wwwroot/default/myblog/runtime/temp/fc8531413cc807152529a1ccc0347a51.php on line 136 and defined
[ error ] [2]Missing argument 3 for format_datetime(), called in /home/wwwroot/default/myblog/runtime/temp/fc8531413cc807152529a1ccc0347a51.php on line 136 and defined
[ error ] [2]Missing argument 3 for format_datetime(), called in /home/wwwroot/default/myblog/runtime/temp/fc8531413cc807152529a1ccc0347a51.php on line 136 and defined
[ error ] [2]Missing argument 3 for format_datetime(), called in /home/wwwroot/default/myblog/runtime/temp/fc8531413cc807152529a1ccc0347a51.php on line 136 and defined
[ error ] [2]Missing argument 3 for format_datetime(), called in /home/wwwroot/default/myblog/runtime/temp/fc8531413cc807152529a1ccc0347a51.php on line 136 and defined
[ error ] [2]Missing argument 3 for format_datetime(), called in /home/wwwroot/default/myblog/runtime/temp/fc8531413cc807152529a1ccc0347a51.php on line 136 and defined
[ error ] [2]Missing argument 3 for format_datetime(), called in /home/wwwroot/default/myblog/runtime/temp/fc8531413cc807152529a1ccc0347a51.php on line 136 and defined
[ error ] [2]Missing argument 3 for format_datetime(), called in /home/wwwroot/default/myblog/runtime/temp/fc8531413cc807152529a1ccc0347a51.php on line 136 and defined
[ error ] [2]Missing argument 3 for format_datetime(), called in /home/wwwroot/default/myblog/runtime/temp/fc8531413cc807152529a1ccc0347a51.php on line 136 and defined
[ error ] [2]Missing argument 3 for format_datetime(), called in /home/wwwroot/default/myblog/runtime/temp/fc8531413cc807152529a1ccc0347a51.php on line 136 and defined
[ error ] [2]Missing argument 3 for format_datetime(), called in /home/wwwroot/default/myblog/runtime/temp/fc8531413cc807152529a1ccc0347a51.php on line 136 and defined
[ error ] [8]未定义数组索引: avatar
[ error ] [8]未定义数组索引: nickname

---------------------------------------------------------------
[ 2018-08-13T20:05:49+08:00 ] 172.17.0.5 124.160.123.168 GET /index/feedback/index?content=&username=&website=
[ log ] neweb.top/index/feedback/index?content=&username=&website= [运行时间：0.042952s][吞吐率：23.28req/s] [内存消耗：3,982.64kb] [文件加载：64]
[ error ] [2]Missing argument 3 for format_datetime(), called in /home/wwwroot/default/myblog/runtime/temp/d144f220039fb6807bd6b540cc5e853c.php on line 158 and defined
[ error ] [2]Missing argument 3 for format_datetime(), called in /home/wwwroot/default/myblog/runtime/temp/d144f220039fb6807bd6b540cc5e853c.php on line 168 and defined
[ error ] [2]Missing argument 3 for format_datetime(), called in /home/wwwroot/default/myblog/runtime/temp/d144f220039fb6807bd6b540cc5e853c.php on line 158 and defined
[ error ] [2]Missing argument 3 for format_datetime(), called in /home/wwwroot/default/myblog/runtime/temp/d144f220039fb6807bd6b540cc5e853c.php on line 158 and defined
[ error ] [2]Missing argument 3 for format_datetime(), called in /home/wwwroot/default/myblog/runtime/temp/d144f220039fb6807bd6b540cc5e853c.php on line 168 and defined
[ error ] [2]Missing argument 3 for format_datetime(), called in /home/wwwroot/default/myblog/runtime/temp/d144f220039fb6807bd6b540cc5e853c.php on line 158 and defined
[ error ] [2]Missing argument 3 for format_datetime(), called in /home/wwwroot/default/myblog/runtime/temp/d144f220039fb6807bd6b540cc5e853c.php on line 168 and defined
[ error ] [2]Missing argument 3 for format_datetime(), called in /home/wwwroot/default/myblog/runtime/temp/d144f220039fb6807bd6b540cc5e853c.php on line 158 and defined
[ error ] [2]Missing argument 3 for format_datetime(), called in /home/wwwroot/default/myblog/runtime/temp/d144f220039fb6807bd6b540cc5e853c.php on line 168 and defined
[ error ] [2]Missing argument 3 for format_datetime(), called in /home/wwwroot/default/myblog/runtime/temp/d144f220039fb6807bd6b540cc5e853c.php on line 158 and defined
[ error ] [2]Missing argument 3 for format_datetime(), called in /home/wwwroot/default/myblog/runtime/temp/d144f220039fb6807bd6b540cc5e853c.php on line 168 and defined
[ error ] [2]Missing argument 3 for format_datetime(), called in /home/wwwroot/default/myblog/runtime/temp/d144f220039fb6807bd6b540cc5e853c.php on line 158 and defined
[ error ] [2]Missing argument 3 for format_datetime(), called in /home/wwwroot/default/myblog/runtime/temp/d144f220039fb6807bd6b540cc5e853c.php on line 168 and defined
[ error ] [2]Missing argument 3 for format_datetime(), called in /home/wwwroot/default/myblog/runtime/temp/d144f220039fb6807bd6b540cc5e853c.php on line 158 and defined
[ error ] [2]Missing argument 3 for format_datetime(), called in /home/wwwroot/default/myblog/runtime/temp/d144f220039fb6807bd6b540cc5e853c.php on line 168 and defined
[ error ] [2]Missing argument 3 for format_datetime(), called in /home/wwwroot/default/myblog/runtime/temp/d144f220039fb6807bd6b540cc5e853c.php on line 158 and defined
[ error ] [2]Missing argument 3 for format_datetime(), called in /home/wwwroot/default/myblog/runtime/temp/d144f220039fb6807bd6b540cc5e853c.php on line 168 and defined
[ error ] [2]Missing argument 3 for format_datetime(), called in /home/wwwroot/default/myblog/runtime/temp/d144f220039fb6807bd6b540cc5e853c.php on line 158 and defined
[ error ] [2]Missing argument 3 for format_datetime(), called in /home/wwwroot/default/myblog/runtime/temp/d144f220039fb6807bd6b540cc5e853c.php on line 168 and defined
[ error ] [2]Missing argument 3 for format_datetime(), called in /home/wwwroot/default/myblog/runtime/temp/d144f220039fb6807bd6b540cc5e853c.php on line 158 and defined
[ error ] [2]Missing argument 3 for format_datetime(), called in /home/wwwroot/default/myblog/runtime/temp/d144f220039fb6807bd6b540cc5e853c.php on line 168 and defined
[ error ] [2]Missing argument 3 for format_datetime(), called in /home/wwwroot/default/myblog/runtime/temp/d144f220039fb6807bd6b540cc5e853c.php on line 158 and defined
[ error ] [2]Missing argument 3 for format_datetime(), called in /home/wwwroot/default/myblog/runtime/temp/d144f220039fb6807bd6b540cc5e853c.php on line 158 and defined
[ error ] [2]Missing argument 3 for format_datetime(), called in /home/wwwroot/default/myblog/runtime/temp/d144f220039fb6807bd6b540cc5e853c.php on line 158 and defined
[ error ] [2]Missing argument 3 for format_datetime(), called in /home/wwwroot/default/myblog/runtime/temp/d144f220039fb6807bd6b540cc5e853c.php on line 158 and defined
[ error ] [8]未定义数组索引: avatar
[ error ] [8]未定义数组索引: nickname

---------------------------------------------------------------
[ 2018-08-13T20:35:51+08:00 ] 172.17.0.5 112.82.242.105 GET /
[ log ] neweb.top/ [运行时间：0.033262s][吞吐率：30.06req/s] [内存消耗：3,764.27kb] [文件加载：56]
[ error ] [2]Missing argument 3 for format_datetime(), called in /home/wwwroot/default/myblog/runtime/temp/fc8531413cc807152529a1ccc0347a51.php on line 136 and defined
[ error ] [2]Missing argument 3 for format_datetime(), called in /home/wwwroot/default/myblog/runtime/temp/fc8531413cc807152529a1ccc0347a51.php on line 136 and defined
[ error ] [2]Missing argument 3 for format_datetime(), called in /home/wwwroot/default/myblog/runtime/temp/fc8531413cc807152529a1ccc0347a51.php on line 136 and defined
[ error ] [2]Missing argument 3 for format_datetime(), called in /home/wwwroot/default/myblog/runtime/temp/fc8531413cc807152529a1ccc0347a51.php on line 136 and defined
[ error ] [2]Missing argument 3 for format_datetime(), called in /home/wwwroot/default/myblog/runtime/temp/fc8531413cc807152529a1ccc0347a51.php on line 136 and defined
[ error ] [2]Missing argument 3 for format_datetime(), called in /home/wwwroot/default/myblog/runtime/temp/fc8531413cc807152529a1ccc0347a51.php on line 136 and defined
[ error ] [2]Missing argument 3 for format_datetime(), called in /home/wwwroot/default/myblog/runtime/temp/fc8531413cc807152529a1ccc0347a51.php on line 136 and defined
[ error ] [2]Missing argument 3 for format_datetime(), called in /home/wwwroot/default/myblog/runtime/temp/fc8531413cc807152529a1ccc0347a51.php on line 136 and defined
[ error ] [2]Missing argument 3 for format_datetime(), called in /home/wwwroot/default/myblog/runtime/temp/fc8531413cc807152529a1ccc0347a51.php on line 136 and defined
[ error ] [2]Missing argument 3 for format_datetime(), called in /home/wwwroot/default/myblog/runtime/temp/fc8531413cc807152529a1ccc0347a51.php on line 136 and defined
[ error ] [2]Missing argument 3 for format_datetime(), called in /home/wwwroot/default/myblog/runtime/temp/fc8531413cc807152529a1ccc0347a51.php on line 136 and defined
[ error ] [2]Missing argument 3 for format_datetime(), called in /home/wwwroot/default/myblog/runtime/temp/fc8531413cc807152529a1ccc0347a51.php on line 136 and defined
[ error ] [8]未定义数组索引: avatar
[ error ] [8]未定义数组索引: nickname

---------------------------------------------------------------
[ 2018-08-13T20:35:51+08:00 ] 172.17.0.5 61.160.239.105 HEAD /
[ log ] neweb.top/ [运行时间：0.028177s][吞吐率：35.49req/s] [内存消耗：3,762.72kb] [文件加载：56]
[ error ] [2]Missing argument 3 for format_datetime(), called in /home/wwwroot/default/myblog/runtime/temp/fc8531413cc807152529a1ccc0347a51.php on line 136 and defined
[ error ] [2]Missing argument 3 for format_datetime(), called in /home/wwwroot/default/myblog/runtime/temp/fc8531413cc807152529a1ccc0347a51.php on line 136 and defined
[ error ] [2]Missing argument 3 for format_datetime(), called in /home/wwwroot/default/myblog/runtime/temp/fc8531413cc807152529a1ccc0347a51.php on line 136 and defined
[ error ] [2]Missing argument 3 for format_datetime(), called in /home/wwwroot/default/myblog/runtime/temp/fc8531413cc807152529a1ccc0347a51.php on line 136 and defined
[ error ] [2]Missing argument 3 for format_datetime(), called in /home/wwwroot/default/myblog/runtime/temp/fc8531413cc807152529a1ccc0347a51.php on line 136 and defined
[ error ] [2]Missing argument 3 for format_datetime(), called in /home/wwwroot/default/myblog/runtime/temp/fc8531413cc807152529a1ccc0347a51.php on line 136 and defined
[ error ] [2]Missing argument 3 for format_datetime(), called in /home/wwwroot/default/myblog/runtime/temp/fc8531413cc807152529a1ccc0347a51.php on line 136 and defined
[ error ] [2]Missing argument 3 for format_datetime(), called in /home/wwwroot/default/myblog/runtime/temp/fc8531413cc807152529a1ccc0347a51.php on line 136 and defined
[ error ] [2]Missing argument 3 for format_datetime(), called in /home/wwwroot/default/myblog/runtime/temp/fc8531413cc807152529a1ccc0347a51.php on line 136 and defined
[ error ] [2]Missing argument 3 for format_datetime(), called in /home/wwwroot/default/myblog/runtime/temp/fc8531413cc807152529a1ccc0347a51.php on line 136 and defined
[ error ] [2]Missing argument 3 for format_datetime(), called in /home/wwwroot/default/myblog/runtime/temp/fc8531413cc807152529a1ccc0347a51.php on line 136 and defined
[ error ] [2]Missing argument 3 for format_datetime(), called in /home/wwwroot/default/myblog/runtime/temp/fc8531413cc807152529a1ccc0347a51.php on line 136 and defined
[ error ] [8]未定义数组索引: avatar
[ error ] [8]未定义数组索引: nickname

---------------------------------------------------------------
[ 2018-08-13T21:37:49+08:00 ] 172.17.0.5 183.131.24.73 GET /index/picture/index/category_id/1.html
[ log ] neweb.top/index/picture/index/category_id/1.html [运行时间：0.035431s][吞吐率：28.22req/s] [内存消耗：3,698.05kb] [文件加载：61]
[ error ] [8]未定义数组下标: 9
[ error ] [2]Invalid argument supplied for foreach()
[ error ] [8]未定义变量: category_ids
[ error ] [8]未定义数组下标: 11
[ error ] [2]Invalid argument supplied for foreach()
[ error ] [8]未定义变量: category_ids
[ error ] [8]未定义数组下标: 20
[ error ] [2]Invalid argument supplied for foreach()
[ error ] [8]未定义变量: category_ids
[ error ] [8]未定义数组下标: 22
[ error ] [2]Invalid argument supplied for foreach()
[ error ] [8]未定义变量: category_ids
[ error ] [2]Missing argument 2 for app\common\model\Category::get_category_url_by_id(), called in /home/wwwroot/default/myblog/application/common/model/Category.php on line 235 and defined
[ error ] [8]未定义变量: categorys
[ error ] [2]Missing argument 3 for format_datetime(), called in /home/wwwroot/default/myblog/runtime/temp/ef17530301a82ed95160e18d75aeed0f.php on line 140 and defined
[ error ] [2]Missing argument 3 for format_datetime(), called in /home/wwwroot/default/myblog/runtime/temp/ef17530301a82ed95160e18d75aeed0f.php on line 140 and defined
[ error ] [2]Missing argument 3 for format_datetime(), called in /home/wwwroot/default/myblog/runtime/temp/ef17530301a82ed95160e18d75aeed0f.php on line 140 and defined
[ error ] [2]Missing argument 3 for format_datetime(), called in /home/wwwroot/default/myblog/runtime/temp/ef17530301a82ed95160e18d75aeed0f.php on line 140 and defined
[ error ] [2]Missing argument 3 for format_datetime(), called in /home/wwwroot/default/myblog/runtime/temp/ef17530301a82ed95160e18d75aeed0f.php on line 140 and defined
[ error ] [2]Missing argument 3 for format_datetime(), called in /home/wwwroot/default/myblog/runtime/temp/ef17530301a82ed95160e18d75aeed0f.php on line 140 and defined
[ error ] [2]Missing argument 3 for format_datetime(), called in /home/wwwroot/default/myblog/runtime/temp/ef17530301a82ed95160e18d75aeed0f.php on line 140 and defined
[ error ] [2]Missing argument 3 for format_datetime(), called in /home/wwwroot/default/myblog/runtime/temp/ef17530301a82ed95160e18d75aeed0f.php on line 140 and defined
[ error ] [8]未定义数组索引: avatar
[ error ] [8]未定义数组索引: nickname

---------------------------------------------------------------
[ 2018-08-13T21:38:35+08:00 ] 172.17.0.5 124.160.123.164 GET /index/picture/lists/category_id/9.html
[ log ] neweb.top/index/picture/lists/category_id/9.html [运行时间：0.033866s][吞吐率：29.53req/s] [内存消耗：3,914.44kb] [文件加载：61]
[ error ] [2]Missing argument 2 for app\common\model\Category::get_category_url_by_id(), called in /home/wwwroot/default/myblog/application/common/model/Category.php on line 233 and defined
[ error ] [8]未定义变量: categorys
[ error ] [2]Missing argument 2 for app\common\model\Category::get_category_url_by_id(), called in /home/wwwroot/default/myblog/application/common/model/Category.php on line 235 and defined
[ error ] [8]未定义变量: categorys
[ error ] [8]未定义数组下标: 9
[ error ] [2]Missing argument 3 for format_datetime(), called in /home/wwwroot/default/myblog/runtime/temp/ad8ddfb1f36a264d741f998fffe2cd11.php on line 141 and defined
[ error ] [8]未定义数组索引: avatar
[ error ] [8]未定义数组索引: nickname

---------------------------------------------------------------
[ 2018-08-13T22:15:46+08:00 ] 172.17.0.5 116.31.102.99 GET /
[ log ] neweb.top/ [运行时间：0.031024s][吞吐率：32.23req/s] [内存消耗：3,764.27kb] [文件加载：56]
[ error ] [2]Missing argument 3 for format_datetime(), called in /home/wwwroot/default/myblog/runtime/temp/fc8531413cc807152529a1ccc0347a51.php on line 136 and defined
[ error ] [2]Missing argument 3 for format_datetime(), called in /home/wwwroot/default/myblog/runtime/temp/fc8531413cc807152529a1ccc0347a51.php on line 136 and defined
[ error ] [2]Missing argument 3 for format_datetime(), called in /home/wwwroot/default/myblog/runtime/temp/fc8531413cc807152529a1ccc0347a51.php on line 136 and defined
[ error ] [2]Missing argument 3 for format_datetime(), called in /home/wwwroot/default/myblog/runtime/temp/fc8531413cc807152529a1ccc0347a51.php on line 136 and defined
[ error ] [2]Missing argument 3 for format_datetime(), called in /home/wwwroot/default/myblog/runtime/temp/fc8531413cc807152529a1ccc0347a51.php on line 136 and defined
[ error ] [2]Missing argument 3 for format_datetime(), called in /home/wwwroot/default/myblog/runtime/temp/fc8531413cc807152529a1ccc0347a51.php on line 136 and defined
[ error ] [2]Missing argument 3 for format_datetime(), called in /home/wwwroot/default/myblog/runtime/temp/fc8531413cc807152529a1ccc0347a51.php on line 136 and defined
[ error ] [2]Missing argument 3 for format_datetime(), called in /home/wwwroot/default/myblog/runtime/temp/fc8531413cc807152529a1ccc0347a51.php on line 136 and defined
[ error ] [2]Missing argument 3 for format_datetime(), called in /home/wwwroot/default/myblog/runtime/temp/fc8531413cc807152529a1ccc0347a51.php on line 136 and defined
[ error ] [2]Missing argument 3 for format_datetime(), called in /home/wwwroot/default/myblog/runtime/temp/fc8531413cc807152529a1ccc0347a51.php on line 136 and defined
[ error ] [2]Missing argument 3 for format_datetime(), called in /home/wwwroot/default/myblog/runtime/temp/fc8531413cc807152529a1ccc0347a51.php on line 136 and defined
[ error ] [2]Missing argument 3 for format_datetime(), called in /home/wwwroot/default/myblog/runtime/temp/fc8531413cc807152529a1ccc0347a51.php on line 136 and defined
[ error ] [8]未定义数组索引: avatar
[ error ] [8]未定义数组索引: nickname

---------------------------------------------------------------
[ 2018-08-13T22:15:46+08:00 ] 172.17.0.5 157.255.17.67 HEAD /
[ log ] neweb.top/ [运行时间：0.029550s][吞吐率：33.84req/s] [内存消耗：3,762.72kb] [文件加载：56]
[ error ] [2]Missing argument 3 for format_datetime(), called in /home/wwwroot/default/myblog/runtime/temp/fc8531413cc807152529a1ccc0347a51.php on line 136 and defined
[ error ] [2]Missing argument 3 for format_datetime(), called in /home/wwwroot/default/myblog/runtime/temp/fc8531413cc807152529a1ccc0347a51.php on line 136 and defined
[ error ] [2]Missing argument 3 for format_datetime(), called in /home/wwwroot/default/myblog/runtime/temp/fc8531413cc807152529a1ccc0347a51.php on line 136 and defined
[ error ] [2]Missing argument 3 for format_datetime(), called in /home/wwwroot/default/myblog/runtime/temp/fc8531413cc807152529a1ccc0347a51.php on line 136 and defined
[ error ] [2]Missing argument 3 for format_datetime(), called in /home/wwwroot/default/myblog/runtime/temp/fc8531413cc807152529a1ccc0347a51.php on line 136 and defined
[ error ] [2]Missing argument 3 for format_datetime(), called in /home/wwwroot/default/myblog/runtime/temp/fc8531413cc807152529a1ccc0347a51.php on line 136 and defined
[ error ] [2]Missing argument 3 for format_datetime(), called in /home/wwwroot/default/myblog/runtime/temp/fc8531413cc807152529a1ccc0347a51.php on line 136 and defined
[ error ] [2]Missing argument 3 for format_datetime(), called in /home/wwwroot/default/myblog/runtime/temp/fc8531413cc807152529a1ccc0347a51.php on line 136 and defined
[ error ] [2]Missing argument 3 for format_datetime(), called in /home/wwwroot/default/myblog/runtime/temp/fc8531413cc807152529a1ccc0347a51.php on line 136 and defined
[ error ] [2]Missing argument 3 for format_datetime(), called in /home/wwwroot/default/myblog/runtime/temp/fc8531413cc807152529a1ccc0347a51.php on line 136 and defined
[ error ] [2]Missing argument 3 for format_datetime(), called in /home/wwwroot/default/myblog/runtime/temp/fc8531413cc807152529a1ccc0347a51.php on line 136 and defined
[ error ] [2]Missing argument 3 for format_datetime(), called in /home/wwwroot/default/myblog/runtime/temp/fc8531413cc807152529a1ccc0347a51.php on line 136 and defined
[ error ] [8]未定义数组索引: avatar
[ error ] [8]未定义数组索引: nickname

---------------------------------------------------------------
[ 2018-08-13T22:35:46+08:00 ] 172.17.0.5 116.31.102.107 GET /
[ log ] neweb.top/ [运行时间：0.037477s][吞吐率：26.68req/s] [内存消耗：3,764.27kb] [文件加载：56]
[ error ] [2]Missing argument 3 for format_datetime(), called in /home/wwwroot/default/myblog/runtime/temp/fc8531413cc807152529a1ccc0347a51.php on line 136 and defined
[ error ] [2]Missing argument 3 for format_datetime(), called in /home/wwwroot/default/myblog/runtime/temp/fc8531413cc807152529a1ccc0347a51.php on line 136 and defined
[ error ] [2]Missing argument 3 for format_datetime(), called in /home/wwwroot/default/myblog/runtime/temp/fc8531413cc807152529a1ccc0347a51.php on line 136 and defined
[ error ] [2]Missing argument 3 for format_datetime(), called in /home/wwwroot/default/myblog/runtime/temp/fc8531413cc807152529a1ccc0347a51.php on line 136 and defined
[ error ] [2]Missing argument 3 for format_datetime(), called in /home/wwwroot/default/myblog/runtime/temp/fc8531413cc807152529a1ccc0347a51.php on line 136 and defined
[ error ] [2]Missing argument 3 for format_datetime(), called in /home/wwwroot/default/myblog/runtime/temp/fc8531413cc807152529a1ccc0347a51.php on line 136 and defined
[ error ] [2]Missing argument 3 for format_datetime(), called in /home/wwwroot/default/myblog/runtime/temp/fc8531413cc807152529a1ccc0347a51.php on line 136 and defined
[ error ] [2]Missing argument 3 for format_datetime(), called in /home/wwwroot/default/myblog/runtime/temp/fc8531413cc807152529a1ccc0347a51.php on line 136 and defined
[ error ] [2]Missing argument 3 for format_datetime(), called in /home/wwwroot/default/myblog/runtime/temp/fc8531413cc807152529a1ccc0347a51.php on line 136 and defined
[ error ] [2]Missing argument 3 for format_datetime(), called in /home/wwwroot/default/myblog/runtime/temp/fc8531413cc807152529a1ccc0347a51.php on line 136 and defined
[ error ] [2]Missing argument 3 for format_datetime(), called in /home/wwwroot/default/myblog/runtime/temp/fc8531413cc807152529a1ccc0347a51.php on line 136 and defined
[ error ] [2]Missing argument 3 for format_datetime(), called in /home/wwwroot/default/myblog/runtime/temp/fc8531413cc807152529a1ccc0347a51.php on line 136 and defined
[ error ] [8]未定义数组索引: avatar
[ error ] [8]未定义数组索引: nickname

---------------------------------------------------------------
[ 2018-08-13T22:35:46+08:00 ] 172.17.0.5 116.31.102.107 HEAD /
[ log ] neweb.top/ [运行时间：0.031745s][吞吐率：31.50req/s] [内存消耗：3,762.72kb] [文件加载：56]
[ error ] [2]Missing argument 3 for format_datetime(), called in /home/wwwroot/default/myblog/runtime/temp/fc8531413cc807152529a1ccc0347a51.php on line 136 and defined
[ error ] [2]Missing argument 3 for format_datetime(), called in /home/wwwroot/default/myblog/runtime/temp/fc8531413cc807152529a1ccc0347a51.php on line 136 and defined
[ error ] [2]Missing argument 3 for format_datetime(), called in /home/wwwroot/default/myblog/runtime/temp/fc8531413cc807152529a1ccc0347a51.php on line 136 and defined
[ error ] [2]Missing argument 3 for format_datetime(), called in /home/wwwroot/default/myblog/runtime/temp/fc8531413cc807152529a1ccc0347a51.php on line 136 and defined
[ error ] [2]Missing argument 3 for format_datetime(), called in /home/wwwroot/default/myblog/runtime/temp/fc8531413cc807152529a1ccc0347a51.php on line 136 and defined
[ error ] [2]Missing argument 3 for format_datetime(), called in /home/wwwroot/default/myblog/runtime/temp/fc8531413cc807152529a1ccc0347a51.php on line 136 and defined
[ error ] [2]Missing argument 3 for format_datetime(), called in /home/wwwroot/default/myblog/runtime/temp/fc8531413cc807152529a1ccc0347a51.php on line 136 and defined
[ error ] [2]Missing argument 3 for format_datetime(), called in /home/wwwroot/default/myblog/runtime/temp/fc8531413cc807152529a1ccc0347a51.php on line 136 and defined
[ error ] [2]Missing argument 3 for format_datetime(), called in /home/wwwroot/default/myblog/runtime/temp/fc8531413cc807152529a1ccc0347a51.php on line 136 and defined
[ error ] [2]Missing argument 3 for format_datetime(), called in /home/wwwroot/default/myblog/runtime/temp/fc8531413cc807152529a1ccc0347a51.php on line 136 and defined
[ error ] [2]Missing argument 3 for format_datetime(), called in /home/wwwroot/default/myblog/runtime/temp/fc8531413cc807152529a1ccc0347a51.php on line 136 and defined
[ error ] [2]Missing argument 3 for format_datetime(), called in /home/wwwroot/default/myblog/runtime/temp/fc8531413cc807152529a1ccc0347a51.php on line 136 and defined
[ error ] [8]未定义数组索引: avatar
[ error ] [8]未定义数组索引: nickname

---------------------------------------------------------------
[ 2018-08-13T22:51:06+08:00 ] 172.17.0.5 183.131.24.73 GET /index/picture/index/category_id/10.html
[ log ] neweb.top/index/picture/index/category_id/10.html [运行时间：0.034327s][吞吐率：29.13req/s] [内存消耗：3,610.57kb] [文件加载：61]
[ error ] [8]未定义数组下标: 26
[ error ] [2]Invalid argument supplied for foreach()
[ error ] [8]未定义变量: category_ids
[ error ] [8]未定义数组下标: 27
[ error ] [2]Invalid argument supplied for foreach()
[ error ] [8]未定义变量: category_ids
[ error ] [8]未定义数组下标: 29
[ error ] [2]Invalid argument supplied for foreach()
[ error ] [8]未定义变量: category_ids
[ error ] [8]未定义数组下标: 28
[ error ] [2]Invalid argument supplied for foreach()
[ error ] [8]未定义变量: category_ids
[ error ] [2]Missing argument 2 for app\common\model\Category::get_category_url_by_id(), called in /home/wwwroot/default/myblog/application/common/model/Category.php on line 235 and defined
[ error ] [8]未定义变量: categorys
[ error ] [2]Missing argument 3 for format_datetime(), called in /home/wwwroot/default/myblog/runtime/temp/ef17530301a82ed95160e18d75aeed0f.php on line 140 and defined
[ error ] [2]Missing argument 3 for format_datetime(), called in /home/wwwroot/default/myblog/runtime/temp/ef17530301a82ed95160e18d75aeed0f.php on line 140 and defined
[ error ] [2]Missing argument 3 for format_datetime(), called in /home/wwwroot/default/myblog/runtime/temp/ef17530301a82ed95160e18d75aeed0f.php on line 140 and defined
[ error ] [2]Missing argument 3 for format_datetime(), called in /home/wwwroot/default/myblog/runtime/temp/ef17530301a82ed95160e18d75aeed0f.php on line 140 and defined
[ error ] [2]Missing argument 3 for format_datetime(), called in /home/wwwroot/default/myblog/runtime/temp/ef17530301a82ed95160e18d75aeed0f.php on line 140 and defined
[ error ] [2]Missing argument 3 for format_datetime(), called in /home/wwwroot/default/myblog/runtime/temp/ef17530301a82ed95160e18d75aeed0f.php on line 140 and defined
[ error ] [8]未定义数组索引: avatar
[ error ] [8]未定义数组索引: nickname

---------------------------------------------------------------
[ 2018-08-13T23:32:13+08:00 ] 172.17.0.5 216.218.206.68 GET /
[ log ] 111.231.93.174/ [运行时间：0.029143s][吞吐率：34.31req/s] [内存消耗：3,764.02kb] [文件加载：56]
[ error ] [2]Missing argument 3 for format_datetime(), called in /home/wwwroot/default/myblog/runtime/temp/fc8531413cc807152529a1ccc0347a51.php on line 136 and defined
[ error ] [2]Missing argument 3 for format_datetime(), called in /home/wwwroot/default/myblog/runtime/temp/fc8531413cc807152529a1ccc0347a51.php on line 136 and defined
[ error ] [2]Missing argument 3 for format_datetime(), called in /home/wwwroot/default/myblog/runtime/temp/fc8531413cc807152529a1ccc0347a51.php on line 136 and defined
[ error ] [2]Missing argument 3 for format_datetime(), called in /home/wwwroot/default/myblog/runtime/temp/fc8531413cc807152529a1ccc0347a51.php on line 136 and defined
[ error ] [2]Missing argument 3 for format_datetime(), called in /home/wwwroot/default/myblog/runtime/temp/fc8531413cc807152529a1ccc0347a51.php on line 136 and defined
[ error ] [2]Missing argument 3 for format_datetime(), called in /home/wwwroot/default/myblog/runtime/temp/fc8531413cc807152529a1ccc0347a51.php on line 136 and defined
[ error ] [2]Missing argument 3 for format_datetime(), called in /home/wwwroot/default/myblog/runtime/temp/fc8531413cc807152529a1ccc0347a51.php on line 136 and defined
[ error ] [2]Missing argument 3 for format_datetime(), called in /home/wwwroot/default/myblog/runtime/temp/fc8531413cc807152529a1ccc0347a51.php on line 136 and defined
[ error ] [2]Missing argument 3 for format_datetime(), called in /home/wwwroot/default/myblog/runtime/temp/fc8531413cc807152529a1ccc0347a51.php on line 136 and defined
[ error ] [2]Missing argument 3 for format_datetime(), called in /home/wwwroot/default/myblog/runtime/temp/fc8531413cc807152529a1ccc0347a51.php on line 136 and defined
[ error ] [2]Missing argument 3 for format_datetime(), called in /home/wwwroot/default/myblog/runtime/temp/fc8531413cc807152529a1ccc0347a51.php on line 136 and defined
[ error ] [2]Missing argument 3 for format_datetime(), called in /home/wwwroot/default/myblog/runtime/temp/fc8531413cc807152529a1ccc0347a51.php on line 136 and defined
[ error ] [8]未定义数组索引: avatar
[ error ] [8]未定义数组索引: nickname

---------------------------------------------------------------
