[ 2018-08-23T01:12:09+08:00 ] 172.17.0.5 183.131.24.74 GET /
[ log ] neweb.top/ [运行时间：0.035532s][吞吐率：28.14req/s] [内存消耗：3,764.40kb] [文件加载：56]
[ error ] [2]Missing argument 3 for format_datetime(), called in /home/wwwroot/default/myblog/runtime/temp/fc8531413cc807152529a1ccc0347a51.php on line 136 and defined
[ error ] [2]Missing argument 3 for format_datetime(), called in /home/wwwroot/default/myblog/runtime/temp/fc8531413cc807152529a1ccc0347a51.php on line 136 and defined
[ error ] [2]Missing argument 3 for format_datetime(), called in /home/wwwroot/default/myblog/runtime/temp/fc8531413cc807152529a1ccc0347a51.php on line 136 and defined
[ error ] [2]Missing argument 3 for format_datetime(), called in /home/wwwroot/default/myblog/runtime/temp/fc8531413cc807152529a1ccc0347a51.php on line 136 and defined
[ error ] [2]Missing argument 3 for format_datetime(), called in /home/wwwroot/default/myblog/runtime/temp/fc8531413cc807152529a1ccc0347a51.php on line 136 and defined
[ error ] [2]Missing argument 3 for format_datetime(), called in /home/wwwroot/default/myblog/runtime/temp/fc8531413cc807152529a1ccc0347a51.php on line 136 and defined
[ error ] [2]Missing argument 3 for format_datetime(), called in /home/wwwroot/default/myblog/runtime/temp/fc8531413cc807152529a1ccc0347a51.php on line 136 and defined
[ error ] [2]Missing argument 3 for format_datetime(), called in /home/wwwroot/default/myblog/runtime/temp/fc8531413cc807152529a1ccc0347a51.php on line 136 and defined
[ error ] [2]Missing argument 3 for format_datetime(), called in /home/wwwroot/default/myblog/runtime/temp/fc8531413cc807152529a1ccc0347a51.php on line 136 and defined
[ error ] [2]Missing argument 3 for format_datetime(), called in /home/wwwroot/default/myblog/runtime/temp/fc8531413cc807152529a1ccc0347a51.php on line 136 and defined
[ error ] [2]Missing argument 3 for format_datetime(), called in /home/wwwroot/default/myblog/runtime/temp/fc8531413cc807152529a1ccc0347a51.php on line 136 and defined
[ error ] [2]Missing argument 3 for format_datetime(), called in /home/wwwroot/default/myblog/runtime/temp/fc8531413cc807152529a1ccc0347a51.php on line 136 and defined
[ error ] [8]未定义数组索引: avatar
[ error ] [8]未定义数组索引: nickname

---------------------------------------------------------------
[ 2018-08-23T01:57:27+08:00 ] 172.17.0.5 124.160.123.164 GET /
[ log ] neweb.top/ [运行时间：0.031931s][吞吐率：31.32req/s] [内存消耗：3,763.98kb] [文件加载：56]
[ error ] [2]Missing argument 3 for format_datetime(), called in /home/wwwroot/default/myblog/runtime/temp/fc8531413cc807152529a1ccc0347a51.php on line 136 and defined
[ error ] [2]Missing argument 3 for format_datetime(), called in /home/wwwroot/default/myblog/runtime/temp/fc8531413cc807152529a1ccc0347a51.php on line 136 and defined
[ error ] [2]Missing argument 3 for format_datetime(), called in /home/wwwroot/default/myblog/runtime/temp/fc8531413cc807152529a1ccc0347a51.php on line 136 and defined
[ error ] [2]Missing argument 3 for format_datetime(), called in /home/wwwroot/default/myblog/runtime/temp/fc8531413cc807152529a1ccc0347a51.php on line 136 and defined
[ error ] [2]Missing argument 3 for format_datetime(), called in /home/wwwroot/default/myblog/runtime/temp/fc8531413cc807152529a1ccc0347a51.php on line 136 and defined
[ error ] [2]Missing argument 3 for format_datetime(), called in /home/wwwroot/default/myblog/runtime/temp/fc8531413cc807152529a1ccc0347a51.php on line 136 and defined
[ error ] [2]Missing argument 3 for format_datetime(), called in /home/wwwroot/default/myblog/runtime/temp/fc8531413cc807152529a1ccc0347a51.php on line 136 and defined
[ error ] [2]Missing argument 3 for format_datetime(), called in /home/wwwroot/default/myblog/runtime/temp/fc8531413cc807152529a1ccc0347a51.php on line 136 and defined
[ error ] [2]Missing argument 3 for format_datetime(), called in /home/wwwroot/default/myblog/runtime/temp/fc8531413cc807152529a1ccc0347a51.php on line 136 and defined
[ error ] [2]Missing argument 3 for format_datetime(), called in /home/wwwroot/default/myblog/runtime/temp/fc8531413cc807152529a1ccc0347a51.php on line 136 and defined
[ error ] [2]Missing argument 3 for format_datetime(), called in /home/wwwroot/default/myblog/runtime/temp/fc8531413cc807152529a1ccc0347a51.php on line 136 and defined
[ error ] [2]Missing argument 3 for format_datetime(), called in /home/wwwroot/default/myblog/runtime/temp/fc8531413cc807152529a1ccc0347a51.php on line 136 and defined
[ error ] [8]未定义数组索引: avatar
[ error ] [8]未定义数组索引: nickname

---------------------------------------------------------------
[ 2018-08-23T01:58:16+08:00 ] 172.17.0.5 124.160.123.170 GET /
[ log ] neweb.top/ [运行时间：0.029207s][吞吐率：34.24req/s] [内存消耗：3,764.05kb] [文件加载：56]
[ error ] [2]Missing argument 3 for format_datetime(), called in /home/wwwroot/default/myblog/runtime/temp/fc8531413cc807152529a1ccc0347a51.php on line 136 and defined
[ error ] [2]Missing argument 3 for format_datetime(), called in /home/wwwroot/default/myblog/runtime/temp/fc8531413cc807152529a1ccc0347a51.php on line 136 and defined
[ error ] [2]Missing argument 3 for format_datetime(), called in /home/wwwroot/default/myblog/runtime/temp/fc8531413cc807152529a1ccc0347a51.php on line 136 and defined
[ error ] [2]Missing argument 3 for format_datetime(), called in /home/wwwroot/default/myblog/runtime/temp/fc8531413cc807152529a1ccc0347a51.php on line 136 and defined
[ error ] [2]Missing argument 3 for format_datetime(), called in /home/wwwroot/default/myblog/runtime/temp/fc8531413cc807152529a1ccc0347a51.php on line 136 and defined
[ error ] [2]Missing argument 3 for format_datetime(), called in /home/wwwroot/default/myblog/runtime/temp/fc8531413cc807152529a1ccc0347a51.php on line 136 and defined
[ error ] [2]Missing argument 3 for format_datetime(), called in /home/wwwroot/default/myblog/runtime/temp/fc8531413cc807152529a1ccc0347a51.php on line 136 and defined
[ error ] [2]Missing argument 3 for format_datetime(), called in /home/wwwroot/default/myblog/runtime/temp/fc8531413cc807152529a1ccc0347a51.php on line 136 and defined
[ error ] [2]Missing argument 3 for format_datetime(), called in /home/wwwroot/default/myblog/runtime/temp/fc8531413cc807152529a1ccc0347a51.php on line 136 and defined
[ error ] [2]Missing argument 3 for format_datetime(), called in /home/wwwroot/default/myblog/runtime/temp/fc8531413cc807152529a1ccc0347a51.php on line 136 and defined
[ error ] [2]Missing argument 3 for format_datetime(), called in /home/wwwroot/default/myblog/runtime/temp/fc8531413cc807152529a1ccc0347a51.php on line 136 and defined
[ error ] [2]Missing argument 3 for format_datetime(), called in /home/wwwroot/default/myblog/runtime/temp/fc8531413cc807152529a1ccc0347a51.php on line 136 and defined
[ error ] [8]未定义数组索引: avatar
[ error ] [8]未定义数组索引: nickname

---------------------------------------------------------------
[ 2018-08-23T02:05:20+08:00 ] 172.17.0.5 185.175.156.73 GET /
[ log ] 111.231.93.174/ [运行时间：0.035023s][吞吐率：28.55req/s] [内存消耗：3,764.15kb] [文件加载：56]
[ error ] [2]Missing argument 3 for format_datetime(), called in /home/wwwroot/default/myblog/runtime/temp/fc8531413cc807152529a1ccc0347a51.php on line 136 and defined
[ error ] [2]Missing argument 3 for format_datetime(), called in /home/wwwroot/default/myblog/runtime/temp/fc8531413cc807152529a1ccc0347a51.php on line 136 and defined
[ error ] [2]Missing argument 3 for format_datetime(), called in /home/wwwroot/default/myblog/runtime/temp/fc8531413cc807152529a1ccc0347a51.php on line 136 and defined
[ error ] [2]Missing argument 3 for format_datetime(), called in /home/wwwroot/default/myblog/runtime/temp/fc8531413cc807152529a1ccc0347a51.php on line 136 and defined
[ error ] [2]Missing argument 3 for format_datetime(), called in /home/wwwroot/default/myblog/runtime/temp/fc8531413cc807152529a1ccc0347a51.php on line 136 and defined
[ error ] [2]Missing argument 3 for format_datetime(), called in /home/wwwroot/default/myblog/runtime/temp/fc8531413cc807152529a1ccc0347a51.php on line 136 and defined
[ error ] [2]Missing argument 3 for format_datetime(), called in /home/wwwroot/default/myblog/runtime/temp/fc8531413cc807152529a1ccc0347a51.php on line 136 and defined
[ error ] [2]Missing argument 3 for format_datetime(), called in /home/wwwroot/default/myblog/runtime/temp/fc8531413cc807152529a1ccc0347a51.php on line 136 and defined
[ error ] [2]Missing argument 3 for format_datetime(), called in /home/wwwroot/default/myblog/runtime/temp/fc8531413cc807152529a1ccc0347a51.php on line 136 and defined
[ error ] [2]Missing argument 3 for format_datetime(), called in /home/wwwroot/default/myblog/runtime/temp/fc8531413cc807152529a1ccc0347a51.php on line 136 and defined
[ error ] [2]Missing argument 3 for format_datetime(), called in /home/wwwroot/default/myblog/runtime/temp/fc8531413cc807152529a1ccc0347a51.php on line 136 and defined
[ error ] [2]Missing argument 3 for format_datetime(), called in /home/wwwroot/default/myblog/runtime/temp/fc8531413cc807152529a1ccc0347a51.php on line 136 and defined
[ error ] [8]未定义数组索引: avatar
[ error ] [8]未定义数组索引: nickname

---------------------------------------------------------------
[ 2018-08-23T02:26:58+08:00 ] 172.17.0.5 183.131.24.68 GET /
[ log ] neweb.top/ [运行时间：0.029906s][吞吐率：33.44req/s] [内存消耗：3,764.45kb] [文件加载：56]
[ error ] [2]Missing argument 3 for format_datetime(), called in /home/wwwroot/default/myblog/runtime/temp/fc8531413cc807152529a1ccc0347a51.php on line 136 and defined
[ error ] [2]Missing argument 3 for format_datetime(), called in /home/wwwroot/default/myblog/runtime/temp/fc8531413cc807152529a1ccc0347a51.php on line 136 and defined
[ error ] [2]Missing argument 3 for format_datetime(), called in /home/wwwroot/default/myblog/runtime/temp/fc8531413cc807152529a1ccc0347a51.php on line 136 and defined
[ error ] [2]Missing argument 3 for format_datetime(), called in /home/wwwroot/default/myblog/runtime/temp/fc8531413cc807152529a1ccc0347a51.php on line 136 and defined
[ error ] [2]Missing argument 3 for format_datetime(), called in /home/wwwroot/default/myblog/runtime/temp/fc8531413cc807152529a1ccc0347a51.php on line 136 and defined
[ error ] [2]Missing argument 3 for format_datetime(), called in /home/wwwroot/default/myblog/runtime/temp/fc8531413cc807152529a1ccc0347a51.php on line 136 and defined
[ error ] [2]Missing argument 3 for format_datetime(), called in /home/wwwroot/default/myblog/runtime/temp/fc8531413cc807152529a1ccc0347a51.php on line 136 and defined
[ error ] [2]Missing argument 3 for format_datetime(), called in /home/wwwroot/default/myblog/runtime/temp/fc8531413cc807152529a1ccc0347a51.php on line 136 and defined
[ error ] [2]Missing argument 3 for format_datetime(), called in /home/wwwroot/default/myblog/runtime/temp/fc8531413cc807152529a1ccc0347a51.php on line 136 and defined
[ error ] [2]Missing argument 3 for format_datetime(), called in /home/wwwroot/default/myblog/runtime/temp/fc8531413cc807152529a1ccc0347a51.php on line 136 and defined
[ error ] [2]Missing argument 3 for format_datetime(), called in /home/wwwroot/default/myblog/runtime/temp/fc8531413cc807152529a1ccc0347a51.php on line 136 and defined
[ error ] [2]Missing argument 3 for format_datetime(), called in /home/wwwroot/default/myblog/runtime/temp/fc8531413cc807152529a1ccc0347a51.php on line 136 and defined
[ error ] [8]未定义数组索引: avatar
[ error ] [8]未定义数组索引: nickname

---------------------------------------------------------------
[ 2018-08-23T02:49:29+08:00 ] 172.17.0.5 60.191.38.78 GET /
[ log ] 111.231.93.174:443/ [运行时间：0.029328s][吞吐率：34.10req/s] [内存消耗：3,764.47kb] [文件加载：56]
[ error ] [2]Missing argument 3 for format_datetime(), called in /home/wwwroot/default/myblog/runtime/temp/fc8531413cc807152529a1ccc0347a51.php on line 136 and defined
[ error ] [2]Missing argument 3 for format_datetime(), called in /home/wwwroot/default/myblog/runtime/temp/fc8531413cc807152529a1ccc0347a51.php on line 136 and defined
[ error ] [2]Missing argument 3 for format_datetime(), called in /home/wwwroot/default/myblog/runtime/temp/fc8531413cc807152529a1ccc0347a51.php on line 136 and defined
[ error ] [2]Missing argument 3 for format_datetime(), called in /home/wwwroot/default/myblog/runtime/temp/fc8531413cc807152529a1ccc0347a51.php on line 136 and defined
[ error ] [2]Missing argument 3 for format_datetime(), called in /home/wwwroot/default/myblog/runtime/temp/fc8531413cc807152529a1ccc0347a51.php on line 136 and defined
[ error ] [2]Missing argument 3 for format_datetime(), called in /home/wwwroot/default/myblog/runtime/temp/fc8531413cc807152529a1ccc0347a51.php on line 136 and defined
[ error ] [2]Missing argument 3 for format_datetime(), called in /home/wwwroot/default/myblog/runtime/temp/fc8531413cc807152529a1ccc0347a51.php on line 136 and defined
[ error ] [2]Missing argument 3 for format_datetime(), called in /home/wwwroot/default/myblog/runtime/temp/fc8531413cc807152529a1ccc0347a51.php on line 136 and defined
[ error ] [2]Missing argument 3 for format_datetime(), called in /home/wwwroot/default/myblog/runtime/temp/fc8531413cc807152529a1ccc0347a51.php on line 136 and defined
[ error ] [2]Missing argument 3 for format_datetime(), called in /home/wwwroot/default/myblog/runtime/temp/fc8531413cc807152529a1ccc0347a51.php on line 136 and defined
[ error ] [2]Missing argument 3 for format_datetime(), called in /home/wwwroot/default/myblog/runtime/temp/fc8531413cc807152529a1ccc0347a51.php on line 136 and defined
[ error ] [2]Missing argument 3 for format_datetime(), called in /home/wwwroot/default/myblog/runtime/temp/fc8531413cc807152529a1ccc0347a51.php on line 136 and defined
[ error ] [8]未定义数组索引: avatar
[ error ] [8]未定义数组索引: nickname

---------------------------------------------------------------
[ 2018-08-23T04:41:23+08:00 ] 172.17.0.5 51.38.12.13 GET /
[ log ] 111.231.93.174/ [运行时间：0.045047s][吞吐率：22.20req/s] [内存消耗：3,764.32kb] [文件加载：56]
[ error ] [2]Missing argument 3 for format_datetime(), called in /home/wwwroot/default/myblog/runtime/temp/fc8531413cc807152529a1ccc0347a51.php on line 136 and defined
[ error ] [2]Missing argument 3 for format_datetime(), called in /home/wwwroot/default/myblog/runtime/temp/fc8531413cc807152529a1ccc0347a51.php on line 136 and defined
[ error ] [2]Missing argument 3 for format_datetime(), called in /home/wwwroot/default/myblog/runtime/temp/fc8531413cc807152529a1ccc0347a51.php on line 136 and defined
[ error ] [2]Missing argument 3 for format_datetime(), called in /home/wwwroot/default/myblog/runtime/temp/fc8531413cc807152529a1ccc0347a51.php on line 136 and defined
[ error ] [2]Missing argument 3 for format_datetime(), called in /home/wwwroot/default/myblog/runtime/temp/fc8531413cc807152529a1ccc0347a51.php on line 136 and defined
[ error ] [2]Missing argument 3 for format_datetime(), called in /home/wwwroot/default/myblog/runtime/temp/fc8531413cc807152529a1ccc0347a51.php on line 136 and defined
[ error ] [2]Missing argument 3 for format_datetime(), called in /home/wwwroot/default/myblog/runtime/temp/fc8531413cc807152529a1ccc0347a51.php on line 136 and defined
[ error ] [2]Missing argument 3 for format_datetime(), called in /home/wwwroot/default/myblog/runtime/temp/fc8531413cc807152529a1ccc0347a51.php on line 136 and defined
[ error ] [2]Missing argument 3 for format_datetime(), called in /home/wwwroot/default/myblog/runtime/temp/fc8531413cc807152529a1ccc0347a51.php on line 136 and defined
[ error ] [2]Missing argument 3 for format_datetime(), called in /home/wwwroot/default/myblog/runtime/temp/fc8531413cc807152529a1ccc0347a51.php on line 136 and defined
[ error ] [2]Missing argument 3 for format_datetime(), called in /home/wwwroot/default/myblog/runtime/temp/fc8531413cc807152529a1ccc0347a51.php on line 136 and defined
[ error ] [2]Missing argument 3 for format_datetime(), called in /home/wwwroot/default/myblog/runtime/temp/fc8531413cc807152529a1ccc0347a51.php on line 136 and defined
[ error ] [8]未定义数组索引: avatar
[ error ] [8]未定义数组索引: nickname

---------------------------------------------------------------
[ 2018-08-23T09:08:14+08:00 ] 172.17.0.5 150.138.216.75 GET /
[ log ] neweb.top/ [运行时间：0.035282s][吞吐率：28.34req/s] [内存消耗：3,764.30kb] [文件加载：56]
[ error ] [2]Missing argument 3 for format_datetime(), called in /home/wwwroot/default/myblog/runtime/temp/fc8531413cc807152529a1ccc0347a51.php on line 136 and defined
[ error ] [2]Missing argument 3 for format_datetime(), called in /home/wwwroot/default/myblog/runtime/temp/fc8531413cc807152529a1ccc0347a51.php on line 136 and defined
[ error ] [2]Missing argument 3 for format_datetime(), called in /home/wwwroot/default/myblog/runtime/temp/fc8531413cc807152529a1ccc0347a51.php on line 136 and defined
[ error ] [2]Missing argument 3 for format_datetime(), called in /home/wwwroot/default/myblog/runtime/temp/fc8531413cc807152529a1ccc0347a51.php on line 136 and defined
[ error ] [2]Missing argument 3 for format_datetime(), called in /home/wwwroot/default/myblog/runtime/temp/fc8531413cc807152529a1ccc0347a51.php on line 136 and defined
[ error ] [2]Missing argument 3 for format_datetime(), called in /home/wwwroot/default/myblog/runtime/temp/fc8531413cc807152529a1ccc0347a51.php on line 136 and defined
[ error ] [2]Missing argument 3 for format_datetime(), called in /home/wwwroot/default/myblog/runtime/temp/fc8531413cc807152529a1ccc0347a51.php on line 136 and defined
[ error ] [2]Missing argument 3 for format_datetime(), called in /home/wwwroot/default/myblog/runtime/temp/fc8531413cc807152529a1ccc0347a51.php on line 136 and defined
[ error ] [2]Missing argument 3 for format_datetime(), called in /home/wwwroot/default/myblog/runtime/temp/fc8531413cc807152529a1ccc0347a51.php on line 136 and defined
[ error ] [2]Missing argument 3 for format_datetime(), called in /home/wwwroot/default/myblog/runtime/temp/fc8531413cc807152529a1ccc0347a51.php on line 136 and defined
[ error ] [2]Missing argument 3 for format_datetime(), called in /home/wwwroot/default/myblog/runtime/temp/fc8531413cc807152529a1ccc0347a51.php on line 136 and defined
[ error ] [2]Missing argument 3 for format_datetime(), called in /home/wwwroot/default/myblog/runtime/temp/fc8531413cc807152529a1ccc0347a51.php on line 136 and defined
[ error ] [8]未定义数组索引: avatar
[ error ] [8]未定义数组索引: nickname

---------------------------------------------------------------
[ 2018-08-23T09:15:43+08:00 ] 172.17.0.5 124.160.123.165 GET /
[ log ] neweb.top/ [运行时间：0.030292s][吞吐率：33.01req/s] [内存消耗：3,764.01kb] [文件加载：56]
[ error ] [2]Missing argument 3 for format_datetime(), called in /home/wwwroot/default/myblog/runtime/temp/fc8531413cc807152529a1ccc0347a51.php on line 136 and defined
[ error ] [2]Missing argument 3 for format_datetime(), called in /home/wwwroot/default/myblog/runtime/temp/fc8531413cc807152529a1ccc0347a51.php on line 136 and defined
[ error ] [2]Missing argument 3 for format_datetime(), called in /home/wwwroot/default/myblog/runtime/temp/fc8531413cc807152529a1ccc0347a51.php on line 136 and defined
[ error ] [2]Missing argument 3 for format_datetime(), called in /home/wwwroot/default/myblog/runtime/temp/fc8531413cc807152529a1ccc0347a51.php on line 136 and defined
[ error ] [2]Missing argument 3 for format_datetime(), called in /home/wwwroot/default/myblog/runtime/temp/fc8531413cc807152529a1ccc0347a51.php on line 136 and defined
[ error ] [2]Missing argument 3 for format_datetime(), called in /home/wwwroot/default/myblog/runtime/temp/fc8531413cc807152529a1ccc0347a51.php on line 136 and defined
[ error ] [2]Missing argument 3 for format_datetime(), called in /home/wwwroot/default/myblog/runtime/temp/fc8531413cc807152529a1ccc0347a51.php on line 136 and defined
[ error ] [2]Missing argument 3 for format_datetime(), called in /home/wwwroot/default/myblog/runtime/temp/fc8531413cc807152529a1ccc0347a51.php on line 136 and defined
[ error ] [2]Missing argument 3 for format_datetime(), called in /home/wwwroot/default/myblog/runtime/temp/fc8531413cc807152529a1ccc0347a51.php on line 136 and defined
[ error ] [2]Missing argument 3 for format_datetime(), called in /home/wwwroot/default/myblog/runtime/temp/fc8531413cc807152529a1ccc0347a51.php on line 136 and defined
[ error ] [2]Missing argument 3 for format_datetime(), called in /home/wwwroot/default/myblog/runtime/temp/fc8531413cc807152529a1ccc0347a51.php on line 136 and defined
[ error ] [2]Missing argument 3 for format_datetime(), called in /home/wwwroot/default/myblog/runtime/temp/fc8531413cc807152529a1ccc0347a51.php on line 136 and defined
[ error ] [8]未定义数组索引: avatar
[ error ] [8]未定义数组索引: nickname

---------------------------------------------------------------
[ 2018-08-23T09:53:02+08:00 ] 172.17.0.5 124.160.88.210 GET /wechat/index/categorys
[ log ] wx.neweb.top/wechat/index/categorys [运行时间：0.082805s][吞吐率：12.08req/s] [内存消耗：3,030.45kb] [文件加载：54]
[ error ] [8]未定义数组索引: model_code
[ error ] [8]未定义数组索引: model_code
[ error ] [8]未定义数组索引: model_code

---------------------------------------------------------------
[ 2018-08-23T09:53:02+08:00 ] 172.17.0.5 124.160.88.210 GET /wechat/index/article_list?order=id%20desc&page_size=10&page=1
[ log ] wx.neweb.top/wechat/index/article_list?order=id%20desc&page_size=10&page=1 [运行时间：0.171366s][吞吐率：5.84req/s] [内存消耗：3,522.97kb] [文件加载：59]
[ error ] [8]未定义数组索引: category_id
[ error ] [8]未定义数组索引: with_page
[ error ] [2]Missing argument 3 for format_datetime(), called in /home/wwwroot/default/myblog/application/wechat/controller/Index.php on line 63 and defined
[ error ] [2]Missing argument 3 for format_datetime(), called in /home/wwwroot/default/myblog/application/wechat/controller/Index.php on line 63 and defined
[ error ] [2]Missing argument 3 for format_datetime(), called in /home/wwwroot/default/myblog/application/wechat/controller/Index.php on line 63 and defined
[ error ] [2]Missing argument 3 for format_datetime(), called in /home/wwwroot/default/myblog/application/wechat/controller/Index.php on line 63 and defined
[ error ] [2]Missing argument 3 for format_datetime(), called in /home/wwwroot/default/myblog/application/wechat/controller/Index.php on line 63 and defined
[ error ] [2]Missing argument 3 for format_datetime(), called in /home/wwwroot/default/myblog/application/wechat/controller/Index.php on line 63 and defined
[ error ] [2]Missing argument 3 for format_datetime(), called in /home/wwwroot/default/myblog/application/wechat/controller/Index.php on line 63 and defined
[ error ] [2]Missing argument 3 for format_datetime(), called in /home/wwwroot/default/myblog/application/wechat/controller/Index.php on line 63 and defined
[ error ] [2]Missing argument 3 for format_datetime(), called in /home/wwwroot/default/myblog/application/wechat/controller/Index.php on line 63 and defined
[ error ] [2]Missing argument 3 for format_datetime(), called in /home/wwwroot/default/myblog/application/wechat/controller/Index.php on line 63 and defined

---------------------------------------------------------------
[ 2018-08-23T09:53:10+08:00 ] 172.17.0.5 124.160.88.210 GET /wechat/index/article_list?order=id%20desc&page_size=10&page=2
[ log ] wx.neweb.top/wechat/index/article_list?order=id%20desc&page_size=10&page=2 [运行时间：0.038579s][吞吐率：25.92req/s] [内存消耗：3,624.12kb] [文件加载：59]
[ error ] [8]未定义数组索引: category_id
[ error ] [8]未定义数组索引: with_page
[ error ] [2]Missing argument 3 for format_datetime(), called in /home/wwwroot/default/myblog/application/wechat/controller/Index.php on line 63 and defined
[ error ] [2]Missing argument 3 for format_datetime(), called in /home/wwwroot/default/myblog/application/wechat/controller/Index.php on line 63 and defined
[ error ] [2]Missing argument 3 for format_datetime(), called in /home/wwwroot/default/myblog/application/wechat/controller/Index.php on line 63 and defined
[ error ] [2]Missing argument 3 for format_datetime(), called in /home/wwwroot/default/myblog/application/wechat/controller/Index.php on line 63 and defined
[ error ] [2]Missing argument 3 for format_datetime(), called in /home/wwwroot/default/myblog/application/wechat/controller/Index.php on line 63 and defined
[ error ] [2]Missing argument 3 for format_datetime(), called in /home/wwwroot/default/myblog/application/wechat/controller/Index.php on line 63 and defined
[ error ] [2]Missing argument 3 for format_datetime(), called in /home/wwwroot/default/myblog/application/wechat/controller/Index.php on line 63 and defined
[ error ] [2]Missing argument 3 for format_datetime(), called in /home/wwwroot/default/myblog/application/wechat/controller/Index.php on line 63 and defined
[ error ] [2]Missing argument 3 for format_datetime(), called in /home/wwwroot/default/myblog/application/wechat/controller/Index.php on line 63 and defined

---------------------------------------------------------------
[ 2018-08-23T10:27:12+08:00 ] 172.17.0.5 183.131.24.72 GET /
[ log ] neweb.top/ [运行时间：0.029674s][吞吐率：33.70req/s] [内存消耗：3,764.16kb] [文件加载：56]
[ error ] [2]Missing argument 3 for format_datetime(), called in /home/wwwroot/default/myblog/runtime/temp/fc8531413cc807152529a1ccc0347a51.php on line 136 and defined
[ error ] [2]Missing argument 3 for format_datetime(), called in /home/wwwroot/default/myblog/runtime/temp/fc8531413cc807152529a1ccc0347a51.php on line 136 and defined
[ error ] [2]Missing argument 3 for format_datetime(), called in /home/wwwroot/default/myblog/runtime/temp/fc8531413cc807152529a1ccc0347a51.php on line 136 and defined
[ error ] [2]Missing argument 3 for format_datetime(), called in /home/wwwroot/default/myblog/runtime/temp/fc8531413cc807152529a1ccc0347a51.php on line 136 and defined
[ error ] [2]Missing argument 3 for format_datetime(), called in /home/wwwroot/default/myblog/runtime/temp/fc8531413cc807152529a1ccc0347a51.php on line 136 and defined
[ error ] [2]Missing argument 3 for format_datetime(), called in /home/wwwroot/default/myblog/runtime/temp/fc8531413cc807152529a1ccc0347a51.php on line 136 and defined
[ error ] [2]Missing argument 3 for format_datetime(), called in /home/wwwroot/default/myblog/runtime/temp/fc8531413cc807152529a1ccc0347a51.php on line 136 and defined
[ error ] [2]Missing argument 3 for format_datetime(), called in /home/wwwroot/default/myblog/runtime/temp/fc8531413cc807152529a1ccc0347a51.php on line 136 and defined
[ error ] [2]Missing argument 3 for format_datetime(), called in /home/wwwroot/default/myblog/runtime/temp/fc8531413cc807152529a1ccc0347a51.php on line 136 and defined
[ error ] [2]Missing argument 3 for format_datetime(), called in /home/wwwroot/default/myblog/runtime/temp/fc8531413cc807152529a1ccc0347a51.php on line 136 and defined
[ error ] [2]Missing argument 3 for format_datetime(), called in /home/wwwroot/default/myblog/runtime/temp/fc8531413cc807152529a1ccc0347a51.php on line 136 and defined
[ error ] [2]Missing argument 3 for format_datetime(), called in /home/wwwroot/default/myblog/runtime/temp/fc8531413cc807152529a1ccc0347a51.php on line 136 and defined
[ error ] [8]未定义数组索引: avatar
[ error ] [8]未定义数组索引: nickname

---------------------------------------------------------------
[ 2018-08-23T10:27:12+08:00 ] 172.17.0.5 124.160.123.168 HEAD /
[ log ] neweb.top/ [运行时间：0.031374s][吞吐率：31.87req/s] [内存消耗：3,762.63kb] [文件加载：56]
[ error ] [2]Missing argument 3 for format_datetime(), called in /home/wwwroot/default/myblog/runtime/temp/fc8531413cc807152529a1ccc0347a51.php on line 136 and defined
[ error ] [2]Missing argument 3 for format_datetime(), called in /home/wwwroot/default/myblog/runtime/temp/fc8531413cc807152529a1ccc0347a51.php on line 136 and defined
[ error ] [2]Missing argument 3 for format_datetime(), called in /home/wwwroot/default/myblog/runtime/temp/fc8531413cc807152529a1ccc0347a51.php on line 136 and defined
[ error ] [2]Missing argument 3 for format_datetime(), called in /home/wwwroot/default/myblog/runtime/temp/fc8531413cc807152529a1ccc0347a51.php on line 136 and defined
[ error ] [2]Missing argument 3 for format_datetime(), called in /home/wwwroot/default/myblog/runtime/temp/fc8531413cc807152529a1ccc0347a51.php on line 136 and defined
[ error ] [2]Missing argument 3 for format_datetime(), called in /home/wwwroot/default/myblog/runtime/temp/fc8531413cc807152529a1ccc0347a51.php on line 136 and defined
[ error ] [2]Missing argument 3 for format_datetime(), called in /home/wwwroot/default/myblog/runtime/temp/fc8531413cc807152529a1ccc0347a51.php on line 136 and defined
[ error ] [2]Missing argument 3 for format_datetime(), called in /home/wwwroot/default/myblog/runtime/temp/fc8531413cc807152529a1ccc0347a51.php on line 136 and defined
[ error ] [2]Missing argument 3 for format_datetime(), called in /home/wwwroot/default/myblog/runtime/temp/fc8531413cc807152529a1ccc0347a51.php on line 136 and defined
[ error ] [2]Missing argument 3 for format_datetime(), called in /home/wwwroot/default/myblog/runtime/temp/fc8531413cc807152529a1ccc0347a51.php on line 136 and defined
[ error ] [2]Missing argument 3 for format_datetime(), called in /home/wwwroot/default/myblog/runtime/temp/fc8531413cc807152529a1ccc0347a51.php on line 136 and defined
[ error ] [2]Missing argument 3 for format_datetime(), called in /home/wwwroot/default/myblog/runtime/temp/fc8531413cc807152529a1ccc0347a51.php on line 136 and defined
[ error ] [8]未定义数组索引: avatar
[ error ] [8]未定义数组索引: nickname

---------------------------------------------------------------
[ 2018-08-23T11:13:16+08:00 ] 172.17.0.5 89.248.167.131 GET /
[ log ] 111.231.93.174/ [运行时间：0.037930s][吞吐率：26.36req/s] [内存消耗：3,764.05kb] [文件加载：56]
[ error ] [2]Missing argument 3 for format_datetime(), called in /home/wwwroot/default/myblog/runtime/temp/fc8531413cc807152529a1ccc0347a51.php on line 136 and defined
[ error ] [2]Missing argument 3 for format_datetime(), called in /home/wwwroot/default/myblog/runtime/temp/fc8531413cc807152529a1ccc0347a51.php on line 136 and defined
[ error ] [2]Missing argument 3 for format_datetime(), called in /home/wwwroot/default/myblog/runtime/temp/fc8531413cc807152529a1ccc0347a51.php on line 136 and defined
[ error ] [2]Missing argument 3 for format_datetime(), called in /home/wwwroot/default/myblog/runtime/temp/fc8531413cc807152529a1ccc0347a51.php on line 136 and defined
[ error ] [2]Missing argument 3 for format_datetime(), called in /home/wwwroot/default/myblog/runtime/temp/fc8531413cc807152529a1ccc0347a51.php on line 136 and defined
[ error ] [2]Missing argument 3 for format_datetime(), called in /home/wwwroot/default/myblog/runtime/temp/fc8531413cc807152529a1ccc0347a51.php on line 136 and defined
[ error ] [2]Missing argument 3 for format_datetime(), called in /home/wwwroot/default/myblog/runtime/temp/fc8531413cc807152529a1ccc0347a51.php on line 136 and defined
[ error ] [2]Missing argument 3 for format_datetime(), called in /home/wwwroot/default/myblog/runtime/temp/fc8531413cc807152529a1ccc0347a51.php on line 136 and defined
[ error ] [2]Missing argument 3 for format_datetime(), called in /home/wwwroot/default/myblog/runtime/temp/fc8531413cc807152529a1ccc0347a51.php on line 136 and defined
[ error ] [2]Missing argument 3 for format_datetime(), called in /home/wwwroot/default/myblog/runtime/temp/fc8531413cc807152529a1ccc0347a51.php on line 136 and defined
[ error ] [2]Missing argument 3 for format_datetime(), called in /home/wwwroot/default/myblog/runtime/temp/fc8531413cc807152529a1ccc0347a51.php on line 136 and defined
[ error ] [2]Missing argument 3 for format_datetime(), called in /home/wwwroot/default/myblog/runtime/temp/fc8531413cc807152529a1ccc0347a51.php on line 136 and defined
[ error ] [8]未定义数组索引: avatar
[ error ] [8]未定义数组索引: nickname

---------------------------------------------------------------
[ 2018-08-23T13:43:47+08:00 ] 172.17.0.5 116.31.102.108 GET /
[ log ] neweb.top/ [运行时间：0.034437s][吞吐率：29.04req/s] [内存消耗：3,764.24kb] [文件加载：56]
[ error ] [2]Missing argument 3 for format_datetime(), called in /home/wwwroot/default/myblog/runtime/temp/fc8531413cc807152529a1ccc0347a51.php on line 136 and defined
[ error ] [2]Missing argument 3 for format_datetime(), called in /home/wwwroot/default/myblog/runtime/temp/fc8531413cc807152529a1ccc0347a51.php on line 136 and defined
[ error ] [2]Missing argument 3 for format_datetime(), called in /home/wwwroot/default/myblog/runtime/temp/fc8531413cc807152529a1ccc0347a51.php on line 136 and defined
[ error ] [2]Missing argument 3 for format_datetime(), called in /home/wwwroot/default/myblog/runtime/temp/fc8531413cc807152529a1ccc0347a51.php on line 136 and defined
[ error ] [2]Missing argument 3 for format_datetime(), called in /home/wwwroot/default/myblog/runtime/temp/fc8531413cc807152529a1ccc0347a51.php on line 136 and defined
[ error ] [2]Missing argument 3 for format_datetime(), called in /home/wwwroot/default/myblog/runtime/temp/fc8531413cc807152529a1ccc0347a51.php on line 136 and defined
[ error ] [2]Missing argument 3 for format_datetime(), called in /home/wwwroot/default/myblog/runtime/temp/fc8531413cc807152529a1ccc0347a51.php on line 136 and defined
[ error ] [2]Missing argument 3 for format_datetime(), called in /home/wwwroot/default/myblog/runtime/temp/fc8531413cc807152529a1ccc0347a51.php on line 136 and defined
[ error ] [2]Missing argument 3 for format_datetime(), called in /home/wwwroot/default/myblog/runtime/temp/fc8531413cc807152529a1ccc0347a51.php on line 136 and defined
[ error ] [2]Missing argument 3 for format_datetime(), called in /home/wwwroot/default/myblog/runtime/temp/fc8531413cc807152529a1ccc0347a51.php on line 136 and defined
[ error ] [2]Missing argument 3 for format_datetime(), called in /home/wwwroot/default/myblog/runtime/temp/fc8531413cc807152529a1ccc0347a51.php on line 136 and defined
[ error ] [2]Missing argument 3 for format_datetime(), called in /home/wwwroot/default/myblog/runtime/temp/fc8531413cc807152529a1ccc0347a51.php on line 136 and defined
[ error ] [8]未定义数组索引: avatar
[ error ] [8]未定义数组索引: nickname

---------------------------------------------------------------
[ 2018-08-23T15:37:00+08:00 ] 172.17.0.5 183.131.24.75 GET /
[ log ] neweb.top/ [运行时间：0.033723s][吞吐率：29.65req/s] [内存消耗：3,764.00kb] [文件加载：56]
[ error ] [2]Missing argument 3 for format_datetime(), called in /home/wwwroot/default/myblog/runtime/temp/fc8531413cc807152529a1ccc0347a51.php on line 136 and defined
[ error ] [2]Missing argument 3 for format_datetime(), called in /home/wwwroot/default/myblog/runtime/temp/fc8531413cc807152529a1ccc0347a51.php on line 136 and defined
[ error ] [2]Missing argument 3 for format_datetime(), called in /home/wwwroot/default/myblog/runtime/temp/fc8531413cc807152529a1ccc0347a51.php on line 136 and defined
[ error ] [2]Missing argument 3 for format_datetime(), called in /home/wwwroot/default/myblog/runtime/temp/fc8531413cc807152529a1ccc0347a51.php on line 136 and defined
[ error ] [2]Missing argument 3 for format_datetime(), called in /home/wwwroot/default/myblog/runtime/temp/fc8531413cc807152529a1ccc0347a51.php on line 136 and defined
[ error ] [2]Missing argument 3 for format_datetime(), called in /home/wwwroot/default/myblog/runtime/temp/fc8531413cc807152529a1ccc0347a51.php on line 136 and defined
[ error ] [2]Missing argument 3 for format_datetime(), called in /home/wwwroot/default/myblog/runtime/temp/fc8531413cc807152529a1ccc0347a51.php on line 136 and defined
[ error ] [2]Missing argument 3 for format_datetime(), called in /home/wwwroot/default/myblog/runtime/temp/fc8531413cc807152529a1ccc0347a51.php on line 136 and defined
[ error ] [2]Missing argument 3 for format_datetime(), called in /home/wwwroot/default/myblog/runtime/temp/fc8531413cc807152529a1ccc0347a51.php on line 136 and defined
[ error ] [2]Missing argument 3 for format_datetime(), called in /home/wwwroot/default/myblog/runtime/temp/fc8531413cc807152529a1ccc0347a51.php on line 136 and defined
[ error ] [2]Missing argument 3 for format_datetime(), called in /home/wwwroot/default/myblog/runtime/temp/fc8531413cc807152529a1ccc0347a51.php on line 136 and defined
[ error ] [2]Missing argument 3 for format_datetime(), called in /home/wwwroot/default/myblog/runtime/temp/fc8531413cc807152529a1ccc0347a51.php on line 136 and defined
[ error ] [8]未定义数组索引: avatar
[ error ] [8]未定义数组索引: nickname

---------------------------------------------------------------
[ 2018-08-23T15:57:09+08:00 ] 172.17.0.5 157.255.17.69 GET /
[ log ] neweb.top/ [运行时间：0.048575s][吞吐率：20.59req/s] [内存消耗：3,764.16kb] [文件加载：56]
[ error ] [2]Missing argument 3 for format_datetime(), called in /home/wwwroot/default/myblog/runtime/temp/fc8531413cc807152529a1ccc0347a51.php on line 136 and defined
[ error ] [2]Missing argument 3 for format_datetime(), called in /home/wwwroot/default/myblog/runtime/temp/fc8531413cc807152529a1ccc0347a51.php on line 136 and defined
[ error ] [2]Missing argument 3 for format_datetime(), called in /home/wwwroot/default/myblog/runtime/temp/fc8531413cc807152529a1ccc0347a51.php on line 136 and defined
[ error ] [2]Missing argument 3 for format_datetime(), called in /home/wwwroot/default/myblog/runtime/temp/fc8531413cc807152529a1ccc0347a51.php on line 136 and defined
[ error ] [2]Missing argument 3 for format_datetime(), called in /home/wwwroot/default/myblog/runtime/temp/fc8531413cc807152529a1ccc0347a51.php on line 136 and defined
[ error ] [2]Missing argument 3 for format_datetime(), called in /home/wwwroot/default/myblog/runtime/temp/fc8531413cc807152529a1ccc0347a51.php on line 136 and defined
[ error ] [2]Missing argument 3 for format_datetime(), called in /home/wwwroot/default/myblog/runtime/temp/fc8531413cc807152529a1ccc0347a51.php on line 136 and defined
[ error ] [2]Missing argument 3 for format_datetime(), called in /home/wwwroot/default/myblog/runtime/temp/fc8531413cc807152529a1ccc0347a51.php on line 136 and defined
[ error ] [2]Missing argument 3 for format_datetime(), called in /home/wwwroot/default/myblog/runtime/temp/fc8531413cc807152529a1ccc0347a51.php on line 136 and defined
[ error ] [2]Missing argument 3 for format_datetime(), called in /home/wwwroot/default/myblog/runtime/temp/fc8531413cc807152529a1ccc0347a51.php on line 136 and defined
[ error ] [2]Missing argument 3 for format_datetime(), called in /home/wwwroot/default/myblog/runtime/temp/fc8531413cc807152529a1ccc0347a51.php on line 136 and defined
[ error ] [2]Missing argument 3 for format_datetime(), called in /home/wwwroot/default/myblog/runtime/temp/fc8531413cc807152529a1ccc0347a51.php on line 136 and defined
[ error ] [8]未定义数组索引: avatar
[ error ] [8]未定义数组索引: nickname

---------------------------------------------------------------
[ 2018-08-23T15:57:09+08:00 ] 172.17.0.5 157.255.17.69 HEAD /
[ log ] neweb.top/ [运行时间：0.037657s][吞吐率：26.56req/s] [内存消耗：3,762.63kb] [文件加载：56]
[ error ] [2]Missing argument 3 for format_datetime(), called in /home/wwwroot/default/myblog/runtime/temp/fc8531413cc807152529a1ccc0347a51.php on line 136 and defined
[ error ] [2]Missing argument 3 for format_datetime(), called in /home/wwwroot/default/myblog/runtime/temp/fc8531413cc807152529a1ccc0347a51.php on line 136 and defined
[ error ] [2]Missing argument 3 for format_datetime(), called in /home/wwwroot/default/myblog/runtime/temp/fc8531413cc807152529a1ccc0347a51.php on line 136 and defined
[ error ] [2]Missing argument 3 for format_datetime(), called in /home/wwwroot/default/myblog/runtime/temp/fc8531413cc807152529a1ccc0347a51.php on line 136 and defined
[ error ] [2]Missing argument 3 for format_datetime(), called in /home/wwwroot/default/myblog/runtime/temp/fc8531413cc807152529a1ccc0347a51.php on line 136 and defined
[ error ] [2]Missing argument 3 for format_datetime(), called in /home/wwwroot/default/myblog/runtime/temp/fc8531413cc807152529a1ccc0347a51.php on line 136 and defined
[ error ] [2]Missing argument 3 for format_datetime(), called in /home/wwwroot/default/myblog/runtime/temp/fc8531413cc807152529a1ccc0347a51.php on line 136 and defined
[ error ] [2]Missing argument 3 for format_datetime(), called in /home/wwwroot/default/myblog/runtime/temp/fc8531413cc807152529a1ccc0347a51.php on line 136 and defined
[ error ] [2]Missing argument 3 for format_datetime(), called in /home/wwwroot/default/myblog/runtime/temp/fc8531413cc807152529a1ccc0347a51.php on line 136 and defined
[ error ] [2]Missing argument 3 for format_datetime(), called in /home/wwwroot/default/myblog/runtime/temp/fc8531413cc807152529a1ccc0347a51.php on line 136 and defined
[ error ] [2]Missing argument 3 for format_datetime(), called in /home/wwwroot/default/myblog/runtime/temp/fc8531413cc807152529a1ccc0347a51.php on line 136 and defined
[ error ] [2]Missing argument 3 for format_datetime(), called in /home/wwwroot/default/myblog/runtime/temp/fc8531413cc807152529a1ccc0347a51.php on line 136 and defined
[ error ] [8]未定义数组索引: avatar
[ error ] [8]未定义数组索引: nickname

---------------------------------------------------------------
[ 2018-08-23T15:59:54+08:00 ] 172.17.0.5 124.160.123.166 GET /index/picture/show/id/11.html
[ log ] neweb.top/index/picture/show/id/11.html [运行时间：0.106385s][吞吐率：9.40req/s] [内存消耗：3,642.91kb] [文件加载：57]
[ error ] [2]Missing argument 2 for app\common\model\Category::get_category_url_by_id(), called in /home/wwwroot/default/myblog/application/common/model/Category.php on line 233 and defined
[ error ] [8]未定义变量: categorys
[ error ] [2]Missing argument 2 for app\common\model\Category::get_category_url_by_id(), called in /home/wwwroot/default/myblog/application/common/model/Category.php on line 235 and defined
[ error ] [8]未定义变量: categorys
[ error ] [8]未定义数组下标: 25
[ error ] [8]未定义数组索引: keywords
[ error ] [8]未定义变量: category_id
[ error ] [8]未定义数组索引: 
[ error ] [8]未定义数组索引: 
[ error ] [8]未定义数组索引: 
[ error ] [2]Missing argument 3 for format_datetime(), called in /home/wwwroot/default/myblog/runtime/temp/c7872bc7533b09c32385646c4e0b9457.php on line 135 and defined
[ error ] [8]未定义数组索引: avatar
[ error ] [8]未定义数组索引: nickname

---------------------------------------------------------------
[ 2018-08-23T16:00:22+08:00 ] 172.17.0.5 1.68.17.182 GET /wechat/index/article_list?order=id%20desc&page_size=10&page=1
[ log ] wx.neweb.top/wechat/index/article_list?order=id%20desc&page_size=10&page=1 [运行时间：0.032319s][吞吐率：30.94req/s] [内存消耗：3,522.72kb] [文件加载：59]
[ error ] [8]未定义数组索引: category_id
[ error ] [8]未定义数组索引: with_page
[ error ] [2]Missing argument 3 for format_datetime(), called in /home/wwwroot/default/myblog/application/wechat/controller/Index.php on line 63 and defined
[ error ] [2]Missing argument 3 for format_datetime(), called in /home/wwwroot/default/myblog/application/wechat/controller/Index.php on line 63 and defined
[ error ] [2]Missing argument 3 for format_datetime(), called in /home/wwwroot/default/myblog/application/wechat/controller/Index.php on line 63 and defined
[ error ] [2]Missing argument 3 for format_datetime(), called in /home/wwwroot/default/myblog/application/wechat/controller/Index.php on line 63 and defined
[ error ] [2]Missing argument 3 for format_datetime(), called in /home/wwwroot/default/myblog/application/wechat/controller/Index.php on line 63 and defined
[ error ] [2]Missing argument 3 for format_datetime(), called in /home/wwwroot/default/myblog/application/wechat/controller/Index.php on line 63 and defined
[ error ] [2]Missing argument 3 for format_datetime(), called in /home/wwwroot/default/myblog/application/wechat/controller/Index.php on line 63 and defined
[ error ] [2]Missing argument 3 for format_datetime(), called in /home/wwwroot/default/myblog/application/wechat/controller/Index.php on line 63 and defined
[ error ] [2]Missing argument 3 for format_datetime(), called in /home/wwwroot/default/myblog/application/wechat/controller/Index.php on line 63 and defined
[ error ] [2]Missing argument 3 for format_datetime(), called in /home/wwwroot/default/myblog/application/wechat/controller/Index.php on line 63 and defined

---------------------------------------------------------------
[ 2018-08-23T16:00:22+08:00 ] 172.17.0.5 1.68.17.182 GET /wechat/index/categorys
[ log ] wx.neweb.top/wechat/index/categorys [运行时间：0.022967s][吞吐率：43.54req/s] [内存消耗：3,030.04kb] [文件加载：54]
[ error ] [8]未定义数组索引: model_code
[ error ] [8]未定义数组索引: model_code
[ error ] [8]未定义数组索引: model_code

---------------------------------------------------------------
[ 2018-08-23T16:37:14+08:00 ] 172.17.0.5 61.160.239.102 GET /
[ log ] neweb.top/ [运行时间：0.048690s][吞吐率：20.54req/s] [内存消耗：3,764.19kb] [文件加载：56]
[ error ] [2]Missing argument 3 for format_datetime(), called in /home/wwwroot/default/myblog/runtime/temp/fc8531413cc807152529a1ccc0347a51.php on line 136 and defined
[ error ] [2]Missing argument 3 for format_datetime(), called in /home/wwwroot/default/myblog/runtime/temp/fc8531413cc807152529a1ccc0347a51.php on line 136 and defined
[ error ] [2]Missing argument 3 for format_datetime(), called in /home/wwwroot/default/myblog/runtime/temp/fc8531413cc807152529a1ccc0347a51.php on line 136 and defined
[ error ] [2]Missing argument 3 for format_datetime(), called in /home/wwwroot/default/myblog/runtime/temp/fc8531413cc807152529a1ccc0347a51.php on line 136 and defined
[ error ] [2]Missing argument 3 for format_datetime(), called in /home/wwwroot/default/myblog/runtime/temp/fc8531413cc807152529a1ccc0347a51.php on line 136 and defined
[ error ] [2]Missing argument 3 for format_datetime(), called in /home/wwwroot/default/myblog/runtime/temp/fc8531413cc807152529a1ccc0347a51.php on line 136 and defined
[ error ] [2]Missing argument 3 for format_datetime(), called in /home/wwwroot/default/myblog/runtime/temp/fc8531413cc807152529a1ccc0347a51.php on line 136 and defined
[ error ] [2]Missing argument 3 for format_datetime(), called in /home/wwwroot/default/myblog/runtime/temp/fc8531413cc807152529a1ccc0347a51.php on line 136 and defined
[ error ] [2]Missing argument 3 for format_datetime(), called in /home/wwwroot/default/myblog/runtime/temp/fc8531413cc807152529a1ccc0347a51.php on line 136 and defined
[ error ] [2]Missing argument 3 for format_datetime(), called in /home/wwwroot/default/myblog/runtime/temp/fc8531413cc807152529a1ccc0347a51.php on line 136 and defined
[ error ] [2]Missing argument 3 for format_datetime(), called in /home/wwwroot/default/myblog/runtime/temp/fc8531413cc807152529a1ccc0347a51.php on line 136 and defined
[ error ] [2]Missing argument 3 for format_datetime(), called in /home/wwwroot/default/myblog/runtime/temp/fc8531413cc807152529a1ccc0347a51.php on line 136 and defined
[ error ] [8]未定义数组索引: avatar
[ error ] [8]未定义数组索引: nickname

---------------------------------------------------------------
[ 2018-08-23T16:37:14+08:00 ] 172.17.0.5 183.131.24.76 GET /
[ log ] neweb.top/ [运行时间：0.062529s][吞吐率：15.99req/s] [内存消耗：3,764.19kb] [文件加载：56]
[ error ] [2]Missing argument 3 for format_datetime(), called in /home/wwwroot/default/myblog/runtime/temp/fc8531413cc807152529a1ccc0347a51.php on line 136 and defined
[ error ] [2]Missing argument 3 for format_datetime(), called in /home/wwwroot/default/myblog/runtime/temp/fc8531413cc807152529a1ccc0347a51.php on line 136 and defined
[ error ] [2]Missing argument 3 for format_datetime(), called in /home/wwwroot/default/myblog/runtime/temp/fc8531413cc807152529a1ccc0347a51.php on line 136 and defined
[ error ] [2]Missing argument 3 for format_datetime(), called in /home/wwwroot/default/myblog/runtime/temp/fc8531413cc807152529a1ccc0347a51.php on line 136 and defined
[ error ] [2]Missing argument 3 for format_datetime(), called in /home/wwwroot/default/myblog/runtime/temp/fc8531413cc807152529a1ccc0347a51.php on line 136 and defined
[ error ] [2]Missing argument 3 for format_datetime(), called in /home/wwwroot/default/myblog/runtime/temp/fc8531413cc807152529a1ccc0347a51.php on line 136 and defined
[ error ] [2]Missing argument 3 for format_datetime(), called in /home/wwwroot/default/myblog/runtime/temp/fc8531413cc807152529a1ccc0347a51.php on line 136 and defined
[ error ] [2]Missing argument 3 for format_datetime(), called in /home/wwwroot/default/myblog/runtime/temp/fc8531413cc807152529a1ccc0347a51.php on line 136 and defined
[ error ] [2]Missing argument 3 for format_datetime(), called in /home/wwwroot/default/myblog/runtime/temp/fc8531413cc807152529a1ccc0347a51.php on line 136 and defined
[ error ] [2]Missing argument 3 for format_datetime(), called in /home/wwwroot/default/myblog/runtime/temp/fc8531413cc807152529a1ccc0347a51.php on line 136 and defined
[ error ] [2]Missing argument 3 for format_datetime(), called in /home/wwwroot/default/myblog/runtime/temp/fc8531413cc807152529a1ccc0347a51.php on line 136 and defined
[ error ] [2]Missing argument 3 for format_datetime(), called in /home/wwwroot/default/myblog/runtime/temp/fc8531413cc807152529a1ccc0347a51.php on line 136 and defined
[ error ] [8]未定义数组索引: avatar
[ error ] [8]未定义数组索引: nickname

---------------------------------------------------------------
[ 2018-08-23T16:37:14+08:00 ] 172.17.0.5 61.160.239.102 HEAD /
[ log ] neweb.top/ [运行时间：0.052632s][吞吐率：19.00req/s] [内存消耗：3,762.66kb] [文件加载：56]
[ error ] [2]Missing argument 3 for format_datetime(), called in /home/wwwroot/default/myblog/runtime/temp/fc8531413cc807152529a1ccc0347a51.php on line 136 and defined
[ error ] [2]Missing argument 3 for format_datetime(), called in /home/wwwroot/default/myblog/runtime/temp/fc8531413cc807152529a1ccc0347a51.php on line 136 and defined
[ error ] [2]Missing argument 3 for format_datetime(), called in /home/wwwroot/default/myblog/runtime/temp/fc8531413cc807152529a1ccc0347a51.php on line 136 and defined
[ error ] [2]Missing argument 3 for format_datetime(), called in /home/wwwroot/default/myblog/runtime/temp/fc8531413cc807152529a1ccc0347a51.php on line 136 and defined
[ error ] [2]Missing argument 3 for format_datetime(), called in /home/wwwroot/default/myblog/runtime/temp/fc8531413cc807152529a1ccc0347a51.php on line 136 and defined
[ error ] [2]Missing argument 3 for format_datetime(), called in /home/wwwroot/default/myblog/runtime/temp/fc8531413cc807152529a1ccc0347a51.php on line 136 and defined
[ error ] [2]Missing argument 3 for format_datetime(), called in /home/wwwroot/default/myblog/runtime/temp/fc8531413cc807152529a1ccc0347a51.php on line 136 and defined
[ error ] [2]Missing argument 3 for format_datetime(), called in /home/wwwroot/default/myblog/runtime/temp/fc8531413cc807152529a1ccc0347a51.php on line 136 and defined
[ error ] [2]Missing argument 3 for format_datetime(), called in /home/wwwroot/default/myblog/runtime/temp/fc8531413cc807152529a1ccc0347a51.php on line 136 and defined
[ error ] [2]Missing argument 3 for format_datetime(), called in /home/wwwroot/default/myblog/runtime/temp/fc8531413cc807152529a1ccc0347a51.php on line 136 and defined
[ error ] [2]Missing argument 3 for format_datetime(), called in /home/wwwroot/default/myblog/runtime/temp/fc8531413cc807152529a1ccc0347a51.php on line 136 and defined
[ error ] [2]Missing argument 3 for format_datetime(), called in /home/wwwroot/default/myblog/runtime/temp/fc8531413cc807152529a1ccc0347a51.php on line 136 and defined
[ error ] [8]未定义数组索引: avatar
[ error ] [8]未定义数组索引: nickname

---------------------------------------------------------------
[ 2018-08-23T16:37:14+08:00 ] 172.17.0.5 124.160.123.172 HEAD /
[ log ] neweb.top/ [运行时间：0.036380s][吞吐率：27.49req/s] [内存消耗：3,762.66kb] [文件加载：56]
[ error ] [2]Missing argument 3 for format_datetime(), called in /home/wwwroot/default/myblog/runtime/temp/fc8531413cc807152529a1ccc0347a51.php on line 136 and defined
[ error ] [2]Missing argument 3 for format_datetime(), called in /home/wwwroot/default/myblog/runtime/temp/fc8531413cc807152529a1ccc0347a51.php on line 136 and defined
[ error ] [2]Missing argument 3 for format_datetime(), called in /home/wwwroot/default/myblog/runtime/temp/fc8531413cc807152529a1ccc0347a51.php on line 136 and defined
[ error ] [2]Missing argument 3 for format_datetime(), called in /home/wwwroot/default/myblog/runtime/temp/fc8531413cc807152529a1ccc0347a51.php on line 136 and defined
[ error ] [2]Missing argument 3 for format_datetime(), called in /home/wwwroot/default/myblog/runtime/temp/fc8531413cc807152529a1ccc0347a51.php on line 136 and defined
[ error ] [2]Missing argument 3 for format_datetime(), called in /home/wwwroot/default/myblog/runtime/temp/fc8531413cc807152529a1ccc0347a51.php on line 136 and defined
[ error ] [2]Missing argument 3 for format_datetime(), called in /home/wwwroot/default/myblog/runtime/temp/fc8531413cc807152529a1ccc0347a51.php on line 136 and defined
[ error ] [2]Missing argument 3 for format_datetime(), called in /home/wwwroot/default/myblog/runtime/temp/fc8531413cc807152529a1ccc0347a51.php on line 136 and defined
[ error ] [2]Missing argument 3 for format_datetime(), called in /home/wwwroot/default/myblog/runtime/temp/fc8531413cc807152529a1ccc0347a51.php on line 136 and defined
[ error ] [2]Missing argument 3 for format_datetime(), called in /home/wwwroot/default/myblog/runtime/temp/fc8531413cc807152529a1ccc0347a51.php on line 136 and defined
[ error ] [2]Missing argument 3 for format_datetime(), called in /home/wwwroot/default/myblog/runtime/temp/fc8531413cc807152529a1ccc0347a51.php on line 136 and defined
[ error ] [2]Missing argument 3 for format_datetime(), called in /home/wwwroot/default/myblog/runtime/temp/fc8531413cc807152529a1ccc0347a51.php on line 136 and defined
[ error ] [8]未定义数组索引: avatar
[ error ] [8]未定义数组索引: nickname

---------------------------------------------------------------
[ 2018-08-23T16:38:37+08:00 ] 172.17.0.5 183.131.24.72 GET /
[ log ] neweb.top/ [运行时间：0.070880s][吞吐率：14.11req/s] [内存消耗：3,764.20kb] [文件加载：56]
[ error ] [2]Missing argument 3 for format_datetime(), called in /home/wwwroot/default/myblog/runtime/temp/fc8531413cc807152529a1ccc0347a51.php on line 136 and defined
[ error ] [2]Missing argument 3 for format_datetime(), called in /home/wwwroot/default/myblog/runtime/temp/fc8531413cc807152529a1ccc0347a51.php on line 136 and defined
[ error ] [2]Missing argument 3 for format_datetime(), called in /home/wwwroot/default/myblog/runtime/temp/fc8531413cc807152529a1ccc0347a51.php on line 136 and defined
[ error ] [2]Missing argument 3 for format_datetime(), called in /home/wwwroot/default/myblog/runtime/temp/fc8531413cc807152529a1ccc0347a51.php on line 136 and defined
[ error ] [2]Missing argument 3 for format_datetime(), called in /home/wwwroot/default/myblog/runtime/temp/fc8531413cc807152529a1ccc0347a51.php on line 136 and defined
[ error ] [2]Missing argument 3 for format_datetime(), called in /home/wwwroot/default/myblog/runtime/temp/fc8531413cc807152529a1ccc0347a51.php on line 136 and defined
[ error ] [2]Missing argument 3 for format_datetime(), called in /home/wwwroot/default/myblog/runtime/temp/fc8531413cc807152529a1ccc0347a51.php on line 136 and defined
[ error ] [2]Missing argument 3 for format_datetime(), called in /home/wwwroot/default/myblog/runtime/temp/fc8531413cc807152529a1ccc0347a51.php on line 136 and defined
[ error ] [2]Missing argument 3 for format_datetime(), called in /home/wwwroot/default/myblog/runtime/temp/fc8531413cc807152529a1ccc0347a51.php on line 136 and defined
[ error ] [2]Missing argument 3 for format_datetime(), called in /home/wwwroot/default/myblog/runtime/temp/fc8531413cc807152529a1ccc0347a51.php on line 136 and defined
[ error ] [2]Missing argument 3 for format_datetime(), called in /home/wwwroot/default/myblog/runtime/temp/fc8531413cc807152529a1ccc0347a51.php on line 136 and defined
[ error ] [2]Missing argument 3 for format_datetime(), called in /home/wwwroot/default/myblog/runtime/temp/fc8531413cc807152529a1ccc0347a51.php on line 136 and defined
[ error ] [8]未定义数组索引: avatar
[ error ] [8]未定义数组索引: nickname

---------------------------------------------------------------
[ 2018-08-23T16:38:37+08:00 ] 172.17.0.5 124.160.123.169 GET /
[ log ] neweb.top/ [运行时间：0.084387s][吞吐率：11.85req/s] [内存消耗：3,764.20kb] [文件加载：56]
[ error ] [2]Missing argument 3 for format_datetime(), called in /home/wwwroot/default/myblog/runtime/temp/fc8531413cc807152529a1ccc0347a51.php on line 136 and defined
[ error ] [2]Missing argument 3 for format_datetime(), called in /home/wwwroot/default/myblog/runtime/temp/fc8531413cc807152529a1ccc0347a51.php on line 136 and defined
[ error ] [2]Missing argument 3 for format_datetime(), called in /home/wwwroot/default/myblog/runtime/temp/fc8531413cc807152529a1ccc0347a51.php on line 136 and defined
[ error ] [2]Missing argument 3 for format_datetime(), called in /home/wwwroot/default/myblog/runtime/temp/fc8531413cc807152529a1ccc0347a51.php on line 136 and defined
[ error ] [2]Missing argument 3 for format_datetime(), called in /home/wwwroot/default/myblog/runtime/temp/fc8531413cc807152529a1ccc0347a51.php on line 136 and defined
[ error ] [2]Missing argument 3 for format_datetime(), called in /home/wwwroot/default/myblog/runtime/temp/fc8531413cc807152529a1ccc0347a51.php on line 136 and defined
[ error ] [2]Missing argument 3 for format_datetime(), called in /home/wwwroot/default/myblog/runtime/temp/fc8531413cc807152529a1ccc0347a51.php on line 136 and defined
[ error ] [2]Missing argument 3 for format_datetime(), called in /home/wwwroot/default/myblog/runtime/temp/fc8531413cc807152529a1ccc0347a51.php on line 136 and defined
[ error ] [2]Missing argument 3 for format_datetime(), called in /home/wwwroot/default/myblog/runtime/temp/fc8531413cc807152529a1ccc0347a51.php on line 136 and defined
[ error ] [2]Missing argument 3 for format_datetime(), called in /home/wwwroot/default/myblog/runtime/temp/fc8531413cc807152529a1ccc0347a51.php on line 136 and defined
[ error ] [2]Missing argument 3 for format_datetime(), called in /home/wwwroot/default/myblog/runtime/temp/fc8531413cc807152529a1ccc0347a51.php on line 136 and defined
[ error ] [2]Missing argument 3 for format_datetime(), called in /home/wwwroot/default/myblog/runtime/temp/fc8531413cc807152529a1ccc0347a51.php on line 136 and defined
[ error ] [8]未定义数组索引: avatar
[ error ] [8]未定义数组索引: nickname

---------------------------------------------------------------
[ 2018-08-23T16:38:37+08:00 ] 172.17.0.5 124.160.123.166 GET /
[ log ] neweb.top/ [运行时间：0.096764s][吞吐率：10.33req/s] [内存消耗：3,764.20kb] [文件加载：56]
[ error ] [2]Missing argument 3 for format_datetime(), called in /home/wwwroot/default/myblog/runtime/temp/fc8531413cc807152529a1ccc0347a51.php on line 136 and defined
[ error ] [2]Missing argument 3 for format_datetime(), called in /home/wwwroot/default/myblog/runtime/temp/fc8531413cc807152529a1ccc0347a51.php on line 136 and defined
[ error ] [2]Missing argument 3 for format_datetime(), called in /home/wwwroot/default/myblog/runtime/temp/fc8531413cc807152529a1ccc0347a51.php on line 136 and defined
[ error ] [2]Missing argument 3 for format_datetime(), called in /home/wwwroot/default/myblog/runtime/temp/fc8531413cc807152529a1ccc0347a51.php on line 136 and defined
[ error ] [2]Missing argument 3 for format_datetime(), called in /home/wwwroot/default/myblog/runtime/temp/fc8531413cc807152529a1ccc0347a51.php on line 136 and defined
[ error ] [2]Missing argument 3 for format_datetime(), called in /home/wwwroot/default/myblog/runtime/temp/fc8531413cc807152529a1ccc0347a51.php on line 136 and defined
[ error ] [2]Missing argument 3 for format_datetime(), called in /home/wwwroot/default/myblog/runtime/temp/fc8531413cc807152529a1ccc0347a51.php on line 136 and defined
[ error ] [2]Missing argument 3 for format_datetime(), called in /home/wwwroot/default/myblog/runtime/temp/fc8531413cc807152529a1ccc0347a51.php on line 136 and defined
[ error ] [2]Missing argument 3 for format_datetime(), called in /home/wwwroot/default/myblog/runtime/temp/fc8531413cc807152529a1ccc0347a51.php on line 136 and defined
[ error ] [2]Missing argument 3 for format_datetime(), called in /home/wwwroot/default/myblog/runtime/temp/fc8531413cc807152529a1ccc0347a51.php on line 136 and defined
[ error ] [2]Missing argument 3 for format_datetime(), called in /home/wwwroot/default/myblog/runtime/temp/fc8531413cc807152529a1ccc0347a51.php on line 136 and defined
[ error ] [2]Missing argument 3 for format_datetime(), called in /home/wwwroot/default/myblog/runtime/temp/fc8531413cc807152529a1ccc0347a51.php on line 136 and defined
[ error ] [8]未定义数组索引: avatar
[ error ] [8]未定义数组索引: nickname

---------------------------------------------------------------
[ 2018-08-23T18:14:04+08:00 ] 172.17.0.5 183.131.24.76 GET /
[ log ] neweb.top/ [运行时间：0.034472s][吞吐率：29.01req/s] [内存消耗：3,764.11kb] [文件加载：56]
[ error ] [2]Missing argument 3 for format_datetime(), called in /home/wwwroot/default/myblog/runtime/temp/fc8531413cc807152529a1ccc0347a51.php on line 136 and defined
[ error ] [2]Missing argument 3 for format_datetime(), called in /home/wwwroot/default/myblog/runtime/temp/fc8531413cc807152529a1ccc0347a51.php on line 136 and defined
[ error ] [2]Missing argument 3 for format_datetime(), called in /home/wwwroot/default/myblog/runtime/temp/fc8531413cc807152529a1ccc0347a51.php on line 136 and defined
[ error ] [2]Missing argument 3 for format_datetime(), called in /home/wwwroot/default/myblog/runtime/temp/fc8531413cc807152529a1ccc0347a51.php on line 136 and defined
[ error ] [2]Missing argument 3 for format_datetime(), called in /home/wwwroot/default/myblog/runtime/temp/fc8531413cc807152529a1ccc0347a51.php on line 136 and defined
[ error ] [2]Missing argument 3 for format_datetime(), called in /home/wwwroot/default/myblog/runtime/temp/fc8531413cc807152529a1ccc0347a51.php on line 136 and defined
[ error ] [2]Missing argument 3 for format_datetime(), called in /home/wwwroot/default/myblog/runtime/temp/fc8531413cc807152529a1ccc0347a51.php on line 136 and defined
[ error ] [2]Missing argument 3 for format_datetime(), called in /home/wwwroot/default/myblog/runtime/temp/fc8531413cc807152529a1ccc0347a51.php on line 136 and defined
[ error ] [2]Missing argument 3 for format_datetime(), called in /home/wwwroot/default/myblog/runtime/temp/fc8531413cc807152529a1ccc0347a51.php on line 136 and defined
[ error ] [2]Missing argument 3 for format_datetime(), called in /home/wwwroot/default/myblog/runtime/temp/fc8531413cc807152529a1ccc0347a51.php on line 136 and defined
[ error ] [2]Missing argument 3 for format_datetime(), called in /home/wwwroot/default/myblog/runtime/temp/fc8531413cc807152529a1ccc0347a51.php on line 136 and defined
[ error ] [2]Missing argument 3 for format_datetime(), called in /home/wwwroot/default/myblog/runtime/temp/fc8531413cc807152529a1ccc0347a51.php on line 136 and defined
[ error ] [8]未定义数组索引: avatar
[ error ] [8]未定义数组索引: nickname

---------------------------------------------------------------
[ 2018-08-23T19:27:09+08:00 ] 172.17.0.5 116.31.102.108 GET /
[ log ] neweb.top/ [运行时间：0.032295s][吞吐率：30.96req/s] [内存消耗：3,764.19kb] [文件加载：56]
[ error ] [2]Missing argument 3 for format_datetime(), called in /home/wwwroot/default/myblog/runtime/temp/fc8531413cc807152529a1ccc0347a51.php on line 136 and defined
[ error ] [2]Missing argument 3 for format_datetime(), called in /home/wwwroot/default/myblog/runtime/temp/fc8531413cc807152529a1ccc0347a51.php on line 136 and defined
[ error ] [2]Missing argument 3 for format_datetime(), called in /home/wwwroot/default/myblog/runtime/temp/fc8531413cc807152529a1ccc0347a51.php on line 136 and defined
[ error ] [2]Missing argument 3 for format_datetime(), called in /home/wwwroot/default/myblog/runtime/temp/fc8531413cc807152529a1ccc0347a51.php on line 136 and defined
[ error ] [2]Missing argument 3 for format_datetime(), called in /home/wwwroot/default/myblog/runtime/temp/fc8531413cc807152529a1ccc0347a51.php on line 136 and defined
[ error ] [2]Missing argument 3 for format_datetime(), called in /home/wwwroot/default/myblog/runtime/temp/fc8531413cc807152529a1ccc0347a51.php on line 136 and defined
[ error ] [2]Missing argument 3 for format_datetime(), called in /home/wwwroot/default/myblog/runtime/temp/fc8531413cc807152529a1ccc0347a51.php on line 136 and defined
[ error ] [2]Missing argument 3 for format_datetime(), called in /home/wwwroot/default/myblog/runtime/temp/fc8531413cc807152529a1ccc0347a51.php on line 136 and defined
[ error ] [2]Missing argument 3 for format_datetime(), called in /home/wwwroot/default/myblog/runtime/temp/fc8531413cc807152529a1ccc0347a51.php on line 136 and defined
[ error ] [2]Missing argument 3 for format_datetime(), called in /home/wwwroot/default/myblog/runtime/temp/fc8531413cc807152529a1ccc0347a51.php on line 136 and defined
[ error ] [2]Missing argument 3 for format_datetime(), called in /home/wwwroot/default/myblog/runtime/temp/fc8531413cc807152529a1ccc0347a51.php on line 136 and defined
[ error ] [2]Missing argument 3 for format_datetime(), called in /home/wwwroot/default/myblog/runtime/temp/fc8531413cc807152529a1ccc0347a51.php on line 136 and defined
[ error ] [8]未定义数组索引: avatar
[ error ] [8]未定义数组索引: nickname

---------------------------------------------------------------
[ 2018-08-23T19:27:09+08:00 ] 172.17.0.5 116.31.102.108 HEAD /
[ log ] neweb.top/ [运行时间：0.032910s][吞吐率：30.39req/s] [内存消耗：3,762.66kb] [文件加载：56]
[ error ] [2]Missing argument 3 for format_datetime(), called in /home/wwwroot/default/myblog/runtime/temp/fc8531413cc807152529a1ccc0347a51.php on line 136 and defined
[ error ] [2]Missing argument 3 for format_datetime(), called in /home/wwwroot/default/myblog/runtime/temp/fc8531413cc807152529a1ccc0347a51.php on line 136 and defined
[ error ] [2]Missing argument 3 for format_datetime(), called in /home/wwwroot/default/myblog/runtime/temp/fc8531413cc807152529a1ccc0347a51.php on line 136 and defined
[ error ] [2]Missing argument 3 for format_datetime(), called in /home/wwwroot/default/myblog/runtime/temp/fc8531413cc807152529a1ccc0347a51.php on line 136 and defined
[ error ] [2]Missing argument 3 for format_datetime(), called in /home/wwwroot/default/myblog/runtime/temp/fc8531413cc807152529a1ccc0347a51.php on line 136 and defined
[ error ] [2]Missing argument 3 for format_datetime(), called in /home/wwwroot/default/myblog/runtime/temp/fc8531413cc807152529a1ccc0347a51.php on line 136 and defined
[ error ] [2]Missing argument 3 for format_datetime(), called in /home/wwwroot/default/myblog/runtime/temp/fc8531413cc807152529a1ccc0347a51.php on line 136 and defined
[ error ] [2]Missing argument 3 for format_datetime(), called in /home/wwwroot/default/myblog/runtime/temp/fc8531413cc807152529a1ccc0347a51.php on line 136 and defined
[ error ] [2]Missing argument 3 for format_datetime(), called in /home/wwwroot/default/myblog/runtime/temp/fc8531413cc807152529a1ccc0347a51.php on line 136 and defined
[ error ] [2]Missing argument 3 for format_datetime(), called in /home/wwwroot/default/myblog/runtime/temp/fc8531413cc807152529a1ccc0347a51.php on line 136 and defined
[ error ] [2]Missing argument 3 for format_datetime(), called in /home/wwwroot/default/myblog/runtime/temp/fc8531413cc807152529a1ccc0347a51.php on line 136 and defined
[ error ] [2]Missing argument 3 for format_datetime(), called in /home/wwwroot/default/myblog/runtime/temp/fc8531413cc807152529a1ccc0347a51.php on line 136 and defined
[ error ] [8]未定义数组索引: avatar
[ error ] [8]未定义数组索引: nickname

---------------------------------------------------------------
[ 2018-08-23T19:37:28+08:00 ] 172.17.0.5 109.129.75.202 GET /
[ log ] 111.231.93.174/ [运行时间：0.036827s][吞吐率：27.15req/s] [内存消耗：3,763.98kb] [文件加载：56]
[ error ] [2]Missing argument 3 for format_datetime(), called in /home/wwwroot/default/myblog/runtime/temp/fc8531413cc807152529a1ccc0347a51.php on line 136 and defined
[ error ] [2]Missing argument 3 for format_datetime(), called in /home/wwwroot/default/myblog/runtime/temp/fc8531413cc807152529a1ccc0347a51.php on line 136 and defined
[ error ] [2]Missing argument 3 for format_datetime(), called in /home/wwwroot/default/myblog/runtime/temp/fc8531413cc807152529a1ccc0347a51.php on line 136 and defined
[ error ] [2]Missing argument 3 for format_datetime(), called in /home/wwwroot/default/myblog/runtime/temp/fc8531413cc807152529a1ccc0347a51.php on line 136 and defined
[ error ] [2]Missing argument 3 for format_datetime(), called in /home/wwwroot/default/myblog/runtime/temp/fc8531413cc807152529a1ccc0347a51.php on line 136 and defined
[ error ] [2]Missing argument 3 for format_datetime(), called in /home/wwwroot/default/myblog/runtime/temp/fc8531413cc807152529a1ccc0347a51.php on line 136 and defined
[ error ] [2]Missing argument 3 for format_datetime(), called in /home/wwwroot/default/myblog/runtime/temp/fc8531413cc807152529a1ccc0347a51.php on line 136 and defined
[ error ] [2]Missing argument 3 for format_datetime(), called in /home/wwwroot/default/myblog/runtime/temp/fc8531413cc807152529a1ccc0347a51.php on line 136 and defined
[ error ] [2]Missing argument 3 for format_datetime(), called in /home/wwwroot/default/myblog/runtime/temp/fc8531413cc807152529a1ccc0347a51.php on line 136 and defined
[ error ] [2]Missing argument 3 for format_datetime(), called in /home/wwwroot/default/myblog/runtime/temp/fc8531413cc807152529a1ccc0347a51.php on line 136 and defined
[ error ] [2]Missing argument 3 for format_datetime(), called in /home/wwwroot/default/myblog/runtime/temp/fc8531413cc807152529a1ccc0347a51.php on line 136 and defined
[ error ] [2]Missing argument 3 for format_datetime(), called in /home/wwwroot/default/myblog/runtime/temp/fc8531413cc807152529a1ccc0347a51.php on line 136 and defined
[ error ] [8]未定义数组索引: avatar
[ error ] [8]未定义数组索引: nickname

---------------------------------------------------------------
[ 2018-08-23T20:17:10+08:00 ] 172.17.0.5 116.31.102.106 GET /
[ log ] neweb.top/ [运行时间：0.029500s][吞吐率：33.90req/s] [内存消耗：3,764.19kb] [文件加载：56]
[ error ] [2]Missing argument 3 for format_datetime(), called in /home/wwwroot/default/myblog/runtime/temp/fc8531413cc807152529a1ccc0347a51.php on line 136 and defined
[ error ] [2]Missing argument 3 for format_datetime(), called in /home/wwwroot/default/myblog/runtime/temp/fc8531413cc807152529a1ccc0347a51.php on line 136 and defined
[ error ] [2]Missing argument 3 for format_datetime(), called in /home/wwwroot/default/myblog/runtime/temp/fc8531413cc807152529a1ccc0347a51.php on line 136 and defined
[ error ] [2]Missing argument 3 for format_datetime(), called in /home/wwwroot/default/myblog/runtime/temp/fc8531413cc807152529a1ccc0347a51.php on line 136 and defined
[ error ] [2]Missing argument 3 for format_datetime(), called in /home/wwwroot/default/myblog/runtime/temp/fc8531413cc807152529a1ccc0347a51.php on line 136 and defined
[ error ] [2]Missing argument 3 for format_datetime(), called in /home/wwwroot/default/myblog/runtime/temp/fc8531413cc807152529a1ccc0347a51.php on line 136 and defined
[ error ] [2]Missing argument 3 for format_datetime(), called in /home/wwwroot/default/myblog/runtime/temp/fc8531413cc807152529a1ccc0347a51.php on line 136 and defined
[ error ] [2]Missing argument 3 for format_datetime(), called in /home/wwwroot/default/myblog/runtime/temp/fc8531413cc807152529a1ccc0347a51.php on line 136 and defined
[ error ] [2]Missing argument 3 for format_datetime(), called in /home/wwwroot/default/myblog/runtime/temp/fc8531413cc807152529a1ccc0347a51.php on line 136 and defined
[ error ] [2]Missing argument 3 for format_datetime(), called in /home/wwwroot/default/myblog/runtime/temp/fc8531413cc807152529a1ccc0347a51.php on line 136 and defined
[ error ] [2]Missing argument 3 for format_datetime(), called in /home/wwwroot/default/myblog/runtime/temp/fc8531413cc807152529a1ccc0347a51.php on line 136 and defined
[ error ] [2]Missing argument 3 for format_datetime(), called in /home/wwwroot/default/myblog/runtime/temp/fc8531413cc807152529a1ccc0347a51.php on line 136 and defined
[ error ] [8]未定义数组索引: avatar
[ error ] [8]未定义数组索引: nickname

---------------------------------------------------------------
[ 2018-08-23T20:17:10+08:00 ] 172.17.0.5 116.31.102.106 HEAD /
[ log ] neweb.top/ [运行时间：0.038972s][吞吐率：25.66req/s] [内存消耗：3,762.66kb] [文件加载：56]
[ error ] [2]Missing argument 3 for format_datetime(), called in /home/wwwroot/default/myblog/runtime/temp/fc8531413cc807152529a1ccc0347a51.php on line 136 and defined
[ error ] [2]Missing argument 3 for format_datetime(), called in /home/wwwroot/default/myblog/runtime/temp/fc8531413cc807152529a1ccc0347a51.php on line 136 and defined
[ error ] [2]Missing argument 3 for format_datetime(), called in /home/wwwroot/default/myblog/runtime/temp/fc8531413cc807152529a1ccc0347a51.php on line 136 and defined
[ error ] [2]Missing argument 3 for format_datetime(), called in /home/wwwroot/default/myblog/runtime/temp/fc8531413cc807152529a1ccc0347a51.php on line 136 and defined
[ error ] [2]Missing argument 3 for format_datetime(), called in /home/wwwroot/default/myblog/runtime/temp/fc8531413cc807152529a1ccc0347a51.php on line 136 and defined
[ error ] [2]Missing argument 3 for format_datetime(), called in /home/wwwroot/default/myblog/runtime/temp/fc8531413cc807152529a1ccc0347a51.php on line 136 and defined
[ error ] [2]Missing argument 3 for format_datetime(), called in /home/wwwroot/default/myblog/runtime/temp/fc8531413cc807152529a1ccc0347a51.php on line 136 and defined
[ error ] [2]Missing argument 3 for format_datetime(), called in /home/wwwroot/default/myblog/runtime/temp/fc8531413cc807152529a1ccc0347a51.php on line 136 and defined
[ error ] [2]Missing argument 3 for format_datetime(), called in /home/wwwroot/default/myblog/runtime/temp/fc8531413cc807152529a1ccc0347a51.php on line 136 and defined
[ error ] [2]Missing argument 3 for format_datetime(), called in /home/wwwroot/default/myblog/runtime/temp/fc8531413cc807152529a1ccc0347a51.php on line 136 and defined
[ error ] [2]Missing argument 3 for format_datetime(), called in /home/wwwroot/default/myblog/runtime/temp/fc8531413cc807152529a1ccc0347a51.php on line 136 and defined
[ error ] [2]Missing argument 3 for format_datetime(), called in /home/wwwroot/default/myblog/runtime/temp/fc8531413cc807152529a1ccc0347a51.php on line 136 and defined
[ error ] [8]未定义数组索引: avatar
[ error ] [8]未定义数组索引: nickname

---------------------------------------------------------------
[ 2018-08-23T21:55:39+08:00 ] 172.17.0.5 74.82.47.4 GET /
[ log ] 111.231.93.174/ [运行时间：0.032521s][吞吐率：30.75req/s] [内存消耗：3,764.01kb] [文件加载：56]
[ error ] [2]Missing argument 3 for format_datetime(), called in /home/wwwroot/default/myblog/runtime/temp/fc8531413cc807152529a1ccc0347a51.php on line 136 and defined
[ error ] [2]Missing argument 3 for format_datetime(), called in /home/wwwroot/default/myblog/runtime/temp/fc8531413cc807152529a1ccc0347a51.php on line 136 and defined
[ error ] [2]Missing argument 3 for format_datetime(), called in /home/wwwroot/default/myblog/runtime/temp/fc8531413cc807152529a1ccc0347a51.php on line 136 and defined
[ error ] [2]Missing argument 3 for format_datetime(), called in /home/wwwroot/default/myblog/runtime/temp/fc8531413cc807152529a1ccc0347a51.php on line 136 and defined
[ error ] [2]Missing argument 3 for format_datetime(), called in /home/wwwroot/default/myblog/runtime/temp/fc8531413cc807152529a1ccc0347a51.php on line 136 and defined
[ error ] [2]Missing argument 3 for format_datetime(), called in /home/wwwroot/default/myblog/runtime/temp/fc8531413cc807152529a1ccc0347a51.php on line 136 and defined
[ error ] [2]Missing argument 3 for format_datetime(), called in /home/wwwroot/default/myblog/runtime/temp/fc8531413cc807152529a1ccc0347a51.php on line 136 and defined
[ error ] [2]Missing argument 3 for format_datetime(), called in /home/wwwroot/default/myblog/runtime/temp/fc8531413cc807152529a1ccc0347a51.php on line 136 and defined
[ error ] [2]Missing argument 3 for format_datetime(), called in /home/wwwroot/default/myblog/runtime/temp/fc8531413cc807152529a1ccc0347a51.php on line 136 and defined
[ error ] [2]Missing argument 3 for format_datetime(), called in /home/wwwroot/default/myblog/runtime/temp/fc8531413cc807152529a1ccc0347a51.php on line 136 and defined
[ error ] [2]Missing argument 3 for format_datetime(), called in /home/wwwroot/default/myblog/runtime/temp/fc8531413cc807152529a1ccc0347a51.php on line 136 and defined
[ error ] [2]Missing argument 3 for format_datetime(), called in /home/wwwroot/default/myblog/runtime/temp/fc8531413cc807152529a1ccc0347a51.php on line 136 and defined
[ error ] [8]未定义数组索引: avatar
[ error ] [8]未定义数组索引: nickname

---------------------------------------------------------------
[ 2018-08-23T22:20:18+08:00 ] 172.17.0.5 106.75.92.187 GET /
[ log ] 111.231.93.174:443/ [运行时间：0.038501s][吞吐率：25.97req/s] [内存消耗：3,764.19kb] [文件加载：56]
[ error ] [2]Missing argument 3 for format_datetime(), called in /home/wwwroot/default/myblog/runtime/temp/fc8531413cc807152529a1ccc0347a51.php on line 136 and defined
[ error ] [2]Missing argument 3 for format_datetime(), called in /home/wwwroot/default/myblog/runtime/temp/fc8531413cc807152529a1ccc0347a51.php on line 136 and defined
[ error ] [2]Missing argument 3 for format_datetime(), called in /home/wwwroot/default/myblog/runtime/temp/fc8531413cc807152529a1ccc0347a51.php on line 136 and defined
[ error ] [2]Missing argument 3 for format_datetime(), called in /home/wwwroot/default/myblog/runtime/temp/fc8531413cc807152529a1ccc0347a51.php on line 136 and defined
[ error ] [2]Missing argument 3 for format_datetime(), called in /home/wwwroot/default/myblog/runtime/temp/fc8531413cc807152529a1ccc0347a51.php on line 136 and defined
[ error ] [2]Missing argument 3 for format_datetime(), called in /home/wwwroot/default/myblog/runtime/temp/fc8531413cc807152529a1ccc0347a51.php on line 136 and defined
[ error ] [2]Missing argument 3 for format_datetime(), called in /home/wwwroot/default/myblog/runtime/temp/fc8531413cc807152529a1ccc0347a51.php on line 136 and defined
[ error ] [2]Missing argument 3 for format_datetime(), called in /home/wwwroot/default/myblog/runtime/temp/fc8531413cc807152529a1ccc0347a51.php on line 136 and defined
[ error ] [2]Missing argument 3 for format_datetime(), called in /home/wwwroot/default/myblog/runtime/temp/fc8531413cc807152529a1ccc0347a51.php on line 136 and defined
[ error ] [2]Missing argument 3 for format_datetime(), called in /home/wwwroot/default/myblog/runtime/temp/fc8531413cc807152529a1ccc0347a51.php on line 136 and defined
[ error ] [2]Missing argument 3 for format_datetime(), called in /home/wwwroot/default/myblog/runtime/temp/fc8531413cc807152529a1ccc0347a51.php on line 136 and defined
[ error ] [2]Missing argument 3 for format_datetime(), called in /home/wwwroot/default/myblog/runtime/temp/fc8531413cc807152529a1ccc0347a51.php on line 136 and defined
[ error ] [8]未定义数组索引: avatar
[ error ] [8]未定义数组索引: nickname

---------------------------------------------------------------
