[ 2018-08-25T00:07:26+08:00 ] 172.17.0.5 124.160.123.170 GET /
[ log ] neweb.top/ [运行时间：0.031346s][吞吐率：31.90req/s] [内存消耗：3,764.18kb] [文件加载：56]
[ error ] [2]Missing argument 3 for format_datetime(), called in /home/wwwroot/default/myblog/runtime/temp/fc8531413cc807152529a1ccc0347a51.php on line 136 and defined
[ error ] [2]Missing argument 3 for format_datetime(), called in /home/wwwroot/default/myblog/runtime/temp/fc8531413cc807152529a1ccc0347a51.php on line 136 and defined
[ error ] [2]Missing argument 3 for format_datetime(), called in /home/wwwroot/default/myblog/runtime/temp/fc8531413cc807152529a1ccc0347a51.php on line 136 and defined
[ error ] [2]Missing argument 3 for format_datetime(), called in /home/wwwroot/default/myblog/runtime/temp/fc8531413cc807152529a1ccc0347a51.php on line 136 and defined
[ error ] [2]Missing argument 3 for format_datetime(), called in /home/wwwroot/default/myblog/runtime/temp/fc8531413cc807152529a1ccc0347a51.php on line 136 and defined
[ error ] [2]Missing argument 3 for format_datetime(), called in /home/wwwroot/default/myblog/runtime/temp/fc8531413cc807152529a1ccc0347a51.php on line 136 and defined
[ error ] [2]Missing argument 3 for format_datetime(), called in /home/wwwroot/default/myblog/runtime/temp/fc8531413cc807152529a1ccc0347a51.php on line 136 and defined
[ error ] [2]Missing argument 3 for format_datetime(), called in /home/wwwroot/default/myblog/runtime/temp/fc8531413cc807152529a1ccc0347a51.php on line 136 and defined
[ error ] [2]Missing argument 3 for format_datetime(), called in /home/wwwroot/default/myblog/runtime/temp/fc8531413cc807152529a1ccc0347a51.php on line 136 and defined
[ error ] [2]Missing argument 3 for format_datetime(), called in /home/wwwroot/default/myblog/runtime/temp/fc8531413cc807152529a1ccc0347a51.php on line 136 and defined
[ error ] [2]Missing argument 3 for format_datetime(), called in /home/wwwroot/default/myblog/runtime/temp/fc8531413cc807152529a1ccc0347a51.php on line 136 and defined
[ error ] [2]Missing argument 3 for format_datetime(), called in /home/wwwroot/default/myblog/runtime/temp/fc8531413cc807152529a1ccc0347a51.php on line 136 and defined
[ error ] [8]未定义数组索引: avatar
[ error ] [8]未定义数组索引: nickname

---------------------------------------------------------------
[ 2018-08-25T00:07:26+08:00 ] 172.17.0.5 124.160.123.170 HEAD /
[ log ] neweb.top/ [运行时间：0.029028s][吞吐率：34.45req/s] [内存消耗：3,762.66kb] [文件加载：56]
[ error ] [2]Missing argument 3 for format_datetime(), called in /home/wwwroot/default/myblog/runtime/temp/fc8531413cc807152529a1ccc0347a51.php on line 136 and defined
[ error ] [2]Missing argument 3 for format_datetime(), called in /home/wwwroot/default/myblog/runtime/temp/fc8531413cc807152529a1ccc0347a51.php on line 136 and defined
[ error ] [2]Missing argument 3 for format_datetime(), called in /home/wwwroot/default/myblog/runtime/temp/fc8531413cc807152529a1ccc0347a51.php on line 136 and defined
[ error ] [2]Missing argument 3 for format_datetime(), called in /home/wwwroot/default/myblog/runtime/temp/fc8531413cc807152529a1ccc0347a51.php on line 136 and defined
[ error ] [2]Missing argument 3 for format_datetime(), called in /home/wwwroot/default/myblog/runtime/temp/fc8531413cc807152529a1ccc0347a51.php on line 136 and defined
[ error ] [2]Missing argument 3 for format_datetime(), called in /home/wwwroot/default/myblog/runtime/temp/fc8531413cc807152529a1ccc0347a51.php on line 136 and defined
[ error ] [2]Missing argument 3 for format_datetime(), called in /home/wwwroot/default/myblog/runtime/temp/fc8531413cc807152529a1ccc0347a51.php on line 136 and defined
[ error ] [2]Missing argument 3 for format_datetime(), called in /home/wwwroot/default/myblog/runtime/temp/fc8531413cc807152529a1ccc0347a51.php on line 136 and defined
[ error ] [2]Missing argument 3 for format_datetime(), called in /home/wwwroot/default/myblog/runtime/temp/fc8531413cc807152529a1ccc0347a51.php on line 136 and defined
[ error ] [2]Missing argument 3 for format_datetime(), called in /home/wwwroot/default/myblog/runtime/temp/fc8531413cc807152529a1ccc0347a51.php on line 136 and defined
[ error ] [2]Missing argument 3 for format_datetime(), called in /home/wwwroot/default/myblog/runtime/temp/fc8531413cc807152529a1ccc0347a51.php on line 136 and defined
[ error ] [2]Missing argument 3 for format_datetime(), called in /home/wwwroot/default/myblog/runtime/temp/fc8531413cc807152529a1ccc0347a51.php on line 136 and defined
[ error ] [8]未定义数组索引: avatar
[ error ] [8]未定义数组索引: nickname

---------------------------------------------------------------
[ 2018-08-25T00:10:50+08:00 ] 172.17.0.5 74.82.47.4 GET /
[ log ] 111.231.93.174/ [运行时间：0.032503s][吞吐率：30.77req/s] [内存消耗：3,764.01kb] [文件加载：56]
[ error ] [2]Missing argument 3 for format_datetime(), called in /home/wwwroot/default/myblog/runtime/temp/fc8531413cc807152529a1ccc0347a51.php on line 136 and defined
[ error ] [2]Missing argument 3 for format_datetime(), called in /home/wwwroot/default/myblog/runtime/temp/fc8531413cc807152529a1ccc0347a51.php on line 136 and defined
[ error ] [2]Missing argument 3 for format_datetime(), called in /home/wwwroot/default/myblog/runtime/temp/fc8531413cc807152529a1ccc0347a51.php on line 136 and defined
[ error ] [2]Missing argument 3 for format_datetime(), called in /home/wwwroot/default/myblog/runtime/temp/fc8531413cc807152529a1ccc0347a51.php on line 136 and defined
[ error ] [2]Missing argument 3 for format_datetime(), called in /home/wwwroot/default/myblog/runtime/temp/fc8531413cc807152529a1ccc0347a51.php on line 136 and defined
[ error ] [2]Missing argument 3 for format_datetime(), called in /home/wwwroot/default/myblog/runtime/temp/fc8531413cc807152529a1ccc0347a51.php on line 136 and defined
[ error ] [2]Missing argument 3 for format_datetime(), called in /home/wwwroot/default/myblog/runtime/temp/fc8531413cc807152529a1ccc0347a51.php on line 136 and defined
[ error ] [2]Missing argument 3 for format_datetime(), called in /home/wwwroot/default/myblog/runtime/temp/fc8531413cc807152529a1ccc0347a51.php on line 136 and defined
[ error ] [2]Missing argument 3 for format_datetime(), called in /home/wwwroot/default/myblog/runtime/temp/fc8531413cc807152529a1ccc0347a51.php on line 136 and defined
[ error ] [2]Missing argument 3 for format_datetime(), called in /home/wwwroot/default/myblog/runtime/temp/fc8531413cc807152529a1ccc0347a51.php on line 136 and defined
[ error ] [2]Missing argument 3 for format_datetime(), called in /home/wwwroot/default/myblog/runtime/temp/fc8531413cc807152529a1ccc0347a51.php on line 136 and defined
[ error ] [2]Missing argument 3 for format_datetime(), called in /home/wwwroot/default/myblog/runtime/temp/fc8531413cc807152529a1ccc0347a51.php on line 136 and defined
[ error ] [8]未定义数组索引: avatar
[ error ] [8]未定义数组索引: nickname

---------------------------------------------------------------
[ 2018-08-25T01:23:40+08:00 ] 172.17.0.5 183.131.24.75 GET /index/picture/lists/category_id/27.html
[ log ] neweb.top/index/picture/lists/category_id/27.html [运行时间：0.080065s][吞吐率：12.49req/s] [内存消耗：3,920.13kb] [文件加载：61]
[ error ] [2]Missing argument 2 for app\common\model\Category::get_category_url_by_id(), called in /home/wwwroot/default/myblog/application/common/model/Category.php on line 233 and defined
[ error ] [8]未定义变量: categorys
[ error ] [2]Missing argument 2 for app\common\model\Category::get_category_url_by_id(), called in /home/wwwroot/default/myblog/application/common/model/Category.php on line 235 and defined
[ error ] [8]未定义变量: categorys
[ error ] [8]未定义数组下标: 27
[ error ] [2]Missing argument 3 for format_datetime(), called in /home/wwwroot/default/myblog/runtime/temp/ad8ddfb1f36a264d741f998fffe2cd11.php on line 141 and defined
[ error ] [8]未定义数组索引: avatar
[ error ] [8]未定义数组索引: nickname

---------------------------------------------------------------
[ 2018-08-25T07:20:47+08:00 ] 172.17.0.5 183.131.24.67 GET /
[ log ] neweb.top/ [运行时间：0.132497s][吞吐率：7.55req/s] [内存消耗：3,764.12kb] [文件加载：56]
[ error ] [2]Missing argument 3 for format_datetime(), called in /home/wwwroot/default/myblog/runtime/temp/fc8531413cc807152529a1ccc0347a51.php on line 136 and defined
[ error ] [2]Missing argument 3 for format_datetime(), called in /home/wwwroot/default/myblog/runtime/temp/fc8531413cc807152529a1ccc0347a51.php on line 136 and defined
[ error ] [2]Missing argument 3 for format_datetime(), called in /home/wwwroot/default/myblog/runtime/temp/fc8531413cc807152529a1ccc0347a51.php on line 136 and defined
[ error ] [2]Missing argument 3 for format_datetime(), called in /home/wwwroot/default/myblog/runtime/temp/fc8531413cc807152529a1ccc0347a51.php on line 136 and defined
[ error ] [2]Missing argument 3 for format_datetime(), called in /home/wwwroot/default/myblog/runtime/temp/fc8531413cc807152529a1ccc0347a51.php on line 136 and defined
[ error ] [2]Missing argument 3 for format_datetime(), called in /home/wwwroot/default/myblog/runtime/temp/fc8531413cc807152529a1ccc0347a51.php on line 136 and defined
[ error ] [2]Missing argument 3 for format_datetime(), called in /home/wwwroot/default/myblog/runtime/temp/fc8531413cc807152529a1ccc0347a51.php on line 136 and defined
[ error ] [2]Missing argument 3 for format_datetime(), called in /home/wwwroot/default/myblog/runtime/temp/fc8531413cc807152529a1ccc0347a51.php on line 136 and defined
[ error ] [2]Missing argument 3 for format_datetime(), called in /home/wwwroot/default/myblog/runtime/temp/fc8531413cc807152529a1ccc0347a51.php on line 136 and defined
[ error ] [2]Missing argument 3 for format_datetime(), called in /home/wwwroot/default/myblog/runtime/temp/fc8531413cc807152529a1ccc0347a51.php on line 136 and defined
[ error ] [2]Missing argument 3 for format_datetime(), called in /home/wwwroot/default/myblog/runtime/temp/fc8531413cc807152529a1ccc0347a51.php on line 136 and defined
[ error ] [2]Missing argument 3 for format_datetime(), called in /home/wwwroot/default/myblog/runtime/temp/fc8531413cc807152529a1ccc0347a51.php on line 136 and defined
[ error ] [8]未定义数组索引: avatar
[ error ] [8]未定义数组索引: nickname

---------------------------------------------------------------
[ 2018-08-25T07:20:51+08:00 ] 172.17.0.5 150.138.216.71 GET /
[ log ] neweb.top/ [运行时间：0.031564s][吞吐率：31.68req/s] [内存消耗：3,764.21kb] [文件加载：56]
[ error ] [2]Missing argument 3 for format_datetime(), called in /home/wwwroot/default/myblog/runtime/temp/fc8531413cc807152529a1ccc0347a51.php on line 136 and defined
[ error ] [2]Missing argument 3 for format_datetime(), called in /home/wwwroot/default/myblog/runtime/temp/fc8531413cc807152529a1ccc0347a51.php on line 136 and defined
[ error ] [2]Missing argument 3 for format_datetime(), called in /home/wwwroot/default/myblog/runtime/temp/fc8531413cc807152529a1ccc0347a51.php on line 136 and defined
[ error ] [2]Missing argument 3 for format_datetime(), called in /home/wwwroot/default/myblog/runtime/temp/fc8531413cc807152529a1ccc0347a51.php on line 136 and defined
[ error ] [2]Missing argument 3 for format_datetime(), called in /home/wwwroot/default/myblog/runtime/temp/fc8531413cc807152529a1ccc0347a51.php on line 136 and defined
[ error ] [2]Missing argument 3 for format_datetime(), called in /home/wwwroot/default/myblog/runtime/temp/fc8531413cc807152529a1ccc0347a51.php on line 136 and defined
[ error ] [2]Missing argument 3 for format_datetime(), called in /home/wwwroot/default/myblog/runtime/temp/fc8531413cc807152529a1ccc0347a51.php on line 136 and defined
[ error ] [2]Missing argument 3 for format_datetime(), called in /home/wwwroot/default/myblog/runtime/temp/fc8531413cc807152529a1ccc0347a51.php on line 136 and defined
[ error ] [2]Missing argument 3 for format_datetime(), called in /home/wwwroot/default/myblog/runtime/temp/fc8531413cc807152529a1ccc0347a51.php on line 136 and defined
[ error ] [2]Missing argument 3 for format_datetime(), called in /home/wwwroot/default/myblog/runtime/temp/fc8531413cc807152529a1ccc0347a51.php on line 136 and defined
[ error ] [2]Missing argument 3 for format_datetime(), called in /home/wwwroot/default/myblog/runtime/temp/fc8531413cc807152529a1ccc0347a51.php on line 136 and defined
[ error ] [2]Missing argument 3 for format_datetime(), called in /home/wwwroot/default/myblog/runtime/temp/fc8531413cc807152529a1ccc0347a51.php on line 136 and defined
[ error ] [8]未定义数组索引: avatar
[ error ] [8]未定义数组索引: nickname

---------------------------------------------------------------
[ 2018-08-25T07:21:36+08:00 ] 172.17.0.5 183.131.24.68 GET /
[ log ] neweb.top/ [运行时间：0.035947s][吞吐率：27.82req/s] [内存消耗：3,763.95kb] [文件加载：56]
[ error ] [2]Missing argument 3 for format_datetime(), called in /home/wwwroot/default/myblog/runtime/temp/fc8531413cc807152529a1ccc0347a51.php on line 136 and defined
[ error ] [2]Missing argument 3 for format_datetime(), called in /home/wwwroot/default/myblog/runtime/temp/fc8531413cc807152529a1ccc0347a51.php on line 136 and defined
[ error ] [2]Missing argument 3 for format_datetime(), called in /home/wwwroot/default/myblog/runtime/temp/fc8531413cc807152529a1ccc0347a51.php on line 136 and defined
[ error ] [2]Missing argument 3 for format_datetime(), called in /home/wwwroot/default/myblog/runtime/temp/fc8531413cc807152529a1ccc0347a51.php on line 136 and defined
[ error ] [2]Missing argument 3 for format_datetime(), called in /home/wwwroot/default/myblog/runtime/temp/fc8531413cc807152529a1ccc0347a51.php on line 136 and defined
[ error ] [2]Missing argument 3 for format_datetime(), called in /home/wwwroot/default/myblog/runtime/temp/fc8531413cc807152529a1ccc0347a51.php on line 136 and defined
[ error ] [2]Missing argument 3 for format_datetime(), called in /home/wwwroot/default/myblog/runtime/temp/fc8531413cc807152529a1ccc0347a51.php on line 136 and defined
[ error ] [2]Missing argument 3 for format_datetime(), called in /home/wwwroot/default/myblog/runtime/temp/fc8531413cc807152529a1ccc0347a51.php on line 136 and defined
[ error ] [2]Missing argument 3 for format_datetime(), called in /home/wwwroot/default/myblog/runtime/temp/fc8531413cc807152529a1ccc0347a51.php on line 136 and defined
[ error ] [2]Missing argument 3 for format_datetime(), called in /home/wwwroot/default/myblog/runtime/temp/fc8531413cc807152529a1ccc0347a51.php on line 136 and defined
[ error ] [2]Missing argument 3 for format_datetime(), called in /home/wwwroot/default/myblog/runtime/temp/fc8531413cc807152529a1ccc0347a51.php on line 136 and defined
[ error ] [2]Missing argument 3 for format_datetime(), called in /home/wwwroot/default/myblog/runtime/temp/fc8531413cc807152529a1ccc0347a51.php on line 136 and defined
[ error ] [8]未定义数组索引: avatar
[ error ] [8]未定义数组索引: nickname

---------------------------------------------------------------
[ 2018-08-25T07:21:46+08:00 ] 172.17.0.5 183.131.24.74 GET /
[ log ] neweb.top/ [运行时间：0.036594s][吞吐率：27.33req/s] [内存消耗：3,764.19kb] [文件加载：56]
[ error ] [2]Missing argument 3 for format_datetime(), called in /home/wwwroot/default/myblog/runtime/temp/fc8531413cc807152529a1ccc0347a51.php on line 136 and defined
[ error ] [2]Missing argument 3 for format_datetime(), called in /home/wwwroot/default/myblog/runtime/temp/fc8531413cc807152529a1ccc0347a51.php on line 136 and defined
[ error ] [2]Missing argument 3 for format_datetime(), called in /home/wwwroot/default/myblog/runtime/temp/fc8531413cc807152529a1ccc0347a51.php on line 136 and defined
[ error ] [2]Missing argument 3 for format_datetime(), called in /home/wwwroot/default/myblog/runtime/temp/fc8531413cc807152529a1ccc0347a51.php on line 136 and defined
[ error ] [2]Missing argument 3 for format_datetime(), called in /home/wwwroot/default/myblog/runtime/temp/fc8531413cc807152529a1ccc0347a51.php on line 136 and defined
[ error ] [2]Missing argument 3 for format_datetime(), called in /home/wwwroot/default/myblog/runtime/temp/fc8531413cc807152529a1ccc0347a51.php on line 136 and defined
[ error ] [2]Missing argument 3 for format_datetime(), called in /home/wwwroot/default/myblog/runtime/temp/fc8531413cc807152529a1ccc0347a51.php on line 136 and defined
[ error ] [2]Missing argument 3 for format_datetime(), called in /home/wwwroot/default/myblog/runtime/temp/fc8531413cc807152529a1ccc0347a51.php on line 136 and defined
[ error ] [2]Missing argument 3 for format_datetime(), called in /home/wwwroot/default/myblog/runtime/temp/fc8531413cc807152529a1ccc0347a51.php on line 136 and defined
[ error ] [2]Missing argument 3 for format_datetime(), called in /home/wwwroot/default/myblog/runtime/temp/fc8531413cc807152529a1ccc0347a51.php on line 136 and defined
[ error ] [2]Missing argument 3 for format_datetime(), called in /home/wwwroot/default/myblog/runtime/temp/fc8531413cc807152529a1ccc0347a51.php on line 136 and defined
[ error ] [2]Missing argument 3 for format_datetime(), called in /home/wwwroot/default/myblog/runtime/temp/fc8531413cc807152529a1ccc0347a51.php on line 136 and defined
[ error ] [8]未定义数组索引: avatar
[ error ] [8]未定义数组索引: nickname

---------------------------------------------------------------
[ 2018-08-25T07:21:50+08:00 ] 172.17.0.5 183.131.24.75 GET /
[ log ] neweb.top/ [运行时间：0.040133s][吞吐率：24.92req/s] [内存消耗：3,764.20kb] [文件加载：56]
[ error ] [2]Missing argument 3 for format_datetime(), called in /home/wwwroot/default/myblog/runtime/temp/fc8531413cc807152529a1ccc0347a51.php on line 136 and defined
[ error ] [2]Missing argument 3 for format_datetime(), called in /home/wwwroot/default/myblog/runtime/temp/fc8531413cc807152529a1ccc0347a51.php on line 136 and defined
[ error ] [2]Missing argument 3 for format_datetime(), called in /home/wwwroot/default/myblog/runtime/temp/fc8531413cc807152529a1ccc0347a51.php on line 136 and defined
[ error ] [2]Missing argument 3 for format_datetime(), called in /home/wwwroot/default/myblog/runtime/temp/fc8531413cc807152529a1ccc0347a51.php on line 136 and defined
[ error ] [2]Missing argument 3 for format_datetime(), called in /home/wwwroot/default/myblog/runtime/temp/fc8531413cc807152529a1ccc0347a51.php on line 136 and defined
[ error ] [2]Missing argument 3 for format_datetime(), called in /home/wwwroot/default/myblog/runtime/temp/fc8531413cc807152529a1ccc0347a51.php on line 136 and defined
[ error ] [2]Missing argument 3 for format_datetime(), called in /home/wwwroot/default/myblog/runtime/temp/fc8531413cc807152529a1ccc0347a51.php on line 136 and defined
[ error ] [2]Missing argument 3 for format_datetime(), called in /home/wwwroot/default/myblog/runtime/temp/fc8531413cc807152529a1ccc0347a51.php on line 136 and defined
[ error ] [2]Missing argument 3 for format_datetime(), called in /home/wwwroot/default/myblog/runtime/temp/fc8531413cc807152529a1ccc0347a51.php on line 136 and defined
[ error ] [2]Missing argument 3 for format_datetime(), called in /home/wwwroot/default/myblog/runtime/temp/fc8531413cc807152529a1ccc0347a51.php on line 136 and defined
[ error ] [2]Missing argument 3 for format_datetime(), called in /home/wwwroot/default/myblog/runtime/temp/fc8531413cc807152529a1ccc0347a51.php on line 136 and defined
[ error ] [2]Missing argument 3 for format_datetime(), called in /home/wwwroot/default/myblog/runtime/temp/fc8531413cc807152529a1ccc0347a51.php on line 136 and defined
[ error ] [8]未定义数组索引: avatar
[ error ] [8]未定义数组索引: nickname

---------------------------------------------------------------
[ 2018-08-25T08:11:36+08:00 ] 172.17.0.5 183.131.24.68 GET /
[ log ] neweb.top/ [运行时间：0.031688s][吞吐率：31.56req/s] [内存消耗：3,763.97kb] [文件加载：56]
[ error ] [2]Missing argument 3 for format_datetime(), called in /home/wwwroot/default/myblog/runtime/temp/fc8531413cc807152529a1ccc0347a51.php on line 136 and defined
[ error ] [2]Missing argument 3 for format_datetime(), called in /home/wwwroot/default/myblog/runtime/temp/fc8531413cc807152529a1ccc0347a51.php on line 136 and defined
[ error ] [2]Missing argument 3 for format_datetime(), called in /home/wwwroot/default/myblog/runtime/temp/fc8531413cc807152529a1ccc0347a51.php on line 136 and defined
[ error ] [2]Missing argument 3 for format_datetime(), called in /home/wwwroot/default/myblog/runtime/temp/fc8531413cc807152529a1ccc0347a51.php on line 136 and defined
[ error ] [2]Missing argument 3 for format_datetime(), called in /home/wwwroot/default/myblog/runtime/temp/fc8531413cc807152529a1ccc0347a51.php on line 136 and defined
[ error ] [2]Missing argument 3 for format_datetime(), called in /home/wwwroot/default/myblog/runtime/temp/fc8531413cc807152529a1ccc0347a51.php on line 136 and defined
[ error ] [2]Missing argument 3 for format_datetime(), called in /home/wwwroot/default/myblog/runtime/temp/fc8531413cc807152529a1ccc0347a51.php on line 136 and defined
[ error ] [2]Missing argument 3 for format_datetime(), called in /home/wwwroot/default/myblog/runtime/temp/fc8531413cc807152529a1ccc0347a51.php on line 136 and defined
[ error ] [2]Missing argument 3 for format_datetime(), called in /home/wwwroot/default/myblog/runtime/temp/fc8531413cc807152529a1ccc0347a51.php on line 136 and defined
[ error ] [2]Missing argument 3 for format_datetime(), called in /home/wwwroot/default/myblog/runtime/temp/fc8531413cc807152529a1ccc0347a51.php on line 136 and defined
[ error ] [2]Missing argument 3 for format_datetime(), called in /home/wwwroot/default/myblog/runtime/temp/fc8531413cc807152529a1ccc0347a51.php on line 136 and defined
[ error ] [2]Missing argument 3 for format_datetime(), called in /home/wwwroot/default/myblog/runtime/temp/fc8531413cc807152529a1ccc0347a51.php on line 136 and defined
[ error ] [8]未定义数组索引: avatar
[ error ] [8]未定义数组索引: nickname

---------------------------------------------------------------
[ 2018-08-25T08:48:46+08:00 ] 172.17.0.5 119.188.116.4 GET /
[ log ] neweb.top/ [运行时间：0.034381s][吞吐率：29.09req/s] [内存消耗：3,764.22kb] [文件加载：56]
[ error ] [2]Missing argument 3 for format_datetime(), called in /home/wwwroot/default/myblog/runtime/temp/fc8531413cc807152529a1ccc0347a51.php on line 136 and defined
[ error ] [2]Missing argument 3 for format_datetime(), called in /home/wwwroot/default/myblog/runtime/temp/fc8531413cc807152529a1ccc0347a51.php on line 136 and defined
[ error ] [2]Missing argument 3 for format_datetime(), called in /home/wwwroot/default/myblog/runtime/temp/fc8531413cc807152529a1ccc0347a51.php on line 136 and defined
[ error ] [2]Missing argument 3 for format_datetime(), called in /home/wwwroot/default/myblog/runtime/temp/fc8531413cc807152529a1ccc0347a51.php on line 136 and defined
[ error ] [2]Missing argument 3 for format_datetime(), called in /home/wwwroot/default/myblog/runtime/temp/fc8531413cc807152529a1ccc0347a51.php on line 136 and defined
[ error ] [2]Missing argument 3 for format_datetime(), called in /home/wwwroot/default/myblog/runtime/temp/fc8531413cc807152529a1ccc0347a51.php on line 136 and defined
[ error ] [2]Missing argument 3 for format_datetime(), called in /home/wwwroot/default/myblog/runtime/temp/fc8531413cc807152529a1ccc0347a51.php on line 136 and defined
[ error ] [2]Missing argument 3 for format_datetime(), called in /home/wwwroot/default/myblog/runtime/temp/fc8531413cc807152529a1ccc0347a51.php on line 136 and defined
[ error ] [2]Missing argument 3 for format_datetime(), called in /home/wwwroot/default/myblog/runtime/temp/fc8531413cc807152529a1ccc0347a51.php on line 136 and defined
[ error ] [2]Missing argument 3 for format_datetime(), called in /home/wwwroot/default/myblog/runtime/temp/fc8531413cc807152529a1ccc0347a51.php on line 136 and defined
[ error ] [2]Missing argument 3 for format_datetime(), called in /home/wwwroot/default/myblog/runtime/temp/fc8531413cc807152529a1ccc0347a51.php on line 136 and defined
[ error ] [2]Missing argument 3 for format_datetime(), called in /home/wwwroot/default/myblog/runtime/temp/fc8531413cc807152529a1ccc0347a51.php on line 136 and defined
[ error ] [8]未定义数组索引: avatar
[ error ] [8]未定义数组索引: nickname

---------------------------------------------------------------
[ 2018-08-25T09:08:14+08:00 ] 172.17.0.5 150.138.216.69 GET /
[ log ] neweb.top/ [运行时间：0.031337s][吞吐率：31.91req/s] [内存消耗：3,764.30kb] [文件加载：56]
[ error ] [2]Missing argument 3 for format_datetime(), called in /home/wwwroot/default/myblog/runtime/temp/fc8531413cc807152529a1ccc0347a51.php on line 136 and defined
[ error ] [2]Missing argument 3 for format_datetime(), called in /home/wwwroot/default/myblog/runtime/temp/fc8531413cc807152529a1ccc0347a51.php on line 136 and defined
[ error ] [2]Missing argument 3 for format_datetime(), called in /home/wwwroot/default/myblog/runtime/temp/fc8531413cc807152529a1ccc0347a51.php on line 136 and defined
[ error ] [2]Missing argument 3 for format_datetime(), called in /home/wwwroot/default/myblog/runtime/temp/fc8531413cc807152529a1ccc0347a51.php on line 136 and defined
[ error ] [2]Missing argument 3 for format_datetime(), called in /home/wwwroot/default/myblog/runtime/temp/fc8531413cc807152529a1ccc0347a51.php on line 136 and defined
[ error ] [2]Missing argument 3 for format_datetime(), called in /home/wwwroot/default/myblog/runtime/temp/fc8531413cc807152529a1ccc0347a51.php on line 136 and defined
[ error ] [2]Missing argument 3 for format_datetime(), called in /home/wwwroot/default/myblog/runtime/temp/fc8531413cc807152529a1ccc0347a51.php on line 136 and defined
[ error ] [2]Missing argument 3 for format_datetime(), called in /home/wwwroot/default/myblog/runtime/temp/fc8531413cc807152529a1ccc0347a51.php on line 136 and defined
[ error ] [2]Missing argument 3 for format_datetime(), called in /home/wwwroot/default/myblog/runtime/temp/fc8531413cc807152529a1ccc0347a51.php on line 136 and defined
[ error ] [2]Missing argument 3 for format_datetime(), called in /home/wwwroot/default/myblog/runtime/temp/fc8531413cc807152529a1ccc0347a51.php on line 136 and defined
[ error ] [2]Missing argument 3 for format_datetime(), called in /home/wwwroot/default/myblog/runtime/temp/fc8531413cc807152529a1ccc0347a51.php on line 136 and defined
[ error ] [2]Missing argument 3 for format_datetime(), called in /home/wwwroot/default/myblog/runtime/temp/fc8531413cc807152529a1ccc0347a51.php on line 136 and defined
[ error ] [8]未定义数组索引: avatar
[ error ] [8]未定义数组索引: nickname

---------------------------------------------------------------
[ 2018-08-25T12:22:16+08:00 ] 172.17.0.5 124.160.123.171 GET /index/page/index/category_id/24.html
[ log ] neweb.top/index/page/index/category_id/24.html [运行时间：0.029860s][吞吐率：33.49req/s] [内存消耗：3,372.99kb] [文件加载：57]
[ error ] [2]Missing argument 2 for app\common\model\Category::get_category_url_by_id(), called in /home/wwwroot/default/myblog/application/common/model/Category.php on line 233 and defined
[ error ] [8]未定义变量: categorys
[ error ] [2]Missing argument 2 for app\common\model\Category::get_category_url_by_id(), called in /home/wwwroot/default/myblog/application/common/model/Category.php on line 235 and defined
[ error ] [8]未定义变量: categorys
[ error ] [8]未定义数组下标: 24
[ error ] [8]未定义数组索引: avatar
[ error ] [8]未定义数组索引: nickname

---------------------------------------------------------------
[ 2018-08-25T13:21:26+08:00 ] 172.17.0.5 157.255.17.72 GET /
[ log ] neweb.top/ [运行时间：0.031994s][吞吐率：31.26req/s] [内存消耗：3,764.30kb] [文件加载：56]
[ error ] [2]Missing argument 3 for format_datetime(), called in /home/wwwroot/default/myblog/runtime/temp/fc8531413cc807152529a1ccc0347a51.php on line 136 and defined
[ error ] [2]Missing argument 3 for format_datetime(), called in /home/wwwroot/default/myblog/runtime/temp/fc8531413cc807152529a1ccc0347a51.php on line 136 and defined
[ error ] [2]Missing argument 3 for format_datetime(), called in /home/wwwroot/default/myblog/runtime/temp/fc8531413cc807152529a1ccc0347a51.php on line 136 and defined
[ error ] [2]Missing argument 3 for format_datetime(), called in /home/wwwroot/default/myblog/runtime/temp/fc8531413cc807152529a1ccc0347a51.php on line 136 and defined
[ error ] [2]Missing argument 3 for format_datetime(), called in /home/wwwroot/default/myblog/runtime/temp/fc8531413cc807152529a1ccc0347a51.php on line 136 and defined
[ error ] [2]Missing argument 3 for format_datetime(), called in /home/wwwroot/default/myblog/runtime/temp/fc8531413cc807152529a1ccc0347a51.php on line 136 and defined
[ error ] [2]Missing argument 3 for format_datetime(), called in /home/wwwroot/default/myblog/runtime/temp/fc8531413cc807152529a1ccc0347a51.php on line 136 and defined
[ error ] [2]Missing argument 3 for format_datetime(), called in /home/wwwroot/default/myblog/runtime/temp/fc8531413cc807152529a1ccc0347a51.php on line 136 and defined
[ error ] [2]Missing argument 3 for format_datetime(), called in /home/wwwroot/default/myblog/runtime/temp/fc8531413cc807152529a1ccc0347a51.php on line 136 and defined
[ error ] [2]Missing argument 3 for format_datetime(), called in /home/wwwroot/default/myblog/runtime/temp/fc8531413cc807152529a1ccc0347a51.php on line 136 and defined
[ error ] [2]Missing argument 3 for format_datetime(), called in /home/wwwroot/default/myblog/runtime/temp/fc8531413cc807152529a1ccc0347a51.php on line 136 and defined
[ error ] [2]Missing argument 3 for format_datetime(), called in /home/wwwroot/default/myblog/runtime/temp/fc8531413cc807152529a1ccc0347a51.php on line 136 and defined
[ error ] [8]未定义数组索引: avatar
[ error ] [8]未定义数组索引: nickname

---------------------------------------------------------------
[ 2018-08-25T14:13:34+08:00 ] 172.17.0.5 183.131.24.70 GET /
[ log ] neweb.top/ [运行时间：0.030642s][吞吐率：32.63req/s] [内存消耗：3,763.97kb] [文件加载：56]
[ error ] [2]Missing argument 3 for format_datetime(), called in /home/wwwroot/default/myblog/runtime/temp/fc8531413cc807152529a1ccc0347a51.php on line 136 and defined
[ error ] [2]Missing argument 3 for format_datetime(), called in /home/wwwroot/default/myblog/runtime/temp/fc8531413cc807152529a1ccc0347a51.php on line 136 and defined
[ error ] [2]Missing argument 3 for format_datetime(), called in /home/wwwroot/default/myblog/runtime/temp/fc8531413cc807152529a1ccc0347a51.php on line 136 and defined
[ error ] [2]Missing argument 3 for format_datetime(), called in /home/wwwroot/default/myblog/runtime/temp/fc8531413cc807152529a1ccc0347a51.php on line 136 and defined
[ error ] [2]Missing argument 3 for format_datetime(), called in /home/wwwroot/default/myblog/runtime/temp/fc8531413cc807152529a1ccc0347a51.php on line 136 and defined
[ error ] [2]Missing argument 3 for format_datetime(), called in /home/wwwroot/default/myblog/runtime/temp/fc8531413cc807152529a1ccc0347a51.php on line 136 and defined
[ error ] [2]Missing argument 3 for format_datetime(), called in /home/wwwroot/default/myblog/runtime/temp/fc8531413cc807152529a1ccc0347a51.php on line 136 and defined
[ error ] [2]Missing argument 3 for format_datetime(), called in /home/wwwroot/default/myblog/runtime/temp/fc8531413cc807152529a1ccc0347a51.php on line 136 and defined
[ error ] [2]Missing argument 3 for format_datetime(), called in /home/wwwroot/default/myblog/runtime/temp/fc8531413cc807152529a1ccc0347a51.php on line 136 and defined
[ error ] [2]Missing argument 3 for format_datetime(), called in /home/wwwroot/default/myblog/runtime/temp/fc8531413cc807152529a1ccc0347a51.php on line 136 and defined
[ error ] [2]Missing argument 3 for format_datetime(), called in /home/wwwroot/default/myblog/runtime/temp/fc8531413cc807152529a1ccc0347a51.php on line 136 and defined
[ error ] [2]Missing argument 3 for format_datetime(), called in /home/wwwroot/default/myblog/runtime/temp/fc8531413cc807152529a1ccc0347a51.php on line 136 and defined
[ error ] [8]未定义数组索引: avatar
[ error ] [8]未定义数组索引: nickname

---------------------------------------------------------------
[ 2018-08-25T22:32:32+08:00 ] 172.17.0.5 183.131.24.73 GET /
[ log ] neweb.top/ [运行时间：0.579701s][吞吐率：1.73req/s] [内存消耗：3,764.22kb] [文件加载：56]
[ error ] [2]Missing argument 3 for format_datetime(), called in /home/wwwroot/default/myblog/runtime/temp/fc8531413cc807152529a1ccc0347a51.php on line 136 and defined
[ error ] [2]Missing argument 3 for format_datetime(), called in /home/wwwroot/default/myblog/runtime/temp/fc8531413cc807152529a1ccc0347a51.php on line 136 and defined
[ error ] [2]Missing argument 3 for format_datetime(), called in /home/wwwroot/default/myblog/runtime/temp/fc8531413cc807152529a1ccc0347a51.php on line 136 and defined
[ error ] [2]Missing argument 3 for format_datetime(), called in /home/wwwroot/default/myblog/runtime/temp/fc8531413cc807152529a1ccc0347a51.php on line 136 and defined
[ error ] [2]Missing argument 3 for format_datetime(), called in /home/wwwroot/default/myblog/runtime/temp/fc8531413cc807152529a1ccc0347a51.php on line 136 and defined
[ error ] [2]Missing argument 3 for format_datetime(), called in /home/wwwroot/default/myblog/runtime/temp/fc8531413cc807152529a1ccc0347a51.php on line 136 and defined
[ error ] [2]Missing argument 3 for format_datetime(), called in /home/wwwroot/default/myblog/runtime/temp/fc8531413cc807152529a1ccc0347a51.php on line 136 and defined
[ error ] [2]Missing argument 3 for format_datetime(), called in /home/wwwroot/default/myblog/runtime/temp/fc8531413cc807152529a1ccc0347a51.php on line 136 and defined
[ error ] [2]Missing argument 3 for format_datetime(), called in /home/wwwroot/default/myblog/runtime/temp/fc8531413cc807152529a1ccc0347a51.php on line 136 and defined
[ error ] [2]Missing argument 3 for format_datetime(), called in /home/wwwroot/default/myblog/runtime/temp/fc8531413cc807152529a1ccc0347a51.php on line 136 and defined
[ error ] [2]Missing argument 3 for format_datetime(), called in /home/wwwroot/default/myblog/runtime/temp/fc8531413cc807152529a1ccc0347a51.php on line 136 and defined
[ error ] [2]Missing argument 3 for format_datetime(), called in /home/wwwroot/default/myblog/runtime/temp/fc8531413cc807152529a1ccc0347a51.php on line 136 and defined
[ error ] [8]未定义数组索引: avatar
[ error ] [8]未定义数组索引: nickname

---------------------------------------------------------------
[ 2018-08-25T23:38:31+08:00 ] 172.17.0.5 216.218.206.66 GET /
[ log ] 111.231.93.174/ [运行时间：0.039918s][吞吐率：25.05req/s] [内存消耗：3,764.01kb] [文件加载：56]
[ error ] [2]Missing argument 3 for format_datetime(), called in /home/wwwroot/default/myblog/runtime/temp/fc8531413cc807152529a1ccc0347a51.php on line 136 and defined
[ error ] [2]Missing argument 3 for format_datetime(), called in /home/wwwroot/default/myblog/runtime/temp/fc8531413cc807152529a1ccc0347a51.php on line 136 and defined
[ error ] [2]Missing argument 3 for format_datetime(), called in /home/wwwroot/default/myblog/runtime/temp/fc8531413cc807152529a1ccc0347a51.php on line 136 and defined
[ error ] [2]Missing argument 3 for format_datetime(), called in /home/wwwroot/default/myblog/runtime/temp/fc8531413cc807152529a1ccc0347a51.php on line 136 and defined
[ error ] [2]Missing argument 3 for format_datetime(), called in /home/wwwroot/default/myblog/runtime/temp/fc8531413cc807152529a1ccc0347a51.php on line 136 and defined
[ error ] [2]Missing argument 3 for format_datetime(), called in /home/wwwroot/default/myblog/runtime/temp/fc8531413cc807152529a1ccc0347a51.php on line 136 and defined
[ error ] [2]Missing argument 3 for format_datetime(), called in /home/wwwroot/default/myblog/runtime/temp/fc8531413cc807152529a1ccc0347a51.php on line 136 and defined
[ error ] [2]Missing argument 3 for format_datetime(), called in /home/wwwroot/default/myblog/runtime/temp/fc8531413cc807152529a1ccc0347a51.php on line 136 and defined
[ error ] [2]Missing argument 3 for format_datetime(), called in /home/wwwroot/default/myblog/runtime/temp/fc8531413cc807152529a1ccc0347a51.php on line 136 and defined
[ error ] [2]Missing argument 3 for format_datetime(), called in /home/wwwroot/default/myblog/runtime/temp/fc8531413cc807152529a1ccc0347a51.php on line 136 and defined
[ error ] [2]Missing argument 3 for format_datetime(), called in /home/wwwroot/default/myblog/runtime/temp/fc8531413cc807152529a1ccc0347a51.php on line 136 and defined
[ error ] [2]Missing argument 3 for format_datetime(), called in /home/wwwroot/default/myblog/runtime/temp/fc8531413cc807152529a1ccc0347a51.php on line 136 and defined
[ error ] [8]未定义数组索引: avatar
[ error ] [8]未定义数组索引: nickname

---------------------------------------------------------------
