[ 2018-09-04T00:37:18+08:00 ] 172.17.0.5 60.191.38.77 GET /
[ log ] 111.231.93.174:443/ [运行时间：0.064068s][吞吐率：15.61req/s] [内存消耗：3,764.40kb] [文件加载：56]
[ error ] [2]Missing argument 3 for format_datetime(), called in /home/wwwroot/default/myblog/runtime/temp/fc8531413cc807152529a1ccc0347a51.php on line 136 and defined
[ error ] [2]Missing argument 3 for format_datetime(), called in /home/wwwroot/default/myblog/runtime/temp/fc8531413cc807152529a1ccc0347a51.php on line 136 and defined
[ error ] [2]Missing argument 3 for format_datetime(), called in /home/wwwroot/default/myblog/runtime/temp/fc8531413cc807152529a1ccc0347a51.php on line 136 and defined
[ error ] [2]Missing argument 3 for format_datetime(), called in /home/wwwroot/default/myblog/runtime/temp/fc8531413cc807152529a1ccc0347a51.php on line 136 and defined
[ error ] [2]Missing argument 3 for format_datetime(), called in /home/wwwroot/default/myblog/runtime/temp/fc8531413cc807152529a1ccc0347a51.php on line 136 and defined
[ error ] [2]Missing argument 3 for format_datetime(), called in /home/wwwroot/default/myblog/runtime/temp/fc8531413cc807152529a1ccc0347a51.php on line 136 and defined
[ error ] [2]Missing argument 3 for format_datetime(), called in /home/wwwroot/default/myblog/runtime/temp/fc8531413cc807152529a1ccc0347a51.php on line 136 and defined
[ error ] [2]Missing argument 3 for format_datetime(), called in /home/wwwroot/default/myblog/runtime/temp/fc8531413cc807152529a1ccc0347a51.php on line 136 and defined
[ error ] [2]Missing argument 3 for format_datetime(), called in /home/wwwroot/default/myblog/runtime/temp/fc8531413cc807152529a1ccc0347a51.php on line 136 and defined
[ error ] [2]Missing argument 3 for format_datetime(), called in /home/wwwroot/default/myblog/runtime/temp/fc8531413cc807152529a1ccc0347a51.php on line 136 and defined
[ error ] [2]Missing argument 3 for format_datetime(), called in /home/wwwroot/default/myblog/runtime/temp/fc8531413cc807152529a1ccc0347a51.php on line 136 and defined
[ error ] [2]Missing argument 3 for format_datetime(), called in /home/wwwroot/default/myblog/runtime/temp/fc8531413cc807152529a1ccc0347a51.php on line 136 and defined
[ error ] [8]未定义数组索引: avatar
[ error ] [8]未定义数组索引: nickname

---------------------------------------------------------------
[ 2018-09-04T02:59:56+08:00 ] 172.17.0.5 183.60.210.62 GET /
[ log ] 111.231.93.174/ [运行时间：0.028292s][吞吐率：35.35req/s] [内存消耗：3,764.22kb] [文件加载：56]
[ error ] [2]Missing argument 3 for format_datetime(), called in /home/wwwroot/default/myblog/runtime/temp/fc8531413cc807152529a1ccc0347a51.php on line 136 and defined
[ error ] [2]Missing argument 3 for format_datetime(), called in /home/wwwroot/default/myblog/runtime/temp/fc8531413cc807152529a1ccc0347a51.php on line 136 and defined
[ error ] [2]Missing argument 3 for format_datetime(), called in /home/wwwroot/default/myblog/runtime/temp/fc8531413cc807152529a1ccc0347a51.php on line 136 and defined
[ error ] [2]Missing argument 3 for format_datetime(), called in /home/wwwroot/default/myblog/runtime/temp/fc8531413cc807152529a1ccc0347a51.php on line 136 and defined
[ error ] [2]Missing argument 3 for format_datetime(), called in /home/wwwroot/default/myblog/runtime/temp/fc8531413cc807152529a1ccc0347a51.php on line 136 and defined
[ error ] [2]Missing argument 3 for format_datetime(), called in /home/wwwroot/default/myblog/runtime/temp/fc8531413cc807152529a1ccc0347a51.php on line 136 and defined
[ error ] [2]Missing argument 3 for format_datetime(), called in /home/wwwroot/default/myblog/runtime/temp/fc8531413cc807152529a1ccc0347a51.php on line 136 and defined
[ error ] [2]Missing argument 3 for format_datetime(), called in /home/wwwroot/default/myblog/runtime/temp/fc8531413cc807152529a1ccc0347a51.php on line 136 and defined
[ error ] [2]Missing argument 3 for format_datetime(), called in /home/wwwroot/default/myblog/runtime/temp/fc8531413cc807152529a1ccc0347a51.php on line 136 and defined
[ error ] [2]Missing argument 3 for format_datetime(), called in /home/wwwroot/default/myblog/runtime/temp/fc8531413cc807152529a1ccc0347a51.php on line 136 and defined
[ error ] [2]Missing argument 3 for format_datetime(), called in /home/wwwroot/default/myblog/runtime/temp/fc8531413cc807152529a1ccc0347a51.php on line 136 and defined
[ error ] [2]Missing argument 3 for format_datetime(), called in /home/wwwroot/default/myblog/runtime/temp/fc8531413cc807152529a1ccc0347a51.php on line 136 and defined
[ error ] [8]未定义数组索引: avatar
[ error ] [8]未定义数组索引: nickname

---------------------------------------------------------------
[ 2018-09-04T04:35:39+08:00 ] 172.17.0.5 107.170.209.237 GET /
[ log ] 111.231.93.174/ [运行时间：0.035592s][吞吐率：28.10req/s] [内存消耗：3,764.28kb] [文件加载：56]
[ error ] [2]Missing argument 3 for format_datetime(), called in /home/wwwroot/default/myblog/runtime/temp/fc8531413cc807152529a1ccc0347a51.php on line 136 and defined
[ error ] [2]Missing argument 3 for format_datetime(), called in /home/wwwroot/default/myblog/runtime/temp/fc8531413cc807152529a1ccc0347a51.php on line 136 and defined
[ error ] [2]Missing argument 3 for format_datetime(), called in /home/wwwroot/default/myblog/runtime/temp/fc8531413cc807152529a1ccc0347a51.php on line 136 and defined
[ error ] [2]Missing argument 3 for format_datetime(), called in /home/wwwroot/default/myblog/runtime/temp/fc8531413cc807152529a1ccc0347a51.php on line 136 and defined
[ error ] [2]Missing argument 3 for format_datetime(), called in /home/wwwroot/default/myblog/runtime/temp/fc8531413cc807152529a1ccc0347a51.php on line 136 and defined
[ error ] [2]Missing argument 3 for format_datetime(), called in /home/wwwroot/default/myblog/runtime/temp/fc8531413cc807152529a1ccc0347a51.php on line 136 and defined
[ error ] [2]Missing argument 3 for format_datetime(), called in /home/wwwroot/default/myblog/runtime/temp/fc8531413cc807152529a1ccc0347a51.php on line 136 and defined
[ error ] [2]Missing argument 3 for format_datetime(), called in /home/wwwroot/default/myblog/runtime/temp/fc8531413cc807152529a1ccc0347a51.php on line 136 and defined
[ error ] [2]Missing argument 3 for format_datetime(), called in /home/wwwroot/default/myblog/runtime/temp/fc8531413cc807152529a1ccc0347a51.php on line 136 and defined
[ error ] [2]Missing argument 3 for format_datetime(), called in /home/wwwroot/default/myblog/runtime/temp/fc8531413cc807152529a1ccc0347a51.php on line 136 and defined
[ error ] [2]Missing argument 3 for format_datetime(), called in /home/wwwroot/default/myblog/runtime/temp/fc8531413cc807152529a1ccc0347a51.php on line 136 and defined
[ error ] [2]Missing argument 3 for format_datetime(), called in /home/wwwroot/default/myblog/runtime/temp/fc8531413cc807152529a1ccc0347a51.php on line 136 and defined
[ error ] [8]未定义数组索引: avatar
[ error ] [8]未定义数组索引: nickname

---------------------------------------------------------------
[ 2018-09-04T05:12:46+08:00 ] 172.17.0.5 139.162.113.204 GET /
[ log ] 111.231.93.174/ [运行时间：0.033654s][吞吐率：29.71req/s] [内存消耗：3,764.18kb] [文件加载：56]
[ error ] [2]Missing argument 3 for format_datetime(), called in /home/wwwroot/default/myblog/runtime/temp/fc8531413cc807152529a1ccc0347a51.php on line 136 and defined
[ error ] [2]Missing argument 3 for format_datetime(), called in /home/wwwroot/default/myblog/runtime/temp/fc8531413cc807152529a1ccc0347a51.php on line 136 and defined
[ error ] [2]Missing argument 3 for format_datetime(), called in /home/wwwroot/default/myblog/runtime/temp/fc8531413cc807152529a1ccc0347a51.php on line 136 and defined
[ error ] [2]Missing argument 3 for format_datetime(), called in /home/wwwroot/default/myblog/runtime/temp/fc8531413cc807152529a1ccc0347a51.php on line 136 and defined
[ error ] [2]Missing argument 3 for format_datetime(), called in /home/wwwroot/default/myblog/runtime/temp/fc8531413cc807152529a1ccc0347a51.php on line 136 and defined
[ error ] [2]Missing argument 3 for format_datetime(), called in /home/wwwroot/default/myblog/runtime/temp/fc8531413cc807152529a1ccc0347a51.php on line 136 and defined
[ error ] [2]Missing argument 3 for format_datetime(), called in /home/wwwroot/default/myblog/runtime/temp/fc8531413cc807152529a1ccc0347a51.php on line 136 and defined
[ error ] [2]Missing argument 3 for format_datetime(), called in /home/wwwroot/default/myblog/runtime/temp/fc8531413cc807152529a1ccc0347a51.php on line 136 and defined
[ error ] [2]Missing argument 3 for format_datetime(), called in /home/wwwroot/default/myblog/runtime/temp/fc8531413cc807152529a1ccc0347a51.php on line 136 and defined
[ error ] [2]Missing argument 3 for format_datetime(), called in /home/wwwroot/default/myblog/runtime/temp/fc8531413cc807152529a1ccc0347a51.php on line 136 and defined
[ error ] [2]Missing argument 3 for format_datetime(), called in /home/wwwroot/default/myblog/runtime/temp/fc8531413cc807152529a1ccc0347a51.php on line 136 and defined
[ error ] [2]Missing argument 3 for format_datetime(), called in /home/wwwroot/default/myblog/runtime/temp/fc8531413cc807152529a1ccc0347a51.php on line 136 and defined
[ error ] [8]未定义数组索引: avatar
[ error ] [8]未定义数组索引: nickname

---------------------------------------------------------------
[ 2018-09-04T05:42:24+08:00 ] 172.17.0.5 117.184.250.101 GET /
[ log ] 111.231.93.174/ [运行时间：0.032192s][吞吐率：31.06req/s] [内存消耗：3,764.27kb] [文件加载：56]
[ error ] [2]Missing argument 3 for format_datetime(), called in /home/wwwroot/default/myblog/runtime/temp/fc8531413cc807152529a1ccc0347a51.php on line 136 and defined
[ error ] [2]Missing argument 3 for format_datetime(), called in /home/wwwroot/default/myblog/runtime/temp/fc8531413cc807152529a1ccc0347a51.php on line 136 and defined
[ error ] [2]Missing argument 3 for format_datetime(), called in /home/wwwroot/default/myblog/runtime/temp/fc8531413cc807152529a1ccc0347a51.php on line 136 and defined
[ error ] [2]Missing argument 3 for format_datetime(), called in /home/wwwroot/default/myblog/runtime/temp/fc8531413cc807152529a1ccc0347a51.php on line 136 and defined
[ error ] [2]Missing argument 3 for format_datetime(), called in /home/wwwroot/default/myblog/runtime/temp/fc8531413cc807152529a1ccc0347a51.php on line 136 and defined
[ error ] [2]Missing argument 3 for format_datetime(), called in /home/wwwroot/default/myblog/runtime/temp/fc8531413cc807152529a1ccc0347a51.php on line 136 and defined
[ error ] [2]Missing argument 3 for format_datetime(), called in /home/wwwroot/default/myblog/runtime/temp/fc8531413cc807152529a1ccc0347a51.php on line 136 and defined
[ error ] [2]Missing argument 3 for format_datetime(), called in /home/wwwroot/default/myblog/runtime/temp/fc8531413cc807152529a1ccc0347a51.php on line 136 and defined
[ error ] [2]Missing argument 3 for format_datetime(), called in /home/wwwroot/default/myblog/runtime/temp/fc8531413cc807152529a1ccc0347a51.php on line 136 and defined
[ error ] [2]Missing argument 3 for format_datetime(), called in /home/wwwroot/default/myblog/runtime/temp/fc8531413cc807152529a1ccc0347a51.php on line 136 and defined
[ error ] [2]Missing argument 3 for format_datetime(), called in /home/wwwroot/default/myblog/runtime/temp/fc8531413cc807152529a1ccc0347a51.php on line 136 and defined
[ error ] [2]Missing argument 3 for format_datetime(), called in /home/wwwroot/default/myblog/runtime/temp/fc8531413cc807152529a1ccc0347a51.php on line 136 and defined
[ error ] [8]未定义数组索引: avatar
[ error ] [8]未定义数组索引: nickname

---------------------------------------------------------------
[ 2018-09-04T05:42:25+08:00 ] 172.17.0.5 117.184.250.101 GET /
[ log ] 111.231.93.174/ [运行时间：0.030432s][吞吐率：32.86req/s] [内存消耗：3,764.07kb] [文件加载：56]
[ error ] [2]Missing argument 3 for format_datetime(), called in /home/wwwroot/default/myblog/runtime/temp/fc8531413cc807152529a1ccc0347a51.php on line 136 and defined
[ error ] [2]Missing argument 3 for format_datetime(), called in /home/wwwroot/default/myblog/runtime/temp/fc8531413cc807152529a1ccc0347a51.php on line 136 and defined
[ error ] [2]Missing argument 3 for format_datetime(), called in /home/wwwroot/default/myblog/runtime/temp/fc8531413cc807152529a1ccc0347a51.php on line 136 and defined
[ error ] [2]Missing argument 3 for format_datetime(), called in /home/wwwroot/default/myblog/runtime/temp/fc8531413cc807152529a1ccc0347a51.php on line 136 and defined
[ error ] [2]Missing argument 3 for format_datetime(), called in /home/wwwroot/default/myblog/runtime/temp/fc8531413cc807152529a1ccc0347a51.php on line 136 and defined
[ error ] [2]Missing argument 3 for format_datetime(), called in /home/wwwroot/default/myblog/runtime/temp/fc8531413cc807152529a1ccc0347a51.php on line 136 and defined
[ error ] [2]Missing argument 3 for format_datetime(), called in /home/wwwroot/default/myblog/runtime/temp/fc8531413cc807152529a1ccc0347a51.php on line 136 and defined
[ error ] [2]Missing argument 3 for format_datetime(), called in /home/wwwroot/default/myblog/runtime/temp/fc8531413cc807152529a1ccc0347a51.php on line 136 and defined
[ error ] [2]Missing argument 3 for format_datetime(), called in /home/wwwroot/default/myblog/runtime/temp/fc8531413cc807152529a1ccc0347a51.php on line 136 and defined
[ error ] [2]Missing argument 3 for format_datetime(), called in /home/wwwroot/default/myblog/runtime/temp/fc8531413cc807152529a1ccc0347a51.php on line 136 and defined
[ error ] [2]Missing argument 3 for format_datetime(), called in /home/wwwroot/default/myblog/runtime/temp/fc8531413cc807152529a1ccc0347a51.php on line 136 and defined
[ error ] [2]Missing argument 3 for format_datetime(), called in /home/wwwroot/default/myblog/runtime/temp/fc8531413cc807152529a1ccc0347a51.php on line 136 and defined
[ error ] [8]未定义数组索引: avatar
[ error ] [8]未定义数组索引: nickname

---------------------------------------------------------------
[ 2018-09-04T05:56:51+08:00 ] 172.17.0.5 71.6.232.7 GET /
[ log ] 111.231.93.174/ [运行时间：0.035419s][吞吐率：28.23req/s] [内存消耗：3,764.13kb] [文件加载：56]
[ error ] [2]Missing argument 3 for format_datetime(), called in /home/wwwroot/default/myblog/runtime/temp/fc8531413cc807152529a1ccc0347a51.php on line 136 and defined
[ error ] [2]Missing argument 3 for format_datetime(), called in /home/wwwroot/default/myblog/runtime/temp/fc8531413cc807152529a1ccc0347a51.php on line 136 and defined
[ error ] [2]Missing argument 3 for format_datetime(), called in /home/wwwroot/default/myblog/runtime/temp/fc8531413cc807152529a1ccc0347a51.php on line 136 and defined
[ error ] [2]Missing argument 3 for format_datetime(), called in /home/wwwroot/default/myblog/runtime/temp/fc8531413cc807152529a1ccc0347a51.php on line 136 and defined
[ error ] [2]Missing argument 3 for format_datetime(), called in /home/wwwroot/default/myblog/runtime/temp/fc8531413cc807152529a1ccc0347a51.php on line 136 and defined
[ error ] [2]Missing argument 3 for format_datetime(), called in /home/wwwroot/default/myblog/runtime/temp/fc8531413cc807152529a1ccc0347a51.php on line 136 and defined
[ error ] [2]Missing argument 3 for format_datetime(), called in /home/wwwroot/default/myblog/runtime/temp/fc8531413cc807152529a1ccc0347a51.php on line 136 and defined
[ error ] [2]Missing argument 3 for format_datetime(), called in /home/wwwroot/default/myblog/runtime/temp/fc8531413cc807152529a1ccc0347a51.php on line 136 and defined
[ error ] [2]Missing argument 3 for format_datetime(), called in /home/wwwroot/default/myblog/runtime/temp/fc8531413cc807152529a1ccc0347a51.php on line 136 and defined
[ error ] [2]Missing argument 3 for format_datetime(), called in /home/wwwroot/default/myblog/runtime/temp/fc8531413cc807152529a1ccc0347a51.php on line 136 and defined
[ error ] [2]Missing argument 3 for format_datetime(), called in /home/wwwroot/default/myblog/runtime/temp/fc8531413cc807152529a1ccc0347a51.php on line 136 and defined
[ error ] [2]Missing argument 3 for format_datetime(), called in /home/wwwroot/default/myblog/runtime/temp/fc8531413cc807152529a1ccc0347a51.php on line 136 and defined
[ error ] [8]未定义数组索引: avatar
[ error ] [8]未定义数组索引: nickname

---------------------------------------------------------------
[ 2018-09-04T07:18:48+08:00 ] 172.17.0.5 116.31.102.105 GET /
[ log ] neweb.top/ [运行时间：0.660500s][吞吐率：1.51req/s] [内存消耗：3,764.23kb] [文件加载：56]
[ error ] [2]Missing argument 3 for format_datetime(), called in /home/wwwroot/default/myblog/runtime/temp/fc8531413cc807152529a1ccc0347a51.php on line 136 and defined
[ error ] [2]Missing argument 3 for format_datetime(), called in /home/wwwroot/default/myblog/runtime/temp/fc8531413cc807152529a1ccc0347a51.php on line 136 and defined
[ error ] [2]Missing argument 3 for format_datetime(), called in /home/wwwroot/default/myblog/runtime/temp/fc8531413cc807152529a1ccc0347a51.php on line 136 and defined
[ error ] [2]Missing argument 3 for format_datetime(), called in /home/wwwroot/default/myblog/runtime/temp/fc8531413cc807152529a1ccc0347a51.php on line 136 and defined
[ error ] [2]Missing argument 3 for format_datetime(), called in /home/wwwroot/default/myblog/runtime/temp/fc8531413cc807152529a1ccc0347a51.php on line 136 and defined
[ error ] [2]Missing argument 3 for format_datetime(), called in /home/wwwroot/default/myblog/runtime/temp/fc8531413cc807152529a1ccc0347a51.php on line 136 and defined
[ error ] [2]Missing argument 3 for format_datetime(), called in /home/wwwroot/default/myblog/runtime/temp/fc8531413cc807152529a1ccc0347a51.php on line 136 and defined
[ error ] [2]Missing argument 3 for format_datetime(), called in /home/wwwroot/default/myblog/runtime/temp/fc8531413cc807152529a1ccc0347a51.php on line 136 and defined
[ error ] [2]Missing argument 3 for format_datetime(), called in /home/wwwroot/default/myblog/runtime/temp/fc8531413cc807152529a1ccc0347a51.php on line 136 and defined
[ error ] [2]Missing argument 3 for format_datetime(), called in /home/wwwroot/default/myblog/runtime/temp/fc8531413cc807152529a1ccc0347a51.php on line 136 and defined
[ error ] [2]Missing argument 3 for format_datetime(), called in /home/wwwroot/default/myblog/runtime/temp/fc8531413cc807152529a1ccc0347a51.php on line 136 and defined
[ error ] [2]Missing argument 3 for format_datetime(), called in /home/wwwroot/default/myblog/runtime/temp/fc8531413cc807152529a1ccc0347a51.php on line 136 and defined
[ error ] [8]未定义数组索引: avatar
[ error ] [8]未定义数组索引: nickname

---------------------------------------------------------------
[ 2018-09-04T07:18:49+08:00 ] 172.17.0.5 157.255.17.73 HEAD /
[ log ] neweb.top/ [运行时间：0.033290s][吞吐率：30.04req/s] [内存消耗：3,762.63kb] [文件加载：56]
[ error ] [2]Missing argument 3 for format_datetime(), called in /home/wwwroot/default/myblog/runtime/temp/fc8531413cc807152529a1ccc0347a51.php on line 136 and defined
[ error ] [2]Missing argument 3 for format_datetime(), called in /home/wwwroot/default/myblog/runtime/temp/fc8531413cc807152529a1ccc0347a51.php on line 136 and defined
[ error ] [2]Missing argument 3 for format_datetime(), called in /home/wwwroot/default/myblog/runtime/temp/fc8531413cc807152529a1ccc0347a51.php on line 136 and defined
[ error ] [2]Missing argument 3 for format_datetime(), called in /home/wwwroot/default/myblog/runtime/temp/fc8531413cc807152529a1ccc0347a51.php on line 136 and defined
[ error ] [2]Missing argument 3 for format_datetime(), called in /home/wwwroot/default/myblog/runtime/temp/fc8531413cc807152529a1ccc0347a51.php on line 136 and defined
[ error ] [2]Missing argument 3 for format_datetime(), called in /home/wwwroot/default/myblog/runtime/temp/fc8531413cc807152529a1ccc0347a51.php on line 136 and defined
[ error ] [2]Missing argument 3 for format_datetime(), called in /home/wwwroot/default/myblog/runtime/temp/fc8531413cc807152529a1ccc0347a51.php on line 136 and defined
[ error ] [2]Missing argument 3 for format_datetime(), called in /home/wwwroot/default/myblog/runtime/temp/fc8531413cc807152529a1ccc0347a51.php on line 136 and defined
[ error ] [2]Missing argument 3 for format_datetime(), called in /home/wwwroot/default/myblog/runtime/temp/fc8531413cc807152529a1ccc0347a51.php on line 136 and defined
[ error ] [2]Missing argument 3 for format_datetime(), called in /home/wwwroot/default/myblog/runtime/temp/fc8531413cc807152529a1ccc0347a51.php on line 136 and defined
[ error ] [2]Missing argument 3 for format_datetime(), called in /home/wwwroot/default/myblog/runtime/temp/fc8531413cc807152529a1ccc0347a51.php on line 136 and defined
[ error ] [2]Missing argument 3 for format_datetime(), called in /home/wwwroot/default/myblog/runtime/temp/fc8531413cc807152529a1ccc0347a51.php on line 136 and defined
[ error ] [8]未定义数组索引: avatar
[ error ] [8]未定义数组索引: nickname

---------------------------------------------------------------
[ 2018-09-04T07:39:52+08:00 ] 172.17.0.5 183.60.210.52 GET /
[ log ] 111.231.93.174/ [运行时间：0.034198s][吞吐率：29.24req/s] [内存消耗：3,764.22kb] [文件加载：56]
[ error ] [2]Missing argument 3 for format_datetime(), called in /home/wwwroot/default/myblog/runtime/temp/fc8531413cc807152529a1ccc0347a51.php on line 136 and defined
[ error ] [2]Missing argument 3 for format_datetime(), called in /home/wwwroot/default/myblog/runtime/temp/fc8531413cc807152529a1ccc0347a51.php on line 136 and defined
[ error ] [2]Missing argument 3 for format_datetime(), called in /home/wwwroot/default/myblog/runtime/temp/fc8531413cc807152529a1ccc0347a51.php on line 136 and defined
[ error ] [2]Missing argument 3 for format_datetime(), called in /home/wwwroot/default/myblog/runtime/temp/fc8531413cc807152529a1ccc0347a51.php on line 136 and defined
[ error ] [2]Missing argument 3 for format_datetime(), called in /home/wwwroot/default/myblog/runtime/temp/fc8531413cc807152529a1ccc0347a51.php on line 136 and defined
[ error ] [2]Missing argument 3 for format_datetime(), called in /home/wwwroot/default/myblog/runtime/temp/fc8531413cc807152529a1ccc0347a51.php on line 136 and defined
[ error ] [2]Missing argument 3 for format_datetime(), called in /home/wwwroot/default/myblog/runtime/temp/fc8531413cc807152529a1ccc0347a51.php on line 136 and defined
[ error ] [2]Missing argument 3 for format_datetime(), called in /home/wwwroot/default/myblog/runtime/temp/fc8531413cc807152529a1ccc0347a51.php on line 136 and defined
[ error ] [2]Missing argument 3 for format_datetime(), called in /home/wwwroot/default/myblog/runtime/temp/fc8531413cc807152529a1ccc0347a51.php on line 136 and defined
[ error ] [2]Missing argument 3 for format_datetime(), called in /home/wwwroot/default/myblog/runtime/temp/fc8531413cc807152529a1ccc0347a51.php on line 136 and defined
[ error ] [2]Missing argument 3 for format_datetime(), called in /home/wwwroot/default/myblog/runtime/temp/fc8531413cc807152529a1ccc0347a51.php on line 136 and defined
[ error ] [2]Missing argument 3 for format_datetime(), called in /home/wwwroot/default/myblog/runtime/temp/fc8531413cc807152529a1ccc0347a51.php on line 136 and defined
[ error ] [8]未定义数组索引: avatar
[ error ] [8]未定义数组索引: nickname

---------------------------------------------------------------
[ 2018-09-04T08:19:43+08:00 ] 172.17.0.5 124.160.123.169 GET /
[ log ] neweb.top/ [运行时间：0.030719s][吞吐率：32.55req/s] [内存消耗：3,764.16kb] [文件加载：56]
[ error ] [2]Missing argument 3 for format_datetime(), called in /home/wwwroot/default/myblog/runtime/temp/fc8531413cc807152529a1ccc0347a51.php on line 136 and defined
[ error ] [2]Missing argument 3 for format_datetime(), called in /home/wwwroot/default/myblog/runtime/temp/fc8531413cc807152529a1ccc0347a51.php on line 136 and defined
[ error ] [2]Missing argument 3 for format_datetime(), called in /home/wwwroot/default/myblog/runtime/temp/fc8531413cc807152529a1ccc0347a51.php on line 136 and defined
[ error ] [2]Missing argument 3 for format_datetime(), called in /home/wwwroot/default/myblog/runtime/temp/fc8531413cc807152529a1ccc0347a51.php on line 136 and defined
[ error ] [2]Missing argument 3 for format_datetime(), called in /home/wwwroot/default/myblog/runtime/temp/fc8531413cc807152529a1ccc0347a51.php on line 136 and defined
[ error ] [2]Missing argument 3 for format_datetime(), called in /home/wwwroot/default/myblog/runtime/temp/fc8531413cc807152529a1ccc0347a51.php on line 136 and defined
[ error ] [2]Missing argument 3 for format_datetime(), called in /home/wwwroot/default/myblog/runtime/temp/fc8531413cc807152529a1ccc0347a51.php on line 136 and defined
[ error ] [2]Missing argument 3 for format_datetime(), called in /home/wwwroot/default/myblog/runtime/temp/fc8531413cc807152529a1ccc0347a51.php on line 136 and defined
[ error ] [2]Missing argument 3 for format_datetime(), called in /home/wwwroot/default/myblog/runtime/temp/fc8531413cc807152529a1ccc0347a51.php on line 136 and defined
[ error ] [2]Missing argument 3 for format_datetime(), called in /home/wwwroot/default/myblog/runtime/temp/fc8531413cc807152529a1ccc0347a51.php on line 136 and defined
[ error ] [2]Missing argument 3 for format_datetime(), called in /home/wwwroot/default/myblog/runtime/temp/fc8531413cc807152529a1ccc0347a51.php on line 136 and defined
[ error ] [2]Missing argument 3 for format_datetime(), called in /home/wwwroot/default/myblog/runtime/temp/fc8531413cc807152529a1ccc0347a51.php on line 136 and defined
[ error ] [8]未定义数组索引: avatar
[ error ] [8]未定义数组索引: nickname

---------------------------------------------------------------
[ 2018-09-04T09:08:14+08:00 ] 172.17.0.5 119.188.116.12 GET /
[ log ] neweb.top/ [运行时间：0.036593s][吞吐率：27.33req/s] [内存消耗：3,764.27kb] [文件加载：56]
[ error ] [2]Missing argument 3 for format_datetime(), called in /home/wwwroot/default/myblog/runtime/temp/fc8531413cc807152529a1ccc0347a51.php on line 136 and defined
[ error ] [2]Missing argument 3 for format_datetime(), called in /home/wwwroot/default/myblog/runtime/temp/fc8531413cc807152529a1ccc0347a51.php on line 136 and defined
[ error ] [2]Missing argument 3 for format_datetime(), called in /home/wwwroot/default/myblog/runtime/temp/fc8531413cc807152529a1ccc0347a51.php on line 136 and defined
[ error ] [2]Missing argument 3 for format_datetime(), called in /home/wwwroot/default/myblog/runtime/temp/fc8531413cc807152529a1ccc0347a51.php on line 136 and defined
[ error ] [2]Missing argument 3 for format_datetime(), called in /home/wwwroot/default/myblog/runtime/temp/fc8531413cc807152529a1ccc0347a51.php on line 136 and defined
[ error ] [2]Missing argument 3 for format_datetime(), called in /home/wwwroot/default/myblog/runtime/temp/fc8531413cc807152529a1ccc0347a51.php on line 136 and defined
[ error ] [2]Missing argument 3 for format_datetime(), called in /home/wwwroot/default/myblog/runtime/temp/fc8531413cc807152529a1ccc0347a51.php on line 136 and defined
[ error ] [2]Missing argument 3 for format_datetime(), called in /home/wwwroot/default/myblog/runtime/temp/fc8531413cc807152529a1ccc0347a51.php on line 136 and defined
[ error ] [2]Missing argument 3 for format_datetime(), called in /home/wwwroot/default/myblog/runtime/temp/fc8531413cc807152529a1ccc0347a51.php on line 136 and defined
[ error ] [2]Missing argument 3 for format_datetime(), called in /home/wwwroot/default/myblog/runtime/temp/fc8531413cc807152529a1ccc0347a51.php on line 136 and defined
[ error ] [2]Missing argument 3 for format_datetime(), called in /home/wwwroot/default/myblog/runtime/temp/fc8531413cc807152529a1ccc0347a51.php on line 136 and defined
[ error ] [2]Missing argument 3 for format_datetime(), called in /home/wwwroot/default/myblog/runtime/temp/fc8531413cc807152529a1ccc0347a51.php on line 136 and defined
[ error ] [8]未定义数组索引: avatar
[ error ] [8]未定义数组索引: nickname

---------------------------------------------------------------
[ 2018-09-04T09:53:28+08:00 ] 172.17.0.5 61.160.239.111 GET /
[ log ] neweb.top/ [运行时间：0.031364s][吞吐率：31.88req/s] [内存消耗：3,764.53kb] [文件加载：56]
[ error ] [2]Missing argument 3 for format_datetime(), called in /home/wwwroot/default/myblog/runtime/temp/fc8531413cc807152529a1ccc0347a51.php on line 136 and defined
[ error ] [2]Missing argument 3 for format_datetime(), called in /home/wwwroot/default/myblog/runtime/temp/fc8531413cc807152529a1ccc0347a51.php on line 136 and defined
[ error ] [2]Missing argument 3 for format_datetime(), called in /home/wwwroot/default/myblog/runtime/temp/fc8531413cc807152529a1ccc0347a51.php on line 136 and defined
[ error ] [2]Missing argument 3 for format_datetime(), called in /home/wwwroot/default/myblog/runtime/temp/fc8531413cc807152529a1ccc0347a51.php on line 136 and defined
[ error ] [2]Missing argument 3 for format_datetime(), called in /home/wwwroot/default/myblog/runtime/temp/fc8531413cc807152529a1ccc0347a51.php on line 136 and defined
[ error ] [2]Missing argument 3 for format_datetime(), called in /home/wwwroot/default/myblog/runtime/temp/fc8531413cc807152529a1ccc0347a51.php on line 136 and defined
[ error ] [2]Missing argument 3 for format_datetime(), called in /home/wwwroot/default/myblog/runtime/temp/fc8531413cc807152529a1ccc0347a51.php on line 136 and defined
[ error ] [2]Missing argument 3 for format_datetime(), called in /home/wwwroot/default/myblog/runtime/temp/fc8531413cc807152529a1ccc0347a51.php on line 136 and defined
[ error ] [2]Missing argument 3 for format_datetime(), called in /home/wwwroot/default/myblog/runtime/temp/fc8531413cc807152529a1ccc0347a51.php on line 136 and defined
[ error ] [2]Missing argument 3 for format_datetime(), called in /home/wwwroot/default/myblog/runtime/temp/fc8531413cc807152529a1ccc0347a51.php on line 136 and defined
[ error ] [2]Missing argument 3 for format_datetime(), called in /home/wwwroot/default/myblog/runtime/temp/fc8531413cc807152529a1ccc0347a51.php on line 136 and defined
[ error ] [2]Missing argument 3 for format_datetime(), called in /home/wwwroot/default/myblog/runtime/temp/fc8531413cc807152529a1ccc0347a51.php on line 136 and defined
[ error ] [8]未定义数组索引: avatar
[ error ] [8]未定义数组索引: nickname

---------------------------------------------------------------
[ 2018-09-04T16:48:51+08:00 ] 172.17.0.5 116.31.102.100 GET /
[ log ] neweb.top/ [运行时间：0.030279s][吞吐率：33.03req/s] [内存消耗：3,764.23kb] [文件加载：56]
[ error ] [2]Missing argument 3 for format_datetime(), called in /home/wwwroot/default/myblog/runtime/temp/fc8531413cc807152529a1ccc0347a51.php on line 136 and defined
[ error ] [2]Missing argument 3 for format_datetime(), called in /home/wwwroot/default/myblog/runtime/temp/fc8531413cc807152529a1ccc0347a51.php on line 136 and defined
[ error ] [2]Missing argument 3 for format_datetime(), called in /home/wwwroot/default/myblog/runtime/temp/fc8531413cc807152529a1ccc0347a51.php on line 136 and defined
[ error ] [2]Missing argument 3 for format_datetime(), called in /home/wwwroot/default/myblog/runtime/temp/fc8531413cc807152529a1ccc0347a51.php on line 136 and defined
[ error ] [2]Missing argument 3 for format_datetime(), called in /home/wwwroot/default/myblog/runtime/temp/fc8531413cc807152529a1ccc0347a51.php on line 136 and defined
[ error ] [2]Missing argument 3 for format_datetime(), called in /home/wwwroot/default/myblog/runtime/temp/fc8531413cc807152529a1ccc0347a51.php on line 136 and defined
[ error ] [2]Missing argument 3 for format_datetime(), called in /home/wwwroot/default/myblog/runtime/temp/fc8531413cc807152529a1ccc0347a51.php on line 136 and defined
[ error ] [2]Missing argument 3 for format_datetime(), called in /home/wwwroot/default/myblog/runtime/temp/fc8531413cc807152529a1ccc0347a51.php on line 136 and defined
[ error ] [2]Missing argument 3 for format_datetime(), called in /home/wwwroot/default/myblog/runtime/temp/fc8531413cc807152529a1ccc0347a51.php on line 136 and defined
[ error ] [2]Missing argument 3 for format_datetime(), called in /home/wwwroot/default/myblog/runtime/temp/fc8531413cc807152529a1ccc0347a51.php on line 136 and defined
[ error ] [2]Missing argument 3 for format_datetime(), called in /home/wwwroot/default/myblog/runtime/temp/fc8531413cc807152529a1ccc0347a51.php on line 136 and defined
[ error ] [2]Missing argument 3 for format_datetime(), called in /home/wwwroot/default/myblog/runtime/temp/fc8531413cc807152529a1ccc0347a51.php on line 136 and defined
[ error ] [8]未定义数组索引: avatar
[ error ] [8]未定义数组索引: nickname

---------------------------------------------------------------
[ 2018-09-04T16:48:51+08:00 ] 172.17.0.5 116.31.102.100 HEAD /
[ log ] neweb.top/ [运行时间：0.028634s][吞吐率：34.92req/s] [内存消耗：3,762.63kb] [文件加载：56]
[ error ] [2]Missing argument 3 for format_datetime(), called in /home/wwwroot/default/myblog/runtime/temp/fc8531413cc807152529a1ccc0347a51.php on line 136 and defined
[ error ] [2]Missing argument 3 for format_datetime(), called in /home/wwwroot/default/myblog/runtime/temp/fc8531413cc807152529a1ccc0347a51.php on line 136 and defined
[ error ] [2]Missing argument 3 for format_datetime(), called in /home/wwwroot/default/myblog/runtime/temp/fc8531413cc807152529a1ccc0347a51.php on line 136 and defined
[ error ] [2]Missing argument 3 for format_datetime(), called in /home/wwwroot/default/myblog/runtime/temp/fc8531413cc807152529a1ccc0347a51.php on line 136 and defined
[ error ] [2]Missing argument 3 for format_datetime(), called in /home/wwwroot/default/myblog/runtime/temp/fc8531413cc807152529a1ccc0347a51.php on line 136 and defined
[ error ] [2]Missing argument 3 for format_datetime(), called in /home/wwwroot/default/myblog/runtime/temp/fc8531413cc807152529a1ccc0347a51.php on line 136 and defined
[ error ] [2]Missing argument 3 for format_datetime(), called in /home/wwwroot/default/myblog/runtime/temp/fc8531413cc807152529a1ccc0347a51.php on line 136 and defined
[ error ] [2]Missing argument 3 for format_datetime(), called in /home/wwwroot/default/myblog/runtime/temp/fc8531413cc807152529a1ccc0347a51.php on line 136 and defined
[ error ] [2]Missing argument 3 for format_datetime(), called in /home/wwwroot/default/myblog/runtime/temp/fc8531413cc807152529a1ccc0347a51.php on line 136 and defined
[ error ] [2]Missing argument 3 for format_datetime(), called in /home/wwwroot/default/myblog/runtime/temp/fc8531413cc807152529a1ccc0347a51.php on line 136 and defined
[ error ] [2]Missing argument 3 for format_datetime(), called in /home/wwwroot/default/myblog/runtime/temp/fc8531413cc807152529a1ccc0347a51.php on line 136 and defined
[ error ] [2]Missing argument 3 for format_datetime(), called in /home/wwwroot/default/myblog/runtime/temp/fc8531413cc807152529a1ccc0347a51.php on line 136 and defined
[ error ] [8]未定义数组索引: avatar
[ error ] [8]未定义数组索引: nickname

---------------------------------------------------------------
[ 2018-09-04T18:35:35+08:00 ] 172.17.0.5 183.131.24.74 GET /
[ log ] neweb.top/ [运行时间：0.031695s][吞吐率：31.55req/s] [内存消耗：3,764.08kb] [文件加载：56]
[ error ] [2]Missing argument 3 for format_datetime(), called in /home/wwwroot/default/myblog/runtime/temp/fc8531413cc807152529a1ccc0347a51.php on line 136 and defined
[ error ] [2]Missing argument 3 for format_datetime(), called in /home/wwwroot/default/myblog/runtime/temp/fc8531413cc807152529a1ccc0347a51.php on line 136 and defined
[ error ] [2]Missing argument 3 for format_datetime(), called in /home/wwwroot/default/myblog/runtime/temp/fc8531413cc807152529a1ccc0347a51.php on line 136 and defined
[ error ] [2]Missing argument 3 for format_datetime(), called in /home/wwwroot/default/myblog/runtime/temp/fc8531413cc807152529a1ccc0347a51.php on line 136 and defined
[ error ] [2]Missing argument 3 for format_datetime(), called in /home/wwwroot/default/myblog/runtime/temp/fc8531413cc807152529a1ccc0347a51.php on line 136 and defined
[ error ] [2]Missing argument 3 for format_datetime(), called in /home/wwwroot/default/myblog/runtime/temp/fc8531413cc807152529a1ccc0347a51.php on line 136 and defined
[ error ] [2]Missing argument 3 for format_datetime(), called in /home/wwwroot/default/myblog/runtime/temp/fc8531413cc807152529a1ccc0347a51.php on line 136 and defined
[ error ] [2]Missing argument 3 for format_datetime(), called in /home/wwwroot/default/myblog/runtime/temp/fc8531413cc807152529a1ccc0347a51.php on line 136 and defined
[ error ] [2]Missing argument 3 for format_datetime(), called in /home/wwwroot/default/myblog/runtime/temp/fc8531413cc807152529a1ccc0347a51.php on line 136 and defined
[ error ] [2]Missing argument 3 for format_datetime(), called in /home/wwwroot/default/myblog/runtime/temp/fc8531413cc807152529a1ccc0347a51.php on line 136 and defined
[ error ] [2]Missing argument 3 for format_datetime(), called in /home/wwwroot/default/myblog/runtime/temp/fc8531413cc807152529a1ccc0347a51.php on line 136 and defined
[ error ] [2]Missing argument 3 for format_datetime(), called in /home/wwwroot/default/myblog/runtime/temp/fc8531413cc807152529a1ccc0347a51.php on line 136 and defined
[ error ] [8]未定义数组索引: avatar
[ error ] [8]未定义数组索引: nickname

---------------------------------------------------------------
[ 2018-09-04T18:36:35+08:00 ] 172.17.0.5 124.160.123.171 GET /
[ log ] neweb.top/ [运行时间：0.035964s][吞吐率：27.81req/s] [内存消耗：3,764.30kb] [文件加载：56]
[ error ] [2]Missing argument 3 for format_datetime(), called in /home/wwwroot/default/myblog/runtime/temp/fc8531413cc807152529a1ccc0347a51.php on line 136 and defined
[ error ] [2]Missing argument 3 for format_datetime(), called in /home/wwwroot/default/myblog/runtime/temp/fc8531413cc807152529a1ccc0347a51.php on line 136 and defined
[ error ] [2]Missing argument 3 for format_datetime(), called in /home/wwwroot/default/myblog/runtime/temp/fc8531413cc807152529a1ccc0347a51.php on line 136 and defined
[ error ] [2]Missing argument 3 for format_datetime(), called in /home/wwwroot/default/myblog/runtime/temp/fc8531413cc807152529a1ccc0347a51.php on line 136 and defined
[ error ] [2]Missing argument 3 for format_datetime(), called in /home/wwwroot/default/myblog/runtime/temp/fc8531413cc807152529a1ccc0347a51.php on line 136 and defined
[ error ] [2]Missing argument 3 for format_datetime(), called in /home/wwwroot/default/myblog/runtime/temp/fc8531413cc807152529a1ccc0347a51.php on line 136 and defined
[ error ] [2]Missing argument 3 for format_datetime(), called in /home/wwwroot/default/myblog/runtime/temp/fc8531413cc807152529a1ccc0347a51.php on line 136 and defined
[ error ] [2]Missing argument 3 for format_datetime(), called in /home/wwwroot/default/myblog/runtime/temp/fc8531413cc807152529a1ccc0347a51.php on line 136 and defined
[ error ] [2]Missing argument 3 for format_datetime(), called in /home/wwwroot/default/myblog/runtime/temp/fc8531413cc807152529a1ccc0347a51.php on line 136 and defined
[ error ] [2]Missing argument 3 for format_datetime(), called in /home/wwwroot/default/myblog/runtime/temp/fc8531413cc807152529a1ccc0347a51.php on line 136 and defined
[ error ] [2]Missing argument 3 for format_datetime(), called in /home/wwwroot/default/myblog/runtime/temp/fc8531413cc807152529a1ccc0347a51.php on line 136 and defined
[ error ] [2]Missing argument 3 for format_datetime(), called in /home/wwwroot/default/myblog/runtime/temp/fc8531413cc807152529a1ccc0347a51.php on line 136 and defined
[ error ] [8]未定义数组索引: avatar
[ error ] [8]未定义数组索引: nickname

---------------------------------------------------------------
[ 2018-09-04T18:36:41+08:00 ] 172.17.0.5 183.131.24.71 GET /
[ log ] neweb.top/ [运行时间：0.032710s][吞吐率：30.57req/s] [内存消耗：3,764.09kb] [文件加载：56]
[ error ] [2]Missing argument 3 for format_datetime(), called in /home/wwwroot/default/myblog/runtime/temp/fc8531413cc807152529a1ccc0347a51.php on line 136 and defined
[ error ] [2]Missing argument 3 for format_datetime(), called in /home/wwwroot/default/myblog/runtime/temp/fc8531413cc807152529a1ccc0347a51.php on line 136 and defined
[ error ] [2]Missing argument 3 for format_datetime(), called in /home/wwwroot/default/myblog/runtime/temp/fc8531413cc807152529a1ccc0347a51.php on line 136 and defined
[ error ] [2]Missing argument 3 for format_datetime(), called in /home/wwwroot/default/myblog/runtime/temp/fc8531413cc807152529a1ccc0347a51.php on line 136 and defined
[ error ] [2]Missing argument 3 for format_datetime(), called in /home/wwwroot/default/myblog/runtime/temp/fc8531413cc807152529a1ccc0347a51.php on line 136 and defined
[ error ] [2]Missing argument 3 for format_datetime(), called in /home/wwwroot/default/myblog/runtime/temp/fc8531413cc807152529a1ccc0347a51.php on line 136 and defined
[ error ] [2]Missing argument 3 for format_datetime(), called in /home/wwwroot/default/myblog/runtime/temp/fc8531413cc807152529a1ccc0347a51.php on line 136 and defined
[ error ] [2]Missing argument 3 for format_datetime(), called in /home/wwwroot/default/myblog/runtime/temp/fc8531413cc807152529a1ccc0347a51.php on line 136 and defined
[ error ] [2]Missing argument 3 for format_datetime(), called in /home/wwwroot/default/myblog/runtime/temp/fc8531413cc807152529a1ccc0347a51.php on line 136 and defined
[ error ] [2]Missing argument 3 for format_datetime(), called in /home/wwwroot/default/myblog/runtime/temp/fc8531413cc807152529a1ccc0347a51.php on line 136 and defined
[ error ] [2]Missing argument 3 for format_datetime(), called in /home/wwwroot/default/myblog/runtime/temp/fc8531413cc807152529a1ccc0347a51.php on line 136 and defined
[ error ] [2]Missing argument 3 for format_datetime(), called in /home/wwwroot/default/myblog/runtime/temp/fc8531413cc807152529a1ccc0347a51.php on line 136 and defined
[ error ] [8]未定义数组索引: avatar
[ error ] [8]未定义数组索引: nickname

---------------------------------------------------------------
[ 2018-09-04T19:08:58+08:00 ] 172.17.0.5 61.160.239.107 GET /
[ log ] neweb.top/ [运行时间：0.029519s][吞吐率：33.88req/s] [内存消耗：3,764.23kb] [文件加载：56]
[ error ] [2]Missing argument 3 for format_datetime(), called in /home/wwwroot/default/myblog/runtime/temp/fc8531413cc807152529a1ccc0347a51.php on line 136 and defined
[ error ] [2]Missing argument 3 for format_datetime(), called in /home/wwwroot/default/myblog/runtime/temp/fc8531413cc807152529a1ccc0347a51.php on line 136 and defined
[ error ] [2]Missing argument 3 for format_datetime(), called in /home/wwwroot/default/myblog/runtime/temp/fc8531413cc807152529a1ccc0347a51.php on line 136 and defined
[ error ] [2]Missing argument 3 for format_datetime(), called in /home/wwwroot/default/myblog/runtime/temp/fc8531413cc807152529a1ccc0347a51.php on line 136 and defined
[ error ] [2]Missing argument 3 for format_datetime(), called in /home/wwwroot/default/myblog/runtime/temp/fc8531413cc807152529a1ccc0347a51.php on line 136 and defined
[ error ] [2]Missing argument 3 for format_datetime(), called in /home/wwwroot/default/myblog/runtime/temp/fc8531413cc807152529a1ccc0347a51.php on line 136 and defined
[ error ] [2]Missing argument 3 for format_datetime(), called in /home/wwwroot/default/myblog/runtime/temp/fc8531413cc807152529a1ccc0347a51.php on line 136 and defined
[ error ] [2]Missing argument 3 for format_datetime(), called in /home/wwwroot/default/myblog/runtime/temp/fc8531413cc807152529a1ccc0347a51.php on line 136 and defined
[ error ] [2]Missing argument 3 for format_datetime(), called in /home/wwwroot/default/myblog/runtime/temp/fc8531413cc807152529a1ccc0347a51.php on line 136 and defined
[ error ] [2]Missing argument 3 for format_datetime(), called in /home/wwwroot/default/myblog/runtime/temp/fc8531413cc807152529a1ccc0347a51.php on line 136 and defined
[ error ] [2]Missing argument 3 for format_datetime(), called in /home/wwwroot/default/myblog/runtime/temp/fc8531413cc807152529a1ccc0347a51.php on line 136 and defined
[ error ] [2]Missing argument 3 for format_datetime(), called in /home/wwwroot/default/myblog/runtime/temp/fc8531413cc807152529a1ccc0347a51.php on line 136 and defined
[ error ] [8]未定义数组索引: avatar
[ error ] [8]未定义数组索引: nickname

---------------------------------------------------------------
[ 2018-09-04T19:08:58+08:00 ] 172.17.0.5 112.82.242.107 HEAD /
[ log ] neweb.top/ [运行时间：0.036722s][吞吐率：27.23req/s] [内存消耗：3,762.63kb] [文件加载：56]
[ error ] [2]Missing argument 3 for format_datetime(), called in /home/wwwroot/default/myblog/runtime/temp/fc8531413cc807152529a1ccc0347a51.php on line 136 and defined
[ error ] [2]Missing argument 3 for format_datetime(), called in /home/wwwroot/default/myblog/runtime/temp/fc8531413cc807152529a1ccc0347a51.php on line 136 and defined
[ error ] [2]Missing argument 3 for format_datetime(), called in /home/wwwroot/default/myblog/runtime/temp/fc8531413cc807152529a1ccc0347a51.php on line 136 and defined
[ error ] [2]Missing argument 3 for format_datetime(), called in /home/wwwroot/default/myblog/runtime/temp/fc8531413cc807152529a1ccc0347a51.php on line 136 and defined
[ error ] [2]Missing argument 3 for format_datetime(), called in /home/wwwroot/default/myblog/runtime/temp/fc8531413cc807152529a1ccc0347a51.php on line 136 and defined
[ error ] [2]Missing argument 3 for format_datetime(), called in /home/wwwroot/default/myblog/runtime/temp/fc8531413cc807152529a1ccc0347a51.php on line 136 and defined
[ error ] [2]Missing argument 3 for format_datetime(), called in /home/wwwroot/default/myblog/runtime/temp/fc8531413cc807152529a1ccc0347a51.php on line 136 and defined
[ error ] [2]Missing argument 3 for format_datetime(), called in /home/wwwroot/default/myblog/runtime/temp/fc8531413cc807152529a1ccc0347a51.php on line 136 and defined
[ error ] [2]Missing argument 3 for format_datetime(), called in /home/wwwroot/default/myblog/runtime/temp/fc8531413cc807152529a1ccc0347a51.php on line 136 and defined
[ error ] [2]Missing argument 3 for format_datetime(), called in /home/wwwroot/default/myblog/runtime/temp/fc8531413cc807152529a1ccc0347a51.php on line 136 and defined
[ error ] [2]Missing argument 3 for format_datetime(), called in /home/wwwroot/default/myblog/runtime/temp/fc8531413cc807152529a1ccc0347a51.php on line 136 and defined
[ error ] [2]Missing argument 3 for format_datetime(), called in /home/wwwroot/default/myblog/runtime/temp/fc8531413cc807152529a1ccc0347a51.php on line 136 and defined
[ error ] [8]未定义数组索引: avatar
[ error ] [8]未定义数组索引: nickname

---------------------------------------------------------------
[ 2018-09-04T20:40:26+08:00 ] 172.17.0.5 124.160.123.170 GET /
[ log ] neweb.top/ [运行时间：0.032960s][吞吐率：30.34req/s] [内存消耗：3,764.16kb] [文件加载：56]
[ error ] [2]Missing argument 3 for format_datetime(), called in /home/wwwroot/default/myblog/runtime/temp/fc8531413cc807152529a1ccc0347a51.php on line 136 and defined
[ error ] [2]Missing argument 3 for format_datetime(), called in /home/wwwroot/default/myblog/runtime/temp/fc8531413cc807152529a1ccc0347a51.php on line 136 and defined
[ error ] [2]Missing argument 3 for format_datetime(), called in /home/wwwroot/default/myblog/runtime/temp/fc8531413cc807152529a1ccc0347a51.php on line 136 and defined
[ error ] [2]Missing argument 3 for format_datetime(), called in /home/wwwroot/default/myblog/runtime/temp/fc8531413cc807152529a1ccc0347a51.php on line 136 and defined
[ error ] [2]Missing argument 3 for format_datetime(), called in /home/wwwroot/default/myblog/runtime/temp/fc8531413cc807152529a1ccc0347a51.php on line 136 and defined
[ error ] [2]Missing argument 3 for format_datetime(), called in /home/wwwroot/default/myblog/runtime/temp/fc8531413cc807152529a1ccc0347a51.php on line 136 and defined
[ error ] [2]Missing argument 3 for format_datetime(), called in /home/wwwroot/default/myblog/runtime/temp/fc8531413cc807152529a1ccc0347a51.php on line 136 and defined
[ error ] [2]Missing argument 3 for format_datetime(), called in /home/wwwroot/default/myblog/runtime/temp/fc8531413cc807152529a1ccc0347a51.php on line 136 and defined
[ error ] [2]Missing argument 3 for format_datetime(), called in /home/wwwroot/default/myblog/runtime/temp/fc8531413cc807152529a1ccc0347a51.php on line 136 and defined
[ error ] [2]Missing argument 3 for format_datetime(), called in /home/wwwroot/default/myblog/runtime/temp/fc8531413cc807152529a1ccc0347a51.php on line 136 and defined
[ error ] [2]Missing argument 3 for format_datetime(), called in /home/wwwroot/default/myblog/runtime/temp/fc8531413cc807152529a1ccc0347a51.php on line 136 and defined
[ error ] [2]Missing argument 3 for format_datetime(), called in /home/wwwroot/default/myblog/runtime/temp/fc8531413cc807152529a1ccc0347a51.php on line 136 and defined
[ error ] [8]未定义数组索引: avatar
[ error ] [8]未定义数组索引: nickname

---------------------------------------------------------------
[ 2018-09-04T21:46:07+08:00 ] 172.17.0.5 222.186.31.27 GET /
[ log ] 111.231.93.174/ [运行时间：0.032078s][吞吐率：31.17req/s] [内存消耗：3,764.22kb] [文件加载：56]
[ error ] [2]Missing argument 3 for format_datetime(), called in /home/wwwroot/default/myblog/runtime/temp/fc8531413cc807152529a1ccc0347a51.php on line 136 and defined
[ error ] [2]Missing argument 3 for format_datetime(), called in /home/wwwroot/default/myblog/runtime/temp/fc8531413cc807152529a1ccc0347a51.php on line 136 and defined
[ error ] [2]Missing argument 3 for format_datetime(), called in /home/wwwroot/default/myblog/runtime/temp/fc8531413cc807152529a1ccc0347a51.php on line 136 and defined
[ error ] [2]Missing argument 3 for format_datetime(), called in /home/wwwroot/default/myblog/runtime/temp/fc8531413cc807152529a1ccc0347a51.php on line 136 and defined
[ error ] [2]Missing argument 3 for format_datetime(), called in /home/wwwroot/default/myblog/runtime/temp/fc8531413cc807152529a1ccc0347a51.php on line 136 and defined
[ error ] [2]Missing argument 3 for format_datetime(), called in /home/wwwroot/default/myblog/runtime/temp/fc8531413cc807152529a1ccc0347a51.php on line 136 and defined
[ error ] [2]Missing argument 3 for format_datetime(), called in /home/wwwroot/default/myblog/runtime/temp/fc8531413cc807152529a1ccc0347a51.php on line 136 and defined
[ error ] [2]Missing argument 3 for format_datetime(), called in /home/wwwroot/default/myblog/runtime/temp/fc8531413cc807152529a1ccc0347a51.php on line 136 and defined
[ error ] [2]Missing argument 3 for format_datetime(), called in /home/wwwroot/default/myblog/runtime/temp/fc8531413cc807152529a1ccc0347a51.php on line 136 and defined
[ error ] [2]Missing argument 3 for format_datetime(), called in /home/wwwroot/default/myblog/runtime/temp/fc8531413cc807152529a1ccc0347a51.php on line 136 and defined
[ error ] [2]Missing argument 3 for format_datetime(), called in /home/wwwroot/default/myblog/runtime/temp/fc8531413cc807152529a1ccc0347a51.php on line 136 and defined
[ error ] [2]Missing argument 3 for format_datetime(), called in /home/wwwroot/default/myblog/runtime/temp/fc8531413cc807152529a1ccc0347a51.php on line 136 and defined
[ error ] [8]未定义数组索引: avatar
[ error ] [8]未定义数组索引: nickname

---------------------------------------------------------------
[ 2018-09-04T21:46:08+08:00 ] 172.17.0.5 183.60.210.52 GET /
[ log ] 111.231.93.174/ [运行时间：0.031687s][吞吐率：31.56req/s] [内存消耗：3,764.22kb] [文件加载：56]
[ error ] [2]Missing argument 3 for format_datetime(), called in /home/wwwroot/default/myblog/runtime/temp/fc8531413cc807152529a1ccc0347a51.php on line 136 and defined
[ error ] [2]Missing argument 3 for format_datetime(), called in /home/wwwroot/default/myblog/runtime/temp/fc8531413cc807152529a1ccc0347a51.php on line 136 and defined
[ error ] [2]Missing argument 3 for format_datetime(), called in /home/wwwroot/default/myblog/runtime/temp/fc8531413cc807152529a1ccc0347a51.php on line 136 and defined
[ error ] [2]Missing argument 3 for format_datetime(), called in /home/wwwroot/default/myblog/runtime/temp/fc8531413cc807152529a1ccc0347a51.php on line 136 and defined
[ error ] [2]Missing argument 3 for format_datetime(), called in /home/wwwroot/default/myblog/runtime/temp/fc8531413cc807152529a1ccc0347a51.php on line 136 and defined
[ error ] [2]Missing argument 3 for format_datetime(), called in /home/wwwroot/default/myblog/runtime/temp/fc8531413cc807152529a1ccc0347a51.php on line 136 and defined
[ error ] [2]Missing argument 3 for format_datetime(), called in /home/wwwroot/default/myblog/runtime/temp/fc8531413cc807152529a1ccc0347a51.php on line 136 and defined
[ error ] [2]Missing argument 3 for format_datetime(), called in /home/wwwroot/default/myblog/runtime/temp/fc8531413cc807152529a1ccc0347a51.php on line 136 and defined
[ error ] [2]Missing argument 3 for format_datetime(), called in /home/wwwroot/default/myblog/runtime/temp/fc8531413cc807152529a1ccc0347a51.php on line 136 and defined
[ error ] [2]Missing argument 3 for format_datetime(), called in /home/wwwroot/default/myblog/runtime/temp/fc8531413cc807152529a1ccc0347a51.php on line 136 and defined
[ error ] [2]Missing argument 3 for format_datetime(), called in /home/wwwroot/default/myblog/runtime/temp/fc8531413cc807152529a1ccc0347a51.php on line 136 and defined
[ error ] [2]Missing argument 3 for format_datetime(), called in /home/wwwroot/default/myblog/runtime/temp/fc8531413cc807152529a1ccc0347a51.php on line 136 and defined
[ error ] [8]未定义数组索引: avatar
[ error ] [8]未定义数组索引: nickname

---------------------------------------------------------------
[ 2018-09-04T21:46:11+08:00 ] 172.17.0.5 222.186.190.20 GET /
[ log ] 111.231.93.174/ [运行时间：0.035026s][吞吐率：28.55req/s] [内存消耗：3,764.22kb] [文件加载：56]
[ error ] [2]Missing argument 3 for format_datetime(), called in /home/wwwroot/default/myblog/runtime/temp/fc8531413cc807152529a1ccc0347a51.php on line 136 and defined
[ error ] [2]Missing argument 3 for format_datetime(), called in /home/wwwroot/default/myblog/runtime/temp/fc8531413cc807152529a1ccc0347a51.php on line 136 and defined
[ error ] [2]Missing argument 3 for format_datetime(), called in /home/wwwroot/default/myblog/runtime/temp/fc8531413cc807152529a1ccc0347a51.php on line 136 and defined
[ error ] [2]Missing argument 3 for format_datetime(), called in /home/wwwroot/default/myblog/runtime/temp/fc8531413cc807152529a1ccc0347a51.php on line 136 and defined
[ error ] [2]Missing argument 3 for format_datetime(), called in /home/wwwroot/default/myblog/runtime/temp/fc8531413cc807152529a1ccc0347a51.php on line 136 and defined
[ error ] [2]Missing argument 3 for format_datetime(), called in /home/wwwroot/default/myblog/runtime/temp/fc8531413cc807152529a1ccc0347a51.php on line 136 and defined
[ error ] [2]Missing argument 3 for format_datetime(), called in /home/wwwroot/default/myblog/runtime/temp/fc8531413cc807152529a1ccc0347a51.php on line 136 and defined
[ error ] [2]Missing argument 3 for format_datetime(), called in /home/wwwroot/default/myblog/runtime/temp/fc8531413cc807152529a1ccc0347a51.php on line 136 and defined
[ error ] [2]Missing argument 3 for format_datetime(), called in /home/wwwroot/default/myblog/runtime/temp/fc8531413cc807152529a1ccc0347a51.php on line 136 and defined
[ error ] [2]Missing argument 3 for format_datetime(), called in /home/wwwroot/default/myblog/runtime/temp/fc8531413cc807152529a1ccc0347a51.php on line 136 and defined
[ error ] [2]Missing argument 3 for format_datetime(), called in /home/wwwroot/default/myblog/runtime/temp/fc8531413cc807152529a1ccc0347a51.php on line 136 and defined
[ error ] [2]Missing argument 3 for format_datetime(), called in /home/wwwroot/default/myblog/runtime/temp/fc8531413cc807152529a1ccc0347a51.php on line 136 and defined
[ error ] [8]未定义数组索引: avatar
[ error ] [8]未定义数组索引: nickname

---------------------------------------------------------------
[ 2018-09-04T21:59:30+08:00 ] 172.17.0.5 150.138.216.75 GET /index/picture/lists/category_id/27.html
[ log ] neweb.top/index/picture/lists/category_id/27.html [运行时间：0.297737s][吞吐率：3.36req/s] [内存消耗：3,920.12kb] [文件加载：61]
[ error ] [2]Missing argument 2 for app\common\model\Category::get_category_url_by_id(), called in /home/wwwroot/default/myblog/application/common/model/Category.php on line 233 and defined
[ error ] [8]未定义变量: categorys
[ error ] [2]Missing argument 2 for app\common\model\Category::get_category_url_by_id(), called in /home/wwwroot/default/myblog/application/common/model/Category.php on line 235 and defined
[ error ] [8]未定义变量: categorys
[ error ] [8]未定义数组下标: 27
[ error ] [2]Missing argument 3 for format_datetime(), called in /home/wwwroot/default/myblog/runtime/temp/ad8ddfb1f36a264d741f998fffe2cd11.php on line 141 and defined
[ error ] [8]未定义数组索引: avatar
[ error ] [8]未定义数组索引: nickname

---------------------------------------------------------------
[ 2018-09-04T21:59:34+08:00 ] 172.17.0.5 150.138.216.71 GET /index/picture/lists/category_id/27.html
[ log ] neweb.top/index/picture/lists/category_id/27.html [运行时间：0.035148s][吞吐率：28.45req/s] [内存消耗：3,920.13kb] [文件加载：61]
[ error ] [2]Missing argument 2 for app\common\model\Category::get_category_url_by_id(), called in /home/wwwroot/default/myblog/application/common/model/Category.php on line 233 and defined
[ error ] [8]未定义变量: categorys
[ error ] [2]Missing argument 2 for app\common\model\Category::get_category_url_by_id(), called in /home/wwwroot/default/myblog/application/common/model/Category.php on line 235 and defined
[ error ] [8]未定义变量: categorys
[ error ] [8]未定义数组下标: 27
[ error ] [2]Missing argument 3 for format_datetime(), called in /home/wwwroot/default/myblog/runtime/temp/ad8ddfb1f36a264d741f998fffe2cd11.php on line 141 and defined
[ error ] [8]未定义数组索引: avatar
[ error ] [8]未定义数组索引: nickname

---------------------------------------------------------------
[ 2018-09-04T22:21:38+08:00 ] 172.17.0.5 184.105.247.194 GET /
[ log ] 111.231.93.174/ [运行时间：0.030851s][吞吐率：32.41req/s] [内存消耗：3,764.00kb] [文件加载：56]
[ error ] [2]Missing argument 3 for format_datetime(), called in /home/wwwroot/default/myblog/runtime/temp/fc8531413cc807152529a1ccc0347a51.php on line 136 and defined
[ error ] [2]Missing argument 3 for format_datetime(), called in /home/wwwroot/default/myblog/runtime/temp/fc8531413cc807152529a1ccc0347a51.php on line 136 and defined
[ error ] [2]Missing argument 3 for format_datetime(), called in /home/wwwroot/default/myblog/runtime/temp/fc8531413cc807152529a1ccc0347a51.php on line 136 and defined
[ error ] [2]Missing argument 3 for format_datetime(), called in /home/wwwroot/default/myblog/runtime/temp/fc8531413cc807152529a1ccc0347a51.php on line 136 and defined
[ error ] [2]Missing argument 3 for format_datetime(), called in /home/wwwroot/default/myblog/runtime/temp/fc8531413cc807152529a1ccc0347a51.php on line 136 and defined
[ error ] [2]Missing argument 3 for format_datetime(), called in /home/wwwroot/default/myblog/runtime/temp/fc8531413cc807152529a1ccc0347a51.php on line 136 and defined
[ error ] [2]Missing argument 3 for format_datetime(), called in /home/wwwroot/default/myblog/runtime/temp/fc8531413cc807152529a1ccc0347a51.php on line 136 and defined
[ error ] [2]Missing argument 3 for format_datetime(), called in /home/wwwroot/default/myblog/runtime/temp/fc8531413cc807152529a1ccc0347a51.php on line 136 and defined
[ error ] [2]Missing argument 3 for format_datetime(), called in /home/wwwroot/default/myblog/runtime/temp/fc8531413cc807152529a1ccc0347a51.php on line 136 and defined
[ error ] [2]Missing argument 3 for format_datetime(), called in /home/wwwroot/default/myblog/runtime/temp/fc8531413cc807152529a1ccc0347a51.php on line 136 and defined
[ error ] [2]Missing argument 3 for format_datetime(), called in /home/wwwroot/default/myblog/runtime/temp/fc8531413cc807152529a1ccc0347a51.php on line 136 and defined
[ error ] [2]Missing argument 3 for format_datetime(), called in /home/wwwroot/default/myblog/runtime/temp/fc8531413cc807152529a1ccc0347a51.php on line 136 and defined
[ error ] [8]未定义数组索引: avatar
[ error ] [8]未定义数组索引: nickname

---------------------------------------------------------------
[ 2018-09-04T23:06:20+08:00 ] 172.17.0.5 157.255.17.72 GET /
[ log ] neweb.top/ [运行时间：0.030287s][吞吐率：33.02req/s] [内存消耗：3,764.29kb] [文件加载：56]
[ error ] [2]Missing argument 3 for format_datetime(), called in /home/wwwroot/default/myblog/runtime/temp/fc8531413cc807152529a1ccc0347a51.php on line 136 and defined
[ error ] [2]Missing argument 3 for format_datetime(), called in /home/wwwroot/default/myblog/runtime/temp/fc8531413cc807152529a1ccc0347a51.php on line 136 and defined
[ error ] [2]Missing argument 3 for format_datetime(), called in /home/wwwroot/default/myblog/runtime/temp/fc8531413cc807152529a1ccc0347a51.php on line 136 and defined
[ error ] [2]Missing argument 3 for format_datetime(), called in /home/wwwroot/default/myblog/runtime/temp/fc8531413cc807152529a1ccc0347a51.php on line 136 and defined
[ error ] [2]Missing argument 3 for format_datetime(), called in /home/wwwroot/default/myblog/runtime/temp/fc8531413cc807152529a1ccc0347a51.php on line 136 and defined
[ error ] [2]Missing argument 3 for format_datetime(), called in /home/wwwroot/default/myblog/runtime/temp/fc8531413cc807152529a1ccc0347a51.php on line 136 and defined
[ error ] [2]Missing argument 3 for format_datetime(), called in /home/wwwroot/default/myblog/runtime/temp/fc8531413cc807152529a1ccc0347a51.php on line 136 and defined
[ error ] [2]Missing argument 3 for format_datetime(), called in /home/wwwroot/default/myblog/runtime/temp/fc8531413cc807152529a1ccc0347a51.php on line 136 and defined
[ error ] [2]Missing argument 3 for format_datetime(), called in /home/wwwroot/default/myblog/runtime/temp/fc8531413cc807152529a1ccc0347a51.php on line 136 and defined
[ error ] [2]Missing argument 3 for format_datetime(), called in /home/wwwroot/default/myblog/runtime/temp/fc8531413cc807152529a1ccc0347a51.php on line 136 and defined
[ error ] [2]Missing argument 3 for format_datetime(), called in /home/wwwroot/default/myblog/runtime/temp/fc8531413cc807152529a1ccc0347a51.php on line 136 and defined
[ error ] [2]Missing argument 3 for format_datetime(), called in /home/wwwroot/default/myblog/runtime/temp/fc8531413cc807152529a1ccc0347a51.php on line 136 and defined
[ error ] [8]未定义数组索引: avatar
[ error ] [8]未定义数组索引: nickname

---------------------------------------------------------------
