[ 2018-09-08T01:20:00+08:00 ] 172.17.0.5 61.160.239.112 GET /
[ log ] neweb.top/ [运行时间：0.048562s][吞吐率：20.59req/s] [内存消耗：3,764.44kb] [文件加载：56]
[ error ] [2]Missing argument 3 for format_datetime(), called in /home/wwwroot/default/myblog/runtime/temp/fc8531413cc807152529a1ccc0347a51.php on line 136 and defined
[ error ] [2]Missing argument 3 for format_datetime(), called in /home/wwwroot/default/myblog/runtime/temp/fc8531413cc807152529a1ccc0347a51.php on line 136 and defined
[ error ] [2]Missing argument 3 for format_datetime(), called in /home/wwwroot/default/myblog/runtime/temp/fc8531413cc807152529a1ccc0347a51.php on line 136 and defined
[ error ] [2]Missing argument 3 for format_datetime(), called in /home/wwwroot/default/myblog/runtime/temp/fc8531413cc807152529a1ccc0347a51.php on line 136 and defined
[ error ] [2]Missing argument 3 for format_datetime(), called in /home/wwwroot/default/myblog/runtime/temp/fc8531413cc807152529a1ccc0347a51.php on line 136 and defined
[ error ] [2]Missing argument 3 for format_datetime(), called in /home/wwwroot/default/myblog/runtime/temp/fc8531413cc807152529a1ccc0347a51.php on line 136 and defined
[ error ] [2]Missing argument 3 for format_datetime(), called in /home/wwwroot/default/myblog/runtime/temp/fc8531413cc807152529a1ccc0347a51.php on line 136 and defined
[ error ] [2]Missing argument 3 for format_datetime(), called in /home/wwwroot/default/myblog/runtime/temp/fc8531413cc807152529a1ccc0347a51.php on line 136 and defined
[ error ] [2]Missing argument 3 for format_datetime(), called in /home/wwwroot/default/myblog/runtime/temp/fc8531413cc807152529a1ccc0347a51.php on line 136 and defined
[ error ] [2]Missing argument 3 for format_datetime(), called in /home/wwwroot/default/myblog/runtime/temp/fc8531413cc807152529a1ccc0347a51.php on line 136 and defined
[ error ] [2]Missing argument 3 for format_datetime(), called in /home/wwwroot/default/myblog/runtime/temp/fc8531413cc807152529a1ccc0347a51.php on line 136 and defined
[ error ] [2]Missing argument 3 for format_datetime(), called in /home/wwwroot/default/myblog/runtime/temp/fc8531413cc807152529a1ccc0347a51.php on line 136 and defined
[ error ] [8]未定义数组索引: avatar
[ error ] [8]未定义数组索引: nickname

---------------------------------------------------------------
[ 2018-09-08T01:20:37+08:00 ] 172.17.0.5 61.160.239.112 GET /index/picture/lists/category_id/20.html
[ log ] neweb.top/index/picture/lists/category_id/20.html [运行时间：0.032604s][吞吐率：30.67req/s] [内存消耗：3,920.16kb] [文件加载：61]
[ error ] [2]Missing argument 2 for app\common\model\Category::get_category_url_by_id(), called in /home/wwwroot/default/myblog/application/common/model/Category.php on line 233 and defined
[ error ] [8]未定义变量: categorys
[ error ] [2]Missing argument 2 for app\common\model\Category::get_category_url_by_id(), called in /home/wwwroot/default/myblog/application/common/model/Category.php on line 235 and defined
[ error ] [8]未定义变量: categorys
[ error ] [8]未定义数组下标: 20
[ error ] [2]Missing argument 3 for format_datetime(), called in /home/wwwroot/default/myblog/runtime/temp/ad8ddfb1f36a264d741f998fffe2cd11.php on line 141 and defined
[ error ] [8]未定义数组索引: avatar
[ error ] [8]未定义数组索引: nickname

---------------------------------------------------------------
[ 2018-09-08T02:53:25+08:00 ] 172.17.0.5 184.105.139.67 GET /
[ log ] 111.231.93.174/ [运行时间：0.037194s][吞吐率：26.89req/s] [内存消耗：3,764.02kb] [文件加载：56]
[ error ] [2]Missing argument 3 for format_datetime(), called in /home/wwwroot/default/myblog/runtime/temp/fc8531413cc807152529a1ccc0347a51.php on line 136 and defined
[ error ] [2]Missing argument 3 for format_datetime(), called in /home/wwwroot/default/myblog/runtime/temp/fc8531413cc807152529a1ccc0347a51.php on line 136 and defined
[ error ] [2]Missing argument 3 for format_datetime(), called in /home/wwwroot/default/myblog/runtime/temp/fc8531413cc807152529a1ccc0347a51.php on line 136 and defined
[ error ] [2]Missing argument 3 for format_datetime(), called in /home/wwwroot/default/myblog/runtime/temp/fc8531413cc807152529a1ccc0347a51.php on line 136 and defined
[ error ] [2]Missing argument 3 for format_datetime(), called in /home/wwwroot/default/myblog/runtime/temp/fc8531413cc807152529a1ccc0347a51.php on line 136 and defined
[ error ] [2]Missing argument 3 for format_datetime(), called in /home/wwwroot/default/myblog/runtime/temp/fc8531413cc807152529a1ccc0347a51.php on line 136 and defined
[ error ] [2]Missing argument 3 for format_datetime(), called in /home/wwwroot/default/myblog/runtime/temp/fc8531413cc807152529a1ccc0347a51.php on line 136 and defined
[ error ] [2]Missing argument 3 for format_datetime(), called in /home/wwwroot/default/myblog/runtime/temp/fc8531413cc807152529a1ccc0347a51.php on line 136 and defined
[ error ] [2]Missing argument 3 for format_datetime(), called in /home/wwwroot/default/myblog/runtime/temp/fc8531413cc807152529a1ccc0347a51.php on line 136 and defined
[ error ] [2]Missing argument 3 for format_datetime(), called in /home/wwwroot/default/myblog/runtime/temp/fc8531413cc807152529a1ccc0347a51.php on line 136 and defined
[ error ] [2]Missing argument 3 for format_datetime(), called in /home/wwwroot/default/myblog/runtime/temp/fc8531413cc807152529a1ccc0347a51.php on line 136 and defined
[ error ] [2]Missing argument 3 for format_datetime(), called in /home/wwwroot/default/myblog/runtime/temp/fc8531413cc807152529a1ccc0347a51.php on line 136 and defined
[ error ] [8]未定义数组索引: avatar
[ error ] [8]未定义数组索引: nickname

---------------------------------------------------------------
[ 2018-09-08T02:58:11+08:00 ] 172.17.0.5 222.186.190.20 GET /
[ log ] 111.231.93.174/ [运行时间：0.035010s][吞吐率：28.56req/s] [内存消耗：3,764.19kb] [文件加载：56]
[ error ] [2]Missing argument 3 for format_datetime(), called in /home/wwwroot/default/myblog/runtime/temp/fc8531413cc807152529a1ccc0347a51.php on line 136 and defined
[ error ] [2]Missing argument 3 for format_datetime(), called in /home/wwwroot/default/myblog/runtime/temp/fc8531413cc807152529a1ccc0347a51.php on line 136 and defined
[ error ] [2]Missing argument 3 for format_datetime(), called in /home/wwwroot/default/myblog/runtime/temp/fc8531413cc807152529a1ccc0347a51.php on line 136 and defined
[ error ] [2]Missing argument 3 for format_datetime(), called in /home/wwwroot/default/myblog/runtime/temp/fc8531413cc807152529a1ccc0347a51.php on line 136 and defined
[ error ] [2]Missing argument 3 for format_datetime(), called in /home/wwwroot/default/myblog/runtime/temp/fc8531413cc807152529a1ccc0347a51.php on line 136 and defined
[ error ] [2]Missing argument 3 for format_datetime(), called in /home/wwwroot/default/myblog/runtime/temp/fc8531413cc807152529a1ccc0347a51.php on line 136 and defined
[ error ] [2]Missing argument 3 for format_datetime(), called in /home/wwwroot/default/myblog/runtime/temp/fc8531413cc807152529a1ccc0347a51.php on line 136 and defined
[ error ] [2]Missing argument 3 for format_datetime(), called in /home/wwwroot/default/myblog/runtime/temp/fc8531413cc807152529a1ccc0347a51.php on line 136 and defined
[ error ] [2]Missing argument 3 for format_datetime(), called in /home/wwwroot/default/myblog/runtime/temp/fc8531413cc807152529a1ccc0347a51.php on line 136 and defined
[ error ] [2]Missing argument 3 for format_datetime(), called in /home/wwwroot/default/myblog/runtime/temp/fc8531413cc807152529a1ccc0347a51.php on line 136 and defined
[ error ] [2]Missing argument 3 for format_datetime(), called in /home/wwwroot/default/myblog/runtime/temp/fc8531413cc807152529a1ccc0347a51.php on line 136 and defined
[ error ] [2]Missing argument 3 for format_datetime(), called in /home/wwwroot/default/myblog/runtime/temp/fc8531413cc807152529a1ccc0347a51.php on line 136 and defined
[ error ] [8]未定义数组索引: avatar
[ error ] [8]未定义数组索引: nickname

---------------------------------------------------------------
[ 2018-09-08T04:23:49+08:00 ] 172.17.0.5 5.8.10.202 GET /
[ log ] darkpro.ws/ [运行时间：0.039687s][吞吐率：25.20req/s] [内存消耗：3,763.98kb] [文件加载：56]
[ error ] [2]Missing argument 3 for format_datetime(), called in /home/wwwroot/default/myblog/runtime/temp/fc8531413cc807152529a1ccc0347a51.php on line 136 and defined
[ error ] [2]Missing argument 3 for format_datetime(), called in /home/wwwroot/default/myblog/runtime/temp/fc8531413cc807152529a1ccc0347a51.php on line 136 and defined
[ error ] [2]Missing argument 3 for format_datetime(), called in /home/wwwroot/default/myblog/runtime/temp/fc8531413cc807152529a1ccc0347a51.php on line 136 and defined
[ error ] [2]Missing argument 3 for format_datetime(), called in /home/wwwroot/default/myblog/runtime/temp/fc8531413cc807152529a1ccc0347a51.php on line 136 and defined
[ error ] [2]Missing argument 3 for format_datetime(), called in /home/wwwroot/default/myblog/runtime/temp/fc8531413cc807152529a1ccc0347a51.php on line 136 and defined
[ error ] [2]Missing argument 3 for format_datetime(), called in /home/wwwroot/default/myblog/runtime/temp/fc8531413cc807152529a1ccc0347a51.php on line 136 and defined
[ error ] [2]Missing argument 3 for format_datetime(), called in /home/wwwroot/default/myblog/runtime/temp/fc8531413cc807152529a1ccc0347a51.php on line 136 and defined
[ error ] [2]Missing argument 3 for format_datetime(), called in /home/wwwroot/default/myblog/runtime/temp/fc8531413cc807152529a1ccc0347a51.php on line 136 and defined
[ error ] [2]Missing argument 3 for format_datetime(), called in /home/wwwroot/default/myblog/runtime/temp/fc8531413cc807152529a1ccc0347a51.php on line 136 and defined
[ error ] [2]Missing argument 3 for format_datetime(), called in /home/wwwroot/default/myblog/runtime/temp/fc8531413cc807152529a1ccc0347a51.php on line 136 and defined
[ error ] [2]Missing argument 3 for format_datetime(), called in /home/wwwroot/default/myblog/runtime/temp/fc8531413cc807152529a1ccc0347a51.php on line 136 and defined
[ error ] [2]Missing argument 3 for format_datetime(), called in /home/wwwroot/default/myblog/runtime/temp/fc8531413cc807152529a1ccc0347a51.php on line 136 and defined
[ error ] [8]未定义数组索引: avatar
[ error ] [8]未定义数组索引: nickname

---------------------------------------------------------------
[ 2018-09-08T05:09:28+08:00 ] 172.17.0.5 183.131.24.73 GET /
[ log ] neweb.top/ [运行时间：0.030481s][吞吐率：32.81req/s] [内存消耗：3,764.25kb] [文件加载：56]
[ error ] [2]Missing argument 3 for format_datetime(), called in /home/wwwroot/default/myblog/runtime/temp/fc8531413cc807152529a1ccc0347a51.php on line 136 and defined
[ error ] [2]Missing argument 3 for format_datetime(), called in /home/wwwroot/default/myblog/runtime/temp/fc8531413cc807152529a1ccc0347a51.php on line 136 and defined
[ error ] [2]Missing argument 3 for format_datetime(), called in /home/wwwroot/default/myblog/runtime/temp/fc8531413cc807152529a1ccc0347a51.php on line 136 and defined
[ error ] [2]Missing argument 3 for format_datetime(), called in /home/wwwroot/default/myblog/runtime/temp/fc8531413cc807152529a1ccc0347a51.php on line 136 and defined
[ error ] [2]Missing argument 3 for format_datetime(), called in /home/wwwroot/default/myblog/runtime/temp/fc8531413cc807152529a1ccc0347a51.php on line 136 and defined
[ error ] [2]Missing argument 3 for format_datetime(), called in /home/wwwroot/default/myblog/runtime/temp/fc8531413cc807152529a1ccc0347a51.php on line 136 and defined
[ error ] [2]Missing argument 3 for format_datetime(), called in /home/wwwroot/default/myblog/runtime/temp/fc8531413cc807152529a1ccc0347a51.php on line 136 and defined
[ error ] [2]Missing argument 3 for format_datetime(), called in /home/wwwroot/default/myblog/runtime/temp/fc8531413cc807152529a1ccc0347a51.php on line 136 and defined
[ error ] [2]Missing argument 3 for format_datetime(), called in /home/wwwroot/default/myblog/runtime/temp/fc8531413cc807152529a1ccc0347a51.php on line 136 and defined
[ error ] [2]Missing argument 3 for format_datetime(), called in /home/wwwroot/default/myblog/runtime/temp/fc8531413cc807152529a1ccc0347a51.php on line 136 and defined
[ error ] [2]Missing argument 3 for format_datetime(), called in /home/wwwroot/default/myblog/runtime/temp/fc8531413cc807152529a1ccc0347a51.php on line 136 and defined
[ error ] [2]Missing argument 3 for format_datetime(), called in /home/wwwroot/default/myblog/runtime/temp/fc8531413cc807152529a1ccc0347a51.php on line 136 and defined
[ error ] [8]未定义数组索引: avatar
[ error ] [8]未定义数组索引: nickname

---------------------------------------------------------------
[ 2018-09-08T05:09:28+08:00 ] 172.17.0.5 124.160.123.169 HEAD /
[ log ] neweb.top/ [运行时间：0.029438s][吞吐率：33.97req/s] [内存消耗：3,762.65kb] [文件加载：56]
[ error ] [2]Missing argument 3 for format_datetime(), called in /home/wwwroot/default/myblog/runtime/temp/fc8531413cc807152529a1ccc0347a51.php on line 136 and defined
[ error ] [2]Missing argument 3 for format_datetime(), called in /home/wwwroot/default/myblog/runtime/temp/fc8531413cc807152529a1ccc0347a51.php on line 136 and defined
[ error ] [2]Missing argument 3 for format_datetime(), called in /home/wwwroot/default/myblog/runtime/temp/fc8531413cc807152529a1ccc0347a51.php on line 136 and defined
[ error ] [2]Missing argument 3 for format_datetime(), called in /home/wwwroot/default/myblog/runtime/temp/fc8531413cc807152529a1ccc0347a51.php on line 136 and defined
[ error ] [2]Missing argument 3 for format_datetime(), called in /home/wwwroot/default/myblog/runtime/temp/fc8531413cc807152529a1ccc0347a51.php on line 136 and defined
[ error ] [2]Missing argument 3 for format_datetime(), called in /home/wwwroot/default/myblog/runtime/temp/fc8531413cc807152529a1ccc0347a51.php on line 136 and defined
[ error ] [2]Missing argument 3 for format_datetime(), called in /home/wwwroot/default/myblog/runtime/temp/fc8531413cc807152529a1ccc0347a51.php on line 136 and defined
[ error ] [2]Missing argument 3 for format_datetime(), called in /home/wwwroot/default/myblog/runtime/temp/fc8531413cc807152529a1ccc0347a51.php on line 136 and defined
[ error ] [2]Missing argument 3 for format_datetime(), called in /home/wwwroot/default/myblog/runtime/temp/fc8531413cc807152529a1ccc0347a51.php on line 136 and defined
[ error ] [2]Missing argument 3 for format_datetime(), called in /home/wwwroot/default/myblog/runtime/temp/fc8531413cc807152529a1ccc0347a51.php on line 136 and defined
[ error ] [2]Missing argument 3 for format_datetime(), called in /home/wwwroot/default/myblog/runtime/temp/fc8531413cc807152529a1ccc0347a51.php on line 136 and defined
[ error ] [2]Missing argument 3 for format_datetime(), called in /home/wwwroot/default/myblog/runtime/temp/fc8531413cc807152529a1ccc0347a51.php on line 136 and defined
[ error ] [8]未定义数组索引: avatar
[ error ] [8]未定义数组索引: nickname

---------------------------------------------------------------
[ 2018-09-08T05:36:28+08:00 ] 172.17.0.5 150.138.216.73 GET /
[ log ] neweb.top/ [运行时间：0.029322s][吞吐率：34.10req/s] [内存消耗：3,763.88kb] [文件加载：56]
[ error ] [2]Missing argument 3 for format_datetime(), called in /home/wwwroot/default/myblog/runtime/temp/fc8531413cc807152529a1ccc0347a51.php on line 136 and defined
[ error ] [2]Missing argument 3 for format_datetime(), called in /home/wwwroot/default/myblog/runtime/temp/fc8531413cc807152529a1ccc0347a51.php on line 136 and defined
[ error ] [2]Missing argument 3 for format_datetime(), called in /home/wwwroot/default/myblog/runtime/temp/fc8531413cc807152529a1ccc0347a51.php on line 136 and defined
[ error ] [2]Missing argument 3 for format_datetime(), called in /home/wwwroot/default/myblog/runtime/temp/fc8531413cc807152529a1ccc0347a51.php on line 136 and defined
[ error ] [2]Missing argument 3 for format_datetime(), called in /home/wwwroot/default/myblog/runtime/temp/fc8531413cc807152529a1ccc0347a51.php on line 136 and defined
[ error ] [2]Missing argument 3 for format_datetime(), called in /home/wwwroot/default/myblog/runtime/temp/fc8531413cc807152529a1ccc0347a51.php on line 136 and defined
[ error ] [2]Missing argument 3 for format_datetime(), called in /home/wwwroot/default/myblog/runtime/temp/fc8531413cc807152529a1ccc0347a51.php on line 136 and defined
[ error ] [2]Missing argument 3 for format_datetime(), called in /home/wwwroot/default/myblog/runtime/temp/fc8531413cc807152529a1ccc0347a51.php on line 136 and defined
[ error ] [2]Missing argument 3 for format_datetime(), called in /home/wwwroot/default/myblog/runtime/temp/fc8531413cc807152529a1ccc0347a51.php on line 136 and defined
[ error ] [2]Missing argument 3 for format_datetime(), called in /home/wwwroot/default/myblog/runtime/temp/fc8531413cc807152529a1ccc0347a51.php on line 136 and defined
[ error ] [2]Missing argument 3 for format_datetime(), called in /home/wwwroot/default/myblog/runtime/temp/fc8531413cc807152529a1ccc0347a51.php on line 136 and defined
[ error ] [2]Missing argument 3 for format_datetime(), called in /home/wwwroot/default/myblog/runtime/temp/fc8531413cc807152529a1ccc0347a51.php on line 136 and defined
[ error ] [8]未定义数组索引: avatar
[ error ] [8]未定义数组索引: nickname

---------------------------------------------------------------
[ 2018-09-08T05:39:28+08:00 ] 172.17.0.5 124.160.123.163 GET /
[ log ] neweb.top/ [运行时间：0.052450s][吞吐率：19.07req/s] [内存消耗：3,764.25kb] [文件加载：56]
[ error ] [2]Missing argument 3 for format_datetime(), called in /home/wwwroot/default/myblog/runtime/temp/fc8531413cc807152529a1ccc0347a51.php on line 136 and defined
[ error ] [2]Missing argument 3 for format_datetime(), called in /home/wwwroot/default/myblog/runtime/temp/fc8531413cc807152529a1ccc0347a51.php on line 136 and defined
[ error ] [2]Missing argument 3 for format_datetime(), called in /home/wwwroot/default/myblog/runtime/temp/fc8531413cc807152529a1ccc0347a51.php on line 136 and defined
[ error ] [2]Missing argument 3 for format_datetime(), called in /home/wwwroot/default/myblog/runtime/temp/fc8531413cc807152529a1ccc0347a51.php on line 136 and defined
[ error ] [2]Missing argument 3 for format_datetime(), called in /home/wwwroot/default/myblog/runtime/temp/fc8531413cc807152529a1ccc0347a51.php on line 136 and defined
[ error ] [2]Missing argument 3 for format_datetime(), called in /home/wwwroot/default/myblog/runtime/temp/fc8531413cc807152529a1ccc0347a51.php on line 136 and defined
[ error ] [2]Missing argument 3 for format_datetime(), called in /home/wwwroot/default/myblog/runtime/temp/fc8531413cc807152529a1ccc0347a51.php on line 136 and defined
[ error ] [2]Missing argument 3 for format_datetime(), called in /home/wwwroot/default/myblog/runtime/temp/fc8531413cc807152529a1ccc0347a51.php on line 136 and defined
[ error ] [2]Missing argument 3 for format_datetime(), called in /home/wwwroot/default/myblog/runtime/temp/fc8531413cc807152529a1ccc0347a51.php on line 136 and defined
[ error ] [2]Missing argument 3 for format_datetime(), called in /home/wwwroot/default/myblog/runtime/temp/fc8531413cc807152529a1ccc0347a51.php on line 136 and defined
[ error ] [2]Missing argument 3 for format_datetime(), called in /home/wwwroot/default/myblog/runtime/temp/fc8531413cc807152529a1ccc0347a51.php on line 136 and defined
[ error ] [2]Missing argument 3 for format_datetime(), called in /home/wwwroot/default/myblog/runtime/temp/fc8531413cc807152529a1ccc0347a51.php on line 136 and defined
[ error ] [8]未定义数组索引: avatar
[ error ] [8]未定义数组索引: nickname

---------------------------------------------------------------
[ 2018-09-08T05:39:28+08:00 ] 172.17.0.5 61.160.239.108 GET /
[ log ] neweb.top/ [运行时间：0.039876s][吞吐率：25.08req/s] [内存消耗：3,764.25kb] [文件加载：56]
[ error ] [2]Missing argument 3 for format_datetime(), called in /home/wwwroot/default/myblog/runtime/temp/fc8531413cc807152529a1ccc0347a51.php on line 136 and defined
[ error ] [2]Missing argument 3 for format_datetime(), called in /home/wwwroot/default/myblog/runtime/temp/fc8531413cc807152529a1ccc0347a51.php on line 136 and defined
[ error ] [2]Missing argument 3 for format_datetime(), called in /home/wwwroot/default/myblog/runtime/temp/fc8531413cc807152529a1ccc0347a51.php on line 136 and defined
[ error ] [2]Missing argument 3 for format_datetime(), called in /home/wwwroot/default/myblog/runtime/temp/fc8531413cc807152529a1ccc0347a51.php on line 136 and defined
[ error ] [2]Missing argument 3 for format_datetime(), called in /home/wwwroot/default/myblog/runtime/temp/fc8531413cc807152529a1ccc0347a51.php on line 136 and defined
[ error ] [2]Missing argument 3 for format_datetime(), called in /home/wwwroot/default/myblog/runtime/temp/fc8531413cc807152529a1ccc0347a51.php on line 136 and defined
[ error ] [2]Missing argument 3 for format_datetime(), called in /home/wwwroot/default/myblog/runtime/temp/fc8531413cc807152529a1ccc0347a51.php on line 136 and defined
[ error ] [2]Missing argument 3 for format_datetime(), called in /home/wwwroot/default/myblog/runtime/temp/fc8531413cc807152529a1ccc0347a51.php on line 136 and defined
[ error ] [2]Missing argument 3 for format_datetime(), called in /home/wwwroot/default/myblog/runtime/temp/fc8531413cc807152529a1ccc0347a51.php on line 136 and defined
[ error ] [2]Missing argument 3 for format_datetime(), called in /home/wwwroot/default/myblog/runtime/temp/fc8531413cc807152529a1ccc0347a51.php on line 136 and defined
[ error ] [2]Missing argument 3 for format_datetime(), called in /home/wwwroot/default/myblog/runtime/temp/fc8531413cc807152529a1ccc0347a51.php on line 136 and defined
[ error ] [2]Missing argument 3 for format_datetime(), called in /home/wwwroot/default/myblog/runtime/temp/fc8531413cc807152529a1ccc0347a51.php on line 136 and defined
[ error ] [8]未定义数组索引: avatar
[ error ] [8]未定义数组索引: nickname

---------------------------------------------------------------
[ 2018-09-08T05:39:28+08:00 ] 172.17.0.5 124.160.123.163 HEAD /
[ log ] neweb.top/ [运行时间：0.049576s][吞吐率：20.17req/s] [内存消耗：3,762.65kb] [文件加载：56]
[ error ] [2]Missing argument 3 for format_datetime(), called in /home/wwwroot/default/myblog/runtime/temp/fc8531413cc807152529a1ccc0347a51.php on line 136 and defined
[ error ] [2]Missing argument 3 for format_datetime(), called in /home/wwwroot/default/myblog/runtime/temp/fc8531413cc807152529a1ccc0347a51.php on line 136 and defined
[ error ] [2]Missing argument 3 for format_datetime(), called in /home/wwwroot/default/myblog/runtime/temp/fc8531413cc807152529a1ccc0347a51.php on line 136 and defined
[ error ] [2]Missing argument 3 for format_datetime(), called in /home/wwwroot/default/myblog/runtime/temp/fc8531413cc807152529a1ccc0347a51.php on line 136 and defined
[ error ] [2]Missing argument 3 for format_datetime(), called in /home/wwwroot/default/myblog/runtime/temp/fc8531413cc807152529a1ccc0347a51.php on line 136 and defined
[ error ] [2]Missing argument 3 for format_datetime(), called in /home/wwwroot/default/myblog/runtime/temp/fc8531413cc807152529a1ccc0347a51.php on line 136 and defined
[ error ] [2]Missing argument 3 for format_datetime(), called in /home/wwwroot/default/myblog/runtime/temp/fc8531413cc807152529a1ccc0347a51.php on line 136 and defined
[ error ] [2]Missing argument 3 for format_datetime(), called in /home/wwwroot/default/myblog/runtime/temp/fc8531413cc807152529a1ccc0347a51.php on line 136 and defined
[ error ] [2]Missing argument 3 for format_datetime(), called in /home/wwwroot/default/myblog/runtime/temp/fc8531413cc807152529a1ccc0347a51.php on line 136 and defined
[ error ] [2]Missing argument 3 for format_datetime(), called in /home/wwwroot/default/myblog/runtime/temp/fc8531413cc807152529a1ccc0347a51.php on line 136 and defined
[ error ] [2]Missing argument 3 for format_datetime(), called in /home/wwwroot/default/myblog/runtime/temp/fc8531413cc807152529a1ccc0347a51.php on line 136 and defined
[ error ] [2]Missing argument 3 for format_datetime(), called in /home/wwwroot/default/myblog/runtime/temp/fc8531413cc807152529a1ccc0347a51.php on line 136 and defined
[ error ] [8]未定义数组索引: avatar
[ error ] [8]未定义数组索引: nickname

---------------------------------------------------------------
[ 2018-09-08T05:39:28+08:00 ] 172.17.0.5 112.82.242.108 HEAD /
[ log ] neweb.top/ [运行时间：0.037754s][吞吐率：26.49req/s] [内存消耗：3,762.65kb] [文件加载：56]
[ error ] [2]Missing argument 3 for format_datetime(), called in /home/wwwroot/default/myblog/runtime/temp/fc8531413cc807152529a1ccc0347a51.php on line 136 and defined
[ error ] [2]Missing argument 3 for format_datetime(), called in /home/wwwroot/default/myblog/runtime/temp/fc8531413cc807152529a1ccc0347a51.php on line 136 and defined
[ error ] [2]Missing argument 3 for format_datetime(), called in /home/wwwroot/default/myblog/runtime/temp/fc8531413cc807152529a1ccc0347a51.php on line 136 and defined
[ error ] [2]Missing argument 3 for format_datetime(), called in /home/wwwroot/default/myblog/runtime/temp/fc8531413cc807152529a1ccc0347a51.php on line 136 and defined
[ error ] [2]Missing argument 3 for format_datetime(), called in /home/wwwroot/default/myblog/runtime/temp/fc8531413cc807152529a1ccc0347a51.php on line 136 and defined
[ error ] [2]Missing argument 3 for format_datetime(), called in /home/wwwroot/default/myblog/runtime/temp/fc8531413cc807152529a1ccc0347a51.php on line 136 and defined
[ error ] [2]Missing argument 3 for format_datetime(), called in /home/wwwroot/default/myblog/runtime/temp/fc8531413cc807152529a1ccc0347a51.php on line 136 and defined
[ error ] [2]Missing argument 3 for format_datetime(), called in /home/wwwroot/default/myblog/runtime/temp/fc8531413cc807152529a1ccc0347a51.php on line 136 and defined
[ error ] [2]Missing argument 3 for format_datetime(), called in /home/wwwroot/default/myblog/runtime/temp/fc8531413cc807152529a1ccc0347a51.php on line 136 and defined
[ error ] [2]Missing argument 3 for format_datetime(), called in /home/wwwroot/default/myblog/runtime/temp/fc8531413cc807152529a1ccc0347a51.php on line 136 and defined
[ error ] [2]Missing argument 3 for format_datetime(), called in /home/wwwroot/default/myblog/runtime/temp/fc8531413cc807152529a1ccc0347a51.php on line 136 and defined
[ error ] [2]Missing argument 3 for format_datetime(), called in /home/wwwroot/default/myblog/runtime/temp/fc8531413cc807152529a1ccc0347a51.php on line 136 and defined
[ error ] [8]未定义数组索引: avatar
[ error ] [8]未定义数组索引: nickname

---------------------------------------------------------------
[ 2018-09-08T05:49:28+08:00 ] 172.17.0.5 112.82.242.102 GET /
[ log ] neweb.top/ [运行时间：0.033548s][吞吐率：29.81req/s] [内存消耗：3,764.25kb] [文件加载：56]
[ error ] [2]Missing argument 3 for format_datetime(), called in /home/wwwroot/default/myblog/runtime/temp/fc8531413cc807152529a1ccc0347a51.php on line 136 and defined
[ error ] [2]Missing argument 3 for format_datetime(), called in /home/wwwroot/default/myblog/runtime/temp/fc8531413cc807152529a1ccc0347a51.php on line 136 and defined
[ error ] [2]Missing argument 3 for format_datetime(), called in /home/wwwroot/default/myblog/runtime/temp/fc8531413cc807152529a1ccc0347a51.php on line 136 and defined
[ error ] [2]Missing argument 3 for format_datetime(), called in /home/wwwroot/default/myblog/runtime/temp/fc8531413cc807152529a1ccc0347a51.php on line 136 and defined
[ error ] [2]Missing argument 3 for format_datetime(), called in /home/wwwroot/default/myblog/runtime/temp/fc8531413cc807152529a1ccc0347a51.php on line 136 and defined
[ error ] [2]Missing argument 3 for format_datetime(), called in /home/wwwroot/default/myblog/runtime/temp/fc8531413cc807152529a1ccc0347a51.php on line 136 and defined
[ error ] [2]Missing argument 3 for format_datetime(), called in /home/wwwroot/default/myblog/runtime/temp/fc8531413cc807152529a1ccc0347a51.php on line 136 and defined
[ error ] [2]Missing argument 3 for format_datetime(), called in /home/wwwroot/default/myblog/runtime/temp/fc8531413cc807152529a1ccc0347a51.php on line 136 and defined
[ error ] [2]Missing argument 3 for format_datetime(), called in /home/wwwroot/default/myblog/runtime/temp/fc8531413cc807152529a1ccc0347a51.php on line 136 and defined
[ error ] [2]Missing argument 3 for format_datetime(), called in /home/wwwroot/default/myblog/runtime/temp/fc8531413cc807152529a1ccc0347a51.php on line 136 and defined
[ error ] [2]Missing argument 3 for format_datetime(), called in /home/wwwroot/default/myblog/runtime/temp/fc8531413cc807152529a1ccc0347a51.php on line 136 and defined
[ error ] [2]Missing argument 3 for format_datetime(), called in /home/wwwroot/default/myblog/runtime/temp/fc8531413cc807152529a1ccc0347a51.php on line 136 and defined
[ error ] [8]未定义数组索引: avatar
[ error ] [8]未定义数组索引: nickname

---------------------------------------------------------------
[ 2018-09-08T05:49:28+08:00 ] 172.17.0.5 61.160.239.102 HEAD /
[ log ] neweb.top/ [运行时间：0.029090s][吞吐率：34.38req/s] [内存消耗：3,762.65kb] [文件加载：56]
[ error ] [2]Missing argument 3 for format_datetime(), called in /home/wwwroot/default/myblog/runtime/temp/fc8531413cc807152529a1ccc0347a51.php on line 136 and defined
[ error ] [2]Missing argument 3 for format_datetime(), called in /home/wwwroot/default/myblog/runtime/temp/fc8531413cc807152529a1ccc0347a51.php on line 136 and defined
[ error ] [2]Missing argument 3 for format_datetime(), called in /home/wwwroot/default/myblog/runtime/temp/fc8531413cc807152529a1ccc0347a51.php on line 136 and defined
[ error ] [2]Missing argument 3 for format_datetime(), called in /home/wwwroot/default/myblog/runtime/temp/fc8531413cc807152529a1ccc0347a51.php on line 136 and defined
[ error ] [2]Missing argument 3 for format_datetime(), called in /home/wwwroot/default/myblog/runtime/temp/fc8531413cc807152529a1ccc0347a51.php on line 136 and defined
[ error ] [2]Missing argument 3 for format_datetime(), called in /home/wwwroot/default/myblog/runtime/temp/fc8531413cc807152529a1ccc0347a51.php on line 136 and defined
[ error ] [2]Missing argument 3 for format_datetime(), called in /home/wwwroot/default/myblog/runtime/temp/fc8531413cc807152529a1ccc0347a51.php on line 136 and defined
[ error ] [2]Missing argument 3 for format_datetime(), called in /home/wwwroot/default/myblog/runtime/temp/fc8531413cc807152529a1ccc0347a51.php on line 136 and defined
[ error ] [2]Missing argument 3 for format_datetime(), called in /home/wwwroot/default/myblog/runtime/temp/fc8531413cc807152529a1ccc0347a51.php on line 136 and defined
[ error ] [2]Missing argument 3 for format_datetime(), called in /home/wwwroot/default/myblog/runtime/temp/fc8531413cc807152529a1ccc0347a51.php on line 136 and defined
[ error ] [2]Missing argument 3 for format_datetime(), called in /home/wwwroot/default/myblog/runtime/temp/fc8531413cc807152529a1ccc0347a51.php on line 136 and defined
[ error ] [2]Missing argument 3 for format_datetime(), called in /home/wwwroot/default/myblog/runtime/temp/fc8531413cc807152529a1ccc0347a51.php on line 136 and defined
[ error ] [8]未定义数组索引: avatar
[ error ] [8]未定义数组索引: nickname

---------------------------------------------------------------
[ 2018-09-08T05:59:25+08:00 ] 172.17.0.5 159.89.183.125 GET /
[ log ] www.neweb.top/ [运行时间：0.029408s][吞吐率：34.00req/s] [内存消耗：3,764.38kb] [文件加载：56]
[ error ] [2]Missing argument 3 for format_datetime(), called in /home/wwwroot/default/myblog/runtime/temp/fc8531413cc807152529a1ccc0347a51.php on line 136 and defined
[ error ] [2]Missing argument 3 for format_datetime(), called in /home/wwwroot/default/myblog/runtime/temp/fc8531413cc807152529a1ccc0347a51.php on line 136 and defined
[ error ] [2]Missing argument 3 for format_datetime(), called in /home/wwwroot/default/myblog/runtime/temp/fc8531413cc807152529a1ccc0347a51.php on line 136 and defined
[ error ] [2]Missing argument 3 for format_datetime(), called in /home/wwwroot/default/myblog/runtime/temp/fc8531413cc807152529a1ccc0347a51.php on line 136 and defined
[ error ] [2]Missing argument 3 for format_datetime(), called in /home/wwwroot/default/myblog/runtime/temp/fc8531413cc807152529a1ccc0347a51.php on line 136 and defined
[ error ] [2]Missing argument 3 for format_datetime(), called in /home/wwwroot/default/myblog/runtime/temp/fc8531413cc807152529a1ccc0347a51.php on line 136 and defined
[ error ] [2]Missing argument 3 for format_datetime(), called in /home/wwwroot/default/myblog/runtime/temp/fc8531413cc807152529a1ccc0347a51.php on line 136 and defined
[ error ] [2]Missing argument 3 for format_datetime(), called in /home/wwwroot/default/myblog/runtime/temp/fc8531413cc807152529a1ccc0347a51.php on line 136 and defined
[ error ] [2]Missing argument 3 for format_datetime(), called in /home/wwwroot/default/myblog/runtime/temp/fc8531413cc807152529a1ccc0347a51.php on line 136 and defined
[ error ] [2]Missing argument 3 for format_datetime(), called in /home/wwwroot/default/myblog/runtime/temp/fc8531413cc807152529a1ccc0347a51.php on line 136 and defined
[ error ] [2]Missing argument 3 for format_datetime(), called in /home/wwwroot/default/myblog/runtime/temp/fc8531413cc807152529a1ccc0347a51.php on line 136 and defined
[ error ] [2]Missing argument 3 for format_datetime(), called in /home/wwwroot/default/myblog/runtime/temp/fc8531413cc807152529a1ccc0347a51.php on line 136 and defined
[ error ] [8]未定义数组索引: avatar
[ error ] [8]未定义数组索引: nickname

---------------------------------------------------------------
[ 2018-09-08T05:59:28+08:00 ] 172.17.0.5 112.82.242.106 GET /
[ log ] neweb.top/ [运行时间：0.027831s][吞吐率：35.93req/s] [内存消耗：3,764.25kb] [文件加载：56]
[ error ] [2]Missing argument 3 for format_datetime(), called in /home/wwwroot/default/myblog/runtime/temp/fc8531413cc807152529a1ccc0347a51.php on line 136 and defined
[ error ] [2]Missing argument 3 for format_datetime(), called in /home/wwwroot/default/myblog/runtime/temp/fc8531413cc807152529a1ccc0347a51.php on line 136 and defined
[ error ] [2]Missing argument 3 for format_datetime(), called in /home/wwwroot/default/myblog/runtime/temp/fc8531413cc807152529a1ccc0347a51.php on line 136 and defined
[ error ] [2]Missing argument 3 for format_datetime(), called in /home/wwwroot/default/myblog/runtime/temp/fc8531413cc807152529a1ccc0347a51.php on line 136 and defined
[ error ] [2]Missing argument 3 for format_datetime(), called in /home/wwwroot/default/myblog/runtime/temp/fc8531413cc807152529a1ccc0347a51.php on line 136 and defined
[ error ] [2]Missing argument 3 for format_datetime(), called in /home/wwwroot/default/myblog/runtime/temp/fc8531413cc807152529a1ccc0347a51.php on line 136 and defined
[ error ] [2]Missing argument 3 for format_datetime(), called in /home/wwwroot/default/myblog/runtime/temp/fc8531413cc807152529a1ccc0347a51.php on line 136 and defined
[ error ] [2]Missing argument 3 for format_datetime(), called in /home/wwwroot/default/myblog/runtime/temp/fc8531413cc807152529a1ccc0347a51.php on line 136 and defined
[ error ] [2]Missing argument 3 for format_datetime(), called in /home/wwwroot/default/myblog/runtime/temp/fc8531413cc807152529a1ccc0347a51.php on line 136 and defined
[ error ] [2]Missing argument 3 for format_datetime(), called in /home/wwwroot/default/myblog/runtime/temp/fc8531413cc807152529a1ccc0347a51.php on line 136 and defined
[ error ] [2]Missing argument 3 for format_datetime(), called in /home/wwwroot/default/myblog/runtime/temp/fc8531413cc807152529a1ccc0347a51.php on line 136 and defined
[ error ] [2]Missing argument 3 for format_datetime(), called in /home/wwwroot/default/myblog/runtime/temp/fc8531413cc807152529a1ccc0347a51.php on line 136 and defined
[ error ] [8]未定义数组索引: avatar
[ error ] [8]未定义数组索引: nickname

---------------------------------------------------------------
[ 2018-09-08T05:59:28+08:00 ] 172.17.0.5 61.160.239.106 HEAD /
[ log ] neweb.top/ [运行时间：0.037625s][吞吐率：26.58req/s] [内存消耗：3,762.65kb] [文件加载：56]
[ error ] [2]Missing argument 3 for format_datetime(), called in /home/wwwroot/default/myblog/runtime/temp/fc8531413cc807152529a1ccc0347a51.php on line 136 and defined
[ error ] [2]Missing argument 3 for format_datetime(), called in /home/wwwroot/default/myblog/runtime/temp/fc8531413cc807152529a1ccc0347a51.php on line 136 and defined
[ error ] [2]Missing argument 3 for format_datetime(), called in /home/wwwroot/default/myblog/runtime/temp/fc8531413cc807152529a1ccc0347a51.php on line 136 and defined
[ error ] [2]Missing argument 3 for format_datetime(), called in /home/wwwroot/default/myblog/runtime/temp/fc8531413cc807152529a1ccc0347a51.php on line 136 and defined
[ error ] [2]Missing argument 3 for format_datetime(), called in /home/wwwroot/default/myblog/runtime/temp/fc8531413cc807152529a1ccc0347a51.php on line 136 and defined
[ error ] [2]Missing argument 3 for format_datetime(), called in /home/wwwroot/default/myblog/runtime/temp/fc8531413cc807152529a1ccc0347a51.php on line 136 and defined
[ error ] [2]Missing argument 3 for format_datetime(), called in /home/wwwroot/default/myblog/runtime/temp/fc8531413cc807152529a1ccc0347a51.php on line 136 and defined
[ error ] [2]Missing argument 3 for format_datetime(), called in /home/wwwroot/default/myblog/runtime/temp/fc8531413cc807152529a1ccc0347a51.php on line 136 and defined
[ error ] [2]Missing argument 3 for format_datetime(), called in /home/wwwroot/default/myblog/runtime/temp/fc8531413cc807152529a1ccc0347a51.php on line 136 and defined
[ error ] [2]Missing argument 3 for format_datetime(), called in /home/wwwroot/default/myblog/runtime/temp/fc8531413cc807152529a1ccc0347a51.php on line 136 and defined
[ error ] [2]Missing argument 3 for format_datetime(), called in /home/wwwroot/default/myblog/runtime/temp/fc8531413cc807152529a1ccc0347a51.php on line 136 and defined
[ error ] [2]Missing argument 3 for format_datetime(), called in /home/wwwroot/default/myblog/runtime/temp/fc8531413cc807152529a1ccc0347a51.php on line 136 and defined
[ error ] [8]未定义数组索引: avatar
[ error ] [8]未定义数组索引: nickname

---------------------------------------------------------------
[ 2018-09-08T06:09:54+08:00 ] 172.17.0.5 61.160.239.109 GET /index/page/index/category_id/24.html
[ log ] neweb.top/index/page/index/category_id/24.html [运行时间：0.026915s][吞吐率：37.15req/s] [内存消耗：3,372.99kb] [文件加载：57]
[ error ] [2]Missing argument 2 for app\common\model\Category::get_category_url_by_id(), called in /home/wwwroot/default/myblog/application/common/model/Category.php on line 233 and defined
[ error ] [8]未定义变量: categorys
[ error ] [2]Missing argument 2 for app\common\model\Category::get_category_url_by_id(), called in /home/wwwroot/default/myblog/application/common/model/Category.php on line 235 and defined
[ error ] [8]未定义变量: categorys
[ error ] [8]未定义数组下标: 24
[ error ] [8]未定义数组索引: avatar
[ error ] [8]未定义数组索引: nickname

---------------------------------------------------------------
[ 2018-09-08T06:13:35+08:00 ] 172.17.0.5 124.160.123.169 GET /
[ log ] neweb.top/ [运行时间：0.033032s][吞吐率：30.27req/s] [内存消耗：3,764.20kb] [文件加载：56]
[ error ] [2]Missing argument 3 for format_datetime(), called in /home/wwwroot/default/myblog/runtime/temp/fc8531413cc807152529a1ccc0347a51.php on line 136 and defined
[ error ] [2]Missing argument 3 for format_datetime(), called in /home/wwwroot/default/myblog/runtime/temp/fc8531413cc807152529a1ccc0347a51.php on line 136 and defined
[ error ] [2]Missing argument 3 for format_datetime(), called in /home/wwwroot/default/myblog/runtime/temp/fc8531413cc807152529a1ccc0347a51.php on line 136 and defined
[ error ] [2]Missing argument 3 for format_datetime(), called in /home/wwwroot/default/myblog/runtime/temp/fc8531413cc807152529a1ccc0347a51.php on line 136 and defined
[ error ] [2]Missing argument 3 for format_datetime(), called in /home/wwwroot/default/myblog/runtime/temp/fc8531413cc807152529a1ccc0347a51.php on line 136 and defined
[ error ] [2]Missing argument 3 for format_datetime(), called in /home/wwwroot/default/myblog/runtime/temp/fc8531413cc807152529a1ccc0347a51.php on line 136 and defined
[ error ] [2]Missing argument 3 for format_datetime(), called in /home/wwwroot/default/myblog/runtime/temp/fc8531413cc807152529a1ccc0347a51.php on line 136 and defined
[ error ] [2]Missing argument 3 for format_datetime(), called in /home/wwwroot/default/myblog/runtime/temp/fc8531413cc807152529a1ccc0347a51.php on line 136 and defined
[ error ] [2]Missing argument 3 for format_datetime(), called in /home/wwwroot/default/myblog/runtime/temp/fc8531413cc807152529a1ccc0347a51.php on line 136 and defined
[ error ] [2]Missing argument 3 for format_datetime(), called in /home/wwwroot/default/myblog/runtime/temp/fc8531413cc807152529a1ccc0347a51.php on line 136 and defined
[ error ] [2]Missing argument 3 for format_datetime(), called in /home/wwwroot/default/myblog/runtime/temp/fc8531413cc807152529a1ccc0347a51.php on line 136 and defined
[ error ] [2]Missing argument 3 for format_datetime(), called in /home/wwwroot/default/myblog/runtime/temp/fc8531413cc807152529a1ccc0347a51.php on line 136 and defined
[ error ] [8]未定义数组索引: avatar
[ error ] [8]未定义数组索引: nickname

---------------------------------------------------------------
[ 2018-09-08T06:19:28+08:00 ] 172.17.0.5 61.160.239.106 GET /
[ log ] neweb.top/ [运行时间：0.031890s][吞吐率：31.36req/s] [内存消耗：3,764.25kb] [文件加载：56]
[ error ] [2]Missing argument 3 for format_datetime(), called in /home/wwwroot/default/myblog/runtime/temp/fc8531413cc807152529a1ccc0347a51.php on line 136 and defined
[ error ] [2]Missing argument 3 for format_datetime(), called in /home/wwwroot/default/myblog/runtime/temp/fc8531413cc807152529a1ccc0347a51.php on line 136 and defined
[ error ] [2]Missing argument 3 for format_datetime(), called in /home/wwwroot/default/myblog/runtime/temp/fc8531413cc807152529a1ccc0347a51.php on line 136 and defined
[ error ] [2]Missing argument 3 for format_datetime(), called in /home/wwwroot/default/myblog/runtime/temp/fc8531413cc807152529a1ccc0347a51.php on line 136 and defined
[ error ] [2]Missing argument 3 for format_datetime(), called in /home/wwwroot/default/myblog/runtime/temp/fc8531413cc807152529a1ccc0347a51.php on line 136 and defined
[ error ] [2]Missing argument 3 for format_datetime(), called in /home/wwwroot/default/myblog/runtime/temp/fc8531413cc807152529a1ccc0347a51.php on line 136 and defined
[ error ] [2]Missing argument 3 for format_datetime(), called in /home/wwwroot/default/myblog/runtime/temp/fc8531413cc807152529a1ccc0347a51.php on line 136 and defined
[ error ] [2]Missing argument 3 for format_datetime(), called in /home/wwwroot/default/myblog/runtime/temp/fc8531413cc807152529a1ccc0347a51.php on line 136 and defined
[ error ] [2]Missing argument 3 for format_datetime(), called in /home/wwwroot/default/myblog/runtime/temp/fc8531413cc807152529a1ccc0347a51.php on line 136 and defined
[ error ] [2]Missing argument 3 for format_datetime(), called in /home/wwwroot/default/myblog/runtime/temp/fc8531413cc807152529a1ccc0347a51.php on line 136 and defined
[ error ] [2]Missing argument 3 for format_datetime(), called in /home/wwwroot/default/myblog/runtime/temp/fc8531413cc807152529a1ccc0347a51.php on line 136 and defined
[ error ] [2]Missing argument 3 for format_datetime(), called in /home/wwwroot/default/myblog/runtime/temp/fc8531413cc807152529a1ccc0347a51.php on line 136 and defined
[ error ] [8]未定义数组索引: avatar
[ error ] [8]未定义数组索引: nickname

---------------------------------------------------------------
[ 2018-09-08T06:19:28+08:00 ] 172.17.0.5 61.160.239.106 HEAD /
[ log ] neweb.top/ [运行时间：0.028646s][吞吐率：34.91req/s] [内存消耗：3,762.65kb] [文件加载：56]
[ error ] [2]Missing argument 3 for format_datetime(), called in /home/wwwroot/default/myblog/runtime/temp/fc8531413cc807152529a1ccc0347a51.php on line 136 and defined
[ error ] [2]Missing argument 3 for format_datetime(), called in /home/wwwroot/default/myblog/runtime/temp/fc8531413cc807152529a1ccc0347a51.php on line 136 and defined
[ error ] [2]Missing argument 3 for format_datetime(), called in /home/wwwroot/default/myblog/runtime/temp/fc8531413cc807152529a1ccc0347a51.php on line 136 and defined
[ error ] [2]Missing argument 3 for format_datetime(), called in /home/wwwroot/default/myblog/runtime/temp/fc8531413cc807152529a1ccc0347a51.php on line 136 and defined
[ error ] [2]Missing argument 3 for format_datetime(), called in /home/wwwroot/default/myblog/runtime/temp/fc8531413cc807152529a1ccc0347a51.php on line 136 and defined
[ error ] [2]Missing argument 3 for format_datetime(), called in /home/wwwroot/default/myblog/runtime/temp/fc8531413cc807152529a1ccc0347a51.php on line 136 and defined
[ error ] [2]Missing argument 3 for format_datetime(), called in /home/wwwroot/default/myblog/runtime/temp/fc8531413cc807152529a1ccc0347a51.php on line 136 and defined
[ error ] [2]Missing argument 3 for format_datetime(), called in /home/wwwroot/default/myblog/runtime/temp/fc8531413cc807152529a1ccc0347a51.php on line 136 and defined
[ error ] [2]Missing argument 3 for format_datetime(), called in /home/wwwroot/default/myblog/runtime/temp/fc8531413cc807152529a1ccc0347a51.php on line 136 and defined
[ error ] [2]Missing argument 3 for format_datetime(), called in /home/wwwroot/default/myblog/runtime/temp/fc8531413cc807152529a1ccc0347a51.php on line 136 and defined
[ error ] [2]Missing argument 3 for format_datetime(), called in /home/wwwroot/default/myblog/runtime/temp/fc8531413cc807152529a1ccc0347a51.php on line 136 and defined
[ error ] [2]Missing argument 3 for format_datetime(), called in /home/wwwroot/default/myblog/runtime/temp/fc8531413cc807152529a1ccc0347a51.php on line 136 and defined
[ error ] [8]未定义数组索引: avatar
[ error ] [8]未定义数组索引: nickname

---------------------------------------------------------------
[ 2018-09-08T07:09:21+08:00 ] 172.17.0.5 157.255.17.73 GET /
[ log ] neweb.top/ [运行时间：0.029051s][吞吐率：34.42req/s] [内存消耗：3,764.25kb] [文件加载：56]
[ error ] [2]Missing argument 3 for format_datetime(), called in /home/wwwroot/default/myblog/runtime/temp/fc8531413cc807152529a1ccc0347a51.php on line 136 and defined
[ error ] [2]Missing argument 3 for format_datetime(), called in /home/wwwroot/default/myblog/runtime/temp/fc8531413cc807152529a1ccc0347a51.php on line 136 and defined
[ error ] [2]Missing argument 3 for format_datetime(), called in /home/wwwroot/default/myblog/runtime/temp/fc8531413cc807152529a1ccc0347a51.php on line 136 and defined
[ error ] [2]Missing argument 3 for format_datetime(), called in /home/wwwroot/default/myblog/runtime/temp/fc8531413cc807152529a1ccc0347a51.php on line 136 and defined
[ error ] [2]Missing argument 3 for format_datetime(), called in /home/wwwroot/default/myblog/runtime/temp/fc8531413cc807152529a1ccc0347a51.php on line 136 and defined
[ error ] [2]Missing argument 3 for format_datetime(), called in /home/wwwroot/default/myblog/runtime/temp/fc8531413cc807152529a1ccc0347a51.php on line 136 and defined
[ error ] [2]Missing argument 3 for format_datetime(), called in /home/wwwroot/default/myblog/runtime/temp/fc8531413cc807152529a1ccc0347a51.php on line 136 and defined
[ error ] [2]Missing argument 3 for format_datetime(), called in /home/wwwroot/default/myblog/runtime/temp/fc8531413cc807152529a1ccc0347a51.php on line 136 and defined
[ error ] [2]Missing argument 3 for format_datetime(), called in /home/wwwroot/default/myblog/runtime/temp/fc8531413cc807152529a1ccc0347a51.php on line 136 and defined
[ error ] [2]Missing argument 3 for format_datetime(), called in /home/wwwroot/default/myblog/runtime/temp/fc8531413cc807152529a1ccc0347a51.php on line 136 and defined
[ error ] [2]Missing argument 3 for format_datetime(), called in /home/wwwroot/default/myblog/runtime/temp/fc8531413cc807152529a1ccc0347a51.php on line 136 and defined
[ error ] [2]Missing argument 3 for format_datetime(), called in /home/wwwroot/default/myblog/runtime/temp/fc8531413cc807152529a1ccc0347a51.php on line 136 and defined
[ error ] [8]未定义数组索引: avatar
[ error ] [8]未定义数组索引: nickname

---------------------------------------------------------------
[ 2018-09-08T07:09:21+08:00 ] 172.17.0.5 157.255.17.73 HEAD /
[ log ] neweb.top/ [运行时间：0.029818s][吞吐率：33.54req/s] [内存消耗：3,762.65kb] [文件加载：56]
[ error ] [2]Missing argument 3 for format_datetime(), called in /home/wwwroot/default/myblog/runtime/temp/fc8531413cc807152529a1ccc0347a51.php on line 136 and defined
[ error ] [2]Missing argument 3 for format_datetime(), called in /home/wwwroot/default/myblog/runtime/temp/fc8531413cc807152529a1ccc0347a51.php on line 136 and defined
[ error ] [2]Missing argument 3 for format_datetime(), called in /home/wwwroot/default/myblog/runtime/temp/fc8531413cc807152529a1ccc0347a51.php on line 136 and defined
[ error ] [2]Missing argument 3 for format_datetime(), called in /home/wwwroot/default/myblog/runtime/temp/fc8531413cc807152529a1ccc0347a51.php on line 136 and defined
[ error ] [2]Missing argument 3 for format_datetime(), called in /home/wwwroot/default/myblog/runtime/temp/fc8531413cc807152529a1ccc0347a51.php on line 136 and defined
[ error ] [2]Missing argument 3 for format_datetime(), called in /home/wwwroot/default/myblog/runtime/temp/fc8531413cc807152529a1ccc0347a51.php on line 136 and defined
[ error ] [2]Missing argument 3 for format_datetime(), called in /home/wwwroot/default/myblog/runtime/temp/fc8531413cc807152529a1ccc0347a51.php on line 136 and defined
[ error ] [2]Missing argument 3 for format_datetime(), called in /home/wwwroot/default/myblog/runtime/temp/fc8531413cc807152529a1ccc0347a51.php on line 136 and defined
[ error ] [2]Missing argument 3 for format_datetime(), called in /home/wwwroot/default/myblog/runtime/temp/fc8531413cc807152529a1ccc0347a51.php on line 136 and defined
[ error ] [2]Missing argument 3 for format_datetime(), called in /home/wwwroot/default/myblog/runtime/temp/fc8531413cc807152529a1ccc0347a51.php on line 136 and defined
[ error ] [2]Missing argument 3 for format_datetime(), called in /home/wwwroot/default/myblog/runtime/temp/fc8531413cc807152529a1ccc0347a51.php on line 136 and defined
[ error ] [2]Missing argument 3 for format_datetime(), called in /home/wwwroot/default/myblog/runtime/temp/fc8531413cc807152529a1ccc0347a51.php on line 136 and defined
[ error ] [8]未定义数组索引: avatar
[ error ] [8]未定义数组索引: nickname

---------------------------------------------------------------
[ 2018-09-08T07:56:41+08:00 ] 172.17.0.5 222.186.31.27 GET /
[ log ] 111.231.93.174/ [运行时间：0.030311s][吞吐率：32.99req/s] [内存消耗：3,764.19kb] [文件加载：56]
[ error ] [2]Missing argument 3 for format_datetime(), called in /home/wwwroot/default/myblog/runtime/temp/fc8531413cc807152529a1ccc0347a51.php on line 136 and defined
[ error ] [2]Missing argument 3 for format_datetime(), called in /home/wwwroot/default/myblog/runtime/temp/fc8531413cc807152529a1ccc0347a51.php on line 136 and defined
[ error ] [2]Missing argument 3 for format_datetime(), called in /home/wwwroot/default/myblog/runtime/temp/fc8531413cc807152529a1ccc0347a51.php on line 136 and defined
[ error ] [2]Missing argument 3 for format_datetime(), called in /home/wwwroot/default/myblog/runtime/temp/fc8531413cc807152529a1ccc0347a51.php on line 136 and defined
[ error ] [2]Missing argument 3 for format_datetime(), called in /home/wwwroot/default/myblog/runtime/temp/fc8531413cc807152529a1ccc0347a51.php on line 136 and defined
[ error ] [2]Missing argument 3 for format_datetime(), called in /home/wwwroot/default/myblog/runtime/temp/fc8531413cc807152529a1ccc0347a51.php on line 136 and defined
[ error ] [2]Missing argument 3 for format_datetime(), called in /home/wwwroot/default/myblog/runtime/temp/fc8531413cc807152529a1ccc0347a51.php on line 136 and defined
[ error ] [2]Missing argument 3 for format_datetime(), called in /home/wwwroot/default/myblog/runtime/temp/fc8531413cc807152529a1ccc0347a51.php on line 136 and defined
[ error ] [2]Missing argument 3 for format_datetime(), called in /home/wwwroot/default/myblog/runtime/temp/fc8531413cc807152529a1ccc0347a51.php on line 136 and defined
[ error ] [2]Missing argument 3 for format_datetime(), called in /home/wwwroot/default/myblog/runtime/temp/fc8531413cc807152529a1ccc0347a51.php on line 136 and defined
[ error ] [2]Missing argument 3 for format_datetime(), called in /home/wwwroot/default/myblog/runtime/temp/fc8531413cc807152529a1ccc0347a51.php on line 136 and defined
[ error ] [2]Missing argument 3 for format_datetime(), called in /home/wwwroot/default/myblog/runtime/temp/fc8531413cc807152529a1ccc0347a51.php on line 136 and defined
[ error ] [8]未定义数组索引: avatar
[ error ] [8]未定义数组索引: nickname

---------------------------------------------------------------
[ 2018-09-08T09:01:19+08:00 ] 172.17.0.5 124.160.123.167 GET /
[ log ] neweb.top/ [运行时间：0.035831s][吞吐率：27.91req/s] [内存消耗：3,764.08kb] [文件加载：56]
[ error ] [2]Missing argument 3 for format_datetime(), called in /home/wwwroot/default/myblog/runtime/temp/fc8531413cc807152529a1ccc0347a51.php on line 136 and defined
[ error ] [2]Missing argument 3 for format_datetime(), called in /home/wwwroot/default/myblog/runtime/temp/fc8531413cc807152529a1ccc0347a51.php on line 136 and defined
[ error ] [2]Missing argument 3 for format_datetime(), called in /home/wwwroot/default/myblog/runtime/temp/fc8531413cc807152529a1ccc0347a51.php on line 136 and defined
[ error ] [2]Missing argument 3 for format_datetime(), called in /home/wwwroot/default/myblog/runtime/temp/fc8531413cc807152529a1ccc0347a51.php on line 136 and defined
[ error ] [2]Missing argument 3 for format_datetime(), called in /home/wwwroot/default/myblog/runtime/temp/fc8531413cc807152529a1ccc0347a51.php on line 136 and defined
[ error ] [2]Missing argument 3 for format_datetime(), called in /home/wwwroot/default/myblog/runtime/temp/fc8531413cc807152529a1ccc0347a51.php on line 136 and defined
[ error ] [2]Missing argument 3 for format_datetime(), called in /home/wwwroot/default/myblog/runtime/temp/fc8531413cc807152529a1ccc0347a51.php on line 136 and defined
[ error ] [2]Missing argument 3 for format_datetime(), called in /home/wwwroot/default/myblog/runtime/temp/fc8531413cc807152529a1ccc0347a51.php on line 136 and defined
[ error ] [2]Missing argument 3 for format_datetime(), called in /home/wwwroot/default/myblog/runtime/temp/fc8531413cc807152529a1ccc0347a51.php on line 136 and defined
[ error ] [2]Missing argument 3 for format_datetime(), called in /home/wwwroot/default/myblog/runtime/temp/fc8531413cc807152529a1ccc0347a51.php on line 136 and defined
[ error ] [2]Missing argument 3 for format_datetime(), called in /home/wwwroot/default/myblog/runtime/temp/fc8531413cc807152529a1ccc0347a51.php on line 136 and defined
[ error ] [2]Missing argument 3 for format_datetime(), called in /home/wwwroot/default/myblog/runtime/temp/fc8531413cc807152529a1ccc0347a51.php on line 136 and defined
[ error ] [8]未定义数组索引: avatar
[ error ] [8]未定义数组索引: nickname

---------------------------------------------------------------
[ 2018-09-08T09:05:14+08:00 ] 172.17.0.5 61.160.239.112 GET /
[ log ] neweb.top/ [运行时间：0.030527s][吞吐率：32.76req/s] [内存消耗：3,763.96kb] [文件加载：56]
[ error ] [2]Missing argument 3 for format_datetime(), called in /home/wwwroot/default/myblog/runtime/temp/fc8531413cc807152529a1ccc0347a51.php on line 136 and defined
[ error ] [2]Missing argument 3 for format_datetime(), called in /home/wwwroot/default/myblog/runtime/temp/fc8531413cc807152529a1ccc0347a51.php on line 136 and defined
[ error ] [2]Missing argument 3 for format_datetime(), called in /home/wwwroot/default/myblog/runtime/temp/fc8531413cc807152529a1ccc0347a51.php on line 136 and defined
[ error ] [2]Missing argument 3 for format_datetime(), called in /home/wwwroot/default/myblog/runtime/temp/fc8531413cc807152529a1ccc0347a51.php on line 136 and defined
[ error ] [2]Missing argument 3 for format_datetime(), called in /home/wwwroot/default/myblog/runtime/temp/fc8531413cc807152529a1ccc0347a51.php on line 136 and defined
[ error ] [2]Missing argument 3 for format_datetime(), called in /home/wwwroot/default/myblog/runtime/temp/fc8531413cc807152529a1ccc0347a51.php on line 136 and defined
[ error ] [2]Missing argument 3 for format_datetime(), called in /home/wwwroot/default/myblog/runtime/temp/fc8531413cc807152529a1ccc0347a51.php on line 136 and defined
[ error ] [2]Missing argument 3 for format_datetime(), called in /home/wwwroot/default/myblog/runtime/temp/fc8531413cc807152529a1ccc0347a51.php on line 136 and defined
[ error ] [2]Missing argument 3 for format_datetime(), called in /home/wwwroot/default/myblog/runtime/temp/fc8531413cc807152529a1ccc0347a51.php on line 136 and defined
[ error ] [2]Missing argument 3 for format_datetime(), called in /home/wwwroot/default/myblog/runtime/temp/fc8531413cc807152529a1ccc0347a51.php on line 136 and defined
[ error ] [2]Missing argument 3 for format_datetime(), called in /home/wwwroot/default/myblog/runtime/temp/fc8531413cc807152529a1ccc0347a51.php on line 136 and defined
[ error ] [2]Missing argument 3 for format_datetime(), called in /home/wwwroot/default/myblog/runtime/temp/fc8531413cc807152529a1ccc0347a51.php on line 136 and defined
[ error ] [8]未定义数组索引: avatar
[ error ] [8]未定义数组索引: nickname

---------------------------------------------------------------
[ 2018-09-08T09:08:15+08:00 ] 172.17.0.5 150.138.216.71 GET /
[ log ] neweb.top/ [运行时间：0.050619s][吞吐率：19.76req/s] [内存消耗：3,764.31kb] [文件加载：56]
[ error ] [2]Missing argument 3 for format_datetime(), called in /home/wwwroot/default/myblog/runtime/temp/fc8531413cc807152529a1ccc0347a51.php on line 136 and defined
[ error ] [2]Missing argument 3 for format_datetime(), called in /home/wwwroot/default/myblog/runtime/temp/fc8531413cc807152529a1ccc0347a51.php on line 136 and defined
[ error ] [2]Missing argument 3 for format_datetime(), called in /home/wwwroot/default/myblog/runtime/temp/fc8531413cc807152529a1ccc0347a51.php on line 136 and defined
[ error ] [2]Missing argument 3 for format_datetime(), called in /home/wwwroot/default/myblog/runtime/temp/fc8531413cc807152529a1ccc0347a51.php on line 136 and defined
[ error ] [2]Missing argument 3 for format_datetime(), called in /home/wwwroot/default/myblog/runtime/temp/fc8531413cc807152529a1ccc0347a51.php on line 136 and defined
[ error ] [2]Missing argument 3 for format_datetime(), called in /home/wwwroot/default/myblog/runtime/temp/fc8531413cc807152529a1ccc0347a51.php on line 136 and defined
[ error ] [2]Missing argument 3 for format_datetime(), called in /home/wwwroot/default/myblog/runtime/temp/fc8531413cc807152529a1ccc0347a51.php on line 136 and defined
[ error ] [2]Missing argument 3 for format_datetime(), called in /home/wwwroot/default/myblog/runtime/temp/fc8531413cc807152529a1ccc0347a51.php on line 136 and defined
[ error ] [2]Missing argument 3 for format_datetime(), called in /home/wwwroot/default/myblog/runtime/temp/fc8531413cc807152529a1ccc0347a51.php on line 136 and defined
[ error ] [2]Missing argument 3 for format_datetime(), called in /home/wwwroot/default/myblog/runtime/temp/fc8531413cc807152529a1ccc0347a51.php on line 136 and defined
[ error ] [2]Missing argument 3 for format_datetime(), called in /home/wwwroot/default/myblog/runtime/temp/fc8531413cc807152529a1ccc0347a51.php on line 136 and defined
[ error ] [2]Missing argument 3 for format_datetime(), called in /home/wwwroot/default/myblog/runtime/temp/fc8531413cc807152529a1ccc0347a51.php on line 136 and defined
[ error ] [8]未定义数组索引: avatar
[ error ] [8]未定义数组索引: nickname

---------------------------------------------------------------
[ 2018-09-08T10:40:06+08:00 ] 172.17.0.5 112.82.242.113 GET /index/picture/lists/category_id/11.html
[ log ] neweb.top/index/picture/lists/category_id/11.html [运行时间：0.054083s][吞吐率：18.49req/s] [内存消耗：3,919.49kb] [文件加载：61]
[ error ] [2]Missing argument 2 for app\common\model\Category::get_category_url_by_id(), called in /home/wwwroot/default/myblog/application/common/model/Category.php on line 233 and defined
[ error ] [8]未定义变量: categorys
[ error ] [2]Missing argument 2 for app\common\model\Category::get_category_url_by_id(), called in /home/wwwroot/default/myblog/application/common/model/Category.php on line 235 and defined
[ error ] [8]未定义变量: categorys
[ error ] [8]未定义数组下标: 11
[ error ] [2]Missing argument 3 for format_datetime(), called in /home/wwwroot/default/myblog/runtime/temp/ad8ddfb1f36a264d741f998fffe2cd11.php on line 141 and defined
[ error ] [2]Missing argument 3 for format_datetime(), called in /home/wwwroot/default/myblog/runtime/temp/ad8ddfb1f36a264d741f998fffe2cd11.php on line 141 and defined
[ error ] [8]未定义数组索引: avatar
[ error ] [8]未定义数组索引: nickname

---------------------------------------------------------------
[ 2018-09-08T11:16:53+08:00 ] 172.17.0.5 119.188.116.4 GET /
[ log ] neweb.top/ [运行时间：0.034974s][吞吐率：28.59req/s] [内存消耗：3,763.91kb] [文件加载：56]
[ error ] [2]Missing argument 3 for format_datetime(), called in /home/wwwroot/default/myblog/runtime/temp/fc8531413cc807152529a1ccc0347a51.php on line 136 and defined
[ error ] [2]Missing argument 3 for format_datetime(), called in /home/wwwroot/default/myblog/runtime/temp/fc8531413cc807152529a1ccc0347a51.php on line 136 and defined
[ error ] [2]Missing argument 3 for format_datetime(), called in /home/wwwroot/default/myblog/runtime/temp/fc8531413cc807152529a1ccc0347a51.php on line 136 and defined
[ error ] [2]Missing argument 3 for format_datetime(), called in /home/wwwroot/default/myblog/runtime/temp/fc8531413cc807152529a1ccc0347a51.php on line 136 and defined
[ error ] [2]Missing argument 3 for format_datetime(), called in /home/wwwroot/default/myblog/runtime/temp/fc8531413cc807152529a1ccc0347a51.php on line 136 and defined
[ error ] [2]Missing argument 3 for format_datetime(), called in /home/wwwroot/default/myblog/runtime/temp/fc8531413cc807152529a1ccc0347a51.php on line 136 and defined
[ error ] [2]Missing argument 3 for format_datetime(), called in /home/wwwroot/default/myblog/runtime/temp/fc8531413cc807152529a1ccc0347a51.php on line 136 and defined
[ error ] [2]Missing argument 3 for format_datetime(), called in /home/wwwroot/default/myblog/runtime/temp/fc8531413cc807152529a1ccc0347a51.php on line 136 and defined
[ error ] [2]Missing argument 3 for format_datetime(), called in /home/wwwroot/default/myblog/runtime/temp/fc8531413cc807152529a1ccc0347a51.php on line 136 and defined
[ error ] [2]Missing argument 3 for format_datetime(), called in /home/wwwroot/default/myblog/runtime/temp/fc8531413cc807152529a1ccc0347a51.php on line 136 and defined
[ error ] [2]Missing argument 3 for format_datetime(), called in /home/wwwroot/default/myblog/runtime/temp/fc8531413cc807152529a1ccc0347a51.php on line 136 and defined
[ error ] [2]Missing argument 3 for format_datetime(), called in /home/wwwroot/default/myblog/runtime/temp/fc8531413cc807152529a1ccc0347a51.php on line 136 and defined
[ error ] [8]未定义数组索引: avatar
[ error ] [8]未定义数组索引: nickname

---------------------------------------------------------------
[ 2018-09-08T11:42:33+08:00 ] 172.17.0.5 183.131.24.69 GET /
[ log ] neweb.top/ [运行时间：0.029561s][吞吐率：33.83req/s] [内存消耗：3,764.16kb] [文件加载：56]
[ error ] [2]Missing argument 3 for format_datetime(), called in /home/wwwroot/default/myblog/runtime/temp/fc8531413cc807152529a1ccc0347a51.php on line 136 and defined
[ error ] [2]Missing argument 3 for format_datetime(), called in /home/wwwroot/default/myblog/runtime/temp/fc8531413cc807152529a1ccc0347a51.php on line 136 and defined
[ error ] [2]Missing argument 3 for format_datetime(), called in /home/wwwroot/default/myblog/runtime/temp/fc8531413cc807152529a1ccc0347a51.php on line 136 and defined
[ error ] [2]Missing argument 3 for format_datetime(), called in /home/wwwroot/default/myblog/runtime/temp/fc8531413cc807152529a1ccc0347a51.php on line 136 and defined
[ error ] [2]Missing argument 3 for format_datetime(), called in /home/wwwroot/default/myblog/runtime/temp/fc8531413cc807152529a1ccc0347a51.php on line 136 and defined
[ error ] [2]Missing argument 3 for format_datetime(), called in /home/wwwroot/default/myblog/runtime/temp/fc8531413cc807152529a1ccc0347a51.php on line 136 and defined
[ error ] [2]Missing argument 3 for format_datetime(), called in /home/wwwroot/default/myblog/runtime/temp/fc8531413cc807152529a1ccc0347a51.php on line 136 and defined
[ error ] [2]Missing argument 3 for format_datetime(), called in /home/wwwroot/default/myblog/runtime/temp/fc8531413cc807152529a1ccc0347a51.php on line 136 and defined
[ error ] [2]Missing argument 3 for format_datetime(), called in /home/wwwroot/default/myblog/runtime/temp/fc8531413cc807152529a1ccc0347a51.php on line 136 and defined
[ error ] [2]Missing argument 3 for format_datetime(), called in /home/wwwroot/default/myblog/runtime/temp/fc8531413cc807152529a1ccc0347a51.php on line 136 and defined
[ error ] [2]Missing argument 3 for format_datetime(), called in /home/wwwroot/default/myblog/runtime/temp/fc8531413cc807152529a1ccc0347a51.php on line 136 and defined
[ error ] [2]Missing argument 3 for format_datetime(), called in /home/wwwroot/default/myblog/runtime/temp/fc8531413cc807152529a1ccc0347a51.php on line 136 and defined
[ error ] [8]未定义数组索引: avatar
[ error ] [8]未定义数组索引: nickname

---------------------------------------------------------------
[ 2018-09-08T12:53:50+08:00 ] 172.17.0.5 222.186.31.27 GET /
[ log ] 111.231.93.174/ [运行时间：0.030142s][吞吐率：33.18req/s] [内存消耗：3,764.19kb] [文件加载：56]
[ error ] [2]Missing argument 3 for format_datetime(), called in /home/wwwroot/default/myblog/runtime/temp/fc8531413cc807152529a1ccc0347a51.php on line 136 and defined
[ error ] [2]Missing argument 3 for format_datetime(), called in /home/wwwroot/default/myblog/runtime/temp/fc8531413cc807152529a1ccc0347a51.php on line 136 and defined
[ error ] [2]Missing argument 3 for format_datetime(), called in /home/wwwroot/default/myblog/runtime/temp/fc8531413cc807152529a1ccc0347a51.php on line 136 and defined
[ error ] [2]Missing argument 3 for format_datetime(), called in /home/wwwroot/default/myblog/runtime/temp/fc8531413cc807152529a1ccc0347a51.php on line 136 and defined
[ error ] [2]Missing argument 3 for format_datetime(), called in /home/wwwroot/default/myblog/runtime/temp/fc8531413cc807152529a1ccc0347a51.php on line 136 and defined
[ error ] [2]Missing argument 3 for format_datetime(), called in /home/wwwroot/default/myblog/runtime/temp/fc8531413cc807152529a1ccc0347a51.php on line 136 and defined
[ error ] [2]Missing argument 3 for format_datetime(), called in /home/wwwroot/default/myblog/runtime/temp/fc8531413cc807152529a1ccc0347a51.php on line 136 and defined
[ error ] [2]Missing argument 3 for format_datetime(), called in /home/wwwroot/default/myblog/runtime/temp/fc8531413cc807152529a1ccc0347a51.php on line 136 and defined
[ error ] [2]Missing argument 3 for format_datetime(), called in /home/wwwroot/default/myblog/runtime/temp/fc8531413cc807152529a1ccc0347a51.php on line 136 and defined
[ error ] [2]Missing argument 3 for format_datetime(), called in /home/wwwroot/default/myblog/runtime/temp/fc8531413cc807152529a1ccc0347a51.php on line 136 and defined
[ error ] [2]Missing argument 3 for format_datetime(), called in /home/wwwroot/default/myblog/runtime/temp/fc8531413cc807152529a1ccc0347a51.php on line 136 and defined
[ error ] [2]Missing argument 3 for format_datetime(), called in /home/wwwroot/default/myblog/runtime/temp/fc8531413cc807152529a1ccc0347a51.php on line 136 and defined
[ error ] [8]未定义数组索引: avatar
[ error ] [8]未定义数组索引: nickname

---------------------------------------------------------------
[ 2018-09-08T13:31:51+08:00 ] 172.17.0.5 122.228.10.51 GET /
[ log ] 111.231.93.174:443/ [运行时间：0.033631s][吞吐率：29.73req/s] [内存消耗：3,764.42kb] [文件加载：56]
[ error ] [2]Missing argument 3 for format_datetime(), called in /home/wwwroot/default/myblog/runtime/temp/fc8531413cc807152529a1ccc0347a51.php on line 136 and defined
[ error ] [2]Missing argument 3 for format_datetime(), called in /home/wwwroot/default/myblog/runtime/temp/fc8531413cc807152529a1ccc0347a51.php on line 136 and defined
[ error ] [2]Missing argument 3 for format_datetime(), called in /home/wwwroot/default/myblog/runtime/temp/fc8531413cc807152529a1ccc0347a51.php on line 136 and defined
[ error ] [2]Missing argument 3 for format_datetime(), called in /home/wwwroot/default/myblog/runtime/temp/fc8531413cc807152529a1ccc0347a51.php on line 136 and defined
[ error ] [2]Missing argument 3 for format_datetime(), called in /home/wwwroot/default/myblog/runtime/temp/fc8531413cc807152529a1ccc0347a51.php on line 136 and defined
[ error ] [2]Missing argument 3 for format_datetime(), called in /home/wwwroot/default/myblog/runtime/temp/fc8531413cc807152529a1ccc0347a51.php on line 136 and defined
[ error ] [2]Missing argument 3 for format_datetime(), called in /home/wwwroot/default/myblog/runtime/temp/fc8531413cc807152529a1ccc0347a51.php on line 136 and defined
[ error ] [2]Missing argument 3 for format_datetime(), called in /home/wwwroot/default/myblog/runtime/temp/fc8531413cc807152529a1ccc0347a51.php on line 136 and defined
[ error ] [2]Missing argument 3 for format_datetime(), called in /home/wwwroot/default/myblog/runtime/temp/fc8531413cc807152529a1ccc0347a51.php on line 136 and defined
[ error ] [2]Missing argument 3 for format_datetime(), called in /home/wwwroot/default/myblog/runtime/temp/fc8531413cc807152529a1ccc0347a51.php on line 136 and defined
[ error ] [2]Missing argument 3 for format_datetime(), called in /home/wwwroot/default/myblog/runtime/temp/fc8531413cc807152529a1ccc0347a51.php on line 136 and defined
[ error ] [2]Missing argument 3 for format_datetime(), called in /home/wwwroot/default/myblog/runtime/temp/fc8531413cc807152529a1ccc0347a51.php on line 136 and defined
[ error ] [8]未定义数组索引: avatar
[ error ] [8]未定义数组索引: nickname

---------------------------------------------------------------
[ 2018-09-08T14:47:34+08:00 ] 172.17.0.5 61.160.239.111 GET /index/picture/lists/category_id/26.html
[ log ] neweb.top/index/picture/lists/category_id/26.html [运行时间：0.048499s][吞吐率：20.62req/s] [内存消耗：3,920.73kb] [文件加载：61]
[ error ] [2]Missing argument 2 for app\common\model\Category::get_category_url_by_id(), called in /home/wwwroot/default/myblog/application/common/model/Category.php on line 233 and defined
[ error ] [8]未定义变量: categorys
[ error ] [2]Missing argument 2 for app\common\model\Category::get_category_url_by_id(), called in /home/wwwroot/default/myblog/application/common/model/Category.php on line 235 and defined
[ error ] [8]未定义变量: categorys
[ error ] [8]未定义数组下标: 26
[ error ] [2]Missing argument 3 for format_datetime(), called in /home/wwwroot/default/myblog/runtime/temp/ad8ddfb1f36a264d741f998fffe2cd11.php on line 141 and defined
[ error ] [2]Missing argument 3 for format_datetime(), called in /home/wwwroot/default/myblog/runtime/temp/ad8ddfb1f36a264d741f998fffe2cd11.php on line 141 and defined
[ error ] [2]Missing argument 3 for format_datetime(), called in /home/wwwroot/default/myblog/runtime/temp/ad8ddfb1f36a264d741f998fffe2cd11.php on line 141 and defined
[ error ] [2]Missing argument 3 for format_datetime(), called in /home/wwwroot/default/myblog/runtime/temp/ad8ddfb1f36a264d741f998fffe2cd11.php on line 141 and defined
[ error ] [2]Missing argument 3 for format_datetime(), called in /home/wwwroot/default/myblog/runtime/temp/ad8ddfb1f36a264d741f998fffe2cd11.php on line 141 and defined
[ error ] [8]未定义数组索引: avatar
[ error ] [8]未定义数组索引: nickname

---------------------------------------------------------------
[ 2018-09-08T15:35:54+08:00 ] 172.17.0.5 61.160.239.111 GET /
[ log ] neweb.top/ [运行时间：0.030179s][吞吐率：33.14req/s] [内存消耗：3,764.02kb] [文件加载：56]
[ error ] [2]Missing argument 3 for format_datetime(), called in /home/wwwroot/default/myblog/runtime/temp/fc8531413cc807152529a1ccc0347a51.php on line 136 and defined
[ error ] [2]Missing argument 3 for format_datetime(), called in /home/wwwroot/default/myblog/runtime/temp/fc8531413cc807152529a1ccc0347a51.php on line 136 and defined
[ error ] [2]Missing argument 3 for format_datetime(), called in /home/wwwroot/default/myblog/runtime/temp/fc8531413cc807152529a1ccc0347a51.php on line 136 and defined
[ error ] [2]Missing argument 3 for format_datetime(), called in /home/wwwroot/default/myblog/runtime/temp/fc8531413cc807152529a1ccc0347a51.php on line 136 and defined
[ error ] [2]Missing argument 3 for format_datetime(), called in /home/wwwroot/default/myblog/runtime/temp/fc8531413cc807152529a1ccc0347a51.php on line 136 and defined
[ error ] [2]Missing argument 3 for format_datetime(), called in /home/wwwroot/default/myblog/runtime/temp/fc8531413cc807152529a1ccc0347a51.php on line 136 and defined
[ error ] [2]Missing argument 3 for format_datetime(), called in /home/wwwroot/default/myblog/runtime/temp/fc8531413cc807152529a1ccc0347a51.php on line 136 and defined
[ error ] [2]Missing argument 3 for format_datetime(), called in /home/wwwroot/default/myblog/runtime/temp/fc8531413cc807152529a1ccc0347a51.php on line 136 and defined
[ error ] [2]Missing argument 3 for format_datetime(), called in /home/wwwroot/default/myblog/runtime/temp/fc8531413cc807152529a1ccc0347a51.php on line 136 and defined
[ error ] [2]Missing argument 3 for format_datetime(), called in /home/wwwroot/default/myblog/runtime/temp/fc8531413cc807152529a1ccc0347a51.php on line 136 and defined
[ error ] [2]Missing argument 3 for format_datetime(), called in /home/wwwroot/default/myblog/runtime/temp/fc8531413cc807152529a1ccc0347a51.php on line 136 and defined
[ error ] [2]Missing argument 3 for format_datetime(), called in /home/wwwroot/default/myblog/runtime/temp/fc8531413cc807152529a1ccc0347a51.php on line 136 and defined
[ error ] [8]未定义数组索引: avatar
[ error ] [8]未定义数组索引: nickname

---------------------------------------------------------------
[ 2018-09-08T17:49:19+08:00 ] 172.17.0.5 115.144.122.193 GET /
[ log ] 111.231.93.174/ [运行时间：0.029506s][吞吐率：33.89req/s] [内存消耗：3,764.19kb] [文件加载：56]
[ error ] [2]Missing argument 3 for format_datetime(), called in /home/wwwroot/default/myblog/runtime/temp/fc8531413cc807152529a1ccc0347a51.php on line 136 and defined
[ error ] [2]Missing argument 3 for format_datetime(), called in /home/wwwroot/default/myblog/runtime/temp/fc8531413cc807152529a1ccc0347a51.php on line 136 and defined
[ error ] [2]Missing argument 3 for format_datetime(), called in /home/wwwroot/default/myblog/runtime/temp/fc8531413cc807152529a1ccc0347a51.php on line 136 and defined
[ error ] [2]Missing argument 3 for format_datetime(), called in /home/wwwroot/default/myblog/runtime/temp/fc8531413cc807152529a1ccc0347a51.php on line 136 and defined
[ error ] [2]Missing argument 3 for format_datetime(), called in /home/wwwroot/default/myblog/runtime/temp/fc8531413cc807152529a1ccc0347a51.php on line 136 and defined
[ error ] [2]Missing argument 3 for format_datetime(), called in /home/wwwroot/default/myblog/runtime/temp/fc8531413cc807152529a1ccc0347a51.php on line 136 and defined
[ error ] [2]Missing argument 3 for format_datetime(), called in /home/wwwroot/default/myblog/runtime/temp/fc8531413cc807152529a1ccc0347a51.php on line 136 and defined
[ error ] [2]Missing argument 3 for format_datetime(), called in /home/wwwroot/default/myblog/runtime/temp/fc8531413cc807152529a1ccc0347a51.php on line 136 and defined
[ error ] [2]Missing argument 3 for format_datetime(), called in /home/wwwroot/default/myblog/runtime/temp/fc8531413cc807152529a1ccc0347a51.php on line 136 and defined
[ error ] [2]Missing argument 3 for format_datetime(), called in /home/wwwroot/default/myblog/runtime/temp/fc8531413cc807152529a1ccc0347a51.php on line 136 and defined
[ error ] [2]Missing argument 3 for format_datetime(), called in /home/wwwroot/default/myblog/runtime/temp/fc8531413cc807152529a1ccc0347a51.php on line 136 and defined
[ error ] [2]Missing argument 3 for format_datetime(), called in /home/wwwroot/default/myblog/runtime/temp/fc8531413cc807152529a1ccc0347a51.php on line 136 and defined
[ error ] [8]未定义数组索引: avatar
[ error ] [8]未定义数组索引: nickname

---------------------------------------------------------------
[ 2018-09-08T17:49:19+08:00 ] 172.17.0.5 115.144.122.193 GET /
[ log ] 111.231.93.174/ [运行时间：0.032023s][吞吐率：31.23req/s] [内存消耗：3,764.19kb] [文件加载：56]
[ error ] [2]Missing argument 3 for format_datetime(), called in /home/wwwroot/default/myblog/runtime/temp/fc8531413cc807152529a1ccc0347a51.php on line 136 and defined
[ error ] [2]Missing argument 3 for format_datetime(), called in /home/wwwroot/default/myblog/runtime/temp/fc8531413cc807152529a1ccc0347a51.php on line 136 and defined
[ error ] [2]Missing argument 3 for format_datetime(), called in /home/wwwroot/default/myblog/runtime/temp/fc8531413cc807152529a1ccc0347a51.php on line 136 and defined
[ error ] [2]Missing argument 3 for format_datetime(), called in /home/wwwroot/default/myblog/runtime/temp/fc8531413cc807152529a1ccc0347a51.php on line 136 and defined
[ error ] [2]Missing argument 3 for format_datetime(), called in /home/wwwroot/default/myblog/runtime/temp/fc8531413cc807152529a1ccc0347a51.php on line 136 and defined
[ error ] [2]Missing argument 3 for format_datetime(), called in /home/wwwroot/default/myblog/runtime/temp/fc8531413cc807152529a1ccc0347a51.php on line 136 and defined
[ error ] [2]Missing argument 3 for format_datetime(), called in /home/wwwroot/default/myblog/runtime/temp/fc8531413cc807152529a1ccc0347a51.php on line 136 and defined
[ error ] [2]Missing argument 3 for format_datetime(), called in /home/wwwroot/default/myblog/runtime/temp/fc8531413cc807152529a1ccc0347a51.php on line 136 and defined
[ error ] [2]Missing argument 3 for format_datetime(), called in /home/wwwroot/default/myblog/runtime/temp/fc8531413cc807152529a1ccc0347a51.php on line 136 and defined
[ error ] [2]Missing argument 3 for format_datetime(), called in /home/wwwroot/default/myblog/runtime/temp/fc8531413cc807152529a1ccc0347a51.php on line 136 and defined
[ error ] [2]Missing argument 3 for format_datetime(), called in /home/wwwroot/default/myblog/runtime/temp/fc8531413cc807152529a1ccc0347a51.php on line 136 and defined
[ error ] [2]Missing argument 3 for format_datetime(), called in /home/wwwroot/default/myblog/runtime/temp/fc8531413cc807152529a1ccc0347a51.php on line 136 and defined
[ error ] [8]未定义数组索引: avatar
[ error ] [8]未定义数组索引: nickname

---------------------------------------------------------------
[ 2018-09-08T18:07:45+08:00 ] 172.17.0.5 13.57.233.99 GET /
[ log ] www.neweb.top/ [运行时间：0.032717s][吞吐率：30.57req/s] [内存消耗：3,764.07kb] [文件加载：56]
[ error ] [2]Missing argument 3 for format_datetime(), called in /home/wwwroot/default/myblog/runtime/temp/fc8531413cc807152529a1ccc0347a51.php on line 136 and defined
[ error ] [2]Missing argument 3 for format_datetime(), called in /home/wwwroot/default/myblog/runtime/temp/fc8531413cc807152529a1ccc0347a51.php on line 136 and defined
[ error ] [2]Missing argument 3 for format_datetime(), called in /home/wwwroot/default/myblog/runtime/temp/fc8531413cc807152529a1ccc0347a51.php on line 136 and defined
[ error ] [2]Missing argument 3 for format_datetime(), called in /home/wwwroot/default/myblog/runtime/temp/fc8531413cc807152529a1ccc0347a51.php on line 136 and defined
[ error ] [2]Missing argument 3 for format_datetime(), called in /home/wwwroot/default/myblog/runtime/temp/fc8531413cc807152529a1ccc0347a51.php on line 136 and defined
[ error ] [2]Missing argument 3 for format_datetime(), called in /home/wwwroot/default/myblog/runtime/temp/fc8531413cc807152529a1ccc0347a51.php on line 136 and defined
[ error ] [2]Missing argument 3 for format_datetime(), called in /home/wwwroot/default/myblog/runtime/temp/fc8531413cc807152529a1ccc0347a51.php on line 136 and defined
[ error ] [2]Missing argument 3 for format_datetime(), called in /home/wwwroot/default/myblog/runtime/temp/fc8531413cc807152529a1ccc0347a51.php on line 136 and defined
[ error ] [2]Missing argument 3 for format_datetime(), called in /home/wwwroot/default/myblog/runtime/temp/fc8531413cc807152529a1ccc0347a51.php on line 136 and defined
[ error ] [2]Missing argument 3 for format_datetime(), called in /home/wwwroot/default/myblog/runtime/temp/fc8531413cc807152529a1ccc0347a51.php on line 136 and defined
[ error ] [2]Missing argument 3 for format_datetime(), called in /home/wwwroot/default/myblog/runtime/temp/fc8531413cc807152529a1ccc0347a51.php on line 136 and defined
[ error ] [2]Missing argument 3 for format_datetime(), called in /home/wwwroot/default/myblog/runtime/temp/fc8531413cc807152529a1ccc0347a51.php on line 136 and defined
[ error ] [8]未定义数组索引: avatar
[ error ] [8]未定义数组索引: nickname

---------------------------------------------------------------
[ 2018-09-08T19:47:59+08:00 ] 172.17.0.5 61.160.239.111 GET /index/picture/show/id/11.html
[ log ] neweb.top/index/picture/show/id/11.html [运行时间：0.073107s][吞吐率：13.68req/s] [内存消耗：3,642.63kb] [文件加载：57]
[ error ] [2]Missing argument 2 for app\common\model\Category::get_category_url_by_id(), called in /home/wwwroot/default/myblog/application/common/model/Category.php on line 233 and defined
[ error ] [8]未定义变量: categorys
[ error ] [2]Missing argument 2 for app\common\model\Category::get_category_url_by_id(), called in /home/wwwroot/default/myblog/application/common/model/Category.php on line 235 and defined
[ error ] [8]未定义变量: categorys
[ error ] [8]未定义数组下标: 25
[ error ] [8]未定义数组索引: keywords
[ error ] [8]未定义变量: category_id
[ error ] [8]未定义数组索引: 
[ error ] [8]未定义数组索引: 
[ error ] [8]未定义数组索引: 
[ error ] [2]Missing argument 3 for format_datetime(), called in /home/wwwroot/default/myblog/runtime/temp/c7872bc7533b09c32385646c4e0b9457.php on line 135 and defined
[ error ] [8]未定义数组索引: avatar
[ error ] [8]未定义数组索引: nickname

---------------------------------------------------------------
[ 2018-09-08T20:07:52+08:00 ] 172.17.0.5 116.31.102.107 GET /
[ log ] neweb.top/ [运行时间：0.046854s][吞吐率：21.34req/s] [内存消耗：3,764.28kb] [文件加载：56]
[ error ] [2]Missing argument 3 for format_datetime(), called in /home/wwwroot/default/myblog/runtime/temp/fc8531413cc807152529a1ccc0347a51.php on line 136 and defined
[ error ] [2]Missing argument 3 for format_datetime(), called in /home/wwwroot/default/myblog/runtime/temp/fc8531413cc807152529a1ccc0347a51.php on line 136 and defined
[ error ] [2]Missing argument 3 for format_datetime(), called in /home/wwwroot/default/myblog/runtime/temp/fc8531413cc807152529a1ccc0347a51.php on line 136 and defined
[ error ] [2]Missing argument 3 for format_datetime(), called in /home/wwwroot/default/myblog/runtime/temp/fc8531413cc807152529a1ccc0347a51.php on line 136 and defined
[ error ] [2]Missing argument 3 for format_datetime(), called in /home/wwwroot/default/myblog/runtime/temp/fc8531413cc807152529a1ccc0347a51.php on line 136 and defined
[ error ] [2]Missing argument 3 for format_datetime(), called in /home/wwwroot/default/myblog/runtime/temp/fc8531413cc807152529a1ccc0347a51.php on line 136 and defined
[ error ] [2]Missing argument 3 for format_datetime(), called in /home/wwwroot/default/myblog/runtime/temp/fc8531413cc807152529a1ccc0347a51.php on line 136 and defined
[ error ] [2]Missing argument 3 for format_datetime(), called in /home/wwwroot/default/myblog/runtime/temp/fc8531413cc807152529a1ccc0347a51.php on line 136 and defined
[ error ] [2]Missing argument 3 for format_datetime(), called in /home/wwwroot/default/myblog/runtime/temp/fc8531413cc807152529a1ccc0347a51.php on line 136 and defined
[ error ] [2]Missing argument 3 for format_datetime(), called in /home/wwwroot/default/myblog/runtime/temp/fc8531413cc807152529a1ccc0347a51.php on line 136 and defined
[ error ] [2]Missing argument 3 for format_datetime(), called in /home/wwwroot/default/myblog/runtime/temp/fc8531413cc807152529a1ccc0347a51.php on line 136 and defined
[ error ] [2]Missing argument 3 for format_datetime(), called in /home/wwwroot/default/myblog/runtime/temp/fc8531413cc807152529a1ccc0347a51.php on line 136 and defined
[ error ] [8]未定义数组索引: avatar
[ error ] [8]未定义数组索引: nickname

---------------------------------------------------------------
[ 2018-09-08T20:29:33+08:00 ] 172.17.0.5 183.131.24.76 GET /
[ log ] neweb.top/ [运行时间：0.035111s][吞吐率：28.48req/s] [内存消耗：3,764.23kb] [文件加载：56]
[ error ] [2]Missing argument 3 for format_datetime(), called in /home/wwwroot/default/myblog/runtime/temp/fc8531413cc807152529a1ccc0347a51.php on line 136 and defined
[ error ] [2]Missing argument 3 for format_datetime(), called in /home/wwwroot/default/myblog/runtime/temp/fc8531413cc807152529a1ccc0347a51.php on line 136 and defined
[ error ] [2]Missing argument 3 for format_datetime(), called in /home/wwwroot/default/myblog/runtime/temp/fc8531413cc807152529a1ccc0347a51.php on line 136 and defined
[ error ] [2]Missing argument 3 for format_datetime(), called in /home/wwwroot/default/myblog/runtime/temp/fc8531413cc807152529a1ccc0347a51.php on line 136 and defined
[ error ] [2]Missing argument 3 for format_datetime(), called in /home/wwwroot/default/myblog/runtime/temp/fc8531413cc807152529a1ccc0347a51.php on line 136 and defined
[ error ] [2]Missing argument 3 for format_datetime(), called in /home/wwwroot/default/myblog/runtime/temp/fc8531413cc807152529a1ccc0347a51.php on line 136 and defined
[ error ] [2]Missing argument 3 for format_datetime(), called in /home/wwwroot/default/myblog/runtime/temp/fc8531413cc807152529a1ccc0347a51.php on line 136 and defined
[ error ] [2]Missing argument 3 for format_datetime(), called in /home/wwwroot/default/myblog/runtime/temp/fc8531413cc807152529a1ccc0347a51.php on line 136 and defined
[ error ] [2]Missing argument 3 for format_datetime(), called in /home/wwwroot/default/myblog/runtime/temp/fc8531413cc807152529a1ccc0347a51.php on line 136 and defined
[ error ] [2]Missing argument 3 for format_datetime(), called in /home/wwwroot/default/myblog/runtime/temp/fc8531413cc807152529a1ccc0347a51.php on line 136 and defined
[ error ] [2]Missing argument 3 for format_datetime(), called in /home/wwwroot/default/myblog/runtime/temp/fc8531413cc807152529a1ccc0347a51.php on line 136 and defined
[ error ] [2]Missing argument 3 for format_datetime(), called in /home/wwwroot/default/myblog/runtime/temp/fc8531413cc807152529a1ccc0347a51.php on line 136 and defined
[ error ] [8]未定义数组索引: avatar
[ error ] [8]未定义数组索引: nickname

---------------------------------------------------------------
[ 2018-09-08T20:29:33+08:00 ] 172.17.0.5 124.160.123.172 HEAD /
[ log ] neweb.top/ [运行时间：0.030442s][吞吐率：32.85req/s] [内存消耗：3,762.67kb] [文件加载：56]
[ error ] [2]Missing argument 3 for format_datetime(), called in /home/wwwroot/default/myblog/runtime/temp/fc8531413cc807152529a1ccc0347a51.php on line 136 and defined
[ error ] [2]Missing argument 3 for format_datetime(), called in /home/wwwroot/default/myblog/runtime/temp/fc8531413cc807152529a1ccc0347a51.php on line 136 and defined
[ error ] [2]Missing argument 3 for format_datetime(), called in /home/wwwroot/default/myblog/runtime/temp/fc8531413cc807152529a1ccc0347a51.php on line 136 and defined
[ error ] [2]Missing argument 3 for format_datetime(), called in /home/wwwroot/default/myblog/runtime/temp/fc8531413cc807152529a1ccc0347a51.php on line 136 and defined
[ error ] [2]Missing argument 3 for format_datetime(), called in /home/wwwroot/default/myblog/runtime/temp/fc8531413cc807152529a1ccc0347a51.php on line 136 and defined
[ error ] [2]Missing argument 3 for format_datetime(), called in /home/wwwroot/default/myblog/runtime/temp/fc8531413cc807152529a1ccc0347a51.php on line 136 and defined
[ error ] [2]Missing argument 3 for format_datetime(), called in /home/wwwroot/default/myblog/runtime/temp/fc8531413cc807152529a1ccc0347a51.php on line 136 and defined
[ error ] [2]Missing argument 3 for format_datetime(), called in /home/wwwroot/default/myblog/runtime/temp/fc8531413cc807152529a1ccc0347a51.php on line 136 and defined
[ error ] [2]Missing argument 3 for format_datetime(), called in /home/wwwroot/default/myblog/runtime/temp/fc8531413cc807152529a1ccc0347a51.php on line 136 and defined
[ error ] [2]Missing argument 3 for format_datetime(), called in /home/wwwroot/default/myblog/runtime/temp/fc8531413cc807152529a1ccc0347a51.php on line 136 and defined
[ error ] [2]Missing argument 3 for format_datetime(), called in /home/wwwroot/default/myblog/runtime/temp/fc8531413cc807152529a1ccc0347a51.php on line 136 and defined
[ error ] [2]Missing argument 3 for format_datetime(), called in /home/wwwroot/default/myblog/runtime/temp/fc8531413cc807152529a1ccc0347a51.php on line 136 and defined
[ error ] [8]未定义数组索引: avatar
[ error ] [8]未定义数组索引: nickname

---------------------------------------------------------------
[ 2018-09-08T22:37:56+08:00 ] 172.17.0.5 183.60.210.52 GET /
[ log ] 111.231.93.174/ [运行时间：0.036484s][吞吐率：27.41req/s] [内存消耗：3,764.19kb] [文件加载：56]
[ error ] [2]Missing argument 3 for format_datetime(), called in /home/wwwroot/default/myblog/runtime/temp/fc8531413cc807152529a1ccc0347a51.php on line 136 and defined
[ error ] [2]Missing argument 3 for format_datetime(), called in /home/wwwroot/default/myblog/runtime/temp/fc8531413cc807152529a1ccc0347a51.php on line 136 and defined
[ error ] [2]Missing argument 3 for format_datetime(), called in /home/wwwroot/default/myblog/runtime/temp/fc8531413cc807152529a1ccc0347a51.php on line 136 and defined
[ error ] [2]Missing argument 3 for format_datetime(), called in /home/wwwroot/default/myblog/runtime/temp/fc8531413cc807152529a1ccc0347a51.php on line 136 and defined
[ error ] [2]Missing argument 3 for format_datetime(), called in /home/wwwroot/default/myblog/runtime/temp/fc8531413cc807152529a1ccc0347a51.php on line 136 and defined
[ error ] [2]Missing argument 3 for format_datetime(), called in /home/wwwroot/default/myblog/runtime/temp/fc8531413cc807152529a1ccc0347a51.php on line 136 and defined
[ error ] [2]Missing argument 3 for format_datetime(), called in /home/wwwroot/default/myblog/runtime/temp/fc8531413cc807152529a1ccc0347a51.php on line 136 and defined
[ error ] [2]Missing argument 3 for format_datetime(), called in /home/wwwroot/default/myblog/runtime/temp/fc8531413cc807152529a1ccc0347a51.php on line 136 and defined
[ error ] [2]Missing argument 3 for format_datetime(), called in /home/wwwroot/default/myblog/runtime/temp/fc8531413cc807152529a1ccc0347a51.php on line 136 and defined
[ error ] [2]Missing argument 3 for format_datetime(), called in /home/wwwroot/default/myblog/runtime/temp/fc8531413cc807152529a1ccc0347a51.php on line 136 and defined
[ error ] [2]Missing argument 3 for format_datetime(), called in /home/wwwroot/default/myblog/runtime/temp/fc8531413cc807152529a1ccc0347a51.php on line 136 and defined
[ error ] [2]Missing argument 3 for format_datetime(), called in /home/wwwroot/default/myblog/runtime/temp/fc8531413cc807152529a1ccc0347a51.php on line 136 and defined
[ error ] [8]未定义数组索引: avatar
[ error ] [8]未定义数组索引: nickname

---------------------------------------------------------------
[ 2018-09-08T23:41:17+08:00 ] 172.17.0.5 74.82.47.2 GET /
[ log ] 111.231.93.174/ [运行时间：0.033005s][吞吐率：30.30req/s] [内存消耗：3,764.02kb] [文件加载：56]
[ error ] [2]Missing argument 3 for format_datetime(), called in /home/wwwroot/default/myblog/runtime/temp/fc8531413cc807152529a1ccc0347a51.php on line 136 and defined
[ error ] [2]Missing argument 3 for format_datetime(), called in /home/wwwroot/default/myblog/runtime/temp/fc8531413cc807152529a1ccc0347a51.php on line 136 and defined
[ error ] [2]Missing argument 3 for format_datetime(), called in /home/wwwroot/default/myblog/runtime/temp/fc8531413cc807152529a1ccc0347a51.php on line 136 and defined
[ error ] [2]Missing argument 3 for format_datetime(), called in /home/wwwroot/default/myblog/runtime/temp/fc8531413cc807152529a1ccc0347a51.php on line 136 and defined
[ error ] [2]Missing argument 3 for format_datetime(), called in /home/wwwroot/default/myblog/runtime/temp/fc8531413cc807152529a1ccc0347a51.php on line 136 and defined
[ error ] [2]Missing argument 3 for format_datetime(), called in /home/wwwroot/default/myblog/runtime/temp/fc8531413cc807152529a1ccc0347a51.php on line 136 and defined
[ error ] [2]Missing argument 3 for format_datetime(), called in /home/wwwroot/default/myblog/runtime/temp/fc8531413cc807152529a1ccc0347a51.php on line 136 and defined
[ error ] [2]Missing argument 3 for format_datetime(), called in /home/wwwroot/default/myblog/runtime/temp/fc8531413cc807152529a1ccc0347a51.php on line 136 and defined
[ error ] [2]Missing argument 3 for format_datetime(), called in /home/wwwroot/default/myblog/runtime/temp/fc8531413cc807152529a1ccc0347a51.php on line 136 and defined
[ error ] [2]Missing argument 3 for format_datetime(), called in /home/wwwroot/default/myblog/runtime/temp/fc8531413cc807152529a1ccc0347a51.php on line 136 and defined
[ error ] [2]Missing argument 3 for format_datetime(), called in /home/wwwroot/default/myblog/runtime/temp/fc8531413cc807152529a1ccc0347a51.php on line 136 and defined
[ error ] [2]Missing argument 3 for format_datetime(), called in /home/wwwroot/default/myblog/runtime/temp/fc8531413cc807152529a1ccc0347a51.php on line 136 and defined
[ error ] [8]未定义数组索引: avatar
[ error ] [8]未定义数组索引: nickname

---------------------------------------------------------------
